<?xml version="1.0" encoding="UTF-8"?>
<robot generator="Robot 5.0.1 (Python 3.10.8 on win32)" generated="20221213 20:10:00.264" rpa="false" schemaversion="3">
<suite id="s1" name="Calculator" source="C:\Users\Benny\Documents\github\DahlgrenTest\RFTest\examples\calculator\calculator.robot">
<kw name="Suite Start" type="SETUP">
<kw name="Configure Image Library" library="DataExtraction">
<arg>Sikuli</arg>
<arg>${DATA PATH}</arg>
<kw name="Run Keyword If" library="BuiltIn">
<arg>'${type}'=='Sikuli'</arg>
<arg>Set Suite Variable</arg>
<arg>${imageLib}</arg>
<arg>sikuliLib</arg>
<arg>ELSE</arg>
<arg>Set Suite Variable</arg>
<arg>${imageLib}</arg>
<arg>seleniumLib</arg>
<doc>Runs the given keyword with the given arguments, if ``condition`` is true.</doc>
<kw name="Set Suite Variable" library="BuiltIn">
<arg>${imageLib}</arg>
<arg>sikuliLib</arg>
<doc>Makes a variable available everywhere within the scope of the current suite.</doc>
<msg timestamp="20221213 20:10:01.777" level="INFO">${imageLib} = sikuliLib</msg>
<status status="PASS" starttime="20221213 20:10:01.777" endtime="20221213 20:10:01.777"/>
</kw>
<status status="PASS" starttime="20221213 20:10:01.776" endtime="20221213 20:10:01.778"/>
</kw>
<kw name="Run Keyword If" library="BuiltIn">
<arg>'${type}'=='Selenium'</arg>
<arg>${imageLib}.Configure Selenium</arg>
<arg>${browser}</arg>
<arg>${url}</arg>
<doc>Runs the given keyword with the given arguments, if ``condition`` is true.</doc>
<status status="PASS" starttime="20221213 20:10:01.778" endtime="20221213 20:10:01.778"/>
</kw>
<kw name="Run Keyword" library="BuiltIn">
<arg>${imageLib}.Configure Image Path</arg>
<arg>${datapath}</arg>
<doc>Executes the given keyword with the given arguments.</doc>
<kw name="Configure Image Path" library="sikuliLib">
<arg>${datapath}</arg>
<status status="PASS" starttime="20221213 20:10:01.779" endtime="20221213 20:10:01.789"/>
</kw>
<status status="PASS" starttime="20221213 20:10:01.778" endtime="20221213 20:10:01.790"/>
</kw>
<kw name="Log" library="BuiltIn">
<arg>Data Path configured</arg>
<doc>Logs the given message with the given level.</doc>
<msg timestamp="20221213 20:10:01.790" level="INFO">Data Path configured</msg>
<status status="PASS" starttime="20221213 20:10:01.790" endtime="20221213 20:10:01.790"/>
</kw>
<kw name="Configure Data Path" library="oqe">
<arg>${datapath}</arg>
<status status="PASS" starttime="20221213 20:10:01.790" endtime="20221213 20:10:01.791"/>
</kw>
<status status="PASS" starttime="20221213 20:10:01.775" endtime="20221213 20:10:01.791"/>
</kw>
<kw name="Set Log Level" library="BuiltIn">
<arg>TRACE</arg>
<doc>Sets the log threshold to the specified level and returns the old level.</doc>
<msg timestamp="20221213 20:10:01.792" level="INFO">Log level changed from INFO to TRACE.</msg>
<msg timestamp="20221213 20:10:01.792" level="TRACE">Return: 'INFO'</msg>
<status status="PASS" starttime="20221213 20:10:01.791" endtime="20221213 20:10:01.792"/>
</kw>
<kw name="Start Process" library="Process">
<arg>calc</arg>
<doc>Starts a new process on background.</doc>
<msg timestamp="20221213 20:10:01.792" level="TRACE">Arguments: [ 'calc' ]</msg>
<msg timestamp="20221213 20:10:01.792" level="INFO">Starting process:
calc</msg>
<msg timestamp="20221213 20:10:01.792" level="DEBUG">Process configuration:
cwd:     C:\Users\Benny\Documents\github\DahlgrenTest\RFTest
shell:   False
stdout:  PIPE
stderr:  PIPE
stdin:   PIPE
alias:   None
env:     None</msg>
<msg timestamp="20221213 20:10:01.812" level="TRACE">Return: &lt;Popen: returncode: None args: ['calc']&gt;</msg>
<status status="PASS" starttime="20221213 20:10:01.792" endtime="20221213 20:10:01.812"/>
</kw>
<kw name="Wait Until Keyword Succeeds" library="BuiltIn">
<arg>2x</arg>
<arg>3s</arg>
<arg>calc.Find</arg>
<doc>Runs the specified keyword and retries if it fails.</doc>
<msg timestamp="20221213 20:10:01.813" level="TRACE">Arguments: [ '2x' | '3s' | 'calc.Find' ]</msg>
<kw name="Find" library="calc">
<msg timestamp="20221213 20:10:01.814" level="TRACE">Arguments: [  ]</msg>
<msg timestamp="20221213 20:10:01.820" level="DEBUG">Command to send: c
t
createPattern
sC:/Users/Benny/Documents/github/DahlgrenTest/RFGUIHelper/configs/calculator/calculatorTitle.png
e
</msg>
<msg timestamp="20221213 20:10:01.825" level="DEBUG">Answer received: !yro906</msg>
<msg timestamp="20221213 20:10:01.825" level="DEBUG">Command to send: c
t
getScreen
i0
e
</msg>
<msg timestamp="20221213 20:10:01.826" level="DEBUG">Answer received: !yro907</msg>
<msg timestamp="20221213 20:10:11.841" level="DEBUG">Command to send: c
o907
find
ro906
e
</msg>
<msg timestamp="20221213 20:10:12.204" level="DEBUG">Answer received: !yro908</msg>
<msg timestamp="20221213 20:10:12.204" level="DEBUG">Command to send: c
o908
getScore
e
</msg>
<msg timestamp="20221213 20:10:12.204" level="DEBUG">Answer received: !yd1.0</msg>
<msg timestamp="20221213 20:10:12.205" level="DEBUG">Command to send: c
o908
getTarget
e
</msg>
<msg timestamp="20221213 20:10:12.205" level="DEBUG">Answer received: !yro909</msg>
<msg timestamp="20221213 20:10:12.205" level="DEBUG">Command to send: c
o909
getX
e
</msg>
<msg timestamp="20221213 20:10:12.205" level="DEBUG">Answer received: !yi916</msg>
<msg timestamp="20221213 20:10:12.205" level="DEBUG">Command to send: c
o909
getY
e
</msg>
<msg timestamp="20221213 20:10:12.205" level="DEBUG">Answer received: !yi114</msg>
<msg timestamp="20221213 20:10:12.206" level="TRACE">Return: 'title'</msg>
<status status="PASS" starttime="20221213 20:10:01.814" endtime="20221213 20:10:12.206"/>
</kw>
<msg timestamp="20221213 20:10:12.206" level="TRACE">Return: 'title'</msg>
<status status="PASS" starttime="20221213 20:10:01.813" endtime="20221213 20:10:12.206"/>
</kw>
<kw name="Archive Any Previous Data" library="oqe">
<msg timestamp="20221213 20:10:12.206" level="TRACE">Arguments: [  ]</msg>
<msg timestamp="20221213 20:10:12.712" level="DEBUG">Command to send: m
d
o906
e
</msg>
<msg timestamp="20221213 20:10:12.712" level="DEBUG">Answer received: !yv</msg>
<msg timestamp="20221213 20:10:12.712" level="DEBUG">Command to send: m
d
o907
e
</msg>
<msg timestamp="20221213 20:10:12.712" level="DEBUG">Answer received: !yv</msg>
<msg timestamp="20221213 20:10:12.712" level="DEBUG">Command to send: m
d
o909
e
</msg>
<msg timestamp="20221213 20:10:12.712" level="DEBUG">Answer received: !yv</msg>
<msg timestamp="20221213 20:10:12.728" level="TRACE">Return: None</msg>
<status status="PASS" starttime="20221213 20:10:12.206" endtime="20221213 20:10:12.729"/>
</kw>
<kw name="Document API" library="calc">
<var>${tmp}</var>
<msg timestamp="20221213 20:10:12.729" level="TRACE">Arguments: [  ]</msg>
<msg timestamp="20221213 20:10:12.729" level="TRACE">Return: 'Window[calculator]: find, setGroup, move, setLocation, click, capture, captureSmall\n\tAchor[title]: find, click, doubleClick, capture, captureSmall\n\tButton[7_button]: read, click, doubleClick, capture, captureSmall\n\tButton[8_button]: read, click, doubleClick, capture, captureSmall\n\tButton[9_button]: read, click, doubleClick, capture, captureSmall\n\tButton[4_button]: read, click, doubleClick, capture, captureSmall\n\tButton[5_button]: read, click, doubleClick, capture, captureSmall\n\tButton[6_button]: read, click, doubleClick, capture, captureSmall\n\tButton[1_button]: read, click, doubleClick, capture, captureSmall\n\tButton[2_button]: read, click, doubleClick, capture, captureSmall\n\tButton[3_button]: read, click, doubleClick, capture, captureSmall\n\tButton[0_button]: read, click, doubleClick, capture, captureSmall\n\tButton[times]: read, click, doubleClick, capture, captureSmall\n\tButton[divide]: read, click, doubleClick, capture, captureSmall\n\tButton[subtract]: read, click, doubleClick, capture, captureSmall\n\tButton[add]: read, click, doubleClick, capture, captureSmall\n\tButton[equals]: read, click, doubleClick, capture, captureSmall\n\tButton[clear]: read, click, doubleClick, capture, captureSmall\n\tButton[decimal]: read, click, doubleClick, capture, captureSmall\n\tTextField[Output]: read, write, capture, captureSmall\n\tButton[close_button]: read, click, doubleClick, capture, captureSmall\n'</msg>
<msg timestamp="20221213 20:10:12.729" level="INFO">${tmp} = Window[calculator]: find, setGroup, move, setLocation, click, capture, captureSmall
	Achor[title]: find, click, doubleClick, capture, captureSmall
	Button[7_button]: read, click, doubleClick, capture,...</msg>
<status status="PASS" starttime="20221213 20:10:12.729" endtime="20221213 20:10:12.730"/>
</kw>
<kw name="Log" library="BuiltIn">
<arg>${tmp}</arg>
<doc>Logs the given message with the given level.</doc>
<msg timestamp="20221213 20:10:12.730" level="TRACE">Arguments: [ 'Window[calculator]: find, setGroup, move, setLocation, click, capture, captureSmall\n\tAchor[title]: find, click, doubleClick, capture, captureSmall\n\tButton[7_button]: read, click, doubleClick, capture, captureSmall\n\tButton[8_button]: read, click, doubleClick, capture, captureSmall\n\tButton[9_button]: read, click, doubleClick, capture, captureSmall\n\tButton[4_button]: read, click, doubleClick, capture, captureSmall\n\tButton[5_button]: read, click, doubleClick, capture, captureSmall\n\tButton[6_button]: read, click, doubleClick, capture, captureSmall\n\tButton[1_button]: read, click, doubleClick, capture, captureSmall\n\tButton[2_button]: read, click, doubleClick, capture, captureSmall\n\tButton[3_button]: read, click, doubleClick, capture, captureSmall\n\tButton[0_button]: read, click, doubleClick, capture, captureSmall\n\tButton[times]: read, click, doubleClick, capture, captureSmall\n\tButton[divide]: read, click, doubleClick, capture, captureSmall\n\tButton[subtract]: read, click, doubleClick, capture, captureSmall\n\tButton[add]: read, click, doubleClick, capture, captureSmall\n\tButton[equals]: read, click, doubleClick, capture, captureSmall\n\tButton[clear]: read, click, doubleClick, capture, captureSmall\n\tButton[decimal]: read, click, doubleClick, capture, captureSmall\n\tTextField[Output]: read, write, capture, captureSmall\n\tButton[close_button]: read, click, doubleClick, capture, captureSmall\n' ]</msg>
<msg timestamp="20221213 20:10:12.730" level="INFO">Window[calculator]: find, setGroup, move, setLocation, click, capture, captureSmall
	Achor[title]: find, click, doubleClick, capture, captureSmall
	Button[7_button]: read, click, doubleClick, capture, captureSmall
	Button[8_button]: read, click, doubleClick, capture, captureSmall
	Button[9_button]: read, click, doubleClick, capture, captureSmall
	Button[4_button]: read, click, doubleClick, capture, captureSmall
	Button[5_button]: read, click, doubleClick, capture, captureSmall
	Button[6_button]: read, click, doubleClick, capture, captureSmall
	Button[1_button]: read, click, doubleClick, capture, captureSmall
	Button[2_button]: read, click, doubleClick, capture, captureSmall
	Button[3_button]: read, click, doubleClick, capture, captureSmall
	Button[0_button]: read, click, doubleClick, capture, captureSmall
	Button[times]: read, click, doubleClick, capture, captureSmall
	Button[divide]: read, click, doubleClick, capture, captureSmall
	Button[subtract]: read, click, doubleClick, capture, captureSmall
	Button[add]: read, click, doubleClick, capture, captureSmall
	Button[equals]: read, click, doubleClick, capture, captureSmall
	Button[clear]: read, click, doubleClick, capture, captureSmall
	Button[decimal]: read, click, doubleClick, capture, captureSmall
	TextField[Output]: read, write, capture, captureSmall
	Button[close_button]: read, click, doubleClick, capture, captureSmall
</msg>
<msg timestamp="20221213 20:10:12.730" level="TRACE">Return: None</msg>
<status status="PASS" starttime="20221213 20:10:12.730" endtime="20221213 20:10:12.730"/>
</kw>
<msg timestamp="20221213 20:10:12.730" level="TRACE">Return: None</msg>
<status status="PASS" starttime="20221213 20:10:01.775" endtime="20221213 20:10:12.730"/>
</kw>
<test id="s1-t1" name="Calc 1+4=5" line="17">
<kw name="Test Start" type="SETUP">
<msg timestamp="20221213 20:10:12.733" level="TRACE">Arguments: [  ]</msg>
<kw name="New Test Event" library="DataExtraction">
<arg>${TEST NAME}</arg>
<msg timestamp="20221213 20:10:12.733" level="TRACE">Arguments: [ ${CASE NAME}='Calc 1+4=5' ]</msg>
<kw name="Test Case Start Time" library="oqe">
<var>${TEST_CASE_TIME}</var>
<msg timestamp="20221213 20:10:12.734" level="TRACE">Arguments: [  ]</msg>
<msg timestamp="20221213 20:10:12.734" level="TRACE">Return: '2022-12-13 20:10:12.734085'</msg>
<msg timestamp="20221213 20:10:12.734" level="INFO">${TEST_CASE_TIME} = 2022-12-13 20:10:12.734085</msg>
<status status="PASS" starttime="20221213 20:10:12.733" endtime="20221213 20:10:12.734"/>
</kw>
<kw name="Create Test Case" library="oqe">
<arg>${CASE NAME}</arg>
<arg>${TEST_CASE_TIME}</arg>
<msg timestamp="20221213 20:10:12.734" level="TRACE">Arguments: [ 'Calc 1+4=5' | '2022-12-13 20:10:12.734085' ]</msg>
<msg timestamp="20221213 20:10:12.735" level="TRACE">Return: None</msg>
<status status="PASS" starttime="20221213 20:10:12.734" endtime="20221213 20:10:12.735"/>
</kw>
<msg timestamp="20221213 20:10:12.736" level="TRACE">Return: 'Calc 1+4=5 2022-12-13 20:10:12.734085'</msg>
<status status="PASS" starttime="20221213 20:10:12.733" endtime="20221213 20:10:12.736"/>
</kw>
<msg timestamp="20221213 20:10:12.736" level="TRACE">Return: None</msg>
<status status="PASS" starttime="20221213 20:10:12.732" endtime="20221213 20:10:12.736"/>
</kw>
<kw name="Test Calculator">
<arg>1</arg>
<arg>4</arg>
<arg>add</arg>
<arg>5</arg>
<msg timestamp="20221213 20:10:12.737" level="TRACE">Arguments: [ ${operand1}='1' | ${operand2}='4' | ${operator}='add' | ${output}='5' ]</msg>
<kw name="Log" library="BuiltIn">
<arg>${TEST NAME}</arg>
<doc>Logs the given message with the given level.</doc>
<msg timestamp="20221213 20:10:12.738" level="TRACE">Arguments: [ 'Calc 1+4=5' ]</msg>
<msg timestamp="20221213 20:10:12.738" level="INFO">Calc 1+4=5</msg>
<msg timestamp="20221213 20:10:12.738" level="TRACE">Return: None</msg>
<status status="PASS" starttime="20221213 20:10:12.737" endtime="20221213 20:10:12.738"/>
</kw>
<kw name="Math Problem">
<var>${answer}</var>
<arg>${operand1}</arg>
<arg>${operator}</arg>
<arg>${operand2}</arg>
<msg timestamp="20221213 20:10:12.739" level="TRACE">Arguments: [ ${NUMBER1}='1' | ${op}='add' | ${NUMBER2}='4' ]</msg>
<kw name="Parse Number">
<arg>${NUMBER1}</arg>
<msg timestamp="20221213 20:10:12.739" level="TRACE">Arguments: [ ${NUM}='1' ]</msg>
<kw name="Split String To Characters" library="String">
<var>${digits}</var>
<arg>${NUM}</arg>
<doc>Splits the given ``string`` to characters.</doc>
<msg timestamp="20221213 20:10:12.740" level="TRACE">Arguments: [ '1' ]</msg>
<msg timestamp="20221213 20:10:12.740" level="TRACE">Return: ['1']</msg>
<msg timestamp="20221213 20:10:12.740" level="INFO">${digits} = ['1']</msg>
<status status="PASS" starttime="20221213 20:10:12.740" endtime="20221213 20:10:12.740"/>
</kw>
<for flavor="IN">
<var>${digit}</var>
<value>@{digits}</value>
<iter>
<var name="${digit}">1</var>
<kw name="Run Keyword" library="BuiltIn">
<arg>calc.Click</arg>
<arg>${digit}_button</arg>
<doc>Executes the given keyword with the given arguments.</doc>
<msg timestamp="20221213 20:10:12.741" level="TRACE">Arguments: [ 'calc.Click' | '${digit}_button' ]</msg>
<kw name="Click" library="calc">
<arg>${digit}_button</arg>
<msg timestamp="20221213 20:10:12.742" level="TRACE">Arguments: [ '1_button' ]</msg>
<msg timestamp="20221213 20:10:12.742" level="DEBUG">Command to send: c
t
createRegion
i842
i516
i94
i53
e
</msg>
<msg timestamp="20221213 20:10:12.749" level="DEBUG">Answer received: !yro910</msg>
<msg timestamp="20221213 20:10:12.749" level="DEBUG">Command to send: c
o910
click
e
</msg>
<msg timestamp="20221213 20:10:13.386" level="DEBUG">Answer received: !yi1</msg>
<msg timestamp="20221213 20:10:13.387" level="TRACE">Return: None</msg>
<status status="PASS" starttime="20221213 20:10:12.741" endtime="20221213 20:10:13.387"/>
</kw>
<msg timestamp="20221213 20:10:13.388" level="TRACE">Return: None</msg>
<status status="PASS" starttime="20221213 20:10:12.741" endtime="20221213 20:10:13.388"/>
</kw>
<status status="PASS" starttime="20221213 20:10:12.741" endtime="20221213 20:10:13.388"/>
</iter>
<status status="PASS" starttime="20221213 20:10:12.740" endtime="20221213 20:10:13.388"/>
</for>
<msg timestamp="20221213 20:10:13.388" level="TRACE">Return: None</msg>
<status status="PASS" starttime="20221213 20:10:12.739" endtime="20221213 20:10:13.388"/>
</kw>
<kw name="Log To Console" library="BuiltIn">
<arg>Image capture operand1</arg>
<doc>Logs the given message to the console.</doc>
<msg timestamp="20221213 20:10:13.389" level="TRACE">Arguments: [ 'Image capture operand1' ]</msg>
<msg timestamp="20221213 20:10:13.393" level="TRACE">Return: None</msg>
<status status="PASS" starttime="20221213 20:10:13.388" endtime="20221213 20:10:13.394"/>
</kw>
<kw name="Capture Image" library="calc">
<var>${file}</var>
<arg>Output</arg>
<msg timestamp="20221213 20:10:13.394" level="TRACE">Arguments: [ 'Output' ]</msg>
<msg timestamp="20221213 20:10:13.394" level="DEBUG">Command to send: c
t
createRegion
i846
i207
i376
i53
e
</msg>
<msg timestamp="20221213 20:10:13.396" level="DEBUG">Answer received: !yro911</msg>
<msg timestamp="20221213 20:10:13.396" level="DEBUG">Command to send: c
t
getScreen
e
</msg>
<msg timestamp="20221213 20:10:13.397" level="DEBUG">Answer received: !yro912</msg>
<msg timestamp="20221213 20:10:13.397" level="DEBUG">Command to send: c
o912
capture
ro911
e
</msg>
<msg timestamp="20221213 20:10:13.406" level="DEBUG">Answer received: !yro913</msg>
<msg timestamp="20221213 20:10:13.406" level="DEBUG">Command to send: c
o913
getFilename
e
</msg>
<msg timestamp="20221213 20:10:13.447" level="DEBUG">Answer received: !ysC:\\Users\\Benny\\AppData\\Local\\Temp\\Sikulix_825116989\\sikuliximage-1670980213428.png</msg>
<msg timestamp="20221213 20:10:13.450" level="TRACE">Return: 'C:/Users/Benny/Documents/RFData/IMG/imageAAL.PNG'</msg>
<msg timestamp="20221213 20:10:13.450" level="INFO">${file} = C:/Users/Benny/Documents/RFData/IMG/imageAAL.PNG</msg>
<status status="PASS" starttime="20221213 20:10:13.394" endtime="20221213 20:10:13.450"/>
</kw>
<kw name="Record Screen Image" library="DataExtraction">
<arg>${file}</arg>
<arg>${TEST NAME}</arg>
<arg>Operand 1</arg>
<msg timestamp="20221213 20:10:13.451" level="TRACE">Arguments: [ ${FILE}='C:/Users/Benny/Documents/RFData/IMG/imageAAL.PNG' | ${CASE NAME}='Calc 1+4=5' | ${STEP NAME}='Operand 1' ]</msg>
<kw name="Write Image" library="oqe">
<arg>${CASE NAME}</arg>
<arg>${STEP NAME}</arg>
<arg>Screenshot</arg>
<arg>${FILE}</arg>
<msg timestamp="20221213 20:10:13.452" level="TRACE">Arguments: [ 'Calc 1+4=5' | 'Operand 1' | 'Screenshot' | 'C:/Users/Benny/Documents/RFData/IMG/imageAAL.PNG' ]</msg>
<msg timestamp="20221213 20:10:13.453" level="TRACE">Return: None</msg>
<status status="PASS" starttime="20221213 20:10:13.451" endtime="20221213 20:10:13.453"/>
</kw>
<msg timestamp="20221213 20:10:13.453" level="TRACE">Return: None</msg>
<status status="PASS" starttime="20221213 20:10:13.450" endtime="20221213 20:10:13.454"/>
</kw>
<kw name="Log To Console" library="BuiltIn">
<arg>Check operand1</arg>
<doc>Logs the given message to the console.</doc>
<msg timestamp="20221213 20:10:13.454" level="TRACE">Arguments: [ 'Check operand1' ]</msg>
<msg timestamp="20221213 20:10:13.481" level="TRACE">Return: None</msg>
<status status="PASS" starttime="20221213 20:10:13.454" endtime="20221213 20:10:13.481"/>
</kw>
<kw name="Read" library="calc">
<var>${n}</var>
<arg>Output</arg>
<msg timestamp="20221213 20:10:13.481" level="TRACE">Arguments: [ 'Output' ]</msg>
<msg timestamp="20221213 20:10:13.482" level="DEBUG">Command to send: c
t
createRegion
i846
i207
i376
i53
e
</msg>
<msg timestamp="20221213 20:10:13.487" level="DEBUG">Answer received: !yro914</msg>
<msg timestamp="20221213 20:10:13.488" level="DEBUG">Command to send: c
t
getScreen
e
</msg>
<msg timestamp="20221213 20:10:13.489" level="DEBUG">Answer received: !yro915</msg>
<msg timestamp="20221213 20:10:13.490" level="DEBUG">Command to send: c
o915
capture
ro914
e
</msg>
<msg timestamp="20221213 20:10:13.505" level="DEBUG">Answer received: !yro916</msg>
<msg timestamp="20221213 20:10:13.505" level="DEBUG">Command to send: c
o916
getFilename
e
</msg>
<msg timestamp="20221213 20:10:13.573" level="DEBUG">Answer received: !ysC:\\Users\\Benny\\AppData\\Local\\Temp\\Sikulix_825116989\\sikuliximage-1670980213525.png</msg>
<msg timestamp="20221213 20:10:13.588" level="DEBUG">Command to send: m
d
o910
e
</msg>
<msg timestamp="20221213 20:10:13.589" level="DEBUG">Answer received: !yv</msg>
<msg timestamp="20221213 20:10:13.589" level="DEBUG">Command to send: m
d
o911
e
</msg>
<msg timestamp="20221213 20:10:13.589" level="DEBUG">Answer received: !yv</msg>
<msg timestamp="20221213 20:10:13.589" level="DEBUG">Command to send: m
d
o912
e
</msg>
<msg timestamp="20221213 20:10:13.589" level="DEBUG">Answer received: !yv</msg>
<msg timestamp="20221213 20:10:13.589" level="DEBUG">Command to send: m
d
o913
e
</msg>
<msg timestamp="20221213 20:10:13.589" level="DEBUG">Answer received: !yv</msg>
<msg timestamp="20221213 20:10:13.590" level="DEBUG">Command to send: m
d
o915
e
</msg>
<msg timestamp="20221213 20:10:13.590" level="DEBUG">Answer received: !yv</msg>
<msg timestamp="20221213 20:10:13.590" level="DEBUG">Command to send: m
d
o916
e
</msg>
<msg timestamp="20221213 20:10:13.590" level="DEBUG">Answer received: !yv</msg>
<msg timestamp="20221213 20:10:14.971" level="TRACE">Return: '1'</msg>
<msg timestamp="20221213 20:10:14.971" level="INFO">${n} = 1</msg>
<status status="PASS" starttime="20221213 20:10:13.481" endtime="20221213 20:10:14.971"/>
</kw>
<kw name="Assert OQE Values Equal" library="DataExtraction">
<var>${r1}</var>
<arg>${TEST NAME}</arg>
<arg>First Operand</arg>
<arg>${n}</arg>
<arg>${NUMBER1}</arg>
<msg timestamp="20221213 20:10:14.972" level="TRACE">Arguments: [ ${CASE NAME}='Calc 1+4=5' | ${STEP NAME}='First Operand' | ${actual}='1' | ${expected}='1' ]</msg>
<kw name="Compare Results" library="oqe">
<var>${TEST_STATUS}</var>
<arg>${actual}</arg>
<arg>${expected}</arg>
<msg timestamp="20221213 20:10:14.973" level="TRACE">Arguments: [ '1' | '1' ]</msg>
<msg timestamp="20221213 20:10:14.973" level="TRACE">Return: 'PASS'</msg>
<msg timestamp="20221213 20:10:14.973" level="INFO">${TEST_STATUS} = PASS</msg>
<status status="PASS" starttime="20221213 20:10:14.972" endtime="20221213 20:10:14.973"/>
</kw>
<kw name="Write Results" library="oqe">
<arg>${CASE NAME}_${STEP NAME}</arg>
<arg>Values Equal</arg>
<arg>${TEST_STATUS}</arg>
<arg>Actual: ${actual}, Expected: ${expected}</arg>
<msg timestamp="20221213 20:10:14.974" level="TRACE">Arguments: [ 'Calc 1+4=5_First Operand' | 'Values Equal' | 'PASS' | 'Actual: 1, Expected: 1' ]</msg>
<msg timestamp="20221213 20:10:14.975" level="TRACE">Return: None</msg>
<status status="PASS" starttime="20221213 20:10:14.973" endtime="20221213 20:10:14.975"/>
</kw>
<msg timestamp="20221213 20:10:14.975" level="TRACE">Return: 'PASS'</msg>
<msg timestamp="20221213 20:10:14.975" level="INFO">${r1} = PASS</msg>
<status status="PASS" starttime="20221213 20:10:14.971" endtime="20221213 20:10:14.975"/>
</kw>
<kw name="Record Test Case" library="DataExtraction">
<arg>--</arg>
<arg>Operand 1 matches</arg>
<arg>${r1}</arg>
<arg>--</arg>
<msg timestamp="20221213 20:10:14.976" level="TRACE">Arguments: [ ${CASE NAME}='--' | ${STEP NAME}='Operand 1 matches' | ${STATUS}='PASS' | ${MESSAGE}='--' ]</msg>
<kw name="Write Results" library="oqe">
<arg>${CASE NAME}</arg>
<arg>${STEP NAME}</arg>
<arg>${STATUS}</arg>
<arg>${MESSAGE}</arg>
<msg timestamp="20221213 20:10:14.976" level="TRACE">Arguments: [ '--' | 'Operand 1 matches' | 'PASS' | '--' ]</msg>
<msg timestamp="20221213 20:10:14.977" level="TRACE">Return: None</msg>
<status status="PASS" starttime="20221213 20:10:14.976" endtime="20221213 20:10:14.977"/>
</kw>
<msg timestamp="20221213 20:10:14.977" level="TRACE">Return: None</msg>
<status status="PASS" starttime="20221213 20:10:14.975" endtime="20221213 20:10:14.978"/>
</kw>
<kw name="Click" library="calc">
<arg>${op}</arg>
<msg timestamp="20221213 20:10:14.978" level="TRACE">Arguments: [ 'add' ]</msg>
<msg timestamp="20221213 20:10:14.978" level="DEBUG">Command to send: c
t
createRegion
i1126
i519
i95
i54
e
</msg>
<msg timestamp="20221213 20:10:14.979" level="DEBUG">Answer received: !yro917</msg>
<msg timestamp="20221213 20:10:14.979" level="DEBUG">Command to send: c
o917
click
e
</msg>
<msg timestamp="20221213 20:10:15.524" level="DEBUG">Answer received: !yi1</msg>
<msg timestamp="20221213 20:10:15.524" level="TRACE">Return: None</msg>
<status status="PASS" starttime="20221213 20:10:14.978" endtime="20221213 20:10:15.524"/>
</kw>
<kw name="Parse Number">
<arg>${NUMBER2}</arg>
<msg timestamp="20221213 20:10:15.525" level="TRACE">Arguments: [ ${NUM}='4' ]</msg>
<kw name="Split String To Characters" library="String">
<var>${digits}</var>
<arg>${NUM}</arg>
<doc>Splits the given ``string`` to characters.</doc>
<msg timestamp="20221213 20:10:15.526" level="TRACE">Arguments: [ '4' ]</msg>
<msg timestamp="20221213 20:10:15.526" level="TRACE">Return: ['4']</msg>
<msg timestamp="20221213 20:10:15.526" level="INFO">${digits} = ['4']</msg>
<status status="PASS" starttime="20221213 20:10:15.525" endtime="20221213 20:10:15.526"/>
</kw>
<for flavor="IN">
<var>${digit}</var>
<value>@{digits}</value>
<iter>
<var name="${digit}">4</var>
<kw name="Run Keyword" library="BuiltIn">
<arg>calc.Click</arg>
<arg>${digit}_button</arg>
<doc>Executes the given keyword with the given arguments.</doc>
<msg timestamp="20221213 20:10:15.527" level="TRACE">Arguments: [ 'calc.Click' | '${digit}_button' ]</msg>
<kw name="Click" library="calc">
<arg>${digit}_button</arg>
<msg timestamp="20221213 20:10:15.527" level="TRACE">Arguments: [ '4_button' ]</msg>
<msg timestamp="20221213 20:10:15.527" level="DEBUG">Command to send: c
t
createRegion
i842
i463
i94
i52
e
</msg>
<msg timestamp="20221213 20:10:15.528" level="DEBUG">Answer received: !yro918</msg>
<msg timestamp="20221213 20:10:15.528" level="DEBUG">Command to send: c
o918
click
e
</msg>
<msg timestamp="20221213 20:10:16.097" level="DEBUG">Answer received: !yi1</msg>
<msg timestamp="20221213 20:10:16.097" level="TRACE">Return: None</msg>
<status status="PASS" starttime="20221213 20:10:15.527" endtime="20221213 20:10:16.098"/>
</kw>
<msg timestamp="20221213 20:10:16.098" level="TRACE">Return: None</msg>
<status status="PASS" starttime="20221213 20:10:15.526" endtime="20221213 20:10:16.098"/>
</kw>
<status status="PASS" starttime="20221213 20:10:15.526" endtime="20221213 20:10:16.098"/>
</iter>
<status status="PASS" starttime="20221213 20:10:15.526" endtime="20221213 20:10:16.098"/>
</for>
<msg timestamp="20221213 20:10:16.098" level="TRACE">Return: None</msg>
<status status="PASS" starttime="20221213 20:10:15.525" endtime="20221213 20:10:16.098"/>
</kw>
<kw name="Capture Image" library="calc">
<var>${file}</var>
<arg>Output</arg>
<msg timestamp="20221213 20:10:16.099" level="TRACE">Arguments: [ 'Output' ]</msg>
<msg timestamp="20221213 20:10:16.099" level="DEBUG">Command to send: c
t
createRegion
i846
i207
i376
i53
e
</msg>
<msg timestamp="20221213 20:10:16.100" level="DEBUG">Answer received: !yro919</msg>
<msg timestamp="20221213 20:10:16.100" level="DEBUG">Command to send: c
t
getScreen
e
</msg>
<msg timestamp="20221213 20:10:16.101" level="DEBUG">Answer received: !yro920</msg>
<msg timestamp="20221213 20:10:16.101" level="DEBUG">Command to send: c
o920
capture
ro919
e
</msg>
<msg timestamp="20221213 20:10:16.112" level="DEBUG">Answer received: !yro921</msg>
<msg timestamp="20221213 20:10:16.112" level="DEBUG">Command to send: c
o921
getFilename
e
</msg>
<msg timestamp="20221213 20:10:16.127" level="DEBUG">Answer received: !ysC:\\Users\\Benny\\AppData\\Local\\Temp\\Sikulix_825116989\\sikuliximage-1670980216123.png</msg>
<msg timestamp="20221213 20:10:16.130" level="TRACE">Return: 'C:/Users/Benny/Documents/RFData/IMG/imageAAM.PNG'</msg>
<msg timestamp="20221213 20:10:16.130" level="INFO">${file} = C:/Users/Benny/Documents/RFData/IMG/imageAAM.PNG</msg>
<status status="PASS" starttime="20221213 20:10:16.098" endtime="20221213 20:10:16.130"/>
</kw>
<kw name="Record Screen Image" library="DataExtraction">
<arg>${file}</arg>
<arg>${TEST NAME}</arg>
<arg>Operand 2</arg>
<msg timestamp="20221213 20:10:16.131" level="TRACE">Arguments: [ ${FILE}='C:/Users/Benny/Documents/RFData/IMG/imageAAM.PNG' | ${CASE NAME}='Calc 1+4=5' | ${STEP NAME}='Operand 2' ]</msg>
<kw name="Write Image" library="oqe">
<arg>${CASE NAME}</arg>
<arg>${STEP NAME}</arg>
<arg>Screenshot</arg>
<arg>${FILE}</arg>
<msg timestamp="20221213 20:10:16.131" level="TRACE">Arguments: [ 'Calc 1+4=5' | 'Operand 2' | 'Screenshot' | 'C:/Users/Benny/Documents/RFData/IMG/imageAAM.PNG' ]</msg>
<msg timestamp="20221213 20:10:16.152" level="TRACE">Return: None</msg>
<status status="PASS" starttime="20221213 20:10:16.131" endtime="20221213 20:10:16.152"/>
</kw>
<msg timestamp="20221213 20:10:16.152" level="TRACE">Return: None</msg>
<status status="PASS" starttime="20221213 20:10:16.130" endtime="20221213 20:10:16.152"/>
</kw>
<kw name="Read" library="calc">
<var>${n}</var>
<arg>Output</arg>
<msg timestamp="20221213 20:10:16.153" level="TRACE">Arguments: [ 'Output' ]</msg>
<msg timestamp="20221213 20:10:16.153" level="DEBUG">Command to send: c
t
createRegion
i846
i207
i376
i53
e
</msg>
<msg timestamp="20221213 20:10:16.161" level="DEBUG">Answer received: !yro922</msg>
<msg timestamp="20221213 20:10:16.161" level="DEBUG">Command to send: c
t
getScreen
e
</msg>
<msg timestamp="20221213 20:10:16.162" level="DEBUG">Answer received: !yro923</msg>
<msg timestamp="20221213 20:10:16.162" level="DEBUG">Command to send: c
o923
capture
ro922
e
</msg>
<msg timestamp="20221213 20:10:16.176" level="DEBUG">Answer received: !yro924</msg>
<msg timestamp="20221213 20:10:16.176" level="DEBUG">Command to send: c
o924
getFilename
e
</msg>
<msg timestamp="20221213 20:10:16.189" level="DEBUG">Answer received: !ysC:\\Users\\Benny\\AppData\\Local\\Temp\\Sikulix_825116989\\sikuliximage-1670980216185.png</msg>
<msg timestamp="20221213 20:10:16.433" level="TRACE">Return: '4'</msg>
<msg timestamp="20221213 20:10:16.433" level="INFO">${n} = 4</msg>
<status status="PASS" starttime="20221213 20:10:16.152" endtime="20221213 20:10:16.433"/>
</kw>
<kw name="Assert OQE Values Equal" library="DataExtraction">
<var>${r2}</var>
<arg>${TEST NAME}</arg>
<arg>Second Operand</arg>
<arg>${n}</arg>
<arg>${NUMBER2}</arg>
<msg timestamp="20221213 20:10:16.434" level="TRACE">Arguments: [ ${CASE NAME}='Calc 1+4=5' | ${STEP NAME}='Second Operand' | ${actual}='4' | ${expected}='4' ]</msg>
<kw name="Compare Results" library="oqe">
<var>${TEST_STATUS}</var>
<arg>${actual}</arg>
<arg>${expected}</arg>
<msg timestamp="20221213 20:10:16.435" level="TRACE">Arguments: [ '4' | '4' ]</msg>
<msg timestamp="20221213 20:10:16.435" level="TRACE">Return: 'PASS'</msg>
<msg timestamp="20221213 20:10:16.435" level="INFO">${TEST_STATUS} = PASS</msg>
<status status="PASS" starttime="20221213 20:10:16.435" endtime="20221213 20:10:16.435"/>
</kw>
<kw name="Write Results" library="oqe">
<arg>${CASE NAME}_${STEP NAME}</arg>
<arg>Values Equal</arg>
<arg>${TEST_STATUS}</arg>
<arg>Actual: ${actual}, Expected: ${expected}</arg>
<msg timestamp="20221213 20:10:16.436" level="TRACE">Arguments: [ 'Calc 1+4=5_Second Operand' | 'Values Equal' | 'PASS' | 'Actual: 4, Expected: 4' ]</msg>
<msg timestamp="20221213 20:10:16.437" level="TRACE">Return: None</msg>
<status status="PASS" starttime="20221213 20:10:16.435" endtime="20221213 20:10:16.437"/>
</kw>
<msg timestamp="20221213 20:10:16.437" level="TRACE">Return: 'PASS'</msg>
<msg timestamp="20221213 20:10:16.437" level="INFO">${r2} = PASS</msg>
<status status="PASS" starttime="20221213 20:10:16.433" endtime="20221213 20:10:16.437"/>
</kw>
<kw name="Record Test Case" library="DataExtraction">
<arg>--</arg>
<arg>Operand 2 matches</arg>
<arg>${r2}</arg>
<arg>--</arg>
<msg timestamp="20221213 20:10:16.438" level="TRACE">Arguments: [ ${CASE NAME}='--' | ${STEP NAME}='Operand 2 matches' | ${STATUS}='PASS' | ${MESSAGE}='--' ]</msg>
<kw name="Write Results" library="oqe">
<arg>${CASE NAME}</arg>
<arg>${STEP NAME}</arg>
<arg>${STATUS}</arg>
<arg>${MESSAGE}</arg>
<msg timestamp="20221213 20:10:16.439" level="TRACE">Arguments: [ '--' | 'Operand 2 matches' | 'PASS' | '--' ]</msg>
<msg timestamp="20221213 20:10:16.439" level="TRACE">Return: None</msg>
<status status="PASS" starttime="20221213 20:10:16.438" endtime="20221213 20:10:16.440"/>
</kw>
<msg timestamp="20221213 20:10:16.440" level="TRACE">Return: None</msg>
<status status="PASS" starttime="20221213 20:10:16.437" endtime="20221213 20:10:16.440"/>
</kw>
<kw name="Click" library="calc">
<arg>equals</arg>
<msg timestamp="20221213 20:10:16.440" level="TRACE">Arguments: [ 'equals' ]</msg>
<msg timestamp="20221213 20:10:16.440" level="DEBUG">Command to send: c
t
createRegion
i1128
i573
i95
i53
e
</msg>
<msg timestamp="20221213 20:10:16.441" level="DEBUG">Answer received: !yro925</msg>
<msg timestamp="20221213 20:10:16.441" level="DEBUG">Command to send: c
o925
click
e
</msg>
<msg timestamp="20221213 20:10:17.011" level="DEBUG">Answer received: !yi1</msg>
<msg timestamp="20221213 20:10:17.011" level="TRACE">Return: None</msg>
<status status="PASS" starttime="20221213 20:10:16.440" endtime="20221213 20:10:17.011"/>
</kw>
<kw name="Capture Image" library="calc">
<var>${file}</var>
<arg>Output</arg>
<msg timestamp="20221213 20:10:17.012" level="TRACE">Arguments: [ 'Output' ]</msg>
<msg timestamp="20221213 20:10:17.012" level="DEBUG">Command to send: c
t
createRegion
i846
i207
i376
i53
e
</msg>
<msg timestamp="20221213 20:10:17.013" level="DEBUG">Answer received: !yro926</msg>
<msg timestamp="20221213 20:10:17.013" level="DEBUG">Command to send: c
t
getScreen
e
</msg>
<msg timestamp="20221213 20:10:17.014" level="DEBUG">Answer received: !yro927</msg>
<msg timestamp="20221213 20:10:17.014" level="DEBUG">Command to send: c
o927
capture
ro926
e
</msg>
<msg timestamp="20221213 20:10:17.028" level="DEBUG">Answer received: !yro928</msg>
<msg timestamp="20221213 20:10:17.029" level="DEBUG">Command to send: c
o928
getFilename
e
</msg>
<msg timestamp="20221213 20:10:17.044" level="DEBUG">Answer received: !ysC:\\Users\\Benny\\AppData\\Local\\Temp\\Sikulix_825116989\\sikuliximage-1670980217039.png</msg>
<msg timestamp="20221213 20:10:17.047" level="TRACE">Return: 'C:/Users/Benny/Documents/RFData/IMG/imageAAN.PNG'</msg>
<msg timestamp="20221213 20:10:17.047" level="INFO">${file} = C:/Users/Benny/Documents/RFData/IMG/imageAAN.PNG</msg>
<status status="PASS" starttime="20221213 20:10:17.011" endtime="20221213 20:10:17.047"/>
</kw>
<kw name="Record Screen Image" library="DataExtraction">
<arg>${file}</arg>
<arg>${TEST NAME}</arg>
<arg>Answer</arg>
<msg timestamp="20221213 20:10:17.048" level="TRACE">Arguments: [ ${FILE}='C:/Users/Benny/Documents/RFData/IMG/imageAAN.PNG' | ${CASE NAME}='Calc 1+4=5' | ${STEP NAME}='Answer' ]</msg>
<kw name="Write Image" library="oqe">
<arg>${CASE NAME}</arg>
<arg>${STEP NAME}</arg>
<arg>Screenshot</arg>
<arg>${FILE}</arg>
<msg timestamp="20221213 20:10:17.049" level="TRACE">Arguments: [ 'Calc 1+4=5' | 'Answer' | 'Screenshot' | 'C:/Users/Benny/Documents/RFData/IMG/imageAAN.PNG' ]</msg>
<msg timestamp="20221213 20:10:17.050" level="TRACE">Return: None</msg>
<status status="PASS" starttime="20221213 20:10:17.048" endtime="20221213 20:10:17.050"/>
</kw>
<msg timestamp="20221213 20:10:17.050" level="TRACE">Return: None</msg>
<status status="PASS" starttime="20221213 20:10:17.048" endtime="20221213 20:10:17.050"/>
</kw>
<kw name="Read" library="calc">
<var>${n}</var>
<arg>Output</arg>
<msg timestamp="20221213 20:10:17.050" level="TRACE">Arguments: [ 'Output' ]</msg>
<msg timestamp="20221213 20:10:17.050" level="DEBUG">Command to send: c
t
createRegion
i846
i207
i376
i53
e
</msg>
<msg timestamp="20221213 20:10:17.051" level="DEBUG">Answer received: !yro929</msg>
<msg timestamp="20221213 20:10:17.052" level="DEBUG">Command to send: c
t
getScreen
e
</msg>
<msg timestamp="20221213 20:10:17.052" level="DEBUG">Answer received: !yro930</msg>
<msg timestamp="20221213 20:10:17.052" level="DEBUG">Command to send: c
o930
capture
ro929
e
</msg>
<msg timestamp="20221213 20:10:17.061" level="DEBUG">Answer received: !yro931</msg>
<msg timestamp="20221213 20:10:17.061" level="DEBUG">Command to send: c
o931
getFilename
e
</msg>
<msg timestamp="20221213 20:10:17.075" level="DEBUG">Answer received: !ysC:\\Users\\Benny\\AppData\\Local\\Temp\\Sikulix_825116989\\sikuliximage-1670980217071.png</msg>
<msg timestamp="20221213 20:10:17.379" level="TRACE">Return: '5'</msg>
<msg timestamp="20221213 20:10:17.379" level="INFO">${n} = 5</msg>
<status status="PASS" starttime="20221213 20:10:17.050" endtime="20221213 20:10:17.379"/>
</kw>
<kw name="Assert OQE True" library="DataExtraction">
<var>${r3}</var>
<arg>${TEST NAME}</arg>
<arg>Operands Match</arg>
<arg>'${r1}'=='PASS' and '${r2}'=='PASS'</arg>
<msg timestamp="20221213 20:10:17.380" level="TRACE">Arguments: [ ${CASE NAME}='Calc 1+4=5' | ${STEP NAME}='Operands Match' | ${case}="'PASS'=='PASS' and 'PASS'=='PASS'" ]</msg>
<kw name="Result True" library="oqe">
<var>${TEST_STATUS}</var>
<arg>${case}</arg>
<arg>passCase=True</arg>
<msg timestamp="20221213 20:10:17.381" level="TRACE">Arguments: [ "'PASS'=='PASS' and 'PASS'=='PASS'" | passCase=True ]</msg>
<msg timestamp="20221213 20:10:17.381" level="TRACE">Return: 'PASS'</msg>
<msg timestamp="20221213 20:10:17.381" level="INFO">${TEST_STATUS} = PASS</msg>
<status status="PASS" starttime="20221213 20:10:17.381" endtime="20221213 20:10:17.381"/>
</kw>
<kw name="Write Results" library="oqe">
<arg>${CASE NAME}_${STEP NAME}</arg>
<arg>Result True</arg>
<arg>${TEST_STATUS}</arg>
<arg>~~~~</arg>
<msg timestamp="20221213 20:10:17.382" level="TRACE">Arguments: [ 'Calc 1+4=5_Operands Match' | 'Result True' | 'PASS' | '~~~~' ]</msg>
<msg timestamp="20221213 20:10:17.411" level="TRACE">Return: None</msg>
<status status="PASS" starttime="20221213 20:10:17.381" endtime="20221213 20:10:17.411"/>
</kw>
<msg timestamp="20221213 20:10:17.412" level="TRACE">Return: 'PASS'</msg>
<msg timestamp="20221213 20:10:17.412" level="INFO">${r3} = PASS</msg>
<status status="PASS" starttime="20221213 20:10:17.379" endtime="20221213 20:10:17.412"/>
</kw>
<kw name="Record Test Case" library="DataExtraction">
<arg>--</arg>
<arg>Answers Match</arg>
<arg>${r3}</arg>
<arg>--</arg>
<msg timestamp="20221213 20:10:17.413" level="DEBUG">Command to send: m
d
o917
e
</msg>
<msg timestamp="20221213 20:10:17.413" level="DEBUG">Answer received: !yv</msg>
<msg timestamp="20221213 20:10:17.413" level="DEBUG">Command to send: m
d
o918
e
</msg>
<msg timestamp="20221213 20:10:17.413" level="DEBUG">Answer received: !yv</msg>
<msg timestamp="20221213 20:10:17.414" level="DEBUG">Command to send: m
d
o919
e
</msg>
<msg timestamp="20221213 20:10:17.414" level="DEBUG">Answer received: !yv</msg>
<msg timestamp="20221213 20:10:17.414" level="DEBUG">Command to send: m
d
o920
e
</msg>
<msg timestamp="20221213 20:10:17.414" level="DEBUG">Answer received: !yv</msg>
<msg timestamp="20221213 20:10:17.414" level="DEBUG">Command to send: m
d
o921
e
</msg>
<msg timestamp="20221213 20:10:17.414" level="DEBUG">Answer received: !yv</msg>
<msg timestamp="20221213 20:10:17.414" level="DEBUG">Command to send: m
d
o922
e
</msg>
<msg timestamp="20221213 20:10:17.414" level="DEBUG">Answer received: !yv</msg>
<msg timestamp="20221213 20:10:17.415" level="DEBUG">Command to send: m
d
o923
e
</msg>
<msg timestamp="20221213 20:10:17.415" level="DEBUG">Answer received: !yv</msg>
<msg timestamp="20221213 20:10:17.415" level="DEBUG">Command to send: m
d
o924
e
</msg>
<msg timestamp="20221213 20:10:17.415" level="DEBUG">Answer received: !yv</msg>
<msg timestamp="20221213 20:10:17.415" level="DEBUG">Command to send: m
d
o925
e
</msg>
<msg timestamp="20221213 20:10:17.415" level="DEBUG">Answer received: !yv</msg>
<msg timestamp="20221213 20:10:17.415" level="DEBUG">Command to send: m
d
o926
e
</msg>
<msg timestamp="20221213 20:10:17.415" level="DEBUG">Answer received: !yv</msg>
<msg timestamp="20221213 20:10:17.416" level="DEBUG">Command to send: m
d
o927
e
</msg>
<msg timestamp="20221213 20:10:17.416" level="DEBUG">Answer received: !yv</msg>
<msg timestamp="20221213 20:10:17.416" level="DEBUG">Command to send: m
d
o928
e
</msg>
<msg timestamp="20221213 20:10:17.416" level="DEBUG">Answer received: !yv</msg>
<msg timestamp="20221213 20:10:17.416" level="DEBUG">Command to send: m
d
o930
e
</msg>
<msg timestamp="20221213 20:10:17.416" level="DEBUG">Answer received: !yv</msg>
<msg timestamp="20221213 20:10:17.416" level="DEBUG">Command to send: m
d
o931
e
</msg>
<msg timestamp="20221213 20:10:17.416" level="DEBUG">Answer received: !yv</msg>
<msg timestamp="20221213 20:10:17.412" level="TRACE">Arguments: [ ${CASE NAME}='--' | ${STEP NAME}='Answers Match' | ${STATUS}='PASS' | ${MESSAGE}='--' ]</msg>
<kw name="Write Results" library="oqe">
<arg>${CASE NAME}</arg>
<arg>${STEP NAME}</arg>
<arg>${STATUS}</arg>
<arg>${MESSAGE}</arg>
<msg timestamp="20221213 20:10:17.418" level="TRACE">Arguments: [ '--' | 'Answers Match' | 'PASS' | '--' ]</msg>
<msg timestamp="20221213 20:10:17.419" level="TRACE">Return: None</msg>
<status status="PASS" starttime="20221213 20:10:17.417" endtime="20221213 20:10:17.419"/>
</kw>
<msg timestamp="20221213 20:10:17.419" level="TRACE">Return: None</msg>
<status status="PASS" starttime="20221213 20:10:17.412" endtime="20221213 20:10:17.419"/>
</kw>
<kw name="Run Keyword If" library="BuiltIn">
<arg>'${r3}'=='PASS'</arg>
<arg>Record Action</arg>
<arg>${TEST NAME}</arg>
<arg>Successful Input</arg>
<arg>ELSE</arg>
<arg>Fail</arg>
<arg>Input failed</arg>
<doc>Runs the given keyword with the given arguments, if ``condition`` is true.</doc>
<msg timestamp="20221213 20:10:17.419" level="TRACE">Arguments: [ "'PASS'=='PASS'" | 'Record Action' | '${TEST NAME}' | 'Successful Input' | 'ELSE' | 'Fail' | 'Input failed' ]</msg>
<kw name="Record Action" library="DataExtraction">
<arg>${TEST NAME}</arg>
<arg>Successful Input</arg>
<msg timestamp="20221213 20:10:17.420" level="TRACE">Arguments: [ ${CASE NAME}='Calc 1+4=5' | ${ACT DESCRIPTION}='Successful Input' ]</msg>
<kw name="Write Data" library="oqe">
<arg>${CASE NAME}</arg>
<arg>${ACT DESCRIPTION}</arg>
<arg>Action</arg>
<arg>--</arg>
<msg timestamp="20221213 20:10:17.421" level="TRACE">Arguments: [ 'Calc 1+4=5' | 'Successful Input' | 'Action' | '--' ]</msg>
<msg timestamp="20221213 20:10:17.422" level="TRACE">Return: None</msg>
<status status="PASS" starttime="20221213 20:10:17.420" endtime="20221213 20:10:17.422"/>
</kw>
<msg timestamp="20221213 20:10:17.422" level="TRACE">Return: None</msg>
<status status="PASS" starttime="20221213 20:10:17.420" endtime="20221213 20:10:17.422"/>
</kw>
<msg timestamp="20221213 20:10:17.422" level="TRACE">Return: None</msg>
<status status="PASS" starttime="20221213 20:10:17.419" endtime="20221213 20:10:17.422"/>
</kw>
<msg timestamp="20221213 20:10:17.422" level="TRACE">Return: '5'</msg>
<msg timestamp="20221213 20:10:17.423" level="INFO">${answer} = 5</msg>
<status status="PASS" starttime="20221213 20:10:12.738" endtime="20221213 20:10:17.423"/>
</kw>
<kw name="Assert OQE Values Equal" library="DataExtraction">
<var>${r}</var>
<arg>${TEST NAME}</arg>
<arg>Answer</arg>
<arg>${answer}</arg>
<arg>${output}</arg>
<msg timestamp="20221213 20:10:17.423" level="TRACE">Arguments: [ ${CASE NAME}='Calc 1+4=5' | ${STEP NAME}='Answer' | ${actual}='5' | ${expected}='5' ]</msg>
<kw name="Compare Results" library="oqe">
<var>${TEST_STATUS}</var>
<arg>${actual}</arg>
<arg>${expected}</arg>
<msg timestamp="20221213 20:10:17.424" level="TRACE">Arguments: [ '5' | '5' ]</msg>
<msg timestamp="20221213 20:10:17.424" level="TRACE">Return: 'PASS'</msg>
<msg timestamp="20221213 20:10:17.424" level="INFO">${TEST_STATUS} = PASS</msg>
<status status="PASS" starttime="20221213 20:10:17.424" endtime="20221213 20:10:17.424"/>
</kw>
<kw name="Write Results" library="oqe">
<arg>${CASE NAME}_${STEP NAME}</arg>
<arg>Values Equal</arg>
<arg>${TEST_STATUS}</arg>
<arg>Actual: ${actual}, Expected: ${expected}</arg>
<msg timestamp="20221213 20:10:17.425" level="TRACE">Arguments: [ 'Calc 1+4=5_Answer' | 'Values Equal' | 'PASS' | 'Actual: 5, Expected: 5' ]</msg>
<msg timestamp="20221213 20:10:17.426" level="TRACE">Return: None</msg>
<status status="PASS" starttime="20221213 20:10:17.425" endtime="20221213 20:10:17.426"/>
</kw>
<msg timestamp="20221213 20:10:17.426" level="TRACE">Return: 'PASS'</msg>
<msg timestamp="20221213 20:10:17.426" level="INFO">${r} = PASS</msg>
<status status="PASS" starttime="20221213 20:10:17.423" endtime="20221213 20:10:17.426"/>
</kw>
<kw name="Run Keyword If" library="BuiltIn">
<arg>'${r}'=='PASS'</arg>
<arg>Record Action</arg>
<arg>${TEST NAME}</arg>
<arg>Successful Output</arg>
<arg>ELSE</arg>
<arg>Fail</arg>
<arg>Output mismatch</arg>
<doc>Runs the given keyword with the given arguments, if ``condition`` is true.</doc>
<msg timestamp="20221213 20:10:17.427" level="TRACE">Arguments: [ "'PASS'=='PASS'" | 'Record Action' | '${TEST NAME}' | 'Successful Output' | 'ELSE' | 'Fail' | 'Output mismatch' ]</msg>
<kw name="Record Action" library="DataExtraction">
<arg>${TEST NAME}</arg>
<arg>Successful Output</arg>
<msg timestamp="20221213 20:10:17.428" level="TRACE">Arguments: [ ${CASE NAME}='Calc 1+4=5' | ${ACT DESCRIPTION}='Successful Output' ]</msg>
<kw name="Write Data" library="oqe">
<arg>${CASE NAME}</arg>
<arg>${ACT DESCRIPTION}</arg>
<arg>Action</arg>
<arg>--</arg>
<msg timestamp="20221213 20:10:17.428" level="TRACE">Arguments: [ 'Calc 1+4=5' | 'Successful Output' | 'Action' | '--' ]</msg>
<msg timestamp="20221213 20:10:17.429" level="TRACE">Return: None</msg>
<status status="PASS" starttime="20221213 20:10:17.428" endtime="20221213 20:10:17.429"/>
</kw>
<msg timestamp="20221213 20:10:17.429" level="TRACE">Return: None</msg>
<status status="PASS" starttime="20221213 20:10:17.427" endtime="20221213 20:10:17.429"/>
</kw>
<msg timestamp="20221213 20:10:17.429" level="TRACE">Return: None</msg>
<status status="PASS" starttime="20221213 20:10:17.427" endtime="20221213 20:10:17.429"/>
</kw>
<msg timestamp="20221213 20:10:17.429" level="TRACE">Return: None</msg>
<status status="PASS" starttime="20221213 20:10:12.736" endtime="20221213 20:10:17.430"/>
</kw>
<kw name="Test End" type="TEARDOWN">
<msg timestamp="20221213 20:10:17.431" level="TRACE">Arguments: [  ]</msg>
<kw name="Click" library="calc">
<arg>clear</arg>
<msg timestamp="20221213 20:10:17.431" level="TRACE">Arguments: [ 'clear' ]</msg>
<msg timestamp="20221213 20:10:17.432" level="DEBUG">Command to send: c
t
createRegion
i1033
i305
i95
i53
e
</msg>
<msg timestamp="20221213 20:10:17.433" level="DEBUG">Answer received: !yro932</msg>
<msg timestamp="20221213 20:10:17.434" level="DEBUG">Command to send: c
o932
click
e
</msg>
<msg timestamp="20221213 20:10:17.975" level="DEBUG">Answer received: !yi1</msg>
<msg timestamp="20221213 20:10:17.975" level="TRACE">Return: None</msg>
<status status="PASS" starttime="20221213 20:10:17.431" endtime="20221213 20:10:17.976"/>
</kw>
<kw name="Click" library="calc">
<arg>clear</arg>
<msg timestamp="20221213 20:10:17.976" level="TRACE">Arguments: [ 'clear' ]</msg>
<msg timestamp="20221213 20:10:17.976" level="DEBUG">Command to send: c
t
createRegion
i1033
i305
i95
i53
e
</msg>
<msg timestamp="20221213 20:10:17.987" level="DEBUG">Answer received: !yro933</msg>
<msg timestamp="20221213 20:10:17.987" level="DEBUG">Command to send: c
o933
click
e
</msg>
<msg timestamp="20221213 20:10:18.035" level="DEBUG">Answer received: !yi1</msg>
<msg timestamp="20221213 20:10:18.036" level="TRACE">Return: None</msg>
<status status="PASS" starttime="20221213 20:10:17.976" endtime="20221213 20:10:18.036"/>
</kw>
<kw name="Read" library="calc">
<var>${n}</var>
<arg>Output</arg>
<msg timestamp="20221213 20:10:18.036" level="TRACE">Arguments: [ 'Output' ]</msg>
<msg timestamp="20221213 20:10:18.036" level="DEBUG">Command to send: c
t
createRegion
i846
i207
i376
i53
e
</msg>
<msg timestamp="20221213 20:10:18.037" level="DEBUG">Answer received: !yro934</msg>
<msg timestamp="20221213 20:10:18.037" level="DEBUG">Command to send: c
t
getScreen
e
</msg>
<msg timestamp="20221213 20:10:18.040" level="DEBUG">Answer received: !yro935</msg>
<msg timestamp="20221213 20:10:18.041" level="DEBUG">Command to send: c
o935
capture
ro934
e
</msg>
<msg timestamp="20221213 20:10:18.046" level="DEBUG">Answer received: !yro936</msg>
<msg timestamp="20221213 20:10:18.047" level="DEBUG">Command to send: c
o936
getFilename
e
</msg>
<msg timestamp="20221213 20:10:18.121" level="DEBUG">Answer received: !ysC:\\Users\\Benny\\AppData\\Local\\Temp\\Sikulix_825116989\\sikuliximage-1670980218070.png</msg>
<msg timestamp="20221213 20:10:18.352" level="TRACE">Return: '0'</msg>
<msg timestamp="20221213 20:10:18.352" level="INFO">${n} = 0</msg>
<status status="PASS" starttime="20221213 20:10:18.036" endtime="20221213 20:10:18.352"/>
</kw>
<kw name="Assert OQE Values Equal" library="DataExtraction">
<var>${r}</var>
<arg>${TEST NAME}</arg>
<arg>Verify Clear</arg>
<arg>${n}</arg>
<arg>0</arg>
<msg timestamp="20221213 20:10:18.353" level="TRACE">Arguments: [ ${CASE NAME}='Calc 1+4=5' | ${STEP NAME}='Verify Clear' | ${actual}='0' | ${expected}='0' ]</msg>
<kw name="Compare Results" library="oqe">
<var>${TEST_STATUS}</var>
<arg>${actual}</arg>
<arg>${expected}</arg>
<msg timestamp="20221213 20:10:18.354" level="TRACE">Arguments: [ '0' | '0' ]</msg>
<msg timestamp="20221213 20:10:18.354" level="TRACE">Return: 'PASS'</msg>
<msg timestamp="20221213 20:10:18.354" level="INFO">${TEST_STATUS} = PASS</msg>
<status status="PASS" starttime="20221213 20:10:18.353" endtime="20221213 20:10:18.354"/>
</kw>
<kw name="Write Results" library="oqe">
<arg>${CASE NAME}_${STEP NAME}</arg>
<arg>Values Equal</arg>
<arg>${TEST_STATUS}</arg>
<arg>Actual: ${actual}, Expected: ${expected}</arg>
<msg timestamp="20221213 20:10:18.355" level="TRACE">Arguments: [ 'Calc 1+4=5_Verify Clear' | 'Values Equal' | 'PASS' | 'Actual: 0, Expected: 0' ]</msg>
<msg timestamp="20221213 20:10:18.355" level="TRACE">Return: None</msg>
<status status="PASS" starttime="20221213 20:10:18.354" endtime="20221213 20:10:18.355"/>
</kw>
<msg timestamp="20221213 20:10:18.356" level="TRACE">Return: 'PASS'</msg>
<msg timestamp="20221213 20:10:18.356" level="INFO">${r} = PASS</msg>
<status status="PASS" starttime="20221213 20:10:18.352" endtime="20221213 20:10:18.356"/>
</kw>
<msg timestamp="20221213 20:10:18.356" level="TRACE">Return: None</msg>
<status status="PASS" starttime="20221213 20:10:17.430" endtime="20221213 20:10:18.356"/>
</kw>
<status status="PASS" starttime="20221213 20:10:12.731" endtime="20221213 20:10:18.357"/>
</test>
<test id="s1-t2" name="Calc 2-7=-5" line="18">
<kw name="Test Start" type="SETUP">
<msg timestamp="20221213 20:10:18.359" level="TRACE">Arguments: [  ]</msg>
<kw name="New Test Event" library="DataExtraction">
<arg>${TEST NAME}</arg>
<msg timestamp="20221213 20:10:18.360" level="TRACE">Arguments: [ ${CASE NAME}='Calc 2-7=-5' ]</msg>
<kw name="Test Case Start Time" library="oqe">
<var>${TEST_CASE_TIME}</var>
<msg timestamp="20221213 20:10:18.360" level="TRACE">Arguments: [  ]</msg>
<msg timestamp="20221213 20:10:18.360" level="TRACE">Return: '2022-12-13 20:10:18.360104'</msg>
<msg timestamp="20221213 20:10:18.361" level="INFO">${TEST_CASE_TIME} = 2022-12-13 20:10:18.360104</msg>
<status status="PASS" starttime="20221213 20:10:18.360" endtime="20221213 20:10:18.361"/>
</kw>
<kw name="Create Test Case" library="oqe">
<arg>${CASE NAME}</arg>
<arg>${TEST_CASE_TIME}</arg>
<msg timestamp="20221213 20:10:18.361" level="TRACE">Arguments: [ 'Calc 2-7=-5' | '2022-12-13 20:10:18.360104' ]</msg>
<msg timestamp="20221213 20:10:18.362" level="TRACE">Return: None</msg>
<status status="PASS" starttime="20221213 20:10:18.361" endtime="20221213 20:10:18.362"/>
</kw>
<msg timestamp="20221213 20:10:18.362" level="TRACE">Return: 'Calc 2-7=-5 2022-12-13 20:10:18.360104'</msg>
<status status="PASS" starttime="20221213 20:10:18.360" endtime="20221213 20:10:18.363"/>
</kw>
<msg timestamp="20221213 20:10:18.363" level="TRACE">Return: None</msg>
<status status="PASS" starttime="20221213 20:10:18.359" endtime="20221213 20:10:18.363"/>
</kw>
<kw name="Test Calculator">
<arg>2</arg>
<arg>7</arg>
<arg>subtract</arg>
<arg>-5</arg>
<msg timestamp="20221213 20:10:18.367" level="TRACE">Arguments: [ ${operand1}='2' | ${operand2}='7' | ${operator}='subtract' | ${output}='-5' ]</msg>
<kw name="Log" library="BuiltIn">
<arg>${TEST NAME}</arg>
<doc>Logs the given message with the given level.</doc>
<msg timestamp="20221213 20:10:18.368" level="TRACE">Arguments: [ 'Calc 2-7=-5' ]</msg>
<msg timestamp="20221213 20:10:18.368" level="INFO">Calc 2-7=-5</msg>
<msg timestamp="20221213 20:10:18.368" level="TRACE">Return: None</msg>
<status status="PASS" starttime="20221213 20:10:18.367" endtime="20221213 20:10:18.368"/>
</kw>
<kw name="Math Problem">
<var>${answer}</var>
<arg>${operand1}</arg>
<arg>${operator}</arg>
<arg>${operand2}</arg>
<msg timestamp="20221213 20:10:18.369" level="TRACE">Arguments: [ ${NUMBER1}='2' | ${op}='subtract' | ${NUMBER2}='7' ]</msg>
<kw name="Parse Number">
<arg>${NUMBER1}</arg>
<msg timestamp="20221213 20:10:18.369" level="TRACE">Arguments: [ ${NUM}='2' ]</msg>
<kw name="Split String To Characters" library="String">
<var>${digits}</var>
<arg>${NUM}</arg>
<doc>Splits the given ``string`` to characters.</doc>
<msg timestamp="20221213 20:10:18.370" level="TRACE">Arguments: [ '2' ]</msg>
<msg timestamp="20221213 20:10:18.370" level="TRACE">Return: ['2']</msg>
<msg timestamp="20221213 20:10:18.370" level="INFO">${digits} = ['2']</msg>
<status status="PASS" starttime="20221213 20:10:18.369" endtime="20221213 20:10:18.370"/>
</kw>
<for flavor="IN">
<var>${digit}</var>
<value>@{digits}</value>
<iter>
<var name="${digit}">2</var>
<kw name="Run Keyword" library="BuiltIn">
<arg>calc.Click</arg>
<arg>${digit}_button</arg>
<doc>Executes the given keyword with the given arguments.</doc>
<msg timestamp="20221213 20:10:18.372" level="TRACE">Arguments: [ 'calc.Click' | '${digit}_button' ]</msg>
<kw name="Click" library="calc">
<arg>${digit}_button</arg>
<msg timestamp="20221213 20:10:18.372" level="TRACE">Arguments: [ '2_button' ]</msg>
<msg timestamp="20221213 20:10:18.373" level="DEBUG">Command to send: c
t
createRegion
i936
i515
i94
i52
e
</msg>
<msg timestamp="20221213 20:10:18.374" level="DEBUG">Answer received: !yro937</msg>
<msg timestamp="20221213 20:10:18.376" level="DEBUG">Command to send: m
d
o932
e
</msg>
<msg timestamp="20221213 20:10:18.391" level="DEBUG">Answer received: !yv</msg>
<msg timestamp="20221213 20:10:18.392" level="DEBUG">Command to send: m
d
o933
e
</msg>
<msg timestamp="20221213 20:10:18.392" level="DEBUG">Answer received: !yv</msg>
<msg timestamp="20221213 20:10:18.392" level="DEBUG">Command to send: m
d
o934
e
</msg>
<msg timestamp="20221213 20:10:18.392" level="DEBUG">Answer received: !yv</msg>
<msg timestamp="20221213 20:10:18.392" level="DEBUG">Command to send: m
d
o935
e
</msg>
<msg timestamp="20221213 20:10:18.392" level="DEBUG">Answer received: !yv</msg>
<msg timestamp="20221213 20:10:18.393" level="DEBUG">Command to send: m
d
o936
e
</msg>
<msg timestamp="20221213 20:10:18.393" level="DEBUG">Answer received: !yv</msg>
<msg timestamp="20221213 20:10:18.374" level="DEBUG">Command to send: c
o937
click
e
</msg>
<msg timestamp="20221213 20:10:18.926" level="DEBUG">Answer received: !yi1</msg>
<msg timestamp="20221213 20:10:18.926" level="TRACE">Return: None</msg>
<status status="PASS" starttime="20221213 20:10:18.372" endtime="20221213 20:10:18.926"/>
</kw>
<msg timestamp="20221213 20:10:18.926" level="TRACE">Return: None</msg>
<status status="PASS" starttime="20221213 20:10:18.372" endtime="20221213 20:10:18.927"/>
</kw>
<status status="PASS" starttime="20221213 20:10:18.370" endtime="20221213 20:10:18.927"/>
</iter>
<status status="PASS" starttime="20221213 20:10:18.370" endtime="20221213 20:10:18.927"/>
</for>
<msg timestamp="20221213 20:10:18.927" level="TRACE">Return: None</msg>
<status status="PASS" starttime="20221213 20:10:18.369" endtime="20221213 20:10:18.927"/>
</kw>
<kw name="Log To Console" library="BuiltIn">
<arg>Image capture operand1</arg>
<doc>Logs the given message to the console.</doc>
<msg timestamp="20221213 20:10:18.927" level="TRACE">Arguments: [ 'Image capture operand1' ]</msg>
<msg timestamp="20221213 20:10:18.928" level="TRACE">Return: None</msg>
<status status="PASS" starttime="20221213 20:10:18.927" endtime="20221213 20:10:18.928"/>
</kw>
<kw name="Capture Image" library="calc">
<var>${file}</var>
<arg>Output</arg>
<msg timestamp="20221213 20:10:18.928" level="TRACE">Arguments: [ 'Output' ]</msg>
<msg timestamp="20221213 20:10:18.928" level="DEBUG">Command to send: c
t
createRegion
i846
i207
i376
i53
e
</msg>
<msg timestamp="20221213 20:10:18.931" level="DEBUG">Answer received: !yro938</msg>
<msg timestamp="20221213 20:10:18.931" level="DEBUG">Command to send: c
t
getScreen
e
</msg>
<msg timestamp="20221213 20:10:18.932" level="DEBUG">Answer received: !yro939</msg>
<msg timestamp="20221213 20:10:18.932" level="DEBUG">Command to send: c
o939
capture
ro938
e
</msg>
<msg timestamp="20221213 20:10:18.949" level="DEBUG">Answer received: !yro940</msg>
<msg timestamp="20221213 20:10:18.950" level="DEBUG">Command to send: c
o940
getFilename
e
</msg>
<msg timestamp="20221213 20:10:18.976" level="DEBUG">Answer received: !ysC:\\Users\\Benny\\AppData\\Local\\Temp\\Sikulix_825116989\\sikuliximage-1670980218971.png</msg>
<msg timestamp="20221213 20:10:18.978" level="TRACE">Return: 'C:/Users/Benny/Documents/RFData/IMG/imageAAO.PNG'</msg>
<msg timestamp="20221213 20:10:18.979" level="INFO">${file} = C:/Users/Benny/Documents/RFData/IMG/imageAAO.PNG</msg>
<status status="PASS" starttime="20221213 20:10:18.928" endtime="20221213 20:10:18.979"/>
</kw>
<kw name="Record Screen Image" library="DataExtraction">
<arg>${file}</arg>
<arg>${TEST NAME}</arg>
<arg>Operand 1</arg>
<msg timestamp="20221213 20:10:18.980" level="TRACE">Arguments: [ ${FILE}='C:/Users/Benny/Documents/RFData/IMG/imageAAO.PNG' | ${CASE NAME}='Calc 2-7=-5' | ${STEP NAME}='Operand 1' ]</msg>
<kw name="Write Image" library="oqe">
<arg>${CASE NAME}</arg>
<arg>${STEP NAME}</arg>
<arg>Screenshot</arg>
<arg>${FILE}</arg>
<msg timestamp="20221213 20:10:18.980" level="TRACE">Arguments: [ 'Calc 2-7=-5' | 'Operand 1' | 'Screenshot' | 'C:/Users/Benny/Documents/RFData/IMG/imageAAO.PNG' ]</msg>
<msg timestamp="20221213 20:10:18.981" level="TRACE">Return: None</msg>
<status status="PASS" starttime="20221213 20:10:18.980" endtime="20221213 20:10:18.981"/>
</kw>
<msg timestamp="20221213 20:10:18.982" level="TRACE">Return: None</msg>
<status status="PASS" starttime="20221213 20:10:18.979" endtime="20221213 20:10:18.982"/>
</kw>
<kw name="Log To Console" library="BuiltIn">
<arg>Check operand1</arg>
<doc>Logs the given message to the console.</doc>
<msg timestamp="20221213 20:10:18.982" level="TRACE">Arguments: [ 'Check operand1' ]</msg>
<msg timestamp="20221213 20:10:18.987" level="TRACE">Return: None</msg>
<status status="PASS" starttime="20221213 20:10:18.982" endtime="20221213 20:10:18.987"/>
</kw>
<kw name="Read" library="calc">
<var>${n}</var>
<arg>Output</arg>
<msg timestamp="20221213 20:10:18.988" level="TRACE">Arguments: [ 'Output' ]</msg>
<msg timestamp="20221213 20:10:18.988" level="DEBUG">Command to send: c
t
createRegion
i846
i207
i376
i53
e
</msg>
<msg timestamp="20221213 20:10:19.008" level="DEBUG">Answer received: !yro941</msg>
<msg timestamp="20221213 20:10:19.008" level="DEBUG">Command to send: c
t
getScreen
e
</msg>
<msg timestamp="20221213 20:10:19.009" level="DEBUG">Answer received: !yro942</msg>
<msg timestamp="20221213 20:10:19.009" level="DEBUG">Command to send: c
o942
capture
ro941
e
</msg>
<msg timestamp="20221213 20:10:19.015" level="DEBUG">Answer received: !yro943</msg>
<msg timestamp="20221213 20:10:19.016" level="DEBUG">Command to send: c
o943
getFilename
e
</msg>
<msg timestamp="20221213 20:10:19.039" level="DEBUG">Answer received: !ysC:\\Users\\Benny\\AppData\\Local\\Temp\\Sikulix_825116989\\sikuliximage-1670980219034.png</msg>
<msg timestamp="20221213 20:10:19.409" level="TRACE">Return: '2'</msg>
<msg timestamp="20221213 20:10:19.410" level="INFO">${n} = 2</msg>
<status status="PASS" starttime="20221213 20:10:18.987" endtime="20221213 20:10:19.410"/>
</kw>
<kw name="Assert OQE Values Equal" library="DataExtraction">
<var>${r1}</var>
<arg>${TEST NAME}</arg>
<arg>First Operand</arg>
<arg>${n}</arg>
<arg>${NUMBER1}</arg>
<msg timestamp="20221213 20:10:19.411" level="TRACE">Arguments: [ ${CASE NAME}='Calc 2-7=-5' | ${STEP NAME}='First Operand' | ${actual}='2' | ${expected}='2' ]</msg>
<kw name="Compare Results" library="oqe">
<var>${TEST_STATUS}</var>
<arg>${actual}</arg>
<arg>${expected}</arg>
<msg timestamp="20221213 20:10:19.411" level="TRACE">Arguments: [ '2' | '2' ]</msg>
<msg timestamp="20221213 20:10:19.411" level="TRACE">Return: 'PASS'</msg>
<msg timestamp="20221213 20:10:19.411" level="INFO">${TEST_STATUS} = PASS</msg>
<status status="PASS" starttime="20221213 20:10:19.411" endtime="20221213 20:10:19.412"/>
</kw>
<kw name="Write Results" library="oqe">
<arg>${CASE NAME}_${STEP NAME}</arg>
<arg>Values Equal</arg>
<arg>${TEST_STATUS}</arg>
<arg>Actual: ${actual}, Expected: ${expected}</arg>
<msg timestamp="20221213 20:10:19.412" level="TRACE">Arguments: [ 'Calc 2-7=-5_First Operand' | 'Values Equal' | 'PASS' | 'Actual: 2, Expected: 2' ]</msg>
<msg timestamp="20221213 20:10:19.413" level="TRACE">Return: None</msg>
<status status="PASS" starttime="20221213 20:10:19.412" endtime="20221213 20:10:19.413"/>
</kw>
<msg timestamp="20221213 20:10:19.413" level="TRACE">Return: 'PASS'</msg>
<msg timestamp="20221213 20:10:19.413" level="INFO">${r1} = PASS</msg>
<status status="PASS" starttime="20221213 20:10:19.410" endtime="20221213 20:10:19.413"/>
</kw>
<kw name="Record Test Case" library="DataExtraction">
<arg>--</arg>
<arg>Operand 1 matches</arg>
<arg>${r1}</arg>
<arg>--</arg>
<msg timestamp="20221213 20:10:19.414" level="TRACE">Arguments: [ ${CASE NAME}='--' | ${STEP NAME}='Operand 1 matches' | ${STATUS}='PASS' | ${MESSAGE}='--' ]</msg>
<kw name="Write Results" library="oqe">
<arg>${CASE NAME}</arg>
<arg>${STEP NAME}</arg>
<arg>${STATUS}</arg>
<arg>${MESSAGE}</arg>
<msg timestamp="20221213 20:10:19.415" level="TRACE">Arguments: [ '--' | 'Operand 1 matches' | 'PASS' | '--' ]</msg>
<msg timestamp="20221213 20:10:19.416" level="TRACE">Return: None</msg>
<status status="PASS" starttime="20221213 20:10:19.415" endtime="20221213 20:10:19.416"/>
</kw>
<msg timestamp="20221213 20:10:19.416" level="TRACE">Return: None</msg>
<status status="PASS" starttime="20221213 20:10:19.414" endtime="20221213 20:10:19.416"/>
</kw>
<kw name="Click" library="calc">
<arg>${op}</arg>
<msg timestamp="20221213 20:10:19.416" level="TRACE">Arguments: [ 'subtract' ]</msg>
<msg timestamp="20221213 20:10:19.417" level="DEBUG">Command to send: c
t
createRegion
i1127
i460
i95
i52
e
</msg>
<msg timestamp="20221213 20:10:19.418" level="DEBUG">Answer received: !yro944</msg>
<msg timestamp="20221213 20:10:19.418" level="DEBUG">Command to send: c
o944
click
e
</msg>
<msg timestamp="20221213 20:10:19.969" level="DEBUG">Answer received: !yi1</msg>
<msg timestamp="20221213 20:10:19.969" level="TRACE">Return: None</msg>
<status status="PASS" starttime="20221213 20:10:19.416" endtime="20221213 20:10:19.969"/>
</kw>
<kw name="Parse Number">
<arg>${NUMBER2}</arg>
<msg timestamp="20221213 20:10:19.969" level="TRACE">Arguments: [ ${NUM}='7' ]</msg>
<kw name="Split String To Characters" library="String">
<var>${digits}</var>
<arg>${NUM}</arg>
<doc>Splits the given ``string`` to characters.</doc>
<msg timestamp="20221213 20:10:19.970" level="TRACE">Arguments: [ '7' ]</msg>
<msg timestamp="20221213 20:10:19.970" level="TRACE">Return: ['7']</msg>
<msg timestamp="20221213 20:10:19.970" level="INFO">${digits} = ['7']</msg>
<status status="PASS" starttime="20221213 20:10:19.970" endtime="20221213 20:10:19.970"/>
</kw>
<for flavor="IN">
<var>${digit}</var>
<value>@{digits}</value>
<iter>
<var name="${digit}">7</var>
<kw name="Run Keyword" library="BuiltIn">
<arg>calc.Click</arg>
<arg>${digit}_button</arg>
<doc>Executes the given keyword with the given arguments.</doc>
<msg timestamp="20221213 20:10:19.971" level="TRACE">Arguments: [ 'calc.Click' | '${digit}_button' ]</msg>
<kw name="Click" library="calc">
<arg>${digit}_button</arg>
<msg timestamp="20221213 20:10:19.971" level="TRACE">Arguments: [ '7_button' ]</msg>
<msg timestamp="20221213 20:10:19.971" level="DEBUG">Command to send: c
t
createRegion
i840
i407
i94
i51
e
</msg>
<msg timestamp="20221213 20:10:19.972" level="DEBUG">Answer received: !yro945</msg>
<msg timestamp="20221213 20:10:19.972" level="DEBUG">Command to send: c
o945
click
e
</msg>
<msg timestamp="20221213 20:10:20.521" level="DEBUG">Answer received: !yi1</msg>
<msg timestamp="20221213 20:10:20.521" level="TRACE">Return: None</msg>
<status status="PASS" starttime="20221213 20:10:19.971" endtime="20221213 20:10:20.521"/>
</kw>
<msg timestamp="20221213 20:10:20.521" level="TRACE">Return: None</msg>
<status status="PASS" starttime="20221213 20:10:19.971" endtime="20221213 20:10:20.521"/>
</kw>
<status status="PASS" starttime="20221213 20:10:19.971" endtime="20221213 20:10:20.521"/>
</iter>
<status status="PASS" starttime="20221213 20:10:19.970" endtime="20221213 20:10:20.522"/>
</for>
<msg timestamp="20221213 20:10:20.522" level="TRACE">Return: None</msg>
<status status="PASS" starttime="20221213 20:10:19.969" endtime="20221213 20:10:20.522"/>
</kw>
<kw name="Capture Image" library="calc">
<var>${file}</var>
<arg>Output</arg>
<msg timestamp="20221213 20:10:20.523" level="TRACE">Arguments: [ 'Output' ]</msg>
<msg timestamp="20221213 20:10:20.523" level="DEBUG">Command to send: c
t
createRegion
i846
i207
i376
i53
e
</msg>
<msg timestamp="20221213 20:10:20.523" level="DEBUG">Answer received: !yro946</msg>
<msg timestamp="20221213 20:10:20.524" level="DEBUG">Command to send: c
t
getScreen
e
</msg>
<msg timestamp="20221213 20:10:20.524" level="DEBUG">Answer received: !yro947</msg>
<msg timestamp="20221213 20:10:20.524" level="DEBUG">Command to send: c
o947
capture
ro946
e
</msg>
<msg timestamp="20221213 20:10:20.545" level="DEBUG">Answer received: !yro948</msg>
<msg timestamp="20221213 20:10:20.545" level="DEBUG">Command to send: c
o948
getFilename
e
</msg>
<msg timestamp="20221213 20:10:20.571" level="DEBUG">Answer received: !ysC:\\Users\\Benny\\AppData\\Local\\Temp\\Sikulix_825116989\\sikuliximage-1670980220566.png</msg>
<msg timestamp="20221213 20:10:20.574" level="TRACE">Return: 'C:/Users/Benny/Documents/RFData/IMG/imageAAP.PNG'</msg>
<msg timestamp="20221213 20:10:20.574" level="INFO">${file} = C:/Users/Benny/Documents/RFData/IMG/imageAAP.PNG</msg>
<status status="PASS" starttime="20221213 20:10:20.522" endtime="20221213 20:10:20.574"/>
</kw>
<kw name="Record Screen Image" library="DataExtraction">
<arg>${file}</arg>
<arg>${TEST NAME}</arg>
<arg>Operand 2</arg>
<msg timestamp="20221213 20:10:20.575" level="TRACE">Arguments: [ ${FILE}='C:/Users/Benny/Documents/RFData/IMG/imageAAP.PNG' | ${CASE NAME}='Calc 2-7=-5' | ${STEP NAME}='Operand 2' ]</msg>
<kw name="Write Image" library="oqe">
<arg>${CASE NAME}</arg>
<arg>${STEP NAME}</arg>
<arg>Screenshot</arg>
<arg>${FILE}</arg>
<msg timestamp="20221213 20:10:20.576" level="TRACE">Arguments: [ 'Calc 2-7=-5' | 'Operand 2' | 'Screenshot' | 'C:/Users/Benny/Documents/RFData/IMG/imageAAP.PNG' ]</msg>
<msg timestamp="20221213 20:10:20.577" level="TRACE">Return: None</msg>
<status status="PASS" starttime="20221213 20:10:20.575" endtime="20221213 20:10:20.577"/>
</kw>
<msg timestamp="20221213 20:10:20.577" level="TRACE">Return: None</msg>
<status status="PASS" starttime="20221213 20:10:20.574" endtime="20221213 20:10:20.577"/>
</kw>
<kw name="Read" library="calc">
<var>${n}</var>
<arg>Output</arg>
<msg timestamp="20221213 20:10:20.577" level="TRACE">Arguments: [ 'Output' ]</msg>
<msg timestamp="20221213 20:10:20.577" level="DEBUG">Command to send: c
t
createRegion
i846
i207
i376
i53
e
</msg>
<msg timestamp="20221213 20:10:20.578" level="DEBUG">Answer received: !yro949</msg>
<msg timestamp="20221213 20:10:20.578" level="DEBUG">Command to send: c
t
getScreen
e
</msg>
<msg timestamp="20221213 20:10:20.579" level="DEBUG">Answer received: !yro950</msg>
<msg timestamp="20221213 20:10:20.579" level="DEBUG">Command to send: c
o950
capture
ro949
e
</msg>
<msg timestamp="20221213 20:10:20.586" level="DEBUG">Answer received: !yro951</msg>
<msg timestamp="20221213 20:10:20.586" level="DEBUG">Command to send: c
o951
getFilename
e
</msg>
<msg timestamp="20221213 20:10:20.602" level="DEBUG">Answer received: !ysC:\\Users\\Benny\\AppData\\Local\\Temp\\Sikulix_825116989\\sikuliximage-1670980220598.png</msg>
<msg timestamp="20221213 20:10:20.861" level="TRACE">Return: '7'</msg>
<msg timestamp="20221213 20:10:20.862" level="INFO">${n} = 7</msg>
<status status="PASS" starttime="20221213 20:10:20.577" endtime="20221213 20:10:20.862"/>
</kw>
<kw name="Assert OQE Values Equal" library="DataExtraction">
<var>${r2}</var>
<arg>${TEST NAME}</arg>
<arg>Second Operand</arg>
<arg>${n}</arg>
<arg>${NUMBER2}</arg>
<msg timestamp="20221213 20:10:20.862" level="TRACE">Arguments: [ ${CASE NAME}='Calc 2-7=-5' | ${STEP NAME}='Second Operand' | ${actual}='7' | ${expected}='7' ]</msg>
<kw name="Compare Results" library="oqe">
<var>${TEST_STATUS}</var>
<arg>${actual}</arg>
<arg>${expected}</arg>
<msg timestamp="20221213 20:10:20.863" level="TRACE">Arguments: [ '7' | '7' ]</msg>
<msg timestamp="20221213 20:10:20.863" level="TRACE">Return: 'PASS'</msg>
<msg timestamp="20221213 20:10:20.863" level="INFO">${TEST_STATUS} = PASS</msg>
<status status="PASS" starttime="20221213 20:10:20.863" endtime="20221213 20:10:20.863"/>
</kw>
<kw name="Write Results" library="oqe">
<arg>${CASE NAME}_${STEP NAME}</arg>
<arg>Values Equal</arg>
<arg>${TEST_STATUS}</arg>
<arg>Actual: ${actual}, Expected: ${expected}</arg>
<msg timestamp="20221213 20:10:20.864" level="TRACE">Arguments: [ 'Calc 2-7=-5_Second Operand' | 'Values Equal' | 'PASS' | 'Actual: 7, Expected: 7' ]</msg>
<msg timestamp="20221213 20:10:20.865" level="TRACE">Return: None</msg>
<status status="PASS" starttime="20221213 20:10:20.864" endtime="20221213 20:10:20.865"/>
</kw>
<msg timestamp="20221213 20:10:20.865" level="TRACE">Return: 'PASS'</msg>
<msg timestamp="20221213 20:10:20.865" level="INFO">${r2} = PASS</msg>
<status status="PASS" starttime="20221213 20:10:20.862" endtime="20221213 20:10:20.865"/>
</kw>
<kw name="Record Test Case" library="DataExtraction">
<arg>--</arg>
<arg>Operand 2 matches</arg>
<arg>${r2}</arg>
<arg>--</arg>
<msg timestamp="20221213 20:10:20.866" level="TRACE">Arguments: [ ${CASE NAME}='--' | ${STEP NAME}='Operand 2 matches' | ${STATUS}='PASS' | ${MESSAGE}='--' ]</msg>
<kw name="Write Results" library="oqe">
<arg>${CASE NAME}</arg>
<arg>${STEP NAME}</arg>
<arg>${STATUS}</arg>
<arg>${MESSAGE}</arg>
<msg timestamp="20221213 20:10:20.867" level="TRACE">Arguments: [ '--' | 'Operand 2 matches' | 'PASS' | '--' ]</msg>
<msg timestamp="20221213 20:10:20.867" level="TRACE">Return: None</msg>
<status status="PASS" starttime="20221213 20:10:20.866" endtime="20221213 20:10:20.868"/>
</kw>
<msg timestamp="20221213 20:10:20.868" level="TRACE">Return: None</msg>
<status status="PASS" starttime="20221213 20:10:20.866" endtime="20221213 20:10:20.868"/>
</kw>
<kw name="Click" library="calc">
<arg>equals</arg>
<msg timestamp="20221213 20:10:20.868" level="TRACE">Arguments: [ 'equals' ]</msg>
<msg timestamp="20221213 20:10:20.868" level="DEBUG">Command to send: c
t
createRegion
i1128
i573
i95
i53
e
</msg>
<msg timestamp="20221213 20:10:20.869" level="DEBUG">Answer received: !yro952</msg>
<msg timestamp="20221213 20:10:20.869" level="DEBUG">Command to send: c
o952
click
e
</msg>
<msg timestamp="20221213 20:10:21.422" level="DEBUG">Answer received: !yi1</msg>
<msg timestamp="20221213 20:10:21.422" level="TRACE">Return: None</msg>
<status status="PASS" starttime="20221213 20:10:20.868" endtime="20221213 20:10:21.422"/>
</kw>
<kw name="Capture Image" library="calc">
<var>${file}</var>
<arg>Output</arg>
<msg timestamp="20221213 20:10:21.422" level="TRACE">Arguments: [ 'Output' ]</msg>
<msg timestamp="20221213 20:10:21.423" level="DEBUG">Command to send: c
t
createRegion
i846
i207
i376
i53
e
</msg>
<msg timestamp="20221213 20:10:21.423" level="DEBUG">Answer received: !yro953</msg>
<msg timestamp="20221213 20:10:21.423" level="DEBUG">Command to send: c
t
getScreen
e
</msg>
<msg timestamp="20221213 20:10:21.424" level="DEBUG">Answer received: !yro954</msg>
<msg timestamp="20221213 20:10:21.424" level="DEBUG">Command to send: c
o954
capture
ro953
e
</msg>
<msg timestamp="20221213 20:10:21.445" level="DEBUG">Answer received: !yro955</msg>
<msg timestamp="20221213 20:10:21.445" level="DEBUG">Command to send: c
o955
getFilename
e
</msg>
<msg timestamp="20221213 20:10:21.476" level="DEBUG">Answer received: !ysC:\\Users\\Benny\\AppData\\Local\\Temp\\Sikulix_825116989\\sikuliximage-1670980221465.png</msg>
<msg timestamp="20221213 20:10:21.479" level="TRACE">Return: 'C:/Users/Benny/Documents/RFData/IMG/imageAAQ.PNG'</msg>
<msg timestamp="20221213 20:10:21.479" level="INFO">${file} = C:/Users/Benny/Documents/RFData/IMG/imageAAQ.PNG</msg>
<status status="PASS" starttime="20221213 20:10:21.422" endtime="20221213 20:10:21.479"/>
</kw>
<kw name="Record Screen Image" library="DataExtraction">
<arg>${file}</arg>
<arg>${TEST NAME}</arg>
<arg>Answer</arg>
<msg timestamp="20221213 20:10:21.480" level="DEBUG">Command to send: m
d
o938
e
</msg>
<msg timestamp="20221213 20:10:21.481" level="DEBUG">Answer received: !yv</msg>
<msg timestamp="20221213 20:10:21.481" level="DEBUG">Command to send: m
d
o939
e
</msg>
<msg timestamp="20221213 20:10:21.481" level="DEBUG">Answer received: !yv</msg>
<msg timestamp="20221213 20:10:21.481" level="DEBUG">Command to send: m
d
o940
e
</msg>
<msg timestamp="20221213 20:10:21.481" level="DEBUG">Answer received: !yv</msg>
<msg timestamp="20221213 20:10:21.481" level="DEBUG">Command to send: m
d
o941
e
</msg>
<msg timestamp="20221213 20:10:21.481" level="DEBUG">Answer received: !yv</msg>
<msg timestamp="20221213 20:10:21.481" level="DEBUG">Command to send: m
d
o942
e
</msg>
<msg timestamp="20221213 20:10:21.482" level="DEBUG">Answer received: !yv</msg>
<msg timestamp="20221213 20:10:21.482" level="DEBUG">Command to send: m
d
o943
e
</msg>
<msg timestamp="20221213 20:10:21.482" level="DEBUG">Answer received: !yv</msg>
<msg timestamp="20221213 20:10:21.482" level="DEBUG">Command to send: m
d
o944
e
</msg>
<msg timestamp="20221213 20:10:21.482" level="DEBUG">Answer received: !yv</msg>
<msg timestamp="20221213 20:10:21.482" level="DEBUG">Command to send: m
d
o945
e
</msg>
<msg timestamp="20221213 20:10:21.482" level="DEBUG">Answer received: !yv</msg>
<msg timestamp="20221213 20:10:21.482" level="DEBUG">Command to send: m
d
o946
e
</msg>
<msg timestamp="20221213 20:10:21.483" level="DEBUG">Answer received: !yv</msg>
<msg timestamp="20221213 20:10:21.483" level="DEBUG">Command to send: m
d
o947
e
</msg>
<msg timestamp="20221213 20:10:21.483" level="DEBUG">Answer received: !yv</msg>
<msg timestamp="20221213 20:10:21.483" level="DEBUG">Command to send: m
d
o948
e
</msg>
<msg timestamp="20221213 20:10:21.483" level="DEBUG">Answer received: !yv</msg>
<msg timestamp="20221213 20:10:21.483" level="DEBUG">Command to send: m
d
o949
e
</msg>
<msg timestamp="20221213 20:10:21.483" level="DEBUG">Answer received: !yv</msg>
<msg timestamp="20221213 20:10:21.483" level="DEBUG">Command to send: m
d
o950
e
</msg>
<msg timestamp="20221213 20:10:21.484" level="DEBUG">Answer received: !yv</msg>
<msg timestamp="20221213 20:10:21.484" level="DEBUG">Command to send: m
d
o951
e
</msg>
<msg timestamp="20221213 20:10:21.484" level="DEBUG">Answer received: !yv</msg>
<msg timestamp="20221213 20:10:21.484" level="DEBUG">Command to send: m
d
o952
e
</msg>
<msg timestamp="20221213 20:10:21.484" level="DEBUG">Answer received: !yv</msg>
<msg timestamp="20221213 20:10:21.484" level="DEBUG">Command to send: m
d
o954
e
</msg>
<msg timestamp="20221213 20:10:21.484" level="DEBUG">Answer received: !yv</msg>
<msg timestamp="20221213 20:10:21.484" level="DEBUG">Command to send: m
d
o955
e
</msg>
<msg timestamp="20221213 20:10:21.485" level="DEBUG">Answer received: !yv</msg>
<msg timestamp="20221213 20:10:21.480" level="TRACE">Arguments: [ ${FILE}='C:/Users/Benny/Documents/RFData/IMG/imageAAQ.PNG' | ${CASE NAME}='Calc 2-7=-5' | ${STEP NAME}='Answer' ]</msg>
<kw name="Write Image" library="oqe">
<arg>${CASE NAME}</arg>
<arg>${STEP NAME}</arg>
<arg>Screenshot</arg>
<arg>${FILE}</arg>
<msg timestamp="20221213 20:10:21.486" level="TRACE">Arguments: [ 'Calc 2-7=-5' | 'Answer' | 'Screenshot' | 'C:/Users/Benny/Documents/RFData/IMG/imageAAQ.PNG' ]</msg>
<msg timestamp="20221213 20:10:21.486" level="TRACE">Return: None</msg>
<status status="PASS" starttime="20221213 20:10:21.485" endtime="20221213 20:10:21.486"/>
</kw>
<msg timestamp="20221213 20:10:21.487" level="TRACE">Return: None</msg>
<status status="PASS" starttime="20221213 20:10:21.479" endtime="20221213 20:10:21.487"/>
</kw>
<kw name="Read" library="calc">
<var>${n}</var>
<arg>Output</arg>
<msg timestamp="20221213 20:10:21.487" level="TRACE">Arguments: [ 'Output' ]</msg>
<msg timestamp="20221213 20:10:21.487" level="DEBUG">Command to send: c
t
createRegion
i846
i207
i376
i53
e
</msg>
<msg timestamp="20221213 20:10:21.488" level="DEBUG">Answer received: !yro956</msg>
<msg timestamp="20221213 20:10:21.488" level="DEBUG">Command to send: c
t
getScreen
e
</msg>
<msg timestamp="20221213 20:10:21.489" level="DEBUG">Answer received: !yro957</msg>
<msg timestamp="20221213 20:10:21.489" level="DEBUG">Command to send: c
o957
capture
ro956
e
</msg>
<msg timestamp="20221213 20:10:21.504" level="DEBUG">Answer received: !yro958</msg>
<msg timestamp="20221213 20:10:21.505" level="DEBUG">Command to send: c
o958
getFilename
e
</msg>
<msg timestamp="20221213 20:10:21.530" level="DEBUG">Answer received: !ysC:\\Users\\Benny\\AppData\\Local\\Temp\\Sikulix_825116989\\sikuliximage-1670980221527.png</msg>
<msg timestamp="20221213 20:10:21.838" level="TRACE">Return: '-5'</msg>
<msg timestamp="20221213 20:10:21.838" level="INFO">${n} = -5</msg>
<status status="PASS" starttime="20221213 20:10:21.487" endtime="20221213 20:10:21.838"/>
</kw>
<kw name="Assert OQE True" library="DataExtraction">
<var>${r3}</var>
<arg>${TEST NAME}</arg>
<arg>Operands Match</arg>
<arg>'${r1}'=='PASS' and '${r2}'=='PASS'</arg>
<msg timestamp="20221213 20:10:21.839" level="TRACE">Arguments: [ ${CASE NAME}='Calc 2-7=-5' | ${STEP NAME}='Operands Match' | ${case}="'PASS'=='PASS' and 'PASS'=='PASS'" ]</msg>
<kw name="Result True" library="oqe">
<var>${TEST_STATUS}</var>
<arg>${case}</arg>
<arg>passCase=True</arg>
<msg timestamp="20221213 20:10:21.840" level="TRACE">Arguments: [ "'PASS'=='PASS' and 'PASS'=='PASS'" | passCase=True ]</msg>
<msg timestamp="20221213 20:10:21.840" level="TRACE">Return: 'PASS'</msg>
<msg timestamp="20221213 20:10:21.840" level="INFO">${TEST_STATUS} = PASS</msg>
<status status="PASS" starttime="20221213 20:10:21.840" endtime="20221213 20:10:21.840"/>
</kw>
<kw name="Write Results" library="oqe">
<arg>${CASE NAME}_${STEP NAME}</arg>
<arg>Result True</arg>
<arg>${TEST_STATUS}</arg>
<arg>~~~~</arg>
[...]
<msg timestamp="20221213 20:10:31.435" level="DEBUG">Command to send: c
t
createRegion
i1128
i573
i95
i53
e
</msg>
<msg timestamp="20221213 20:10:31.438" level="DEBUG">Answer received: !yro1006</msg>
<msg timestamp="20221213 20:10:31.439" level="DEBUG">Command to send: m
d
o991
e
</msg>
<msg timestamp="20221213 20:10:31.439" level="DEBUG">Answer received: !yv</msg>
<msg timestamp="20221213 20:10:31.439" level="DEBUG">Command to send: m
d
o992
e
</msg>
<msg timestamp="20221213 20:10:31.439" level="DEBUG">Answer received: !yv</msg>
<msg timestamp="20221213 20:10:31.439" level="DEBUG">Command to send: m
d
o993
e
</msg>
<msg timestamp="20221213 20:10:31.440" level="DEBUG">Answer received: !yv</msg>
<msg timestamp="20221213 20:10:31.440" level="DEBUG">Command to send: m
d
o994
e
</msg>
<msg timestamp="20221213 20:10:31.440" level="DEBUG">Answer received: !yv</msg>
<msg timestamp="20221213 20:10:31.440" level="DEBUG">Command to send: m
d
o995
e
</msg>
<msg timestamp="20221213 20:10:31.440" level="DEBUG">Answer received: !yv</msg>
<msg timestamp="20221213 20:10:31.440" level="DEBUG">Command to send: m
d
o996
e
</msg>
<msg timestamp="20221213 20:10:31.440" level="DEBUG">Answer received: !yv</msg>
<msg timestamp="20221213 20:10:31.440" level="DEBUG">Command to send: m
d
o997
e
</msg>
<msg timestamp="20221213 20:10:31.441" level="DEBUG">Answer received: !yv</msg>
<msg timestamp="20221213 20:10:31.441" level="DEBUG">Command to send: m
d
o998
e
</msg>
<msg timestamp="20221213 20:10:31.441" level="DEBUG">Answer received: !yv</msg>
<msg timestamp="20221213 20:10:31.441" level="DEBUG">Command to send: m
d
o999
e
</msg>
<msg timestamp="20221213 20:10:31.441" level="DEBUG">Answer received: !yv</msg>
<msg timestamp="20221213 20:10:31.441" level="DEBUG">Command to send: m
d
o1000
e
</msg>
<msg timestamp="20221213 20:10:31.441" level="DEBUG">Answer received: !yv</msg>
<msg timestamp="20221213 20:10:31.442" level="DEBUG">Command to send: m
d
o1001
e
</msg>
<msg timestamp="20221213 20:10:31.442" level="DEBUG">Answer received: !yv</msg>
<msg timestamp="20221213 20:10:31.442" level="DEBUG">Command to send: m
d
o1002
e
</msg>
<msg timestamp="20221213 20:10:31.442" level="DEBUG">Answer received: !yv</msg>
<msg timestamp="20221213 20:10:31.442" level="DEBUG">Command to send: m
d
o1003
e
</msg>
<msg timestamp="20221213 20:10:31.443" level="DEBUG">Answer received: !yv</msg>
<msg timestamp="20221213 20:10:31.443" level="DEBUG">Command to send: m
d
o1004
e
</msg>
<msg timestamp="20221213 20:10:31.443" level="DEBUG">Answer received: !yv</msg>
<msg timestamp="20221213 20:10:31.443" level="DEBUG">Command to send: m
d
o1005
e
</msg>
<msg timestamp="20221213 20:10:31.443" level="DEBUG">Answer received: !yv</msg>
<msg timestamp="20221213 20:10:31.439" level="DEBUG">Command to send: c
o1006
click
e
</msg>
<msg timestamp="20221213 20:10:31.988" level="DEBUG">Answer received: !yi1</msg>
<msg timestamp="20221213 20:10:31.988" level="TRACE">Return: None</msg>
<status status="PASS" starttime="20221213 20:10:31.434" endtime="20221213 20:10:31.988"/>
</kw>
<kw name="Capture Image" library="calc">
<var>${file}</var>
<arg>Output</arg>
<msg timestamp="20221213 20:10:31.988" level="TRACE">Arguments: [ 'Output' ]</msg>
<msg timestamp="20221213 20:10:31.989" level="DEBUG">Command to send: c
t
createRegion
i846
i207
i376
i53
e
</msg>
<msg timestamp="20221213 20:10:32.004" level="DEBUG">Answer received: !yro1007</msg>
<msg timestamp="20221213 20:10:32.005" level="DEBUG">Command to send: c
t
getScreen
e
</msg>
<msg timestamp="20221213 20:10:32.005" level="DEBUG">Answer received: !yro1008</msg>
<msg timestamp="20221213 20:10:32.005" level="DEBUG">Command to send: c
o1008
capture
ro1007
e
</msg>
<msg timestamp="20221213 20:10:32.013" level="DEBUG">Answer received: !yro1009</msg>
<msg timestamp="20221213 20:10:32.013" level="DEBUG">Command to send: c
o1009
getFilename
e
</msg>
<msg timestamp="20221213 20:10:32.038" level="DEBUG">Answer received: !ysC:\\Users\\Benny\\AppData\\Local\\Temp\\Sikulix_825116989\\sikuliximage-1670980232034.png</msg>
<msg timestamp="20221213 20:10:32.042" level="TRACE">Return: 'C:/Users/Benny/Documents/RFData/IMG/imageAAW.PNG'</msg>
<msg timestamp="20221213 20:10:32.042" level="INFO">${file} = C:/Users/Benny/Documents/RFData/IMG/imageAAW.PNG</msg>
<status status="PASS" starttime="20221213 20:10:31.988" endtime="20221213 20:10:32.042"/>
</kw>
<kw name="Record Screen Image" library="DataExtraction">
<arg>${file}</arg>
<arg>${TEST NAME}</arg>
<arg>Answer</arg>
<msg timestamp="20221213 20:10:32.043" level="TRACE">Arguments: [ ${FILE}='C:/Users/Benny/Documents/RFData/IMG/imageAAW.PNG' | ${CASE NAME}='Calc 8/2=4' | ${STEP NAME}='Answer' ]</msg>
<kw name="Write Image" library="oqe">
<arg>${CASE NAME}</arg>
<arg>${STEP NAME}</arg>
<arg>Screenshot</arg>
<arg>${FILE}</arg>
<msg timestamp="20221213 20:10:32.044" level="TRACE">Arguments: [ 'Calc 8/2=4' | 'Answer' | 'Screenshot' | 'C:/Users/Benny/Documents/RFData/IMG/imageAAW.PNG' ]</msg>
<msg timestamp="20221213 20:10:32.045" level="TRACE">Return: None</msg>
<status status="PASS" starttime="20221213 20:10:32.043" endtime="20221213 20:10:32.045"/>
</kw>
<msg timestamp="20221213 20:10:32.045" level="TRACE">Return: None</msg>
<status status="PASS" starttime="20221213 20:10:32.042" endtime="20221213 20:10:32.045"/>
</kw>
<kw name="Read" library="calc">
<var>${n}</var>
<arg>Output</arg>
<msg timestamp="20221213 20:10:32.045" level="TRACE">Arguments: [ 'Output' ]</msg>
<msg timestamp="20221213 20:10:32.045" level="DEBUG">Command to send: c
t
createRegion
i846
i207
i376
i53
e
</msg>
<msg timestamp="20221213 20:10:32.046" level="DEBUG">Answer received: !yro1010</msg>
<msg timestamp="20221213 20:10:32.047" level="DEBUG">Command to send: c
t
getScreen
e
</msg>
<msg timestamp="20221213 20:10:32.047" level="DEBUG">Answer received: !yro1011</msg>
<msg timestamp="20221213 20:10:32.047" level="DEBUG">Command to send: c
o1011
capture
ro1010
e
</msg>
<msg timestamp="20221213 20:10:32.062" level="DEBUG">Answer received: !yro1012</msg>
<msg timestamp="20221213 20:10:32.063" level="DEBUG">Command to send: c
o1012
getFilename
e
</msg>
<msg timestamp="20221213 20:10:32.085" level="DEBUG">Answer received: !ysC:\\Users\\Benny\\AppData\\Local\\Temp\\Sikulix_825116989\\sikuliximage-1670980232081.png</msg>
<msg timestamp="20221213 20:10:32.421" level="TRACE">Return: '4'</msg>
<msg timestamp="20221213 20:10:32.422" level="INFO">${n} = 4</msg>
<status status="PASS" starttime="20221213 20:10:32.045" endtime="20221213 20:10:32.422"/>
</kw>
<kw name="Assert OQE True" library="DataExtraction">
<var>${r3}</var>
<arg>${TEST NAME}</arg>
<arg>Operands Match</arg>
<arg>'${r1}'=='PASS' and '${r2}'=='PASS'</arg>
<msg timestamp="20221213 20:10:32.423" level="TRACE">Arguments: [ ${CASE NAME}='Calc 8/2=4' | ${STEP NAME}='Operands Match' | ${case}="'PASS'=='PASS' and 'FAIL'=='PASS'" ]</msg>
<kw name="Result True" library="oqe">
<var>${TEST_STATUS}</var>
<arg>${case}</arg>
<arg>passCase=True</arg>
<msg timestamp="20221213 20:10:32.423" level="TRACE">Arguments: [ "'PASS'=='PASS' and 'FAIL'=='PASS'" | passCase=True ]</msg>
<msg timestamp="20221213 20:10:32.424" level="TRACE">Return: 'PASS'</msg>
<msg timestamp="20221213 20:10:32.424" level="INFO">${TEST_STATUS} = PASS</msg>
<status status="PASS" starttime="20221213 20:10:32.423" endtime="20221213 20:10:32.424"/>
</kw>
<kw name="Write Results" library="oqe">
<arg>${CASE NAME}_${STEP NAME}</arg>
<arg>Result True</arg>
<arg>${TEST_STATUS}</arg>
<arg>~~~~</arg>
<msg timestamp="20221213 20:10:32.424" level="TRACE">Arguments: [ 'Calc 8/2=4_Operands Match' | 'Result True' | 'PASS' | '~~~~' ]</msg>
<msg timestamp="20221213 20:10:32.425" level="TRACE">Return: None</msg>
<status status="PASS" starttime="20221213 20:10:32.424" endtime="20221213 20:10:32.425"/>
</kw>
<msg timestamp="20221213 20:10:32.425" level="TRACE">Return: 'PASS'</msg>
<msg timestamp="20221213 20:10:32.425" level="INFO">${r3} = PASS</msg>
<status status="PASS" starttime="20221213 20:10:32.422" endtime="20221213 20:10:32.425"/>
</kw>
<kw name="Record Test Case" library="DataExtraction">
<arg>--</arg>
<arg>Answers Match</arg>
<arg>${r3}</arg>
<arg>--</arg>
<msg timestamp="20221213 20:10:32.426" level="TRACE">Arguments: [ ${CASE NAME}='--' | ${STEP NAME}='Answers Match' | ${STATUS}='PASS' | ${MESSAGE}='--' ]</msg>
<kw name="Write Results" library="oqe">
<arg>${CASE NAME}</arg>
<arg>${STEP NAME}</arg>
<arg>${STATUS}</arg>
<arg>${MESSAGE}</arg>
<msg timestamp="20221213 20:10:32.427" level="TRACE">Arguments: [ '--' | 'Answers Match' | 'PASS' | '--' ]</msg>
<msg timestamp="20221213 20:10:32.427" level="TRACE">Return: None</msg>
<status status="PASS" starttime="20221213 20:10:32.426" endtime="20221213 20:10:32.428"/>
</kw>
<msg timestamp="20221213 20:10:32.428" level="TRACE">Return: None</msg>
<status status="PASS" starttime="20221213 20:10:32.426" endtime="20221213 20:10:32.428"/>
</kw>
<kw name="Run Keyword If" library="BuiltIn">
<arg>'${r3}'=='PASS'</arg>
<arg>Record Action</arg>
<arg>${TEST NAME}</arg>
<arg>Successful Input</arg>
<arg>ELSE</arg>
<arg>Fail</arg>
<arg>Input failed</arg>
<doc>Runs the given keyword with the given arguments, if ``condition`` is true.</doc>
<msg timestamp="20221213 20:10:32.428" level="TRACE">Arguments: [ "'PASS'=='PASS'" | 'Record Action' | '${TEST NAME}' | 'Successful Input' | 'ELSE' | 'Fail' | 'Input failed' ]</msg>
<kw name="Record Action" library="DataExtraction">
<arg>${TEST NAME}</arg>
<arg>Successful Input</arg>
<msg timestamp="20221213 20:10:32.429" level="TRACE">Arguments: [ ${CASE NAME}='Calc 8/2=4' | ${ACT DESCRIPTION}='Successful Input' ]</msg>
<kw name="Write Data" library="oqe">
<arg>${CASE NAME}</arg>
<arg>${ACT DESCRIPTION}</arg>
<arg>Action</arg>
<arg>--</arg>
<msg timestamp="20221213 20:10:32.430" level="TRACE">Arguments: [ 'Calc 8/2=4' | 'Successful Input' | 'Action' | '--' ]</msg>
<msg timestamp="20221213 20:10:32.430" level="TRACE">Return: None</msg>
<status status="PASS" starttime="20221213 20:10:32.429" endtime="20221213 20:10:32.431"/>
</kw>
<msg timestamp="20221213 20:10:32.431" level="TRACE">Return: None</msg>
<status status="PASS" starttime="20221213 20:10:32.429" endtime="20221213 20:10:32.431"/>
</kw>
<msg timestamp="20221213 20:10:32.431" level="TRACE">Return: None</msg>
<status status="PASS" starttime="20221213 20:10:32.428" endtime="20221213 20:10:32.431"/>
</kw>
<msg timestamp="20221213 20:10:32.431" level="TRACE">Return: '4'</msg>
<msg timestamp="20221213 20:10:32.431" level="INFO">${answer} = 4</msg>
<status status="PASS" starttime="20221213 20:10:27.923" endtime="20221213 20:10:32.431"/>
</kw>
<kw name="Assert OQE Values Equal" library="DataExtraction">
<var>${r}</var>
<arg>${TEST NAME}</arg>
<arg>Answer</arg>
<arg>${answer}</arg>
<arg>${output}</arg>
<msg timestamp="20221213 20:10:32.432" level="TRACE">Arguments: [ ${CASE NAME}='Calc 8/2=4' | ${STEP NAME}='Answer' | ${actual}='4' | ${expected}='4' ]</msg>
<kw name="Compare Results" library="oqe">
<var>${TEST_STATUS}</var>
<arg>${actual}</arg>
<arg>${expected}</arg>
<msg timestamp="20221213 20:10:32.433" level="TRACE">Arguments: [ '4' | '4' ]</msg>
<msg timestamp="20221213 20:10:32.433" level="TRACE">Return: 'PASS'</msg>
<msg timestamp="20221213 20:10:32.433" level="INFO">${TEST_STATUS} = PASS</msg>
<status status="PASS" starttime="20221213 20:10:32.432" endtime="20221213 20:10:32.433"/>
</kw>
<kw name="Write Results" library="oqe">
<arg>${CASE NAME}_${STEP NAME}</arg>
<arg>Values Equal</arg>
<arg>${TEST_STATUS}</arg>
<arg>Actual: ${actual}, Expected: ${expected}</arg>
<msg timestamp="20221213 20:10:32.434" level="TRACE">Arguments: [ 'Calc 8/2=4_Answer' | 'Values Equal' | 'PASS' | 'Actual: 4, Expected: 4' ]</msg>
<msg timestamp="20221213 20:10:32.434" level="TRACE">Return: None</msg>
<status status="PASS" starttime="20221213 20:10:32.433" endtime="20221213 20:10:32.434"/>
</kw>
<msg timestamp="20221213 20:10:32.435" level="TRACE">Return: 'PASS'</msg>
<msg timestamp="20221213 20:10:32.435" level="INFO">${r} = PASS</msg>
<status status="PASS" starttime="20221213 20:10:32.431" endtime="20221213 20:10:32.435"/>
</kw>
<kw name="Run Keyword If" library="BuiltIn">
<arg>'${r}'=='PASS'</arg>
<arg>Record Action</arg>
<arg>${TEST NAME}</arg>
<arg>Successful Output</arg>
<arg>ELSE</arg>
<arg>Fail</arg>
<arg>Output mismatch</arg>
<doc>Runs the given keyword with the given arguments, if ``condition`` is true.</doc>
<msg timestamp="20221213 20:10:32.435" level="TRACE">Arguments: [ "'PASS'=='PASS'" | 'Record Action' | '${TEST NAME}' | 'Successful Output' | 'ELSE' | 'Fail' | 'Output mismatch' ]</msg>
<kw name="Record Action" library="DataExtraction">
<arg>${TEST NAME}</arg>
<arg>Successful Output</arg>
<msg timestamp="20221213 20:10:32.436" level="TRACE">Arguments: [ ${CASE NAME}='Calc 8/2=4' | ${ACT DESCRIPTION}='Successful Output' ]</msg>
<kw name="Write Data" library="oqe">
<arg>${CASE NAME}</arg>
<arg>${ACT DESCRIPTION}</arg>
<arg>Action</arg>
<arg>--</arg>
<msg timestamp="20221213 20:10:32.437" level="TRACE">Arguments: [ 'Calc 8/2=4' | 'Successful Output' | 'Action' | '--' ]</msg>
<msg timestamp="20221213 20:10:32.437" level="TRACE">Return: None</msg>
<status status="PASS" starttime="20221213 20:10:32.436" endtime="20221213 20:10:32.437"/>
</kw>
<msg timestamp="20221213 20:10:32.437" level="TRACE">Return: None</msg>
<status status="PASS" starttime="20221213 20:10:32.436" endtime="20221213 20:10:32.438"/>
</kw>
<msg timestamp="20221213 20:10:32.438" level="TRACE">Return: None</msg>
<status status="PASS" starttime="20221213 20:10:32.435" endtime="20221213 20:10:32.438"/>
</kw>
<msg timestamp="20221213 20:10:32.438" level="TRACE">Return: None</msg>
<status status="PASS" starttime="20221213 20:10:27.921" endtime="20221213 20:10:32.438"/>
</kw>
<kw name="Test End" type="TEARDOWN">
<msg timestamp="20221213 20:10:32.439" level="TRACE">Arguments: [  ]</msg>
<kw name="Click" library="calc">
<arg>clear</arg>
<msg timestamp="20221213 20:10:32.440" level="TRACE">Arguments: [ 'clear' ]</msg>
<msg timestamp="20221213 20:10:32.440" level="DEBUG">Command to send: c
t
createRegion
i1033
i305
i95
i53
e
</msg>
<msg timestamp="20221213 20:10:32.444" level="DEBUG">Answer received: !yro1013</msg>
<msg timestamp="20221213 20:10:32.445" level="DEBUG">Command to send: c
o1013
click
e
</msg>
<msg timestamp="20221213 20:10:33.000" level="DEBUG">Answer received: !yi1</msg>
<msg timestamp="20221213 20:10:33.000" level="TRACE">Return: None</msg>
<status status="PASS" starttime="20221213 20:10:32.439" endtime="20221213 20:10:33.001"/>
</kw>
<kw name="Click" library="calc">
<arg>clear</arg>
<msg timestamp="20221213 20:10:33.001" level="TRACE">Arguments: [ 'clear' ]</msg>
<msg timestamp="20221213 20:10:33.001" level="DEBUG">Command to send: c
t
createRegion
i1033
i305
i95
i53
e
</msg>
<msg timestamp="20221213 20:10:33.002" level="DEBUG">Answer received: !yro1014</msg>
<msg timestamp="20221213 20:10:33.002" level="DEBUG">Command to send: c
o1014
click
e
</msg>
<msg timestamp="20221213 20:10:33.062" level="DEBUG">Answer received: !yi1</msg>
<msg timestamp="20221213 20:10:33.062" level="TRACE">Return: None</msg>
<status status="PASS" starttime="20221213 20:10:33.001" endtime="20221213 20:10:33.062"/>
</kw>
<kw name="Read" library="calc">
<var>${n}</var>
<arg>Output</arg>
<msg timestamp="20221213 20:10:33.063" level="TRACE">Arguments: [ 'Output' ]</msg>
<msg timestamp="20221213 20:10:33.063" level="DEBUG">Command to send: c
t
createRegion
i846
i207
i376
i53
e
</msg>
<msg timestamp="20221213 20:10:33.065" level="DEBUG">Answer received: !yro1015</msg>
<msg timestamp="20221213 20:10:33.065" level="DEBUG">Command to send: c
t
getScreen
e
</msg>
<msg timestamp="20221213 20:10:33.377" level="DEBUG">Answer received: !yro1016</msg>
<msg timestamp="20221213 20:10:33.377" level="DEBUG">Command to send: c
o1016
capture
ro1015
e
</msg>
<msg timestamp="20221213 20:10:33.382" level="DEBUG">Answer received: !yro1017</msg>
<msg timestamp="20221213 20:10:33.382" level="DEBUG">Command to send: c
o1017
getFilename
e
</msg>
<msg timestamp="20221213 20:10:33.481" level="DEBUG">Answer received: !ysC:\\Users\\Benny\\AppData\\Local\\Temp\\Sikulix_825116989\\sikuliximage-1670980233403.png</msg>
<msg timestamp="20221213 20:10:33.810" level="TRACE">Return: '0'</msg>
<msg timestamp="20221213 20:10:33.810" level="INFO">${n} = 0</msg>
<status status="PASS" starttime="20221213 20:10:33.063" endtime="20221213 20:10:33.810"/>
</kw>
<kw name="Assert OQE Values Equal" library="DataExtraction">
<var>${r}</var>
<arg>${TEST NAME}</arg>
<arg>Verify Clear</arg>
<arg>${n}</arg>
<arg>0</arg>
<msg timestamp="20221213 20:10:33.811" level="TRACE">Arguments: [ ${CASE NAME}='Calc 8/2=4' | ${STEP NAME}='Verify Clear' | ${actual}='0' | ${expected}='0' ]</msg>
<kw name="Compare Results" library="oqe">
<var>${TEST_STATUS}</var>
<arg>${actual}</arg>
<arg>${expected}</arg>
<msg timestamp="20221213 20:10:33.812" level="TRACE">Arguments: [ '0' | '0' ]</msg>
<msg timestamp="20221213 20:10:33.812" level="TRACE">Return: 'PASS'</msg>
<msg timestamp="20221213 20:10:33.812" level="INFO">${TEST_STATUS} = PASS</msg>
<status status="PASS" starttime="20221213 20:10:33.812" endtime="20221213 20:10:33.812"/>
</kw>
<kw name="Write Results" library="oqe">
<arg>${CASE NAME}_${STEP NAME}</arg>
<arg>Values Equal</arg>
<arg>${TEST_STATUS}</arg>
<arg>Actual: ${actual}, Expected: ${expected}</arg>
<msg timestamp="20221213 20:10:33.813" level="TRACE">Arguments: [ 'Calc 8/2=4_Verify Clear' | 'Values Equal' | 'PASS' | 'Actual: 0, Expected: 0' ]</msg>
<msg timestamp="20221213 20:10:33.824" level="TRACE">Return: None</msg>
<status status="PASS" starttime="20221213 20:10:33.812" endtime="20221213 20:10:33.824"/>
</kw>
<msg timestamp="20221213 20:10:33.824" level="TRACE">Return: 'PASS'</msg>
<msg timestamp="20221213 20:10:33.825" level="INFO">${r} = PASS</msg>
<status status="PASS" starttime="20221213 20:10:33.811" endtime="20221213 20:10:33.825"/>
</kw>
<msg timestamp="20221213 20:10:33.825" level="TRACE">Return: None</msg>
<status status="PASS" starttime="20221213 20:10:32.439" endtime="20221213 20:10:33.825"/>
</kw>
<status status="PASS" starttime="20221213 20:10:27.899" endtime="20221213 20:10:33.826"/>
</test>
<kw name="Suite End" type="TEARDOWN">
<msg timestamp="20221213 20:10:33.828" level="TRACE">Arguments: [  ]</msg>
<kw name="Click" library="calc">
<arg>close_button</arg>
<msg timestamp="20221213 20:10:33.828" level="TRACE">Arguments: [ 'close_button' ]</msg>
<msg timestamp="20221213 20:10:33.829" level="DEBUG">Command to send: c
t
createRegion
i1185
i101
i35
i26
e
</msg>
<msg timestamp="20221213 20:10:33.831" level="DEBUG">Answer received: !yro1018</msg>
<msg timestamp="20221213 20:10:33.831" level="DEBUG">Command to send: c
o1018
click
e
</msg>
<msg timestamp="20221213 20:10:34.568" level="DEBUG">Answer received: !yi1</msg>
<msg timestamp="20221213 20:10:34.568" level="TRACE">Return: None</msg>
<status status="PASS" starttime="20221213 20:10:33.828" endtime="20221213 20:10:34.569"/>
</kw>
<kw name="Log" library="BuiltIn">
<arg>All done</arg>
<doc>Logs the given message with the given level.</doc>
<msg timestamp="20221213 20:10:34.569" level="TRACE">Arguments: [ 'All done' ]</msg>
<msg timestamp="20221213 20:10:34.569" level="INFO">All done</msg>
<msg timestamp="20221213 20:10:34.569" level="TRACE">Return: None</msg>
<status status="PASS" starttime="20221213 20:10:34.569" endtime="20221213 20:10:34.569"/>
</kw>
<msg timestamp="20221213 20:10:34.570" level="TRACE">Return: None</msg>
<status status="PASS" starttime="20221213 20:10:33.828" endtime="20221213 20:10:34.570"/>
</kw>
<status status="PASS" starttime="20221213 20:10:00.267" endtime="20221213 20:10:34.570"/>
</suite>
<statistics>
<total>
<stat pass="4" fail="0" skip="0">All Tests</stat>
</total>
<tag>
</tag>
<suite>
<stat pass="4" fail="0" skip="0" id="s1" name="Calculator">Calculator</stat>
</suite>
</statistics>
<errors>
</errors>
</robot>
