<?xml version="1.0" encoding="UTF-8"?>
<robot generator="Robot 5.0.1 (Python 3.10.8 on win32)" generated="20230223 23:26:15.088" rpa="false" schemaversion="3">
<suite id="s1" name="Main2" source="C:\Users\Benny\Documents\github\DahlgrenTest\RFTest\examples\arith\main2.robot">
<kw name="Start Up" type="SETUP">
<kw name="Configure Image Library" library="DataExtraction">
<arg>Sikuli</arg>
<arg>${DATA PATH}</arg>
<doc>Part of *Test Setup*.
Determines the _type_ of test as either Sikuli or Selenium. Other options may follow
The function also sets the datapath for all images and test data files.
Only in the case of a Selenium test, the browser and URL are also identified.
*NOTE* You must call _Configure Image Libaray_ before any of a number of functions
Using the data path and image library. Best to do so during test setup.</doc>
<kw name="Run Keyword If" library="BuiltIn">
<arg>'${type}'=='Sikuli'</arg>
<arg>Set Suite Variable</arg>
<arg>${imageLib}</arg>
<arg>sikuliLib</arg>
<arg>ELSE</arg>
<arg>Set Suite Variable</arg>
<arg>${imageLib}</arg>
<arg>seleniumLib</arg>
<doc>Runs the given keyword with the given arguments, if ``condition`` is true.</doc>
<kw name="Set Suite Variable" library="BuiltIn">
<arg>${imageLib}</arg>
<arg>sikuliLib</arg>
<doc>Makes a variable available everywhere within the scope of the current suite.</doc>
<msg timestamp="20230223 23:26:16.290" level="INFO">${imageLib} = sikuliLib</msg>
<status status="PASS" starttime="20230223 23:26:16.289" endtime="20230223 23:26:16.290"/>
</kw>
<status status="PASS" starttime="20230223 23:26:16.288" endtime="20230223 23:26:16.290"/>
</kw>
<kw name="Run Keyword If" library="BuiltIn">
<arg>'${type}'=='Selenium'</arg>
<arg>${imageLib}.Configure Selenium</arg>
<arg>${browser}</arg>
<arg>${url}</arg>
<doc>Runs the given keyword with the given arguments, if ``condition`` is true.</doc>
<status status="PASS" starttime="20230223 23:26:16.290" endtime="20230223 23:26:16.290"/>
</kw>
<kw name="Run Keyword" library="BuiltIn">
<arg>${imageLib}.Configure Image Path</arg>
<arg>${datapath}</arg>
<doc>Executes the given keyword with the given arguments.</doc>
<kw name="Configure Image Path" library="sikuliLib">
<arg>${datapath}</arg>
<doc>Part of *Test Configuration*</doc>
<status status="PASS" starttime="20230223 23:26:16.291" endtime="20230223 23:26:16.294"/>
</kw>
<status status="PASS" starttime="20230223 23:26:16.291" endtime="20230223 23:26:16.294"/>
</kw>
<kw name="Log" library="BuiltIn">
<arg>Data Path configured</arg>
<doc>Logs the given message with the given level.</doc>
<msg timestamp="20230223 23:26:16.295" level="INFO">Data Path configured</msg>
<status status="PASS" starttime="20230223 23:26:16.294" endtime="20230223 23:26:16.295"/>
</kw>
<kw name="Configure Data Path" library="oqe">
<arg>${datapath}</arg>
<doc>Part of *Test Setup*.</doc>
<status status="PASS" starttime="20230223 23:26:16.295" endtime="20230223 23:26:16.295"/>
</kw>
<status status="PASS" starttime="20230223 23:26:16.288" endtime="20230223 23:26:16.296"/>
</kw>
<kw name="Archive Any Previous Data" library="oqe">
<doc>Part of *Test Setup*</doc>
<status status="PASS" starttime="20230223 23:26:16.296" endtime="20230223 23:26:16.362"/>
</kw>
<kw name="Start Arithmetic Calculator" library="arith">
<arg>${DATA PATH}</arg>
<kw name="Start Process" library="Process">
<arg>calc</arg>
<doc>Starts a new process on background.</doc>
<msg timestamp="20230223 23:26:16.363" level="INFO">Starting process:
calc</msg>
<status status="PASS" starttime="20230223 23:26:16.363" endtime="20230223 23:26:16.372"/>
</kw>
<kw name="Configure" library="main">
<arg>Sikuli</arg>
<arg>C:/Users/Benny/Documents/github/DahlgrenTest/RFGUIHelper/configs/arith/</arg>
<arg>${DATA PATH}</arg>
<doc>Sets up the details of the generic window for a specific test</doc>
<status status="PASS" starttime="20230223 23:26:16.373" endtime="20230223 23:26:16.401"/>
</kw>
<kw name="Wait Until Keyword Succeeds" library="BuiltIn">
<arg>2x</arg>
<arg>3s</arg>
<arg>main.Find</arg>
<doc>Runs the specified keyword and retries if it fails.</doc>
<kw name="Find" library="main">
<doc>Called to locate any anchor for the window and revise relative locations to 
widgets.</doc>
<msg timestamp="20230223 23:26:16.935" level="FAIL">Py4JJavaError: An error occurred while calling o795.find.
: FindFailed: C:/Users/Benny/Documents/github/DahlgrenTest/RFGUIHelper/configs/arith//iconImage.png: (113x25) seen at (16, 101) with 1.00 in R[0,0 1366x768]@S(0)
  Line 2291, in file Region.java

	at org.sikuli.script.Region.find(Region.java:2291)
	at sun.reflect.GeneratedMethodAccessor9.invoke(Unknown Source)
	at sun.reflect.DelegatingMethodAccessorImpl.invoke(Unknown Source)
	at java.lang.reflect.Method.invoke(Unknown Source)
	at py4j.reflection.MethodInvoker.invoke(MethodInvoker.java:244)
	at py4j.reflection.ReflectionEngine.invoke(ReflectionEngine.java:357)
	at py4j.Gateway.invoke(Gateway.java:282)
	at py4j.commands.AbstractCommand.invokeMethod(AbstractCommand.java:132)
	at py4j.commands.CallCommand.execute(CallCommand.java:79)
	at py4j.GatewayConnection.run(GatewayConnection.java:238)
	at java.lang.Thread.run(Unknown Source)
</msg>
<status status="FAIL" starttime="20230223 23:26:16.402" endtime="20230223 23:26:16.939"/>
</kw>
<kw name="Find" library="main">
<doc>Called to locate any anchor for the window and revise relative locations to 
widgets.</doc>
<status status="PASS" starttime="20230223 23:26:19.945" endtime="20230223 23:26:20.429"/>
</kw>
<status status="PASS" starttime="20230223 23:26:16.401" endtime="20230223 23:26:20.429"/>
</kw>
<status status="PASS" starttime="20230223 23:26:16.362" endtime="20230223 23:26:20.429"/>
</kw>
<status status="PASS" starttime="20230223 23:26:16.287" endtime="20230223 23:26:20.429"/>
</kw>
<test id="s1-t1" name="1+5 = 6" line="12">
<kw name="Operation">
<arg>1</arg>
<arg>5</arg>
<arg>add</arg>
<arg>6</arg>
<kw name="New Test Event" library="DataExtraction">
<arg>${TEST NAME}</arg>
<doc>Part of *Test Setup*.
New Test Event corresponds with output functions that create a new
data structure in the test data and a new line in the report.</doc>
<kw name="Create Test Case" library="oqe">
<var>${FULL TEST}</var>
<arg>${CASE NAME}</arg>
<doc>Part of *Test Setup*</doc>
<msg timestamp="20230223 23:26:20.433" level="INFO">${FULL TEST} = 1+5 = 6 2023-02-23 23:26:20.433327</msg>
<status status="PASS" starttime="20230223 23:26:20.432" endtime="20230223 23:26:20.433"/>
</kw>
<status status="PASS" starttime="20230223 23:26:20.431" endtime="20230223 23:26:20.433"/>
</kw>
<kw name="Evaluate" library="BuiltIn">
<var>${msg}</var>
<arg>'Failed to clear data'</arg>
<doc>Evaluates the given expression in Python and returns the result.</doc>
<msg timestamp="20230223 23:26:20.434" level="INFO">${msg} = Failed to clear data</msg>
<status status="PASS" starttime="20230223 23:26:20.434" endtime="20230223 23:26:20.434"/>
</kw>
<kw name="FAIL Token" library="oqe">
<var>${status}</var>
<doc>Part of *Comparisons*</doc>
<msg timestamp="20230223 23:26:20.434" level="INFO">${status} = FAIL</msg>
<status status="PASS" starttime="20230223 23:26:20.434" endtime="20230223 23:26:20.434"/>
</kw>
<kw name="Clear Data" library="arith">
<kw name="Record Action" library="DataExtraction">
<arg>${TEST NAME}</arg>
<arg>Clearing previous data</arg>
<doc>Part of *Recording Data*</doc>
<kw name="Write Data" library="oqe">
<arg>${CASE NAME}</arg>
<arg>${ACT DESCRIPTION}</arg>
<arg>Action</arg>
<arg>--</arg>
<doc>Part of *Output Functions*</doc>
<status status="PASS" starttime="20230223 23:26:20.436" endtime="20230223 23:26:20.437"/>
</kw>
<status status="PASS" starttime="20230223 23:26:20.435" endtime="20230223 23:26:20.437"/>
</kw>
<kw name="Find" library="main">
<doc>Called to locate any anchor for the window and revise relative locations to 
widgets.</doc>
<status status="PASS" starttime="20230223 23:26:20.437" endtime="20230223 23:26:20.926"/>
</kw>
<kw name="Click" library="main">
<arg>clear</arg>
<doc>Clicks on the intended widget</doc>
<status status="PASS" starttime="20230223 23:26:20.926" endtime="20230223 23:26:21.652"/>
</kw>
<kw name="Capture Image" library="main">
<var>${file}</var>
<arg>output</arg>
<doc>Takes a picture of the intended widget and returns the image file</doc>
<msg timestamp="20230223 23:26:21.714" level="INFO">${file} = C:/Users/Benny/Documents/RFData/IMG/imageAEJ.PNG</msg>
<status status="PASS" starttime="20230223 23:26:21.652" endtime="20230223 23:26:21.714"/>
</kw>
<kw name="Record Screen Image" library="DataExtraction">
<arg>${file}</arg>
<arg>${TEST NAME}</arg>
<arg>Clearing data</arg>
<doc>Part of *Recording Data*</doc>
<kw name="Write Image" library="oqe">
<arg>${CASE NAME}</arg>
<arg>${STEP NAME}</arg>
<arg>Screenshot</arg>
<arg>${FILE}</arg>
<doc>Part of *Output Functions*</doc>
<status status="PASS" starttime="20230223 23:26:21.715" endtime="20230223 23:26:21.717"/>
</kw>
<status status="PASS" starttime="20230223 23:26:21.714" endtime="20230223 23:26:21.717"/>
</kw>
<kw name="Read" library="main">
<var>${a}</var>
<arg>output</arg>
<doc>Read and return text from the intended widget</doc>
<msg timestamp="20230223 23:26:22.107" level="INFO">${a} = 0</msg>
<status status="PASS" starttime="20230223 23:26:21.717" endtime="20230223 23:26:22.107"/>
</kw>
<kw name="Assert OQE Values Equal" library="DataExtraction">
<var>${result}</var>
<arg>${TEST NAME}</arg>
<arg>Value zero</arg>
<arg>${a}</arg>
<arg>0</arg>
<doc>Part of *Comparisons*</doc>
<kw name="Compare Results" library="oqe">
<var>${TEST_STATUS}</var>
<arg>${actual}</arg>
<arg>${expected}</arg>
<doc>Part of *Comparisons*</doc>
<msg timestamp="20230223 23:26:22.109" level="INFO">${TEST_STATUS} = PASS</msg>
<status status="PASS" starttime="20230223 23:26:22.108" endtime="20230223 23:26:22.110"/>
</kw>
<kw name="Write Results" library="oqe">
<arg>${CASE NAME}_${STEP NAME}</arg>
<arg>Values Equal</arg>
<arg>${TEST_STATUS}</arg>
<arg>Actual: ${actual}, Expected: ${expected}</arg>
<doc>Part of *Output Functions*</doc>
<status status="PASS" starttime="20230223 23:26:22.110" endtime="20230223 23:26:22.111"/>
</kw>
<msg timestamp="20230223 23:26:22.112" level="INFO">${result} = PASS</msg>
<status status="PASS" starttime="20230223 23:26:22.107" endtime="20230223 23:26:22.112"/>
</kw>
<kw name="Run Keyword If" library="BuiltIn">
<arg>'${result}'=='FAIL'</arg>
<arg>FAIL</arg>
<doc>Runs the given keyword with the given arguments, if ``condition`` is true.</doc>
<status status="PASS" starttime="20230223 23:26:22.112" endtime="20230223 23:26:22.113"/>
</kw>
<kw name="Keyword Final" library="DataExtraction">
<arg>--</arg>
<arg>Clearing previous data</arg>
<arg>${result}</arg>
<arg>--</arg>
<doc>Part of *Recording Data*</doc>
<kw name="Write Results" library="oqe">
<arg>${CASE NAME}</arg>
<arg>${STEP NAME}</arg>
<arg>${STATUS}</arg>
<arg>${MESSAGE}</arg>
<doc>Part of *Output Functions*</doc>
<status status="PASS" starttime="20230223 23:26:22.115" endtime="20230223 23:26:22.117"/>
</kw>
<kw name="Data Break" library="DataExtraction">
<doc>Part of *Report Formatting*</doc>
<kw name="Write Data" library="oqe">
<arg>--</arg>
<arg>--</arg>
<arg>--</arg>
<arg>--</arg>
<doc>Part of *Output Functions*</doc>
<status status="PASS" starttime="20230223 23:26:22.117" endtime="20230223 23:26:22.118"/>
</kw>
<status status="PASS" starttime="20230223 23:26:22.117" endtime="20230223 23:26:22.118"/>
</kw>
<status status="PASS" starttime="20230223 23:26:22.114" endtime="20230223 23:26:22.119"/>
</kw>
<status status="PASS" starttime="20230223 23:26:20.435" endtime="20230223 23:26:22.119"/>
</kw>
<kw name="Evaluate" library="BuiltIn">
<var>${msg}</var>
<arg>'Failed to enter first number ${operand1}'</arg>
<doc>Evaluates the given expression in Python and returns the result.</doc>
<msg timestamp="20230223 23:26:22.119" level="INFO">${msg} = Failed to enter first number 1</msg>
<status status="PASS" starttime="20230223 23:26:22.119" endtime="20230223 23:26:22.119"/>
</kw>
<kw name="Type Number" library="arith">
<arg>${operand1}</arg>
<kw name="Find" library="main">
<doc>Called to locate any anchor for the window and revise relative locations to 
widgets.</doc>
<status status="PASS" starttime="20230223 23:26:22.120" endtime="20230223 23:26:22.612"/>
</kw>
<kw name="Record Action" library="DataExtraction">
<arg>${TEST NAME}</arg>
<arg>Enter number: ${NUM}</arg>
<doc>Part of *Recording Data*</doc>
<kw name="Write Data" library="oqe">
<arg>${CASE NAME}</arg>
<arg>${ACT DESCRIPTION}</arg>
<arg>Action</arg>
<arg>--</arg>
<doc>Part of *Output Functions*</doc>
<status status="PASS" starttime="20230223 23:26:22.614" endtime="20230223 23:26:22.615"/>
</kw>
<status status="PASS" starttime="20230223 23:26:22.612" endtime="20230223 23:26:22.615"/>
</kw>
<kw name="Split String To Characters" library="String">
<var>${digits}</var>
<arg>${NUM}</arg>
<doc>Splits the given ``string`` to characters.</doc>
<msg timestamp="20230223 23:26:22.616" level="INFO">${digits} = ['1']</msg>
<status status="PASS" starttime="20230223 23:26:22.616" endtime="20230223 23:26:22.616"/>
</kw>
<for flavor="IN">
<var>${digit}</var>
<value>@{digits}</value>
<iter>
<var name="${digit}">1</var>
<kw name="Run Keyword If" library="BuiltIn">
<arg>'${digit}'=='-'</arg>
<arg>main.Click</arg>
<arg>flip_sign</arg>
<doc>Runs the given keyword with the given arguments, if ``condition`` is true.</doc>
<status status="PASS" starttime="20230223 23:26:22.617" endtime="20230223 23:26:22.617"/>
</kw>
<kw name="Run Keyword If" library="BuiltIn">
<arg>'${digit}'=='.'</arg>
<arg>main.Click</arg>
<arg>decimal</arg>
<doc>Runs the given keyword with the given arguments, if ``condition`` is true.</doc>
<status status="PASS" starttime="20230223 23:26:22.617" endtime="20230223 23:26:22.618"/>
</kw>
<kw name="Run Keyword If" library="BuiltIn">
<arg>'${digit}' in "0123456789"</arg>
<arg>main.Click</arg>
<arg>${digit}_button</arg>
<doc>Runs the given keyword with the given arguments, if ``condition`` is true.</doc>
<kw name="Click" library="main">
<arg>${digit}_button</arg>
<doc>Clicks on the intended widget</doc>
<status status="PASS" starttime="20230223 23:26:22.618" endtime="20230223 23:26:23.173"/>
</kw>
<status status="PASS" starttime="20230223 23:26:22.618" endtime="20230223 23:26:23.173"/>
</kw>
<status status="PASS" starttime="20230223 23:26:22.616" endtime="20230223 23:26:23.173"/>
</iter>
<status status="PASS" starttime="20230223 23:26:22.616" endtime="20230223 23:26:23.173"/>
</for>
<kw name="Read" library="main">
<var>${a}</var>
<arg>output</arg>
<doc>Read and return text from the intended widget</doc>
<msg timestamp="20230223 23:26:23.465" level="INFO">${a} = 1</msg>
<status status="PASS" starttime="20230223 23:26:23.174" endtime="20230223 23:26:23.465"/>
</kw>
<kw name="Assert OQE Values Equal" library="DataExtraction">
<var>${tmp1}</var>
<arg>${TEST NAME}</arg>
<arg>First operand</arg>
<arg>${a}</arg>
<arg>${NUM}</arg>
<doc>Part of *Comparisons*</doc>
<kw name="Compare Results" library="oqe">
<var>${TEST_STATUS}</var>
<arg>${actual}</arg>
<arg>${expected}</arg>
<doc>Part of *Comparisons*</doc>
<msg timestamp="20230223 23:26:23.467" level="INFO">${TEST_STATUS} = PASS</msg>
<status status="PASS" starttime="20230223 23:26:23.467" endtime="20230223 23:26:23.467"/>
</kw>
<kw name="Write Results" library="oqe">
<arg>${CASE NAME}_${STEP NAME}</arg>
<arg>Values Equal</arg>
<arg>${TEST_STATUS}</arg>
<arg>Actual: ${actual}, Expected: ${expected}</arg>
<doc>Part of *Output Functions*</doc>
<status status="PASS" starttime="20230223 23:26:23.467" endtime="20230223 23:26:23.469"/>
</kw>
<msg timestamp="20230223 23:26:23.469" level="INFO">${tmp1} = PASS</msg>
<status status="PASS" starttime="20230223 23:26:23.465" endtime="20230223 23:26:23.469"/>
</kw>
<kw name="Capture Image" library="main">
<var>${file}</var>
<arg>output</arg>
<doc>Takes a picture of the intended widget and returns the image file</doc>
<msg timestamp="20230223 23:26:23.521" level="INFO">${file} = C:/Users/Benny/Documents/RFData/IMG/imageAEK.PNG</msg>
<status status="PASS" starttime="20230223 23:26:23.469" endtime="20230223 23:26:23.521"/>
</kw>
<kw name="Record Screen Image" library="DataExtraction">
<arg>${file}</arg>
<arg>${TEST NAME}</arg>
<arg>First operand</arg>
<doc>Part of *Recording Data*</doc>
<kw name="Write Image" library="oqe">
<arg>${CASE NAME}</arg>
<arg>${STEP NAME}</arg>
<arg>Screenshot</arg>
<arg>${FILE}</arg>
<doc>Part of *Output Functions*</doc>
<status status="PASS" starttime="20230223 23:26:23.525" endtime="20230223 23:26:23.526"/>
</kw>
<status status="PASS" starttime="20230223 23:26:23.521" endtime="20230223 23:26:23.526"/>
</kw>
<status status="PASS" starttime="20230223 23:26:22.120" endtime="20230223 23:26:23.526"/>
</kw>
<kw name="Evaluate" library="BuiltIn">
<var>${msg}</var>
<arg>'Failed to enter operation ${op}'</arg>
<doc>Evaluates the given expression in Python and returns the result.</doc>
<msg timestamp="20230223 23:26:23.527" level="INFO">${msg} = Failed to enter operation add</msg>
<status status="PASS" starttime="20230223 23:26:23.526" endtime="20230223 23:26:23.527"/>
</kw>
<kw name="Op Button" library="arith">
<arg>${op}</arg>
<kw name="Find" library="main">
<doc>Called to locate any anchor for the window and revise relative locations to 
widgets.</doc>
<status status="PASS" starttime="20230223 23:26:23.528" endtime="20230223 23:26:24.004"/>
</kw>
<kw name="Record Action" library="DataExtraction">
<arg>${TEST NAME}</arg>
<arg>Operation: ${op}</arg>
<doc>Part of *Recording Data*</doc>
<kw name="Write Data" library="oqe">
<arg>${CASE NAME}</arg>
<arg>${ACT DESCRIPTION}</arg>
<arg>Action</arg>
<arg>--</arg>
<doc>Part of *Output Functions*</doc>
<status status="PASS" starttime="20230223 23:26:24.006" endtime="20230223 23:26:24.007"/>
</kw>
<status status="PASS" starttime="20230223 23:26:24.005" endtime="20230223 23:26:24.007"/>
</kw>
<kw name="Click" library="main">
<arg>${op}</arg>
<doc>Clicks on the intended widget</doc>
<status status="PASS" starttime="20230223 23:26:24.007" endtime="20230223 23:26:24.559"/>
</kw>
<status status="PASS" starttime="20230223 23:26:23.527" endtime="20230223 23:26:24.559"/>
</kw>
<kw name="Evaluate" library="BuiltIn">
<var>${msg}</var>
<arg>'Failed to enter second number ${operand2}'</arg>
<doc>Evaluates the given expression in Python and returns the result.</doc>
<msg timestamp="20230223 23:26:24.560" level="INFO">${msg} = Failed to enter second number 5</msg>
<status status="PASS" starttime="20230223 23:26:24.559" endtime="20230223 23:26:24.560"/>
</kw>
<kw name="Type Number" library="arith">
<arg>${operand2}</arg>
<kw name="Find" library="main">
<doc>Called to locate any anchor for the window and revise relative locations to 
widgets.</doc>
<status status="PASS" starttime="20230223 23:26:24.560" endtime="20230223 23:26:25.056"/>
</kw>
<kw name="Record Action" library="DataExtraction">
<arg>${TEST NAME}</arg>
<arg>Enter number: ${NUM}</arg>
<doc>Part of *Recording Data*</doc>
<kw name="Write Data" library="oqe">
<arg>${CASE NAME}</arg>
<arg>${ACT DESCRIPTION}</arg>
<arg>Action</arg>
<arg>--</arg>
<doc>Part of *Output Functions*</doc>
<status status="PASS" starttime="20230223 23:26:25.057" endtime="20230223 23:26:25.058"/>
</kw>
<status status="PASS" starttime="20230223 23:26:25.056" endtime="20230223 23:26:25.058"/>
</kw>
<kw name="Split String To Characters" library="String">
<var>${digits}</var>
<arg>${NUM}</arg>
<doc>Splits the given ``string`` to characters.</doc>
<msg timestamp="20230223 23:26:25.059" level="INFO">${digits} = ['5']</msg>
<status status="PASS" starttime="20230223 23:26:25.058" endtime="20230223 23:26:25.059"/>
</kw>
<for flavor="IN">
<var>${digit}</var>
<value>@{digits}</value>
<iter>
<var name="${digit}">5</var>
<kw name="Run Keyword If" library="BuiltIn">
<arg>'${digit}'=='-'</arg>
<arg>main.Click</arg>
<arg>flip_sign</arg>
<doc>Runs the given keyword with the given arguments, if ``condition`` is true.</doc>
<status status="PASS" starttime="20230223 23:26:25.059" endtime="20230223 23:26:25.060"/>
</kw>
<kw name="Run Keyword If" library="BuiltIn">
<arg>'${digit}'=='.'</arg>
<arg>main.Click</arg>
<arg>decimal</arg>
<doc>Runs the given keyword with the given arguments, if ``condition`` is true.</doc>
<status status="PASS" starttime="20230223 23:26:25.060" endtime="20230223 23:26:25.060"/>
</kw>
<kw name="Run Keyword If" library="BuiltIn">
<arg>'${digit}' in "0123456789"</arg>
<arg>main.Click</arg>
<arg>${digit}_button</arg>
<doc>Runs the given keyword with the given arguments, if ``condition`` is true.</doc>
<kw name="Click" library="main">
<arg>${digit}_button</arg>
<doc>Clicks on the intended widget</doc>
<status status="PASS" starttime="20230223 23:26:25.061" endtime="20230223 23:26:25.611"/>
</kw>
<status status="PASS" starttime="20230223 23:26:25.060" endtime="20230223 23:26:25.611"/>
</kw>
<status status="PASS" starttime="20230223 23:26:25.059" endtime="20230223 23:26:25.611"/>
</iter>
<status status="PASS" starttime="20230223 23:26:25.059" endtime="20230223 23:26:25.611"/>
</for>
<kw name="Read" library="main">
<var>${a}</var>
<arg>output</arg>
<doc>Read and return text from the intended widget</doc>
<msg timestamp="20230223 23:26:25.910" level="INFO">${a} = 5</msg>
<status status="PASS" starttime="20230223 23:26:25.611" endtime="20230223 23:26:25.910"/>
</kw>
<kw name="Assert OQE Values Equal" library="DataExtraction">
<var>${tmp1}</var>
<arg>${TEST NAME}</arg>
<arg>First operand</arg>
<arg>${a}</arg>
<arg>${NUM}</arg>
<doc>Part of *Comparisons*</doc>
<kw name="Compare Results" library="oqe">
<var>${TEST_STATUS}</var>
<arg>${actual}</arg>
<arg>${expected}</arg>
<doc>Part of *Comparisons*</doc>
<msg timestamp="20230223 23:26:25.912" level="INFO">${TEST_STATUS} = PASS</msg>
<status status="PASS" starttime="20230223 23:26:25.912" endtime="20230223 23:26:25.912"/>
</kw>
<kw name="Write Results" library="oqe">
<arg>${CASE NAME}_${STEP NAME}</arg>
<arg>Values Equal</arg>
<arg>${TEST_STATUS}</arg>
<arg>Actual: ${actual}, Expected: ${expected}</arg>
<doc>Part of *Output Functions*</doc>
<status status="PASS" starttime="20230223 23:26:25.912" endtime="20230223 23:26:25.913"/>
</kw>
<msg timestamp="20230223 23:26:25.914" level="INFO">${tmp1} = PASS</msg>
<status status="PASS" starttime="20230223 23:26:25.911" endtime="20230223 23:26:25.914"/>
</kw>
<kw name="Capture Image" library="main">
<var>${file}</var>
<arg>output</arg>
<doc>Takes a picture of the intended widget and returns the image file</doc>
<msg timestamp="20230223 23:26:25.960" level="INFO">${file} = C:/Users/Benny/Documents/RFData/IMG/imageAEL.PNG</msg>
<status status="PASS" starttime="20230223 23:26:25.914" endtime="20230223 23:26:25.960"/>
</kw>
<kw name="Record Screen Image" library="DataExtraction">
<arg>${file}</arg>
<arg>${TEST NAME}</arg>
<arg>First operand</arg>
<doc>Part of *Recording Data*</doc>
<kw name="Write Image" library="oqe">
<arg>${CASE NAME}</arg>
<arg>${STEP NAME}</arg>
<arg>Screenshot</arg>
<arg>${FILE}</arg>
<doc>Part of *Output Functions*</doc>
<status status="PASS" starttime="20230223 23:26:25.961" endtime="20230223 23:26:25.962"/>
</kw>
<status status="PASS" starttime="20230223 23:26:25.960" endtime="20230223 23:26:25.962"/>
</kw>
<status status="PASS" starttime="20230223 23:26:24.560" endtime="20230223 23:26:25.963"/>
</kw>
<kw name="Evaluate" library="BuiltIn">
<var>${msg}</var>
<arg>'Failed to get answer'</arg>
<doc>Evaluates the given expression in Python and returns the result.</doc>
<msg timestamp="20230223 23:26:25.963" level="INFO">${msg} = Failed to get answer</msg>
<status status="PASS" starttime="20230223 23:26:25.963" endtime="20230223 23:26:25.963"/>
</kw>
<kw name="Press Equals" library="arith">
<kw name="Find" library="main">
<doc>Called to locate any anchor for the window and revise relative locations to 
widgets.</doc>
<status status="PASS" starttime="20230223 23:26:25.964" endtime="20230223 23:26:26.434"/>
</kw>
<kw name="Click" library="main">
<arg>equals</arg>
<doc>Clicks on the intended widget</doc>
<status status="PASS" starttime="20230223 23:26:26.434" endtime="20230223 23:26:26.969"/>
</kw>
<kw name="Read" library="main">
<var>${a}</var>
<arg>output</arg>
<doc>Read and return text from the intended widget</doc>
<msg timestamp="20230223 23:26:27.270" level="INFO">${a} = 6</msg>
<status status="PASS" starttime="20230223 23:26:26.969" endtime="20230223 23:26:27.270"/>
</kw>
<kw name="Record Data" library="DataExtraction">
<arg>${TEST NAME}</arg>
<arg>Answer</arg>
<arg>${a}</arg>
<doc>Part of *Recording Data*</doc>
<kw name="Write Data" library="oqe">
<arg>${CASE NAME}</arg>
<arg>${STEP NAME}</arg>
<arg>Data</arg>
<arg>${Data}</arg>
<doc>Part of *Output Functions*</doc>
<status status="PASS" starttime="20230223 23:26:27.271" endtime="20230223 23:26:27.272"/>
</kw>
<status status="PASS" starttime="20230223 23:26:27.270" endtime="20230223 23:26:27.272"/>
</kw>
<kw name="Capture Image" library="main">
<var>${file}</var>
<arg>output</arg>
<doc>Takes a picture of the intended widget and returns the image file</doc>
<msg timestamp="20230223 23:26:27.317" level="INFO">${file} = C:/Users/Benny/Documents/RFData/IMG/imageAEM.PNG</msg>
<status status="PASS" starttime="20230223 23:26:27.272" endtime="20230223 23:26:27.317"/>
</kw>
<kw name="Record Screen Image" library="DataExtraction">
<arg>${file}</arg>
<arg>${TEST NAME}</arg>
<arg>Answer</arg>
<doc>Part of *Recording Data*</doc>
<kw name="Write Image" library="oqe">
<arg>${CASE NAME}</arg>
<arg>${STEP NAME}</arg>
<arg>Screenshot</arg>
<arg>${FILE}</arg>
<doc>Part of *Output Functions*</doc>
<status status="PASS" starttime="20230223 23:26:27.318" endtime="20230223 23:26:27.319"/>
</kw>
<status status="PASS" starttime="20230223 23:26:27.317" endtime="20230223 23:26:27.319"/>
</kw>
<status status="PASS" starttime="20230223 23:26:25.963" endtime="20230223 23:26:27.320"/>
</kw>
<kw name="Evaluate" library="BuiltIn">
<var>${msg}</var>
<arg>'Failed to verify answer ${answer}'</arg>
<doc>Evaluates the given expression in Python and returns the result.</doc>
<msg timestamp="20230223 23:26:27.320" level="INFO">${msg} = Failed to verify answer 6</msg>
<status status="PASS" starttime="20230223 23:26:27.320" endtime="20230223 23:26:27.320"/>
</kw>
<kw name="Read Value" library="arith">
<arg>${answer}</arg>
<kw name="Read" library="main">
<var>${a}</var>
<arg>output</arg>
<doc>Read and return text from the intended widget</doc>
<msg timestamp="20230223 23:26:27.610" level="INFO">${a} = 6</msg>
<status status="PASS" starttime="20230223 23:26:27.321" endtime="20230223 23:26:27.610"/>
</kw>
<kw name="Run Keyword If" library="BuiltIn">
<var>${msg}</var>
<arg>${a}==${answer}</arg>
<arg>Evaluate</arg>
<arg>'Success!'</arg>
<arg>ELSE</arg>
<arg>Evaluate</arg>
<arg>'Calculation was wrong: ${a}'</arg>
<doc>Runs the given keyword with the given arguments, if ``condition`` is true.</doc>
<kw name="Evaluate" library="BuiltIn">
<arg>'Success!'</arg>
<doc>Evaluates the given expression in Python and returns the result.</doc>
<status status="PASS" starttime="20230223 23:26:27.611" endtime="20230223 23:26:27.611"/>
</kw>
<msg timestamp="20230223 23:26:27.611" level="INFO">${msg} = Success!</msg>
<status status="PASS" starttime="20230223 23:26:27.610" endtime="20230223 23:26:27.611"/>
</kw>
<kw name="Run Keyword If" library="BuiltIn">
<arg>${a}!=${answer}</arg>
<arg>Fail</arg>
<doc>Runs the given keyword with the given arguments, if ``condition`` is true.</doc>
<status status="PASS" starttime="20230223 23:26:27.611" endtime="20230223 23:26:27.612"/>
</kw>
<status status="PASS" starttime="20230223 23:26:27.320" endtime="20230223 23:26:27.612"/>
</kw>
<kw name="Evaluate" library="BuiltIn">
<var>${msg}</var>
<arg>'Success'</arg>
<doc>Evaluates the given expression in Python and returns the result.</doc>
<msg timestamp="20230223 23:26:27.612" level="INFO">${msg} = Success</msg>
<status status="PASS" starttime="20230223 23:26:27.612" endtime="20230223 23:26:27.612"/>
</kw>
<kw name="PASS Token" library="oqe">
<var>${status}</var>
<doc>Part of *Comparisons*</doc>
<msg timestamp="20230223 23:26:27.613" level="INFO">${status} = PASS</msg>
<status status="PASS" starttime="20230223 23:26:27.613" endtime="20230223 23:26:27.613"/>
</kw>
<kw name="Keyword Final" library="DataExtraction" type="TEARDOWN">
<arg>${TEST NAME}</arg>
<arg>--</arg>
<arg>${status}</arg>
<arg>${msg}</arg>
<doc>Part of *Recording Data*</doc>
<kw name="Write Results" library="oqe">
<arg>${CASE NAME}</arg>
<arg>${STEP NAME}</arg>
<arg>${STATUS}</arg>
<arg>${MESSAGE}</arg>
<doc>Part of *Output Functions*</doc>
<status status="PASS" starttime="20230223 23:26:27.615" endtime="20230223 23:26:27.616"/>
</kw>
<kw name="Data Break" library="DataExtraction">
<doc>Part of *Report Formatting*</doc>
<kw name="Write Data" library="oqe">
<arg>--</arg>
<arg>--</arg>
<arg>--</arg>
<arg>--</arg>
<doc>Part of *Output Functions*</doc>
<status status="PASS" starttime="20230223 23:26:27.617" endtime="20230223 23:26:27.618"/>
</kw>
<status status="PASS" starttime="20230223 23:26:27.616" endtime="20230223 23:26:27.618"/>
</kw>
<status status="PASS" starttime="20230223 23:26:27.614" endtime="20230223 23:26:27.618"/>
</kw>
<status status="PASS" starttime="20230223 23:26:20.430" endtime="20230223 23:26:27.618"/>
</kw>
<status status="PASS" starttime="20230223 23:26:20.430" endtime="20230223 23:26:27.619"/>
</test>
<test id="s1-t2" name="2x8 = 16" line="13">
<kw name="Operation">
<arg>2</arg>
<arg>8</arg>
<arg>multiply</arg>
<arg>16</arg>
<kw name="New Test Event" library="DataExtraction">
<arg>${TEST NAME}</arg>
<doc>Part of *Test Setup*.
New Test Event corresponds with output functions that create a new
data structure in the test data and a new line in the report.</doc>
<kw name="Create Test Case" library="oqe">
<var>${FULL TEST}</var>
<arg>${CASE NAME}</arg>
<doc>Part of *Test Setup*</doc>
<msg timestamp="20230223 23:26:27.623" level="INFO">${FULL TEST} = 2x8 = 16 2023-02-23 23:26:27.622589</msg>
<status status="PASS" starttime="20230223 23:26:27.622" endtime="20230223 23:26:27.624"/>
</kw>
<status status="PASS" starttime="20230223 23:26:27.622" endtime="20230223 23:26:27.624"/>
</kw>
<kw name="Evaluate" library="BuiltIn">
<var>${msg}</var>
<arg>'Failed to clear data'</arg>
<doc>Evaluates the given expression in Python and returns the result.</doc>
<msg timestamp="20230223 23:26:27.624" level="INFO">${msg} = Failed to clear data</msg>
<status status="PASS" starttime="20230223 23:26:27.624" endtime="20230223 23:26:27.624"/>
</kw>
<kw name="FAIL Token" library="oqe">
<var>${status}</var>
<doc>Part of *Comparisons*</doc>
<msg timestamp="20230223 23:26:27.625" level="INFO">${status} = FAIL</msg>
<status status="PASS" starttime="20230223 23:26:27.625" endtime="20230223 23:26:27.625"/>
</kw>
<kw name="Clear Data" library="arith">
<kw name="Record Action" library="DataExtraction">
<arg>${TEST NAME}</arg>
<arg>Clearing previous data</arg>
<doc>Part of *Recording Data*</doc>
<kw name="Write Data" library="oqe">
<arg>${CASE NAME}</arg>
<arg>${ACT DESCRIPTION}</arg>
<arg>Action</arg>
<arg>--</arg>
<doc>Part of *Output Functions*</doc>
<status status="PASS" starttime="20230223 23:26:27.626" endtime="20230223 23:26:27.627"/>
</kw>
<status status="PASS" starttime="20230223 23:26:27.625" endtime="20230223 23:26:27.627"/>
</kw>
<kw name="Find" library="main">
<doc>Called to locate any anchor for the window and revise relative locations to 
widgets.</doc>
<status status="PASS" starttime="20230223 23:26:27.627" endtime="20230223 23:26:28.138"/>
</kw>
<kw name="Click" library="main">
<arg>clear</arg>
<doc>Clicks on the intended widget</doc>
<status status="PASS" starttime="20230223 23:26:28.138" endtime="20230223 23:26:28.686"/>
</kw>
<kw name="Capture Image" library="main">
<var>${file}</var>
<arg>output</arg>
<doc>Takes a picture of the intended widget and returns the image file</doc>
<msg timestamp="20230223 23:26:28.749" level="INFO">${file} = C:/Users/Benny/Documents/RFData/IMG/imageAEN.PNG</msg>
<status status="PASS" starttime="20230223 23:26:28.686" endtime="20230223 23:26:28.749"/>
</kw>
<kw name="Record Screen Image" library="DataExtraction">
<arg>${file}</arg>
<arg>${TEST NAME}</arg>
<arg>Clearing data</arg>
<doc>Part of *Recording Data*</doc>
<kw name="Write Image" library="oqe">
<arg>${CASE NAME}</arg>
<arg>${STEP NAME}</arg>
<arg>Screenshot</arg>
<arg>${FILE}</arg>
<doc>Part of *Output Functions*</doc>
<status status="PASS" starttime="20230223 23:26:28.750" endtime="20230223 23:26:28.751"/>
</kw>
<status status="PASS" starttime="20230223 23:26:28.749" endtime="20230223 23:26:28.751"/>
</kw>
<kw name="Read" library="main">
<var>${a}</var>
<arg>output</arg>
<doc>Read and return text from the intended widget</doc>
<msg timestamp="20230223 23:26:29.048" level="INFO">${a} = 0</msg>
<status status="PASS" starttime="20230223 23:26:28.751" endtime="20230223 23:26:29.048"/>
</kw>
<kw name="Assert OQE Values Equal" library="DataExtraction">
<var>${result}</var>
<arg>${TEST NAME}</arg>
<arg>Value zero</arg>
<arg>${a}</arg>
<arg>0</arg>
<doc>Part of *Comparisons*</doc>
<kw name="Compare Results" library="oqe">
<var>${TEST_STATUS}</var>
<arg>${actual}</arg>
<arg>${expected}</arg>
<doc>Part of *Comparisons*</doc>
<msg timestamp="20230223 23:26:29.049" level="INFO">${TEST_STATUS} = PASS</msg>
<status status="PASS" starttime="20230223 23:26:29.049" endtime="20230223 23:26:29.049"/>
</kw>
<kw name="Write Results" library="oqe">
<arg>${CASE NAME}_${STEP NAME}</arg>
<arg>Values Equal</arg>
<arg>${TEST_STATUS}</arg>
<arg>Actual: ${actual}, Expected: ${expected}</arg>
<doc>Part of *Output Functions*</doc>
<status status="PASS" starttime="20230223 23:26:29.049" endtime="20230223 23:26:29.051"/>
</kw>
<msg timestamp="20230223 23:26:29.051" level="INFO">${result} = PASS</msg>
<status status="PASS" starttime="20230223 23:26:29.048" endtime="20230223 23:26:29.051"/>
</kw>
<kw name="Run Keyword If" library="BuiltIn">
<arg>'${result}'=='FAIL'</arg>
<arg>FAIL</arg>
<doc>Runs the given keyword with the given arguments, if ``condition`` is true.</doc>
<status status="PASS" starttime="20230223 23:26:29.052" endtime="20230223 23:26:29.052"/>
</kw>
<kw name="Keyword Final" library="DataExtraction">
<arg>--</arg>
<arg>Clearing previous data</arg>
<arg>${result}</arg>
<arg>--</arg>
<doc>Part of *Recording Data*</doc>
<kw name="Write Results" library="oqe">
<arg>${CASE NAME}</arg>
<arg>${STEP NAME}</arg>
<arg>${STATUS}</arg>
<arg>${MESSAGE}</arg>
<doc>Part of *Output Functions*</doc>
<status status="PASS" starttime="20230223 23:26:29.053" endtime="20230223 23:26:29.054"/>
</kw>
<kw name="Data Break" library="DataExtraction">
<doc>Part of *Report Formatting*</doc>
<kw name="Write Data" library="oqe">
<arg>--</arg>
<arg>--</arg>
<arg>--</arg>
<arg>--</arg>
<doc>Part of *Output Functions*</doc>
<status status="PASS" starttime="20230223 23:26:29.055" endtime="20230223 23:26:29.055"/>
</kw>
<status status="PASS" starttime="20230223 23:26:29.054" endtime="20230223 23:26:29.056"/>
</kw>
<status status="PASS" starttime="20230223 23:26:29.052" endtime="20230223 23:26:29.056"/>
</kw>
<status status="PASS" starttime="20230223 23:26:27.625" endtime="20230223 23:26:29.056"/>
</kw>
<kw name="Evaluate" library="BuiltIn">
<var>${msg}</var>
<arg>'Failed to enter first number ${operand1}'</arg>
<doc>Evaluates the given expression in Python and returns the result.</doc>
<msg timestamp="20230223 23:26:29.057" level="INFO">${msg} = Failed to enter first number 2</msg>
<status status="PASS" starttime="20230223 23:26:29.056" endtime="20230223 23:26:29.057"/>
</kw>
<kw name="Type Number" library="arith">
<arg>${operand1}</arg>
<kw name="Find" library="main">
<doc>Called to locate any anchor for the window and revise relative locations to 
widgets.</doc>
<status status="PASS" starttime="20230223 23:26:29.057" endtime="20230223 23:26:29.537"/>
</kw>
<kw name="Record Action" library="DataExtraction">
<arg>${TEST NAME}</arg>
<arg>Enter number: ${NUM}</arg>
<doc>Part of *Recording Data*</doc>
<kw name="Write Data" library="oqe">
<arg>${CASE NAME}</arg>
<arg>${ACT DESCRIPTION}</arg>
<arg>Action</arg>
<arg>--</arg>
<doc>Part of *Output Functions*</doc>
<status status="PASS" starttime="20230223 23:26:29.538" endtime="20230223 23:26:29.540"/>
</kw>
<status status="PASS" starttime="20230223 23:26:29.538" endtime="20230223 23:26:29.540"/>
</kw>
<kw name="Split String To Characters" library="String">
<var>${digits}</var>
<arg>${NUM}</arg>
<doc>Splits the given ``string`` to characters.</doc>
<msg timestamp="20230223 23:26:29.540" level="INFO">${digits} = ['2']</msg>
<status status="PASS" starttime="20230223 23:26:29.540" endtime="20230223 23:26:29.540"/>
</kw>
<for flavor="IN">
<var>${digit}</var>
<value>@{digits}</value>
<iter>
<var name="${digit}">2</var>
<kw name="Run Keyword If" library="BuiltIn">
<arg>'${digit}'=='-'</arg>
<arg>main.Click</arg>
<arg>flip_sign</arg>
<doc>Runs the given keyword with the given arguments, if ``condition`` is true.</doc>
<status status="PASS" starttime="20230223 23:26:29.541" endtime="20230223 23:26:29.541"/>
</kw>
<kw name="Run Keyword If" library="BuiltIn">
<arg>'${digit}'=='.'</arg>
<arg>main.Click</arg>
<arg>decimal</arg>
<doc>Runs the given keyword with the given arguments, if ``condition`` is true.</doc>
<status status="PASS" starttime="20230223 23:26:29.541" endtime="20230223 23:26:29.542"/>
</kw>
<kw name="Run Keyword If" library="BuiltIn">
<arg>'${digit}' in "0123456789"</arg>
<arg>main.Click</arg>
<arg>${digit}_button</arg>
<doc>Runs the given keyword with the given arguments, if ``condition`` is true.</doc>
<kw name="Click" library="main">
<arg>${digit}_button</arg>
<doc>Clicks on the intended widget</doc>
<status status="PASS" starttime="20230223 23:26:29.542" endtime="20230223 23:26:30.086"/>
</kw>
<status status="PASS" starttime="20230223 23:26:29.542" endtime="20230223 23:26:30.086"/>
</kw>
<status status="PASS" starttime="20230223 23:26:29.541" endtime="20230223 23:26:30.086"/>
</iter>
<status status="PASS" starttime="20230223 23:26:29.540" endtime="20230223 23:26:30.086"/>
</for>
<kw name="Read" library="main">
<var>${a}</var>
<arg>output</arg>
<doc>Read and return text from the intended widget</doc>
<msg timestamp="20230223 23:26:30.383" level="INFO">${a} = 2</msg>
<status status="PASS" starttime="20230223 23:26:30.086" endtime="20230223 23:26:30.383"/>
</kw>
<kw name="Assert OQE Values Equal" library="DataExtraction">
<var>${tmp1}</var>
<arg>${TEST NAME}</arg>
<arg>First operand</arg>
<arg>${a}</arg>
<arg>${NUM}</arg>
<doc>Part of *Comparisons*</doc>
<kw name="Compare Results" library="oqe">
<var>${TEST_STATUS}</var>
<arg>${actual}</arg>
<arg>${expected}</arg>
<doc>Part of *Comparisons*</doc>
<msg timestamp="20230223 23:26:30.385" level="INFO">${TEST_STATUS} = PASS</msg>
<status status="PASS" starttime="20230223 23:26:30.384" endtime="20230223 23:26:30.385"/>
</kw>
<kw name="Write Results" library="oqe">
<arg>${CASE NAME}_${STEP NAME}</arg>
<arg>Values Equal</arg>
<arg>${TEST_STATUS}</arg>
<arg>Actual: ${actual}, Expected: ${expected}</arg>
<doc>Part of *Output Functions*</doc>
<status status="PASS" starttime="20230223 23:26:30.385" endtime="20230223 23:26:30.386"/>
</kw>
<msg timestamp="20230223 23:26:30.387" level="INFO">${tmp1} = PASS</msg>
<status status="PASS" starttime="20230223 23:26:30.383" endtime="20230223 23:26:30.387"/>
</kw>
<kw name="Capture Image" library="main">
<var>${file}</var>
<arg>output</arg>
<doc>Takes a picture of the intended widget and returns the image file</doc>
<msg timestamp="20230223 23:26:30.432" level="INFO">${file} = C:/Users/Benny/Documents/RFData/IMG/imageAEO.PNG</msg>
<status status="PASS" starttime="20230223 23:26:30.387" endtime="20230223 23:26:30.432"/>
</kw>
<kw name="Record Screen Image" library="DataExtraction">
<arg>${file}</arg>
<arg>${TEST NAME}</arg>
<arg>First operand</arg>
<doc>Part of *Recording Data*</doc>
<kw name="Write Image" library="oqe">
<arg>${CASE NAME}</arg>
<arg>${STEP NAME}</arg>
<arg>Screenshot</arg>
<arg>${FILE}</arg>
<doc>Part of *Output Functions*</doc>
<status status="PASS" starttime="20230223 23:26:30.434" endtime="20230223 23:26:30.435"/>
</kw>
<status status="PASS" starttime="20230223 23:26:30.433" endtime="20230223 23:26:30.436"/>
</kw>
<status status="PASS" starttime="20230223 23:26:29.057" endtime="20230223 23:26:30.436"/>
</kw>
<kw name="Evaluate" library="BuiltIn">
<var>${msg}</var>
<arg>'Failed to enter operation ${op}'</arg>
<doc>Evaluates the given expression in Python and returns the result.</doc>
<msg timestamp="20230223 23:26:30.436" level="INFO">${msg} = Failed to enter operation multiply</msg>
<status status="PASS" starttime="20230223 23:26:30.436" endtime="20230223 23:26:30.436"/>
</kw>
<kw name="Op Button" library="arith">
<arg>${op}</arg>
<kw name="Find" library="main">
<doc>Called to locate any anchor for the window and revise relative locations to 
widgets.</doc>
<status status="PASS" starttime="20230223 23:26:30.437" endtime="20230223 23:26:30.945"/>
</kw>
<kw name="Record Action" library="DataExtraction">
<arg>${TEST NAME}</arg>
<arg>Operation: ${op}</arg>
<doc>Part of *Recording Data*</doc>
<kw name="Write Data" library="oqe">
<arg>${CASE NAME}</arg>
<arg>${ACT DESCRIPTION}</arg>
<arg>Action</arg>
<arg>--</arg>
<doc>Part of *Output Functions*</doc>
<status status="PASS" starttime="20230223 23:26:30.946" endtime="20230223 23:26:30.947"/>
</kw>
<status status="PASS" starttime="20230223 23:26:30.945" endtime="20230223 23:26:30.947"/>
</kw>
<kw name="Click" library="main">
<arg>${op}</arg>
<doc>Clicks on the intended widget</doc>
<status status="PASS" starttime="20230223 23:26:30.947" endtime="20230223 23:26:31.482"/>
</kw>
<status status="PASS" starttime="20230223 23:26:30.437" endtime="20230223 23:26:31.482"/>
</kw>
<kw name="Evaluate" library="BuiltIn">
<var>${msg}</var>
<arg>'Failed to enter second number ${operand2}'</arg>
<doc>Evaluates the given expression in Python and returns the result.</doc>
<msg timestamp="20230223 23:26:31.483" level="INFO">${msg} = Failed to enter second number 8</msg>
<status status="PASS" starttime="20230223 23:26:31.482" endtime="20230223 23:26:31.483"/>
</kw>
<kw name="Type Number" library="arith">
<arg>${operand2}</arg>
<kw name="Find" library="main">
<doc>Called to locate any anchor for the window and revise relative locations to 
widgets.</doc>
<status status="PASS" starttime="20230223 23:26:31.484" endtime="20230223 23:26:31.965"/>
</kw>
<kw name="Record Action" library="DataExtraction">
<arg>${TEST NAME}</arg>
<arg>Enter number: ${NUM}</arg>
<doc>Part of *Recording Data*</doc>
<kw name="Write Data" library="oqe">
<arg>${CASE NAME}</arg>
<arg>${ACT DESCRIPTION}</arg>
<arg>Action</arg>
<arg>--</arg>
<doc>Part of *Output Functions*</doc>
<status status="PASS" starttime="20230223 23:26:31.966" endtime="20230223 23:26:31.967"/>
</kw>
<status status="PASS" starttime="20230223 23:26:31.965" endtime="20230223 23:26:31.968"/>
</kw>
<kw name="Split String To Characters" library="String">
<var>${digits}</var>
<arg>${NUM}</arg>
<doc>Splits the given ``string`` to characters.</doc>
<msg timestamp="20230223 23:26:31.968" level="INFO">${digits} = ['8']</msg>
<status status="PASS" starttime="20230223 23:26:31.968" endtime="20230223 23:26:31.968"/>
</kw>
<for flavor="IN">
<var>${digit}</var>
<value>@{digits}</value>
<iter>
<var name="${digit}">8</var>
<kw name="Run Keyword If" library="BuiltIn">
<arg>'${digit}'=='-'</arg>
<arg>main.Click</arg>
<arg>flip_sign</arg>
<doc>Runs the given keyword with the given arguments, if ``condition`` is true.</doc>
<status status="PASS" starttime="20230223 23:26:31.969" endtime="20230223 23:26:31.969"/>
</kw>
<kw name="Run Keyword If" library="BuiltIn">
<arg>'${digit}'=='.'</arg>
<arg>main.Click</arg>
<arg>decimal</arg>
<doc>Runs the given keyword with the given arguments, if ``condition`` is true.</doc>
<status status="PASS" starttime="20230223 23:26:31.969" endtime="20230223 23:26:31.970"/>
</kw>
<kw name="Run Keyword If" library="BuiltIn">
<arg>'${digit}' in "0123456789"</arg>
<arg>main.Click</arg>
<arg>${digit}_button</arg>
<doc>Runs the given keyword with the given arguments, if ``condition`` is true.</doc>
<kw name="Click" library="main">
<arg>${digit}_button</arg>
<doc>Clicks on the intended widget</doc>
<status status="PASS" starttime="20230223 23:26:31.970" endtime="20230223 23:26:32.517"/>
</kw>
<status status="PASS" starttime="20230223 23:26:31.970" endtime="20230223 23:26:32.517"/>
</kw>
<status status="PASS" starttime="20230223 23:26:31.968" endtime="20230223 23:26:32.517"/>
</iter>
<status status="PASS" starttime="20230223 23:26:31.968" endtime="20230223 23:26:32.517"/>
</for>
<kw name="Read" library="main">
<var>${a}</var>
<arg>output</arg>
<doc>Read and return text from the intended widget</doc>
<msg timestamp="20230223 23:26:32.812" level="INFO">${a} = 8</msg>
<status status="PASS" starttime="20230223 23:26:32.517" endtime="20230223 23:26:32.812"/>
</kw>
<kw name="Assert OQE Values Equal" library="DataExtraction">
<var>${tmp1}</var>
<arg>${TEST NAME}</arg>
<arg>First operand</arg>
<arg>${a}</arg>
<arg>${NUM}</arg>
<doc>Part of *Comparisons*</doc>
<kw name="Compare Results" library="oqe">
<var>${TEST_STATUS}</var>
<arg>${actual}</arg>
<arg>${expected}</arg>
<doc>Part of *Comparisons*</doc>
<msg timestamp="20230223 23:26:32.814" level="INFO">${TEST_STATUS} = PASS</msg>
<status status="PASS" starttime="20230223 23:26:32.814" endtime="20230223 23:26:32.814"/>
</kw>
<kw name="Write Results" library="oqe">
<arg>${CASE NAME}_${STEP NAME}</arg>
<arg>Values Equal</arg>
<arg>${TEST_STATUS}</arg>
<arg>Actual: ${actual}, Expected: ${expected}</arg>
<doc>Part of *Output Functions*</doc>
<status status="PASS" starttime="20230223 23:26:32.815" endtime="20230223 23:26:32.816"/>
</kw>
<msg timestamp="20230223 23:26:32.817" level="INFO">${tmp1} = PASS</msg>
<status status="PASS" starttime="20230223 23:26:32.812" endtime="20230223 23:26:32.817"/>
</kw>
<kw name="Capture Image" library="main">
<var>${file}</var>
<arg>output</arg>
<doc>Takes a picture of the intended widget and returns the image file</doc>
<msg timestamp="20230223 23:26:32.859" level="INFO">${file} = C:/Users/Benny/Documents/RFData/IMG/imageAEP.PNG</msg>
<status status="PASS" starttime="20230223 23:26:32.817" endtime="20230223 23:26:32.859"/>
</kw>
<kw name="Record Screen Image" library="DataExtraction">
<arg>${file}</arg>
<arg>${TEST NAME}</arg>
<arg>First operand</arg>
<doc>Part of *Recording Data*</doc>
<kw name="Write Image" library="oqe">
<arg>${CASE NAME}</arg>
<arg>${STEP NAME}</arg>
<arg>Screenshot</arg>
<arg>${FILE}</arg>
<doc>Part of *Output Functions*</doc>
<status status="PASS" starttime="20230223 23:26:32.860" endtime="20230223 23:26:32.861"/>
</kw>
<status status="PASS" starttime="20230223 23:26:32.859" endtime="20230223 23:26:32.861"/>
</kw>
<status status="PASS" starttime="20230223 23:26:31.483" endtime="20230223 23:26:32.861"/>
</kw>
<kw name="Evaluate" library="BuiltIn">
<var>${msg}</var>
<arg>'Failed to get answer'</arg>
<doc>Evaluates the given expression in Python and returns the result.</doc>
<msg timestamp="20230223 23:26:32.862" level="INFO">${msg} = Failed to get answer</msg>
<status status="PASS" starttime="20230223 23:26:32.861" endtime="20230223 23:26:32.862"/>
</kw>
<kw name="Press Equals" library="arith">
<kw name="Find" library="main">
<doc>Called to locate any anchor for the window and revise relative locations to 
widgets.</doc>
<status status="PASS" starttime="20230223 23:26:32.862" endtime="20230223 23:26:33.384"/>
</kw>
<kw name="Click" library="main">
<arg>equals</arg>
<doc>Clicks on the intended widget</doc>
<status status="PASS" starttime="20230223 23:26:33.384" endtime="20230223 23:26:33.922"/>
</kw>
<kw name="Read" library="main">
<var>${a}</var>
<arg>output</arg>
<doc>Read and return text from the intended widget</doc>
<msg timestamp="20230223 23:26:34.219" level="INFO">${a} = 16</msg>
<status status="PASS" starttime="20230223 23:26:33.922" endtime="20230223 23:26:34.220"/>
</kw>
<kw name="Record Data" library="DataExtraction">
<arg>${TEST NAME}</arg>
<arg>Answer</arg>
<arg>${a}</arg>
<doc>Part of *Recording Data*</doc>
<kw name="Write Data" library="oqe">
<arg>${CASE NAME}</arg>
<arg>${STEP NAME}</arg>
<arg>Data</arg>
<arg>${Data}</arg>
<doc>Part of *Output Functions*</doc>
<status status="PASS" starttime="20230223 23:26:34.221" endtime="20230223 23:26:34.223"/>
</kw>
<status status="PASS" starttime="20230223 23:26:34.220" endtime="20230223 23:26:34.223"/>
</kw>
<kw name="Capture Image" library="main">
<var>${file}</var>
<arg>output</arg>
<doc>Takes a picture of the intended widget and returns the image file</doc>
<msg timestamp="20230223 23:26:34.257" level="INFO">${file} = C:/Users/Benny/Documents/RFData/IMG/imageAEQ.PNG</msg>
<status status="PASS" starttime="20230223 23:26:34.223" endtime="20230223 23:26:34.257"/>
</kw>
<kw name="Record Screen Image" library="DataExtraction">
<arg>${file}</arg>
<arg>${TEST NAME}</arg>
<arg>Answer</arg>
<doc>Part of *Recording Data*</doc>
<kw name="Write Image" library="oqe">
<arg>${CASE NAME}</arg>
<arg>${STEP NAME}</arg>
<arg>Screenshot</arg>
<arg>${FILE}</arg>
<doc>Part of *Output Functions*</doc>
<status status="PASS" starttime="20230223 23:26:34.258" endtime="20230223 23:26:34.260"/>
</kw>
<status status="PASS" starttime="20230223 23:26:34.257" endtime="20230223 23:26:34.260"/>
</kw>
<status status="PASS" starttime="20230223 23:26:32.862" endtime="20230223 23:26:34.260"/>
</kw>
<kw name="Evaluate" library="BuiltIn">
<var>${msg}</var>
<arg>'Failed to verify answer ${answer}'</arg>
<doc>Evaluates the given expression in Python and returns the result.</doc>
<msg timestamp="20230223 23:26:34.261" level="INFO">${msg} = Failed to verify answer 16</msg>
<status status="PASS" starttime="20230223 23:26:34.260" endtime="20230223 23:26:34.261"/>
</kw>
<kw name="Read Value" library="arith">
<arg>${answer}</arg>
<kw name="Read" library="main">
<var>${a}</var>
<arg>output</arg>
<doc>Read and return text from the intended widget</doc>
<msg timestamp="20230223 23:26:34.557" level="INFO">${a} = 16</msg>
<status status="PASS" starttime="20230223 23:26:34.261" endtime="20230223 23:26:34.557"/>
</kw>
<kw name="Run Keyword If" library="BuiltIn">
<var>${msg}</var>
<arg>${a}==${answer}</arg>
<arg>Evaluate</arg>
<arg>'Success!'</arg>
<arg>ELSE</arg>
<arg>Evaluate</arg>
<arg>'Calculation was wrong: ${a}'</arg>
<doc>Runs the given keyword with the given arguments, if ``condition`` is true.</doc>
<kw name="Evaluate" library="BuiltIn">
<arg>'Success!'</arg>
<doc>Evaluates the given expression in Python and returns the result.</doc>
<status status="PASS" starttime="20230223 23:26:34.558" endtime="20230223 23:26:34.558"/>
</kw>
<msg timestamp="20230223 23:26:34.558" level="INFO">${msg} = Success!</msg>
<status status="PASS" starttime="20230223 23:26:34.557" endtime="20230223 23:26:34.559"/>
</kw>
<kw name="Run Keyword If" library="BuiltIn">
<arg>${a}!=${answer}</arg>
<arg>Fail</arg>
<doc>Runs the given keyword with the given arguments, if ``condition`` is true.</doc>
<status status="PASS" starttime="20230223 23:26:34.559" endtime="20230223 23:26:34.559"/>
</kw>
<status status="PASS" starttime="20230223 23:26:34.261" endtime="20230223 23:26:34.559"/>
</kw>
<kw name="Evaluate" library="BuiltIn">
<var>${msg}</var>
<arg>'Success'</arg>
<doc>Evaluates the given expression in Python and returns the result.</doc>
<msg timestamp="20230223 23:26:34.560" level="INFO">${msg} = Success</msg>
<status status="PASS" starttime="20230223 23:26:34.559" endtime="20230223 23:26:34.560"/>
</kw>
<kw name="PASS Token" library="oqe">
<var>${status}</var>
<doc>Part of *Comparisons*</doc>
<msg timestamp="20230223 23:26:34.560" level="INFO">${status} = PASS</msg>
<status status="PASS" starttime="20230223 23:26:34.560" endtime="20230223 23:26:34.560"/>
</kw>
<kw name="Keyword Final" library="DataExtraction" type="TEARDOWN">
<arg>${TEST NAME}</arg>
<arg>--</arg>
<arg>${status}</arg>
<arg>${msg}</arg>
<doc>Part of *Recording Data*</doc>
<kw name="Write Results" library="oqe">
<arg>${CASE NAME}</arg>
<arg>${STEP NAME}</arg>
<arg>${STATUS}</arg>
<arg>${MESSAGE}</arg>
<doc>Part of *Output Functions*</doc>
<status status="PASS" starttime="20230223 23:26:34.561" endtime="20230223 23:26:34.562"/>
</kw>
<kw name="Data Break" library="DataExtraction">
<doc>Part of *Report Formatting*</doc>
<kw name="Write Data" library="oqe">
<arg>--</arg>
<arg>--</arg>
<arg>--</arg>
<arg>--</arg>
<doc>Part of *Output Functions*</doc>
<status status="PASS" starttime="20230223 23:26:34.563" endtime="20230223 23:26:34.564"/>
</kw>
<status status="PASS" starttime="20230223 23:26:34.563" endtime="20230223 23:26:34.564"/>
</kw>
<status status="PASS" starttime="20230223 23:26:34.560" endtime="20230223 23:26:34.564"/>
</kw>
<status status="PASS" starttime="20230223 23:26:27.621" endtime="20230223 23:26:34.564"/>
</kw>
<status status="PASS" starttime="20230223 23:26:27.620" endtime="20230223 23:26:34.566"/>
</test>
<test id="s1-t3" name="30 / 6 = 5" line="14">
<kw name="Operation">
<arg>30</arg>
<arg>6</arg>
<arg>divide</arg>
<arg>5</arg>
<kw name="New Test Event" library="DataExtraction">
<arg>${TEST NAME}</arg>
<doc>Part of *Test Setup*.
New Test Event corresponds with output functions that create a new
data structure in the test data and a new line in the report.</doc>
<kw name="Create Test Case" library="oqe">
<var>${FULL TEST}</var>
<arg>${CASE NAME}</arg>
<doc>Part of *Test Setup*</doc>
<msg timestamp="20230223 23:26:34.571" level="INFO">${FULL TEST} = 30 / 6 = 5 2023-02-23 23:26:34.569678</msg>
<status status="PASS" starttime="20230223 23:26:34.569" endtime="20230223 23:26:34.571"/>
</kw>
<status status="PASS" starttime="20230223 23:26:34.569" endtime="20230223 23:26:34.571"/>
</kw>
<kw name="Evaluate" library="BuiltIn">
<var>${msg}</var>
<arg>'Failed to clear data'</arg>
<doc>Evaluates the given expression in Python and returns the result.</doc>
<msg timestamp="20230223 23:26:34.572" level="INFO">${msg} = Failed to clear data</msg>
<status status="PASS" starttime="20230223 23:26:34.571" endtime="20230223 23:26:34.572"/>
</kw>
<kw name="FAIL Token" library="oqe">
<var>${status}</var>
<doc>Part of *Comparisons*</doc>
<msg timestamp="20230223 23:26:34.572" level="INFO">${status} = FAIL</msg>
<status status="PASS" starttime="20230223 23:26:34.572" endtime="20230223 23:26:34.572"/>
</kw>
<kw name="Clear Data" library="arith">
<kw name="Record Action" library="DataExtraction">
<arg>${TEST NAME}</arg>
<arg>Clearing previous data</arg>
<doc>Part of *Recording Data*</doc>
<kw name="Write Data" library="oqe">
<arg>${CASE NAME}</arg>
<arg>${ACT DESCRIPTION}</arg>
<arg>Action</arg>
<arg>--</arg>
<doc>Part of *Output Functions*</doc>
<status status="PASS" starttime="20230223 23:26:34.574" endtime="20230223 23:26:34.575"/>
</kw>
<status status="PASS" starttime="20230223 23:26:34.573" endtime="20230223 23:26:34.576"/>
</kw>
<kw name="Find" library="main">
<doc>Called to locate any anchor for the window and revise relative locations to 
widgets.</doc>
<status status="PASS" starttime="20230223 23:26:34.576" endtime="20230223 23:26:35.277"/>
</kw>
<kw name="Click" library="main">
<arg>clear</arg>
<doc>Clicks on the intended widget</doc>
<status status="PASS" starttime="20230223 23:26:35.277" endtime="20230223 23:26:35.837"/>
</kw>
<kw name="Capture Image" library="main">
<var>${file}</var>
<arg>output</arg>
<doc>Takes a picture of the intended widget and returns the image file</doc>
<msg timestamp="20230223 23:26:35.883" level="INFO">${file} = C:/Users/Benny/Documents/RFData/IMG/imageAER.PNG</msg>
<status status="PASS" starttime="20230223 23:26:35.838" endtime="20230223 23:26:35.883"/>
</kw>
<kw name="Record Screen Image" library="DataExtraction">
<arg>${file}</arg>
<arg>${TEST NAME}</arg>
<arg>Clearing data</arg>
<doc>Part of *Recording Data*</doc>
<kw name="Write Image" library="oqe">
<arg>${CASE NAME}</arg>
<arg>${STEP NAME}</arg>
<arg>Screenshot</arg>
<arg>${FILE}</arg>
<doc>Part of *Output Functions*</doc>
<status status="PASS" starttime="20230223 23:26:35.885" endtime="20230223 23:26:35.887"/>
</kw>
<status status="PASS" starttime="20230223 23:26:35.883" endtime="20230223 23:26:35.887"/>
</kw>
<kw name="Read" library="main">
<var>${a}</var>
<arg>output</arg>
<doc>Read and return text from the intended widget</doc>
<msg timestamp="20230223 23:26:36.192" level="INFO">${a} = 0</msg>
<status status="PASS" starttime="20230223 23:26:35.887" endtime="20230223 23:26:36.192"/>
</kw>
<kw name="Assert OQE Values Equal" library="DataExtraction">
<var>${result}</var>
<arg>${TEST NAME}</arg>
<arg>Value zero</arg>
<arg>${a}</arg>
<arg>0</arg>
<doc>Part of *Comparisons*</doc>
<kw name="Compare Results" library="oqe">
<var>${TEST_STATUS}</var>
<arg>${actual}</arg>
<arg>${expected}</arg>
<doc>Part of *Comparisons*</doc>
<msg timestamp="20230223 23:26:36.194" level="INFO">${TEST_STATUS} = PASS</msg>
<status status="PASS" starttime="20230223 23:26:36.193" endtime="20230223 23:26:36.194"/>
</kw>
<kw name="Write Results" library="oqe">
<arg>${CASE NAME}_${STEP NAME}</arg>
<arg>Values Equal</arg>
<arg>${TEST_STATUS}</arg>
<arg>Actual: ${actual}, Expected: ${expected}</arg>
<doc>Part of *Output Functions*</doc>
<status status="PASS" starttime="20230223 23:26:36.194" endtime="20230223 23:26:36.195"/>
</kw>
<msg timestamp="20230223 23:26:36.195" level="INFO">${result} = PASS</msg>
<status status="PASS" starttime="20230223 23:26:36.192" endtime="20230223 23:26:36.195"/>
</kw>
<kw name="Run Keyword If" library="BuiltIn">
<arg>'${result}'=='FAIL'</arg>
<arg>FAIL</arg>
<doc>Runs the given keyword with the given arguments, if ``condition`` is true.</doc>
<status status="PASS" starttime="20230223 23:26:36.196" endtime="20230223 23:26:36.196"/>
</kw>
<kw name="Keyword Final" library="DataExtraction">
<arg>--</arg>
<arg>Clearing previous data</arg>
<arg>${result}</arg>
<arg>--</arg>
<doc>Part of *Recording Data*</doc>
<kw name="Write Results" library="oqe">
<arg>${CASE NAME}</arg>
<arg>${STEP NAME}</arg>
<arg>${STATUS}</arg>
<arg>${MESSAGE}</arg>
<doc>Part of *Output Functions*</doc>
<status status="PASS" starttime="20230223 23:26:36.197" endtime="20230223 23:26:36.198"/>
</kw>
<kw name="Data Break" library="DataExtraction">
<doc>Part of *Report Formatting*</doc>
<kw name="Write Data" library="oqe">
<arg>--</arg>
<arg>--</arg>
<arg>--</arg>
<arg>--</arg>
<doc>Part of *Output Functions*</doc>
<status status="PASS" starttime="20230223 23:26:36.199" endtime="20230223 23:26:36.199"/>
</kw>
<status status="PASS" starttime="20230223 23:26:36.198" endtime="20230223 23:26:36.200"/>
</kw>
<status status="PASS" starttime="20230223 23:26:36.196" endtime="20230223 23:26:36.200"/>
</kw>
<status status="PASS" starttime="20230223 23:26:34.572" endtime="20230223 23:26:36.200"/>
</kw>
<kw name="Evaluate" library="BuiltIn">
<var>${msg}</var>
<arg>'Failed to enter first number ${operand1}'</arg>
<doc>Evaluates the given expression in Python and returns the result.</doc>
<msg timestamp="20230223 23:26:36.201" level="INFO">${msg} = Failed to enter first number 30</msg>
<status status="PASS" starttime="20230223 23:26:36.200" endtime="20230223 23:26:36.201"/>
</kw>
<kw name="Type Number" library="arith">
<arg>${operand1}</arg>
<kw name="Find" library="main">
<doc>Called to locate any anchor for the window and revise relative locations to 
widgets.</doc>
<status status="PASS" starttime="20230223 23:26:36.201" endtime="20230223 23:26:36.692"/>
</kw>
<kw name="Record Action" library="DataExtraction">
<arg>${TEST NAME}</arg>
<arg>Enter number: ${NUM}</arg>
<doc>Part of *Recording Data*</doc>
<kw name="Write Data" library="oqe">
<arg>${CASE NAME}</arg>
<arg>${ACT DESCRIPTION}</arg>
<arg>Action</arg>
<arg>--</arg>
<doc>Part of *Output Functions*</doc>
<status status="PASS" starttime="20230223 23:26:36.694" endtime="20230223 23:26:36.695"/>
</kw>
<status status="PASS" starttime="20230223 23:26:36.692" endtime="20230223 23:26:36.695"/>
</kw>
<kw name="Split String To Characters" library="String">
<var>${digits}</var>
<arg>${NUM}</arg>
<doc>Splits the given ``string`` to characters.</doc>
<msg timestamp="20230223 23:26:36.696" level="INFO">${digits} = ['3', '0']</msg>
<status status="PASS" starttime="20230223 23:26:36.695" endtime="20230223 23:26:36.696"/>
</kw>
<for flavor="IN">
<var>${digit}</var>
<value>@{digits}</value>
<iter>
<var name="${digit}">3</var>
<kw name="Run Keyword If" library="BuiltIn">
<arg>'${digit}'=='-'</arg>
<arg>main.Click</arg>
<arg>flip_sign</arg>
<doc>Runs the given keyword with the given arguments, if ``condition`` is true.</doc>
<status status="PASS" starttime="20230223 23:26:36.696" endtime="20230223 23:26:36.696"/>
</kw>
<kw name="Run Keyword If" library="BuiltIn">
<arg>'${digit}'=='.'</arg>
<arg>main.Click</arg>
<arg>decimal</arg>
<doc>Runs the given keyword with the given arguments, if ``condition`` is true.</doc>
<status status="PASS" starttime="20230223 23:26:36.697" endtime="20230223 23:26:36.697"/>
</kw>
<kw name="Run Keyword If" library="BuiltIn">
<arg>'${digit}' in "0123456789"</arg>
<arg>main.Click</arg>
<arg>${digit}_button</arg>
<doc>Runs the given keyword with the given arguments, if ``condition`` is true.</doc>
<kw name="Click" library="main">
<arg>${digit}_button</arg>
<doc>Clicks on the intended widget</doc>
<status status="PASS" starttime="20230223 23:26:36.698" endtime="20230223 23:26:37.253"/>
</kw>
<status status="PASS" starttime="20230223 23:26:36.697" endtime="20230223 23:26:37.253"/>
</kw>
<status status="PASS" starttime="20230223 23:26:36.696" endtime="20230223 23:26:37.253"/>
</iter>
<iter>
<var name="${digit}">0</var>
<kw name="Run Keyword If" library="BuiltIn">
<arg>'${digit}'=='-'</arg>
<arg>main.Click</arg>
<arg>flip_sign</arg>
<doc>Runs the given keyword with the given arguments, if ``condition`` is true.</doc>
<status status="PASS" starttime="20230223 23:26:37.254" endtime="20230223 23:26:37.254"/>
</kw>
<kw name="Run Keyword If" library="BuiltIn">
<arg>'${digit}'=='.'</arg>
<arg>main.Click</arg>
<arg>decimal</arg>
<doc>Runs the given keyword with the given arguments, if ``condition`` is true.</doc>
<status status="PASS" starttime="20230223 23:26:37.254" endtime="20230223 23:26:37.255"/>
</kw>
<kw name="Run Keyword If" library="BuiltIn">
<arg>'${digit}' in "0123456789"</arg>
<arg>main.Click</arg>
<arg>${digit}_button</arg>
<doc>Runs the given keyword with the given arguments, if ``condition`` is true.</doc>
<kw name="Click" library="main">
<arg>${digit}_button</arg>
<doc>Clicks on the intended widget</doc>
<status status="PASS" starttime="20230223 23:26:37.255" endtime="20230223 23:26:37.809"/>
</kw>
<status status="PASS" starttime="20230223 23:26:37.255" endtime="20230223 23:26:37.809"/>
</kw>
<status status="PASS" starttime="20230223 23:26:37.254" endtime="20230223 23:26:37.809"/>
</iter>
<status status="PASS" starttime="20230223 23:26:36.696" endtime="20230223 23:26:37.809"/>
</for>
<kw name="Read" library="main">
<var>${a}</var>
<arg>output</arg>
<doc>Read and return text from the intended widget</doc>
<msg timestamp="20230223 23:26:38.114" level="INFO">${a} = 30</msg>
<status status="PASS" starttime="20230223 23:26:37.809" endtime="20230223 23:26:38.115"/>
</kw>
<kw name="Assert OQE Values Equal" library="DataExtraction">
<var>${tmp1}</var>
<arg>${TEST NAME}</arg>
<arg>First operand</arg>
<arg>${a}</arg>
<arg>${NUM}</arg>
<doc>Part of *Comparisons*</doc>
<kw name="Compare Results" library="oqe">
<var>${TEST_STATUS}</var>
<arg>${actual}</arg>
<arg>${expected}</arg>
<doc>Part of *Comparisons*</doc>
<msg timestamp="20230223 23:26:38.117" level="INFO">${TEST_STATUS} = PASS</msg>
<status status="PASS" starttime="20230223 23:26:38.116" endtime="20230223 23:26:38.117"/>
</kw>
<kw name="Write Results" library="oqe">
<arg>${CASE NAME}_${STEP NAME}</arg>
<arg>Values Equal</arg>
<arg>${TEST_STATUS}</arg>
<arg>Actual: ${actual}, Expected: ${expected}</arg>
<doc>Part of *Output Functions*</doc>
<status status="PASS" starttime="20230223 23:26:38.117" endtime="20230223 23:26:38.119"/>
</kw>
<msg timestamp="20230223 23:26:38.119" level="INFO">${tmp1} = PASS</msg>
<status status="PASS" starttime="20230223 23:26:38.115" endtime="20230223 23:26:38.119"/>
</kw>
<kw name="Capture Image" library="main">
<var>${file}</var>
<arg>output</arg>
<doc>Takes a picture of the intended widget and returns the image file</doc>
<msg timestamp="20230223 23:26:38.171" level="INFO">${file} = C:/Users/Benny/Documents/RFData/IMG/imageAES.PNG</msg>
<status status="PASS" starttime="20230223 23:26:38.119" endtime="20230223 23:26:38.171"/>
</kw>
<kw name="Record Screen Image" library="DataExtraction">
<arg>${file}</arg>
<arg>${TEST NAME}</arg>
<arg>First operand</arg>
<doc>Part of *Recording Data*</doc>
<kw name="Write Image" library="oqe">
<arg>${CASE NAME}</arg>
<arg>${STEP NAME}</arg>
<arg>Screenshot</arg>
<arg>${FILE}</arg>
<doc>Part of *Output Functions*</doc>
<status status="PASS" starttime="20230223 23:26:38.173" endtime="20230223 23:26:38.174"/>
</kw>
<status status="PASS" starttime="20230223 23:26:38.172" endtime="20230223 23:26:38.174"/>
</kw>
<status status="PASS" starttime="20230223 23:26:36.201" endtime="20230223 23:26:38.174"/>
</kw>
<kw name="Evaluate" library="BuiltIn">
<var>${msg}</var>
<arg>'Failed to enter operation ${op}'</arg>
<doc>Evaluates the given expression in Python and returns the result.</doc>
<msg timestamp="20230223 23:26:38.175" level="INFO">${msg} = Failed to enter operation divide</msg>
<status status="PASS" starttime="20230223 23:26:38.174" endtime="20230223 23:26:38.175"/>
</kw>
<kw name="Op Button" library="arith">
<arg>${op}</arg>
<kw name="Find" library="main">
<doc>Called to locate any anchor for the window and revise relative locations to 
widgets.</doc>
<status status="PASS" starttime="20230223 23:26:38.175" endtime="20230223 23:26:38.640"/>
</kw>
<kw name="Record Action" library="DataExtraction">
<arg>${TEST NAME}</arg>
<arg>Operation: ${op}</arg>
<doc>Part of *Recording Data*</doc>
<kw name="Write Data" library="oqe">
<arg>${CASE NAME}</arg>
<arg>${ACT DESCRIPTION}</arg>
<arg>Action</arg>
<arg>--</arg>
<doc>Part of *Output Functions*</doc>
<status status="PASS" starttime="20230223 23:26:38.641" endtime="20230223 23:26:38.642"/>
</kw>
<status status="PASS" starttime="20230223 23:26:38.640" endtime="20230223 23:26:38.642"/>
</kw>
<kw name="Click" library="main">
<arg>${op}</arg>
<doc>Clicks on the intended widget</doc>
<status status="PASS" starttime="20230223 23:26:38.642" endtime="20230223 23:26:39.192"/>
</kw>
<status status="PASS" starttime="20230223 23:26:38.175" endtime="20230223 23:26:39.192"/>
</kw>
<kw name="Evaluate" library="BuiltIn">
<var>${msg}</var>
<arg>'Failed to enter second number ${operand2}'</arg>
<doc>Evaluates the given expression in Python and returns the result.</doc>
<msg timestamp="20230223 23:26:39.193" level="INFO">${msg} = Failed to enter second number 6</msg>
<status status="PASS" starttime="20230223 23:26:39.192" endtime="20230223 23:26:39.193"/>
</kw>
<kw name="Type Number" library="arith">
<arg>${operand2}</arg>
<kw name="Find" library="main">
<doc>Called to locate any anchor for the window and revise relative locations to 
widgets.</doc>
<status status="PASS" starttime="20230223 23:26:39.194" endtime="20230223 23:26:39.684"/>
</kw>
<kw name="Record Action" library="DataExtraction">
<arg>${TEST NAME}</arg>
<arg>Enter number: ${NUM}</arg>
<doc>Part of *Recording Data*</doc>
<kw name="Write Data" library="oqe">
<arg>${CASE NAME}</arg>
<arg>${ACT DESCRIPTION}</arg>
<arg>Action</arg>
<arg>--</arg>
<doc>Part of *Output Functions*</doc>
<status status="PASS" starttime="20230223 23:26:39.685" endtime="20230223 23:26:39.686"/>
</kw>
<status status="PASS" starttime="20230223 23:26:39.684" endtime="20230223 23:26:39.686"/>
</kw>
<kw name="Split String To Characters" library="String">
<var>${digits}</var>
<arg>${NUM}</arg>
<doc>Splits the given ``string`` to characters.</doc>
<msg timestamp="20230223 23:26:39.687" level="INFO">${digits} = ['6']</msg>
<status status="PASS" starttime="20230223 23:26:39.686" endtime="20230223 23:26:39.687"/>
</kw>
<for flavor="IN">
<var>${digit}</var>
<value>@{digits}</value>
<iter>
<var name="${digit}">6</var>
<kw name="Run Keyword If" library="BuiltIn">
<arg>'${digit}'=='-'</arg>
<arg>main.Click</arg>
<arg>flip_sign</arg>
<doc>Runs the given keyword with the given arguments, if ``condition`` is true.</doc>
<status status="PASS" starttime="20230223 23:26:39.687" endtime="20230223 23:26:39.689"/>
</kw>
<kw name="Run Keyword If" library="BuiltIn">
<arg>'${digit}'=='.'</arg>
<arg>main.Click</arg>
<arg>decimal</arg>
<doc>Runs the given keyword with the given arguments, if ``condition`` is true.</doc>
<status status="PASS" starttime="20230223 23:26:39.689" endtime="20230223 23:26:39.690"/>
</kw>
<kw name="Run Keyword If" library="BuiltIn">
<arg>'${digit}' in "0123456789"</arg>
<arg>main.Click</arg>
<arg>${digit}_button</arg>
<doc>Runs the given keyword with the given arguments, if ``condition`` is true.</doc>
<kw name="Click" library="main">
<arg>${digit}_button</arg>
<doc>Clicks on the intended widget</doc>
<status status="PASS" starttime="20230223 23:26:39.690" endtime="20230223 23:26:40.245"/>
</kw>
<status status="PASS" starttime="20230223 23:26:39.690" endtime="20230223 23:26:40.245"/>
</kw>
<status status="PASS" starttime="20230223 23:26:39.687" endtime="20230223 23:26:40.245"/>
</iter>
<status status="PASS" starttime="20230223 23:26:39.687" endtime="20230223 23:26:40.245"/>
</for>
<kw name="Read" library="main">
<var>${a}</var>
<arg>output</arg>
<doc>Read and return text from the intended widget</doc>
<msg timestamp="20230223 23:26:40.542" level="INFO">${a} = 6</msg>
<status status="PASS" starttime="20230223 23:26:40.245" endtime="20230223 23:26:40.542"/>
</kw>
<kw name="Assert OQE Values Equal" library="DataExtraction">
<var>${tmp1}</var>
<arg>${TEST NAME}</arg>
<arg>First operand</arg>
<arg>${a}</arg>
<arg>${NUM}</arg>
<doc>Part of *Comparisons*</doc>
<kw name="Compare Results" library="oqe">
<var>${TEST_STATUS}</var>
<arg>${actual}</arg>
<arg>${expected}</arg>
<doc>Part of *Comparisons*</doc>
<msg timestamp="20230223 23:26:40.544" level="INFO">${TEST_STATUS} = PASS</msg>
<status status="PASS" starttime="20230223 23:26:40.543" endtime="20230223 23:26:40.544"/>
</kw>
<kw name="Write Results" library="oqe">
<arg>${CASE NAME}_${STEP NAME}</arg>
<arg>Values Equal</arg>
<arg>${TEST_STATUS}</arg>
<arg>Actual: ${actual}, Expected: ${expected}</arg>
<doc>Part of *Output Functions*</doc>
<status status="PASS" starttime="20230223 23:26:40.544" endtime="20230223 23:26:40.545"/>
</kw>
<msg timestamp="20230223 23:26:40.545" level="INFO">${tmp1} = PASS</msg>
<status status="PASS" starttime="20230223 23:26:40.542" endtime="20230223 23:26:40.545"/>
</kw>
<kw name="Capture Image" library="main">
<var>${file}</var>
<arg>output</arg>
<doc>Takes a picture of the intended widget and returns the image file</doc>
<msg timestamp="20230223 23:26:40.591" level="INFO">${file} = C:/Users/Benny/Documents/RFData/IMG/imageAET.PNG</msg>
<status status="PASS" starttime="20230223 23:26:40.546" endtime="20230223 23:26:40.591"/>
</kw>
<kw name="Record Screen Image" library="DataExtraction">
<arg>${file}</arg>
<arg>${TEST NAME}</arg>
<arg>First operand</arg>
<doc>Part of *Recording Data*</doc>
<kw name="Write Image" library="oqe">
<arg>${CASE NAME}</arg>
<arg>${STEP NAME}</arg>
<arg>Screenshot</arg>
<arg>${FILE}</arg>
<doc>Part of *Output Functions*</doc>
<status status="PASS" starttime="20230223 23:26:40.592" endtime="20230223 23:26:40.594"/>
</kw>
<status status="PASS" starttime="20230223 23:26:40.591" endtime="20230223 23:26:40.594"/>
</kw>
<status status="PASS" starttime="20230223 23:26:39.193" endtime="20230223 23:26:40.594"/>
</kw>
<kw name="Evaluate" library="BuiltIn">
<var>${msg}</var>
<arg>'Failed to get answer'</arg>
<doc>Evaluates the given expression in Python and returns the result.</doc>
<msg timestamp="20230223 23:26:40.595" level="INFO">${msg} = Failed to get answer</msg>
<status status="PASS" starttime="20230223 23:26:40.594" endtime="20230223 23:26:40.595"/>
</kw>
<kw name="Press Equals" library="arith">
<kw name="Find" library="main">
<doc>Called to locate any anchor for the window and revise relative locations to 
widgets.</doc>
<status status="PASS" starttime="20230223 23:26:40.595" endtime="20230223 23:26:41.092"/>
</kw>
<kw name="Click" library="main">
<arg>equals</arg>
<doc>Clicks on the intended widget</doc>
<status status="PASS" starttime="20230223 23:26:41.092" endtime="20230223 23:26:41.638"/>
</kw>
<kw name="Read" library="main">
<var>${a}</var>
<arg>output</arg>
<doc>Read and return text from the intended widget</doc>
<msg timestamp="20230223 23:26:42.152" level="INFO">${a} = 5</msg>
<status status="PASS" starttime="20230223 23:26:41.638" endtime="20230223 23:26:42.152"/>
</kw>
<kw name="Record Data" library="DataExtraction">
<arg>${TEST NAME}</arg>
<arg>Answer</arg>
<arg>${a}</arg>
<doc>Part of *Recording Data*</doc>
<kw name="Write Data" library="oqe">
<arg>${CASE NAME}</arg>
<arg>${STEP NAME}</arg>
<arg>Data</arg>
<arg>${Data}</arg>
<doc>Part of *Output Functions*</doc>
<status status="PASS" starttime="20230223 23:26:42.153" endtime="20230223 23:26:42.154"/>
</kw>
<status status="PASS" starttime="20230223 23:26:42.152" endtime="20230223 23:26:42.154"/>
</kw>
<kw name="Capture Image" library="main">
<var>${file}</var>
<arg>output</arg>
<doc>Takes a picture of the intended widget and returns the image file</doc>
<msg timestamp="20230223 23:26:42.195" level="INFO">${file} = C:/Users/Benny/Documents/RFData/IMG/imageAEU.PNG</msg>
<status status="PASS" starttime="20230223 23:26:42.154" endtime="20230223 23:26:42.195"/>
</kw>
<kw name="Record Screen Image" library="DataExtraction">
<arg>${file}</arg>
<arg>${TEST NAME}</arg>
<arg>Answer</arg>
<doc>Part of *Recording Data*</doc>
<kw name="Write Image" library="oqe">
<arg>${CASE NAME}</arg>
<arg>${STEP NAME}</arg>
<arg>Screenshot</arg>
<arg>${FILE}</arg>
<doc>Part of *Output Functions*</doc>
<status status="PASS" starttime="20230223 23:26:42.196" endtime="20230223 23:26:42.197"/>
</kw>
<status status="PASS" starttime="20230223 23:26:42.195" endtime="20230223 23:26:42.198"/>
</kw>
<status status="PASS" starttime="20230223 23:26:40.595" endtime="20230223 23:26:42.198"/>
</kw>
<kw name="Evaluate" library="BuiltIn">
<var>${msg}</var>
<arg>'Failed to verify answer ${answer}'</arg>
<doc>Evaluates the given expression in Python and returns the result.</doc>
<msg timestamp="20230223 23:26:42.198" level="INFO">${msg} = Failed to verify answer 5</msg>
<status status="PASS" starttime="20230223 23:26:42.198" endtime="20230223 23:26:42.198"/>
</kw>
<kw name="Read Value" library="arith">
<arg>${answer}</arg>
<kw name="Read" library="main">
<var>${a}</var>
<arg>output</arg>
<doc>Read and return text from the intended widget</doc>
<msg timestamp="20230223 23:26:42.473" level="INFO">${a} = 5</msg>
<status status="PASS" starttime="20230223 23:26:42.199" endtime="20230223 23:26:42.473"/>
</kw>
<kw name="Run Keyword If" library="BuiltIn">
<var>${msg}</var>
<arg>${a}==${answer}</arg>
<arg>Evaluate</arg>
<arg>'Success!'</arg>
<arg>ELSE</arg>
<arg>Evaluate</arg>
<arg>'Calculation was wrong: ${a}'</arg>
<doc>Runs the given keyword with the given arguments, if ``condition`` is true.</doc>
<kw name="Evaluate" library="BuiltIn">
<arg>'Success!'</arg>
<doc>Evaluates the given expression in Python and returns the result.</doc>
<status status="PASS" starttime="20230223 23:26:42.474" endtime="20230223 23:26:42.474"/>
</kw>
<msg timestamp="20230223 23:26:42.474" level="INFO">${msg} = Success!</msg>
<status status="PASS" starttime="20230223 23:26:42.473" endtime="20230223 23:26:42.474"/>
</kw>
<kw name="Run Keyword If" library="BuiltIn">
<arg>${a}!=${answer}</arg>
<arg>Fail</arg>
<doc>Runs the given keyword with the given arguments, if ``condition`` is true.</doc>
<status status="PASS" starttime="20230223 23:26:42.474" endtime="20230223 23:26:42.475"/>
</kw>
<status status="PASS" starttime="20230223 23:26:42.199" endtime="20230223 23:26:42.475"/>
</kw>
<kw name="Evaluate" library="BuiltIn">
<var>${msg}</var>
<arg>'Success'</arg>
<doc>Evaluates the given expression in Python and returns the result.</doc>
<msg timestamp="20230223 23:26:42.475" level="INFO">${msg} = Success</msg>
<status status="PASS" starttime="20230223 23:26:42.475" endtime="20230223 23:26:42.476"/>
</kw>
<kw name="PASS Token" library="oqe">
<var>${status}</var>
<doc>Part of *Comparisons*</doc>
<msg timestamp="20230223 23:26:42.476" level="INFO">${status} = PASS</msg>
<status status="PASS" starttime="20230223 23:26:42.476" endtime="20230223 23:26:42.476"/>
</kw>
<kw name="Keyword Final" library="DataExtraction" type="TEARDOWN">
<arg>${TEST NAME}</arg>
<arg>--</arg>
<arg>${status}</arg>
<arg>${msg}</arg>
<doc>Part of *Recording Data*</doc>
<kw name="Write Results" library="oqe">
<arg>${CASE NAME}</arg>
<arg>${STEP NAME}</arg>
<arg>${STATUS}</arg>
<arg>${MESSAGE}</arg>
<doc>Part of *Output Functions*</doc>
<status status="PASS" starttime="20230223 23:26:42.477" endtime="20230223 23:26:42.478"/>
</kw>
<kw name="Data Break" library="DataExtraction">
<doc>Part of *Report Formatting*</doc>
<kw name="Write Data" library="oqe">
<arg>--</arg>
<arg>--</arg>
<arg>--</arg>
<arg>--</arg>
<doc>Part of *Output Functions*</doc>
<status status="PASS" starttime="20230223 23:26:42.479" endtime="20230223 23:26:42.480"/>
</kw>
<status status="PASS" starttime="20230223 23:26:42.479" endtime="20230223 23:26:42.480"/>
</kw>
<status status="PASS" starttime="20230223 23:26:42.476" endtime="20230223 23:26:42.481"/>
</kw>
<status status="PASS" starttime="20230223 23:26:34.568" endtime="20230223 23:26:42.481"/>
</kw>
<status status="PASS" starttime="20230223 23:26:34.568" endtime="20230223 23:26:42.483"/>
</test>
<test id="s1-t4" name="9 - 4 = 5" line="15">
<kw name="Operation">
<arg>9</arg>
<arg>4</arg>
<arg>minus</arg>
<arg>5</arg>
<kw name="New Test Event" library="DataExtraction">
<arg>${TEST NAME}</arg>
<doc>Part of *Test Setup*.
New Test Event corresponds with output functions that create a new
data structure in the test data and a new line in the report.</doc>
<kw name="Create Test Case" library="oqe">
<var>${FULL TEST}</var>
<arg>${CASE NAME}</arg>
<doc>Part of *Test Setup*</doc>
<msg timestamp="20230223 23:26:42.490" level="INFO">${FULL TEST} = 9 - 4 = 5 2023-02-23 23:26:42.489311</msg>
<status status="PASS" starttime="20230223 23:26:42.488" endtime="20230223 23:26:42.490"/>
</kw>
<status status="PASS" starttime="20230223 23:26:42.488" endtime="20230223 23:26:42.490"/>
</kw>
<kw name="Evaluate" library="BuiltIn">
<var>${msg}</var>
<arg>'Failed to clear data'</arg>
<doc>Evaluates the given expression in Python and returns the result.</doc>
<msg timestamp="20230223 23:26:42.490" level="INFO">${msg} = Failed to clear data</msg>
<status status="PASS" starttime="20230223 23:26:42.490" endtime="20230223 23:26:42.490"/>
</kw>
<kw name="FAIL Token" library="oqe">
<var>${status}</var>
<doc>Part of *Comparisons*</doc>
<msg timestamp="20230223 23:26:42.491" level="INFO">${status} = FAIL</msg>
<status status="PASS" starttime="20230223 23:26:42.491" endtime="20230223 23:26:42.491"/>
</kw>
<kw name="Clear Data" library="arith">
<kw name="Record Action" library="DataExtraction">
<arg>${TEST NAME}</arg>
<arg>Clearing previous data</arg>
<doc>Part of *Recording Data*</doc>
<kw name="Write Data" library="oqe">
<arg>${CASE NAME}</arg>
<arg>${ACT DESCRIPTION}</arg>
<arg>Action</arg>
<arg>--</arg>
<doc>Part of *Output Functions*</doc>
<status status="PASS" starttime="20230223 23:26:42.492" endtime="20230223 23:26:42.493"/>
</kw>
<status status="PASS" starttime="20230223 23:26:42.491" endtime="20230223 23:26:42.493"/>
</kw>
<kw name="Find" library="main">
<doc>Called to locate any anchor for the window and revise relative locations to 
widgets.</doc>
[...]
<status status="PASS" starttime="20230223 23:26:43.909" endtime="20230223 23:26:43.909"/>
</kw>
<kw name="Keyword Final" library="DataExtraction">
<arg>--</arg>
<arg>Clearing previous data</arg>
<arg>${result}</arg>
<arg>--</arg>
<doc>Part of *Recording Data*</doc>
<kw name="Write Results" library="oqe">
<arg>${CASE NAME}</arg>
<arg>${STEP NAME}</arg>
<arg>${STATUS}</arg>
<arg>${MESSAGE}</arg>
<doc>Part of *Output Functions*</doc>
<status status="PASS" starttime="20230223 23:26:43.910" endtime="20230223 23:26:43.911"/>
</kw>
<kw name="Data Break" library="DataExtraction">
<doc>Part of *Report Formatting*</doc>
<kw name="Write Data" library="oqe">
<arg>--</arg>
<arg>--</arg>
<arg>--</arg>
<arg>--</arg>
<doc>Part of *Output Functions*</doc>
<status status="PASS" starttime="20230223 23:26:43.912" endtime="20230223 23:26:43.912"/>
</kw>
<status status="PASS" starttime="20230223 23:26:43.911" endtime="20230223 23:26:43.912"/>
</kw>
<status status="PASS" starttime="20230223 23:26:43.909" endtime="20230223 23:26:43.913"/>
</kw>
<status status="PASS" starttime="20230223 23:26:42.491" endtime="20230223 23:26:43.913"/>
</kw>
<kw name="Evaluate" library="BuiltIn">
<var>${msg}</var>
<arg>'Failed to enter first number ${operand1}'</arg>
<doc>Evaluates the given expression in Python and returns the result.</doc>
<msg timestamp="20230223 23:26:43.914" level="INFO">${msg} = Failed to enter first number 9</msg>
<status status="PASS" starttime="20230223 23:26:43.913" endtime="20230223 23:26:43.914"/>
</kw>
<kw name="Type Number" library="arith">
<arg>${operand1}</arg>
<kw name="Find" library="main">
<doc>Called to locate any anchor for the window and revise relative locations to 
widgets.</doc>
<status status="PASS" starttime="20230223 23:26:43.914" endtime="20230223 23:26:44.387"/>
</kw>
<kw name="Record Action" library="DataExtraction">
<arg>${TEST NAME}</arg>
<arg>Enter number: ${NUM}</arg>
<doc>Part of *Recording Data*</doc>
<kw name="Write Data" library="oqe">
<arg>${CASE NAME}</arg>
<arg>${ACT DESCRIPTION}</arg>
<arg>Action</arg>
<arg>--</arg>
<doc>Part of *Output Functions*</doc>
<status status="PASS" starttime="20230223 23:26:44.389" endtime="20230223 23:26:44.390"/>
</kw>
<status status="PASS" starttime="20230223 23:26:44.388" endtime="20230223 23:26:44.390"/>
</kw>
<kw name="Split String To Characters" library="String">
<var>${digits}</var>
<arg>${NUM}</arg>
<doc>Splits the given ``string`` to characters.</doc>
<msg timestamp="20230223 23:26:44.390" level="INFO">${digits} = ['9']</msg>
<status status="PASS" starttime="20230223 23:26:44.390" endtime="20230223 23:26:44.390"/>
</kw>
<for flavor="IN">
<var>${digit}</var>
<value>@{digits}</value>
<iter>
<var name="${digit}">9</var>
<kw name="Run Keyword If" library="BuiltIn">
<arg>'${digit}'=='-'</arg>
<arg>main.Click</arg>
<arg>flip_sign</arg>
<doc>Runs the given keyword with the given arguments, if ``condition`` is true.</doc>
<status status="PASS" starttime="20230223 23:26:44.391" endtime="20230223 23:26:44.391"/>
</kw>
<kw name="Run Keyword If" library="BuiltIn">
<arg>'${digit}'=='.'</arg>
<arg>main.Click</arg>
<arg>decimal</arg>
<doc>Runs the given keyword with the given arguments, if ``condition`` is true.</doc>
<status status="PASS" starttime="20230223 23:26:44.392" endtime="20230223 23:26:44.392"/>
</kw>
<kw name="Run Keyword If" library="BuiltIn">
<arg>'${digit}' in "0123456789"</arg>
<arg>main.Click</arg>
<arg>${digit}_button</arg>
<doc>Runs the given keyword with the given arguments, if ``condition`` is true.</doc>
<kw name="Click" library="main">
<arg>${digit}_button</arg>
<doc>Clicks on the intended widget</doc>
<status status="PASS" starttime="20230223 23:26:44.392" endtime="20230223 23:26:44.939"/>
</kw>
<status status="PASS" starttime="20230223 23:26:44.392" endtime="20230223 23:26:44.939"/>
</kw>
<status status="PASS" starttime="20230223 23:26:44.391" endtime="20230223 23:26:44.939"/>
</iter>
<status status="PASS" starttime="20230223 23:26:44.391" endtime="20230223 23:26:44.939"/>
</for>
<kw name="Read" library="main">
<var>${a}</var>
<arg>output</arg>
<doc>Read and return text from the intended widget</doc>
<msg timestamp="20230223 23:26:45.243" level="INFO">${a} = 9</msg>
<status status="PASS" starttime="20230223 23:26:44.940" endtime="20230223 23:26:45.243"/>
</kw>
<kw name="Assert OQE Values Equal" library="DataExtraction">
<var>${tmp1}</var>
<arg>${TEST NAME}</arg>
<arg>First operand</arg>
<arg>${a}</arg>
<arg>${NUM}</arg>
<doc>Part of *Comparisons*</doc>
<kw name="Compare Results" library="oqe">
<var>${TEST_STATUS}</var>
<arg>${actual}</arg>
<arg>${expected}</arg>
<doc>Part of *Comparisons*</doc>
<msg timestamp="20230223 23:26:45.245" level="INFO">${TEST_STATUS} = PASS</msg>
<status status="PASS" starttime="20230223 23:26:45.244" endtime="20230223 23:26:45.245"/>
</kw>
<kw name="Write Results" library="oqe">
<arg>${CASE NAME}_${STEP NAME}</arg>
<arg>Values Equal</arg>
<arg>${TEST_STATUS}</arg>
<arg>Actual: ${actual}, Expected: ${expected}</arg>
<doc>Part of *Output Functions*</doc>
<status status="PASS" starttime="20230223 23:26:45.245" endtime="20230223 23:26:45.246"/>
</kw>
<msg timestamp="20230223 23:26:45.246" level="INFO">${tmp1} = PASS</msg>
<status status="PASS" starttime="20230223 23:26:45.243" endtime="20230223 23:26:45.247"/>
</kw>
<kw name="Capture Image" library="main">
<var>${file}</var>
<arg>output</arg>
<doc>Takes a picture of the intended widget and returns the image file</doc>
<msg timestamp="20230223 23:26:45.302" level="INFO">${file} = C:/Users/Benny/Documents/RFData/IMG/imageAEW.PNG</msg>
<status status="PASS" starttime="20230223 23:26:45.247" endtime="20230223 23:26:45.303"/>
</kw>
<kw name="Record Screen Image" library="DataExtraction">
<arg>${file}</arg>
<arg>${TEST NAME}</arg>
<arg>First operand</arg>
<doc>Part of *Recording Data*</doc>
<kw name="Write Image" library="oqe">
<arg>${CASE NAME}</arg>
<arg>${STEP NAME}</arg>
<arg>Screenshot</arg>
<arg>${FILE}</arg>
<doc>Part of *Output Functions*</doc>
<status status="PASS" starttime="20230223 23:26:45.304" endtime="20230223 23:26:45.305"/>
</kw>
<status status="PASS" starttime="20230223 23:26:45.303" endtime="20230223 23:26:45.305"/>
</kw>
<status status="PASS" starttime="20230223 23:26:43.914" endtime="20230223 23:26:45.305"/>
</kw>
<kw name="Evaluate" library="BuiltIn">
<var>${msg}</var>
<arg>'Failed to enter operation ${op}'</arg>
<doc>Evaluates the given expression in Python and returns the result.</doc>
<msg timestamp="20230223 23:26:45.306" level="INFO">${msg} = Failed to enter operation minus</msg>
<status status="PASS" starttime="20230223 23:26:45.305" endtime="20230223 23:26:45.306"/>
</kw>
<kw name="Op Button" library="arith">
<arg>${op}</arg>
<kw name="Find" library="main">
<doc>Called to locate any anchor for the window and revise relative locations to 
widgets.</doc>
<status status="PASS" starttime="20230223 23:26:45.306" endtime="20230223 23:26:45.848"/>
</kw>
<kw name="Record Action" library="DataExtraction">
<arg>${TEST NAME}</arg>
<arg>Operation: ${op}</arg>
<doc>Part of *Recording Data*</doc>
<kw name="Write Data" library="oqe">
<arg>${CASE NAME}</arg>
<arg>${ACT DESCRIPTION}</arg>
<arg>Action</arg>
<arg>--</arg>
<doc>Part of *Output Functions*</doc>
<status status="PASS" starttime="20230223 23:26:45.850" endtime="20230223 23:26:45.851"/>
</kw>
<status status="PASS" starttime="20230223 23:26:45.848" endtime="20230223 23:26:45.852"/>
</kw>
<kw name="Click" library="main">
<arg>${op}</arg>
<doc>Clicks on the intended widget</doc>
<status status="PASS" starttime="20230223 23:26:45.852" endtime="20230223 23:26:46.402"/>
</kw>
<status status="PASS" starttime="20230223 23:26:45.306" endtime="20230223 23:26:46.402"/>
</kw>
<kw name="Evaluate" library="BuiltIn">
<var>${msg}</var>
<arg>'Failed to enter second number ${operand2}'</arg>
<doc>Evaluates the given expression in Python and returns the result.</doc>
<msg timestamp="20230223 23:26:46.404" level="INFO">${msg} = Failed to enter second number 4</msg>
<status status="PASS" starttime="20230223 23:26:46.403" endtime="20230223 23:26:46.404"/>
</kw>
<kw name="Type Number" library="arith">
<arg>${operand2}</arg>
<kw name="Find" library="main">
<doc>Called to locate any anchor for the window and revise relative locations to 
widgets.</doc>
<status status="PASS" starttime="20230223 23:26:46.405" endtime="20230223 23:26:46.905"/>
</kw>
<kw name="Record Action" library="DataExtraction">
<arg>${TEST NAME}</arg>
<arg>Enter number: ${NUM}</arg>
<doc>Part of *Recording Data*</doc>
<kw name="Write Data" library="oqe">
<arg>${CASE NAME}</arg>
<arg>${ACT DESCRIPTION}</arg>
<arg>Action</arg>
<arg>--</arg>
<doc>Part of *Output Functions*</doc>
<status status="PASS" starttime="20230223 23:26:46.906" endtime="20230223 23:26:46.907"/>
</kw>
<status status="PASS" starttime="20230223 23:26:46.905" endtime="20230223 23:26:46.907"/>
</kw>
<kw name="Split String To Characters" library="String">
<var>${digits}</var>
<arg>${NUM}</arg>
<doc>Splits the given ``string`` to characters.</doc>
<msg timestamp="20230223 23:26:46.908" level="INFO">${digits} = ['4']</msg>
<status status="PASS" starttime="20230223 23:26:46.908" endtime="20230223 23:26:46.908"/>
</kw>
<for flavor="IN">
<var>${digit}</var>
<value>@{digits}</value>
<iter>
<var name="${digit}">4</var>
<kw name="Run Keyword If" library="BuiltIn">
<arg>'${digit}'=='-'</arg>
<arg>main.Click</arg>
<arg>flip_sign</arg>
<doc>Runs the given keyword with the given arguments, if ``condition`` is true.</doc>
<status status="PASS" starttime="20230223 23:26:46.908" endtime="20230223 23:26:46.909"/>
</kw>
<kw name="Run Keyword If" library="BuiltIn">
<arg>'${digit}'=='.'</arg>
<arg>main.Click</arg>
<arg>decimal</arg>
<doc>Runs the given keyword with the given arguments, if ``condition`` is true.</doc>
<status status="PASS" starttime="20230223 23:26:46.909" endtime="20230223 23:26:46.909"/>
</kw>
<kw name="Run Keyword If" library="BuiltIn">
<arg>'${digit}' in "0123456789"</arg>
<arg>main.Click</arg>
<arg>${digit}_button</arg>
<doc>Runs the given keyword with the given arguments, if ``condition`` is true.</doc>
<kw name="Click" library="main">
<arg>${digit}_button</arg>
<doc>Clicks on the intended widget</doc>
<status status="PASS" starttime="20230223 23:26:46.910" endtime="20230223 23:26:47.470"/>
</kw>
<status status="PASS" starttime="20230223 23:26:46.909" endtime="20230223 23:26:47.470"/>
</kw>
<status status="PASS" starttime="20230223 23:26:46.908" endtime="20230223 23:26:47.470"/>
</iter>
<status status="PASS" starttime="20230223 23:26:46.908" endtime="20230223 23:26:47.470"/>
</for>
<kw name="Read" library="main">
<var>${a}</var>
<arg>output</arg>
<doc>Read and return text from the intended widget</doc>
<msg timestamp="20230223 23:26:47.962" level="INFO">${a} = 4</msg>
<status status="PASS" starttime="20230223 23:26:47.470" endtime="20230223 23:26:47.962"/>
</kw>
<kw name="Assert OQE Values Equal" library="DataExtraction">
<var>${tmp1}</var>
<arg>${TEST NAME}</arg>
<arg>First operand</arg>
<arg>${a}</arg>
<arg>${NUM}</arg>
<doc>Part of *Comparisons*</doc>
<kw name="Compare Results" library="oqe">
<var>${TEST_STATUS}</var>
<arg>${actual}</arg>
<arg>${expected}</arg>
<doc>Part of *Comparisons*</doc>
<msg timestamp="20230223 23:26:47.963" level="INFO">${TEST_STATUS} = PASS</msg>
<status status="PASS" starttime="20230223 23:26:47.963" endtime="20230223 23:26:47.963"/>
</kw>
<kw name="Write Results" library="oqe">
<arg>${CASE NAME}_${STEP NAME}</arg>
<arg>Values Equal</arg>
<arg>${TEST_STATUS}</arg>
<arg>Actual: ${actual}, Expected: ${expected}</arg>
<doc>Part of *Output Functions*</doc>
<status status="PASS" starttime="20230223 23:26:47.964" endtime="20230223 23:26:47.965"/>
</kw>
<msg timestamp="20230223 23:26:47.965" level="INFO">${tmp1} = PASS</msg>
<status status="PASS" starttime="20230223 23:26:47.962" endtime="20230223 23:26:47.965"/>
</kw>
<kw name="Capture Image" library="main">
<var>${file}</var>
<arg>output</arg>
<doc>Takes a picture of the intended widget and returns the image file</doc>
<msg timestamp="20230223 23:26:48.009" level="INFO">${file} = C:/Users/Benny/Documents/RFData/IMG/imageAEX.PNG</msg>
<status status="PASS" starttime="20230223 23:26:47.965" endtime="20230223 23:26:48.009"/>
</kw>
<kw name="Record Screen Image" library="DataExtraction">
<arg>${file}</arg>
<arg>${TEST NAME}</arg>
<arg>First operand</arg>
<doc>Part of *Recording Data*</doc>
<kw name="Write Image" library="oqe">
<arg>${CASE NAME}</arg>
<arg>${STEP NAME}</arg>
<arg>Screenshot</arg>
<arg>${FILE}</arg>
<doc>Part of *Output Functions*</doc>
<status status="PASS" starttime="20230223 23:26:48.010" endtime="20230223 23:26:48.011"/>
</kw>
<status status="PASS" starttime="20230223 23:26:48.009" endtime="20230223 23:26:48.011"/>
</kw>
<status status="PASS" starttime="20230223 23:26:46.405" endtime="20230223 23:26:48.011"/>
</kw>
<kw name="Evaluate" library="BuiltIn">
<var>${msg}</var>
<arg>'Failed to get answer'</arg>
<doc>Evaluates the given expression in Python and returns the result.</doc>
<msg timestamp="20230223 23:26:48.012" level="INFO">${msg} = Failed to get answer</msg>
<status status="PASS" starttime="20230223 23:26:48.012" endtime="20230223 23:26:48.012"/>
</kw>
<kw name="Press Equals" library="arith">
<kw name="Find" library="main">
<doc>Called to locate any anchor for the window and revise relative locations to 
widgets.</doc>
<status status="PASS" starttime="20230223 23:26:48.013" endtime="20230223 23:26:48.549"/>
</kw>
<kw name="Click" library="main">
<arg>equals</arg>
<doc>Clicks on the intended widget</doc>
<status status="PASS" starttime="20230223 23:26:48.549" endtime="20230223 23:26:49.098"/>
</kw>
<kw name="Read" library="main">
<var>${a}</var>
<arg>output</arg>
<doc>Read and return text from the intended widget</doc>
<msg timestamp="20230223 23:26:49.430" level="INFO">${a} = 5</msg>
<status status="PASS" starttime="20230223 23:26:49.099" endtime="20230223 23:26:49.430"/>
</kw>
<kw name="Record Data" library="DataExtraction">
<arg>${TEST NAME}</arg>
<arg>Answer</arg>
<arg>${a}</arg>
<doc>Part of *Recording Data*</doc>
<kw name="Write Data" library="oqe">
<arg>${CASE NAME}</arg>
<arg>${STEP NAME}</arg>
<arg>Data</arg>
<arg>${Data}</arg>
<doc>Part of *Output Functions*</doc>
<status status="PASS" starttime="20230223 23:26:49.431" endtime="20230223 23:26:49.432"/>
</kw>
<status status="PASS" starttime="20230223 23:26:49.430" endtime="20230223 23:26:49.432"/>
</kw>
<kw name="Capture Image" library="main">
<var>${file}</var>
<arg>output</arg>
<doc>Takes a picture of the intended widget and returns the image file</doc>
<msg timestamp="20230223 23:26:49.474" level="INFO">${file} = C:/Users/Benny/Documents/RFData/IMG/imageAEY.PNG</msg>
<status status="PASS" starttime="20230223 23:26:49.432" endtime="20230223 23:26:49.474"/>
</kw>
<kw name="Record Screen Image" library="DataExtraction">
<arg>${file}</arg>
<arg>${TEST NAME}</arg>
<arg>Answer</arg>
<doc>Part of *Recording Data*</doc>
<kw name="Write Image" library="oqe">
<arg>${CASE NAME}</arg>
<arg>${STEP NAME}</arg>
<arg>Screenshot</arg>
<arg>${FILE}</arg>
<doc>Part of *Output Functions*</doc>
<status status="PASS" starttime="20230223 23:26:49.477" endtime="20230223 23:26:49.478"/>
</kw>
<status status="PASS" starttime="20230223 23:26:49.474" endtime="20230223 23:26:49.478"/>
</kw>
<status status="PASS" starttime="20230223 23:26:48.012" endtime="20230223 23:26:49.479"/>
</kw>
<kw name="Evaluate" library="BuiltIn">
<var>${msg}</var>
<arg>'Failed to verify answer ${answer}'</arg>
<doc>Evaluates the given expression in Python and returns the result.</doc>
<msg timestamp="20230223 23:26:49.479" level="INFO">${msg} = Failed to verify answer 5</msg>
<status status="PASS" starttime="20230223 23:26:49.479" endtime="20230223 23:26:49.479"/>
</kw>
<kw name="Read Value" library="arith">
<arg>${answer}</arg>
<kw name="Read" library="main">
<var>${a}</var>
<arg>output</arg>
<doc>Read and return text from the intended widget</doc>
<msg timestamp="20230223 23:26:49.781" level="INFO">${a} = 5</msg>
<status status="PASS" starttime="20230223 23:26:49.480" endtime="20230223 23:26:49.781"/>
</kw>
<kw name="Run Keyword If" library="BuiltIn">
<var>${msg}</var>
<arg>${a}==${answer}</arg>
<arg>Evaluate</arg>
<arg>'Success!'</arg>
<arg>ELSE</arg>
<arg>Evaluate</arg>
<arg>'Calculation was wrong: ${a}'</arg>
<doc>Runs the given keyword with the given arguments, if ``condition`` is true.</doc>
<kw name="Evaluate" library="BuiltIn">
<arg>'Success!'</arg>
<doc>Evaluates the given expression in Python and returns the result.</doc>
<status status="PASS" starttime="20230223 23:26:49.782" endtime="20230223 23:26:49.783"/>
</kw>
<msg timestamp="20230223 23:26:49.783" level="INFO">${msg} = Success!</msg>
<status status="PASS" starttime="20230223 23:26:49.782" endtime="20230223 23:26:49.783"/>
</kw>
<kw name="Run Keyword If" library="BuiltIn">
<arg>${a}!=${answer}</arg>
<arg>Fail</arg>
<doc>Runs the given keyword with the given arguments, if ``condition`` is true.</doc>
<status status="PASS" starttime="20230223 23:26:49.783" endtime="20230223 23:26:49.783"/>
</kw>
<status status="PASS" starttime="20230223 23:26:49.480" endtime="20230223 23:26:49.784"/>
</kw>
<kw name="Evaluate" library="BuiltIn">
<var>${msg}</var>
<arg>'Success'</arg>
<doc>Evaluates the given expression in Python and returns the result.</doc>
<msg timestamp="20230223 23:26:49.784" level="INFO">${msg} = Success</msg>
<status status="PASS" starttime="20230223 23:26:49.784" endtime="20230223 23:26:49.784"/>
</kw>
<kw name="PASS Token" library="oqe">
<var>${status}</var>
<doc>Part of *Comparisons*</doc>
<msg timestamp="20230223 23:26:49.784" level="INFO">${status} = PASS</msg>
<status status="PASS" starttime="20230223 23:26:49.784" endtime="20230223 23:26:49.784"/>
</kw>
<kw name="Keyword Final" library="DataExtraction" type="TEARDOWN">
<arg>${TEST NAME}</arg>
<arg>--</arg>
<arg>${status}</arg>
<arg>${msg}</arg>
<doc>Part of *Recording Data*</doc>
<kw name="Write Results" library="oqe">
<arg>${CASE NAME}</arg>
<arg>${STEP NAME}</arg>
<arg>${STATUS}</arg>
<arg>${MESSAGE}</arg>
<doc>Part of *Output Functions*</doc>
<status status="PASS" starttime="20230223 23:26:49.786" endtime="20230223 23:26:49.787"/>
</kw>
<kw name="Data Break" library="DataExtraction">
<doc>Part of *Report Formatting*</doc>
<kw name="Write Data" library="oqe">
<arg>--</arg>
<arg>--</arg>
<arg>--</arg>
<arg>--</arg>
<doc>Part of *Output Functions*</doc>
<status status="PASS" starttime="20230223 23:26:49.787" endtime="20230223 23:26:49.788"/>
</kw>
<status status="PASS" starttime="20230223 23:26:49.787" endtime="20230223 23:26:49.788"/>
</kw>
<status status="PASS" starttime="20230223 23:26:49.785" endtime="20230223 23:26:49.789"/>
</kw>
<status status="PASS" starttime="20230223 23:26:42.487" endtime="20230223 23:26:49.789"/>
</kw>
<status status="PASS" starttime="20230223 23:26:42.484" endtime="20230223 23:26:49.791"/>
</test>
<kw name="Stop Test" type="TEARDOWN">
<kw name="Stop Arithmetic Calculator" library="arith">
<kw name="Find" library="main">
<doc>Called to locate any anchor for the window and revise relative locations to 
widgets.</doc>
<status status="PASS" starttime="20230223 23:26:49.817" endtime="20230223 23:26:50.311"/>
</kw>
<kw name="Click" library="main">
<arg>closeButton</arg>
<doc>Clicks on the intended widget</doc>
<status status="PASS" starttime="20230223 23:26:50.312" endtime="20230223 23:26:50.984"/>
</kw>
<status status="PASS" starttime="20230223 23:26:49.817" endtime="20230223 23:26:50.984"/>
</kw>
<status status="PASS" starttime="20230223 23:26:49.816" endtime="20230223 23:26:50.985"/>
</kw>
<status status="PASS" starttime="20230223 23:26:15.091" endtime="20230223 23:26:50.985"/>
</suite>
<statistics>
<total>
<stat pass="4" fail="0" skip="0">All Tests</stat>
</total>
<tag>
</tag>
<suite>
<stat pass="4" fail="0" skip="0" id="s1" name="Main2">Main2</stat>
</suite>
</statistics>
<errors>
</errors>
</robot>
