<?xml version="1.0" encoding="UTF-8"?>
<robot generator="Robot 7.0 (Python 3.11.9 on win32)" generated="2024-07-06T16:45:03.416306" rpa="false" schemaversion="5">
<suite id="s1" name="testViews" source="C:\Users\Owner\OneDrive\Documents\GitHub\DahlgrenTest\RFTest\examples\RFGHelper\testViews.robot">
<test id="s1-t1" name="Startup" line="17">
<kw name="RF GUI Helper: Suite Start" owner="rfghelper">
<kw name="Configure Image Library" owner="DataExtraction">
<kw name="Run Keyword If" owner="BuiltIn">
<kw name="Set Suite Variable" owner="BuiltIn">
<msg time="2024-07-06T16:45:04.867137" level="INFO">${imageLib} = sikuliLib</msg>
<arg>${imageLib}</arg>
<arg>sikuliLib</arg>
<doc>Makes a variable available everywhere within the scope of the current suite.</doc>
<status status="PASS" start="2024-07-06T16:45:04.867137" elapsed="0.000000"/>
</kw>
<arg>'${type}'=='Sikuli'</arg>
<arg>Set Suite Variable</arg>
<arg>${imageLib}</arg>
<arg>sikuliLib</arg>
<doc>Runs the given keyword with the given arguments, if ``condition`` is true.</doc>
<status status="PASS" start="2024-07-06T16:45:04.866136" elapsed="0.001001"/>
</kw>
<kw name="Run Keyword If" owner="BuiltIn">
<kw name="Configure Sikuli" owner="sikuliLib">
<arg>${remoteVNC}</arg>
<doc>Part of *Test Configuration*</doc>
<status status="PASS" start="2024-07-06T16:45:04.868136" elapsed="0.000000"/>
</kw>
<arg>'${type}'=='Sikuli'</arg>
<arg>${imageLib}.Configure Sikuli</arg>
<arg>${remoteVNC}</arg>
<doc>Runs the given keyword with the given arguments, if ``condition`` is true.</doc>
<status status="PASS" start="2024-07-06T16:45:04.867137" elapsed="0.000999"/>
</kw>
<kw name="Run Keyword" owner="BuiltIn">
<kw name="Configure Image Path" owner="sikuliLib">
<arg>${datapath}</arg>
<doc>Part of *Test Configuration*</doc>
<status status="PASS" start="2024-07-06T16:45:04.869136" elapsed="0.000000"/>
</kw>
<arg>${imageLib}.Configure Image Path</arg>
<arg>${datapath}</arg>
<doc>Executes the given keyword with the given arguments.</doc>
<status status="PASS" start="2024-07-06T16:45:04.869136" elapsed="0.000000"/>
</kw>
<kw name="Log" owner="BuiltIn">
<msg time="2024-07-06T16:45:04.870135" level="INFO">Data Path configured</msg>
<arg>Data Path configured</arg>
<doc>Logs the given message with the given level.</doc>
<status status="PASS" start="2024-07-06T16:45:04.870135" elapsed="0.000000"/>
</kw>
<kw name="Configure Data Path" owner="oqe">
<arg>${datapath}</arg>
<doc>Part of *Test Setup*.</doc>
<status status="PASS" start="2024-07-06T16:45:04.870135" elapsed="0.000000"/>
</kw>
<arg>Sikuli</arg>
<arg>${DATA_PATH}</arg>
<doc>Part of *Test Setup*.
Determines the _type_ of test as either Sikuli or Selenium. Other options may follow
The function also sets the datapath for all images and test data files.
Only in the case of a Selenium test, the browser and URL are also identified.
*NOTE* You must call _Configure Image Libaray_ before any of a number of functions
Using the data path and image library. Best to do so during test setup.</doc>
<status status="PASS" start="2024-07-06T16:45:04.865137" elapsed="0.004998"/>
</kw>
<kw name="Set Log Level" owner="BuiltIn">
<msg time="2024-07-06T16:45:04.871135" level="DEBUG">Log level changed from INFO to TRACE.</msg>
<msg time="2024-07-06T16:45:04.871135" level="TRACE">Return: 'INFO'</msg>
<arg>TRACE</arg>
<doc>Sets the log threshold to the specified level.</doc>
<status status="PASS" start="2024-07-06T16:45:04.871135" elapsed="0.000000"/>
</kw>
<kw name="Archive Any Previous Data" owner="oqe">
<msg time="2024-07-06T16:45:04.871135" level="TRACE">Arguments: [  ]</msg>
<msg time="2024-07-06T16:45:05.000121" level="TRACE">Return: None</msg>
<doc>Part of *Test Setup*</doc>
<status status="PASS" start="2024-07-06T16:45:04.871135" elapsed="0.128986"/>
</kw>
<kw name="New Test Event" owner="DataExtraction">
<msg time="2024-07-06T16:45:05.001122" level="TRACE">Arguments: [ ${CASE NAME}='Startup' ]</msg>
<kw name="Create Test Case" owner="oqe">
<msg time="2024-07-06T16:45:05.002122" level="TRACE">Arguments: [ 'Startup' ]</msg>
<msg time="2024-07-06T16:45:05.002122" level="TRACE">Return: 'Startup 2024-07-06 16:45:05.002122'</msg>
<msg time="2024-07-06T16:45:05.002122" level="INFO">${FULL TEST} = Startup 2024-07-06 16:45:05.002122</msg>
<var>${FULL TEST}</var>
<arg>${CASE NAME}</arg>
<doc>Part of *Test Setup*</doc>
<status status="PASS" start="2024-07-06T16:45:05.001122" elapsed="0.002001"/>
</kw>
<return>
<value>${FULL TEST}</value>
<status status="PASS" start="2024-07-06T16:45:05.003123" elapsed="0.000000"/>
</return>
<msg time="2024-07-06T16:45:05.003123" level="TRACE">Return: 'Startup 2024-07-06 16:45:05.002122'</msg>
<arg>${TEST NAME}</arg>
<doc>Part of *Test Setup*.
New Test Event corresponds with output functions that create a new
data structure in the test data and a new line in the report.</doc>
<status status="PASS" start="2024-07-06T16:45:05.001122" elapsed="0.002001"/>
</kw>
<msg time="2024-07-06T16:45:05.003123" level="TRACE">Return: None</msg>
<arg>${DATA PATH}</arg>
<doc>This keyword is the preferred way to start a test against the RFGUIHelper
It configures the OQE library, manages logging, archives data, and sets up the new test event.
= Examples =
| | = DATA PATH = |
| RF GUI Helper: Suite Start | c:/somefolder/datafolder |</doc>
<status status="PASS" start="2024-07-06T16:45:04.864137" elapsed="0.138986"/>
</kw>
<kw name="RF GUI Helper: Open" owner="rfghelper">
<msg time="2024-07-06T16:45:05.005122" level="TRACE">Arguments: [ ${DATA PATH}='C:/Users/Owner/OneDrive/Documents/RFData3_1' | ${REMOTE}='None' ]</msg>
<kw name="Banner" owner="DataExtraction">
<msg time="2024-07-06T16:45:05.006121" level="TRACE">Arguments: [ ${Title}='Starting RF GUI Helper' ]</msg>
<kw name="Write Data" owner="oqe">
<msg time="2024-07-06T16:45:05.006121" level="TRACE">Arguments: [ '==' | '==' | '--' | 'Starting RF GUI Helper' ]</msg>
<msg time="2024-07-06T16:45:05.007120" level="TRACE">Return: None</msg>
<arg>==</arg>
<arg>==</arg>
<arg>--</arg>
<arg>${Title}</arg>
<doc>Part of *Output Functions*</doc>
<status status="PASS" start="2024-07-06T16:45:05.006121" elapsed="0.000999"/>
</kw>
<msg time="2024-07-06T16:45:05.007120" level="TRACE">Return: None</msg>
<arg>Starting RF GUI Helper</arg>
<doc>Part of *Report Formatting*</doc>
<status status="PASS" start="2024-07-06T16:45:05.005122" elapsed="0.001998"/>
</kw>
<kw name="Start Process" owner="Process">
<msg time="2024-07-06T16:45:05.008121" level="TRACE">Arguments: [ 'python' | 'C:/Users/Owner/OneDrive/Documents/GitHub/DahlgrenTest/RFGUIHelper/RFGUIHelp.py' ]</msg>
<msg time="2024-07-06T16:45:05.008121" level="INFO">Starting process:
python C:/Users/Owner/OneDrive/Documents/GitHub/DahlgrenTest/RFGUIHelper/RFGUIHelp.py</msg>
<msg time="2024-07-06T16:45:05.008121" level="DEBUG">Process configuration:
cwd:     C:\Users\Owner\OneDrive\Documents\GitHub\DahlgrenTest\RFTest
shell:   False
stdout:  PIPE
stderr:  PIPE
stdin:   None
alias:   None
env:     None</msg>
<msg time="2024-07-06T16:45:05.026118" level="TRACE">Return: &lt;Popen: returncode: None args: ['python', 'C:/Users/Owner/OneDrive/Documents...&gt;</msg>
<arg>python</arg>
<arg>${test_app}</arg>
<doc>Starts a new process on background.</doc>
<status status="PASS" start="2024-07-06T16:45:05.008121" elapsed="0.017997"/>
</kw>
<kw name="Configure" owner="primary">
<msg time="2024-07-06T16:45:05.027118" level="TRACE">Arguments: [ 'Sikuli' | 'C:/Users/Owner/OneDrive/Documents/GitHub/DahlgrenTest/RFTest/examples/RFGHelper/mainwindow/mainwindow.json' | 'C:/Users/Owner/OneDrive/Documents/RFData3_1' | 'None' ]</msg>
<msg time="2024-07-06T16:45:05.027118" level="DEBUG">Command to send: c
t
addImagePath
sC:\\Users\\Owner\\OneDrive\\Documents\\GitHub\\DahlgrenTest\\RFTest
i306
e
</msg>
<msg time="2024-07-06T16:45:05.031118" level="DEBUG">Answer received: !yv</msg>
<msg time="2024-07-06T16:45:05.035118" level="INFO">View[main]: {}
View[fileMenu]: {'main': [-5, 0]}
View[viewMenu]: {'main': [-28, -22]}
View[unfocusedMain]: {}</msg>
<msg time="2024-07-06T16:45:05.035118" level="TRACE">Return: None</msg>
<arg>Sikuli</arg>
<arg>${main_config_path}</arg>
<arg>${DATA PATH}</arg>
<arg>${REMOTE}</arg>
<doc>Sets up the details of the generic window for a specific test</doc>
<status status="PASS" start="2024-07-06T16:45:05.026118" elapsed="0.009000"/>
</kw>
<kw name="Configure" owner="secondary">
<msg time="2024-07-06T16:45:05.036119" level="TRACE">Arguments: [ 'Sikuli' | 'C:/Users/Owner/OneDrive/Documents/GitHub/DahlgrenTest/RFTest/examples/RFGHelper/imgwindow/imgWindow.json' | 'C:/Users/Owner/OneDrive/Documents/RFData3_1' | 'None' ]</msg>
<msg time="2024-07-06T16:45:05.036119" level="DEBUG">Command to send: c
t
addImagePath
sC:\\Users\\Owner\\OneDrive\\Documents\\GitHub\\DahlgrenTest\\RFTest
i665
e
</msg>
<msg time="2024-07-06T16:45:05.040118" level="DEBUG">Answer received: !yv</msg>
<msg time="2024-07-06T16:45:05.042119" level="INFO">View[imageWindow]: {}
View[iwUnfocused]: {}</msg>
<msg time="2024-07-06T16:45:05.042119" level="TRACE">Return: None</msg>
<arg>Sikuli</arg>
<arg>${img_config_path}</arg>
<arg>${DATA PATH}</arg>
<arg>${REMOTE}</arg>
<doc>Sets up the details of the generic window for a specific test</doc>
<status status="PASS" start="2024-07-06T16:45:05.036119" elapsed="0.006000"/>
</kw>
<kw name="Configure" owner="auxiliary">
<msg time="2024-07-06T16:45:05.043117" level="TRACE">Arguments: [ 'Sikuli' | 'C:/Users/Owner/OneDrive/Documents/GitHub/DahlgrenTest/RFTest/examples/RFGHelper/auxwindows/auxwindows.json' | 'C:/Users/Owner/OneDrive/Documents/RFData3_1' | 'None' ]</msg>
<msg time="2024-07-06T16:45:05.044117" level="DEBUG">Command to send: c
t
addImagePath
sC:\\Users\\Owner\\OneDrive\\Documents\\GitHub\\DahlgrenTest\\RFTest
i27
e
</msg>
<msg time="2024-07-06T16:45:05.057115" level="DEBUG">Answer received: !yv</msg>
<msg time="2024-07-06T16:45:05.068114" level="INFO">View[deleteView]: {}
View[imageUpdate]: {}
View[openFile]: {}
View[saveProgress]: {}
View[imageDefinition]: {}
View[saveDecision]: {}
View[singleViewSelect]: {}
View[projectStart]: {}
View[saveFile]: {}
View[widgetEditor]: {}
View[widgetType]: {}
View[weUnfocused]: {}
View[weDirection]: {}</msg>
<msg time="2024-07-06T16:45:05.068114" level="TRACE">Return: None</msg>
<arg>Sikuli</arg>
<arg>${aux_config_path}</arg>
<arg>${DATA PATH}</arg>
<arg>${REMOTE}</arg>
<doc>Sets up the details of the generic window for a specific test</doc>
<status status="PASS" start="2024-07-06T16:45:05.043117" elapsed="0.024997"/>
</kw>
<kw name="RF GUI Helper: Locate Window" owner="rfghelper">
<msg time="2024-07-06T16:45:05.069114" level="TRACE">Arguments: [ ${window}='primary' ]</msg>
<kw name="Evaluate" owner="BuiltIn">
<msg time="2024-07-06T16:45:05.070113" level="TRACE">Arguments: [ "'mainFocused'" ]</msg>
<msg time="2024-07-06T16:45:05.070113" level="TRACE">Return: 'mainFocused'</msg>
<msg time="2024-07-06T16:45:05.070113" level="INFO">${view} = mainFocused</msg>
<var>${view}</var>
<arg>'mainFocused'</arg>
<doc>Evaluates the given expression in Python and returns the result.</doc>
<status status="PASS" start="2024-07-06T16:45:05.070113" elapsed="0.000000"/>
</kw>
<kw name="Evaluate" owner="BuiltIn">
<msg time="2024-07-06T16:45:05.071113" level="TRACE">Arguments: [ '240' ]</msg>
<msg time="2024-07-06T16:45:05.071113" level="TRACE">Return: 240</msg>
<msg time="2024-07-06T16:45:05.071113" level="INFO">${x} = 240</msg>
<var>${x}</var>
<arg>240</arg>
<doc>Evaluates the given expression in Python and returns the result.</doc>
<status status="PASS" start="2024-07-06T16:45:05.071113" elapsed="0.000000"/>
</kw>
<kw name="Evaluate" owner="BuiltIn">
<msg time="2024-07-06T16:45:05.071113" level="TRACE">Arguments: [ '50' ]</msg>
<msg time="2024-07-06T16:45:05.072113" level="TRACE">Return: 50</msg>
<msg time="2024-07-06T16:45:05.072113" level="INFO">${y} = 50</msg>
<var>${y}</var>
<arg>50</arg>
<doc>Evaluates the given expression in Python and returns the result.</doc>
<status status="PASS" start="2024-07-06T16:45:05.071113" elapsed="0.001000"/>
</kw>
<if>
<branch type="IF" condition="'${window}'=='secondary'">
<kw name="Evaluate" owner="BuiltIn">
<var>${view}</var>
<arg>'None'</arg>
<doc>Evaluates the given expression in Python and returns the result.</doc>
<status status="NOT RUN" start="2024-07-06T16:45:05.073113" elapsed="0.000000"/>
</kw>
<kw name="Evaluate" owner="BuiltIn">
<var>${x}</var>
<arg>840</arg>
<doc>Evaluates the given expression in Python and returns the result.</doc>
<status status="NOT RUN" start="2024-07-06T16:45:05.073113" elapsed="0.000000"/>
</kw>
<status status="NOT RUN" start="2024-07-06T16:45:05.072113" elapsed="0.001000"/>
</branch>
<status status="PASS" start="2024-07-06T16:45:05.072113" elapsed="0.001000"/>
</if>
<kw name="Log To Console" owner="BuiltIn">
<msg time="2024-07-06T16:45:05.074113" level="TRACE">Arguments: [ 'RF GUI Helper: Locate Window primary @ (240, 50)' ]</msg>
<msg time="2024-07-06T16:45:05.074113" level="TRACE">Return: None</msg>
<arg>RF GUI Helper: Locate Window ${window} @ (${x}, ${y})</arg>
<doc>Logs the given message to the console.</doc>
<status status="PASS" start="2024-07-06T16:45:05.073113" elapsed="0.001000"/>
</kw>
<kw name="RF GUI Helper: Gain Focus" owner="rfghelper">
<msg time="2024-07-06T16:45:05.075113" level="TRACE">Arguments: [ ${window}='primary' ]</msg>
<kw name="Sleep" owner="BuiltIn">
<msg time="2024-07-06T16:45:05.076113" level="TRACE">Arguments: [ '1s' ]</msg>
<msg time="2024-07-06T16:45:06.076995" level="INFO">Slept 1 second.</msg>
<msg time="2024-07-06T16:45:06.076995" level="TRACE">Return: None</msg>
<arg>1s</arg>
<doc>Pauses the test executed for the given time.</doc>
<status status="PASS" start="2024-07-06T16:45:05.076113" elapsed="1.000882"/>
</kw>
<kw name="Run Keyword" owner="BuiltIn">
<msg time="2024-07-06T16:45:06.076995" level="TRACE">Arguments: [ '${window}.Find' ]</msg>
<kw name="Find" owner="primary">
<msg time="2024-07-06T16:45:06.077996" level="TRACE">Arguments: [  ]</msg>
<msg time="2024-07-06T16:45:06.078996" level="DEBUG">Command to send: c
t
getScreen
e
</msg>
<msg time="2024-07-06T16:45:06.079996" level="DEBUG">Answer received: !yro18</msg>
<msg time="2024-07-06T16:45:06.079996" level="DEBUG">Command to send: c
t
createPattern
sC:/Users/Owner/OneDrive/Documents/GitHub/DahlgrenTest/RFTest/examples/RFGHelper/mainwindow\\mainFocused.png
e
</msg>
<msg time="2024-07-06T16:45:06.127990" level="DEBUG">Answer received: !yro19</msg>
<msg time="2024-07-06T16:45:06.127990" level="DEBUG">Command to send: c
o18
find
ro19
e
</msg>
<msg time="2024-07-06T16:45:06.335005" level="DEBUG">Answer received: !yro20</msg>
<msg time="2024-07-06T16:45:06.335005" level="DEBUG">Command to send: c
o20
getScore
e
</msg>
<msg time="2024-07-06T16:45:06.335986" level="DEBUG">Answer received: !yd1.0</msg>
<msg time="2024-07-06T16:45:06.335986" level="DEBUG">Command to send: c
o20
getTarget
e
</msg>
<msg time="2024-07-06T16:45:06.336966" level="DEBUG">Answer received: !yro21</msg>
<msg time="2024-07-06T16:45:06.336966" level="DEBUG">Command to send: c
o21
getX
e
</msg>
<msg time="2024-07-06T16:45:06.336966" level="DEBUG">Answer received: !yi119</msg>
<msg time="2024-07-06T16:45:06.336966" level="DEBUG">Command to send: c
o21
getY
e
</msg>
<msg time="2024-07-06T16:45:06.337966" level="DEBUG">Answer received: !yi67</msg>
<msg time="2024-07-06T16:45:06.337966" level="TRACE">Return: 'mainFocused'</msg>
<doc>Called to locate any anchor for the window and revise relative locations to 
widgets.</doc>
<status status="PASS" start="2024-07-06T16:45:06.077996" elapsed="0.259970"/>
</kw>
<msg time="2024-07-06T16:45:06.337966" level="TRACE">Return: 'mainFocused'</msg>
<msg time="2024-07-06T16:45:06.337966" level="INFO">${name} = mainFocused</msg>
<var>${name}</var>
<arg>${window}.Find</arg>
<doc>Executes the given keyword with the given arguments.</doc>
<status status="PASS" start="2024-07-06T16:45:06.076995" elapsed="0.260971"/>
</kw>
<kw name="Run Keyword" owner="BuiltIn">
<msg time="2024-07-06T16:45:06.337966" level="TRACE">Arguments: [ '${window}.Click' | '${name}' ]</msg>
<kw name="Click" owner="primary">
<msg time="2024-07-06T16:45:06.339001" level="TRACE">Arguments: [ 'mainFocused' ]</msg>
<msg time="2024-07-06T16:45:06.340002" level="DEBUG">Command to send: c
t
getScreen
e
</msg>
<msg time="2024-07-06T16:45:06.340002" level="DEBUG">Answer received: !yro22</msg>
<msg time="2024-07-06T16:45:06.341005" level="DEBUG">Command to send: c
o22
newRegion
i65
i58
i109
i19
e
</msg>
<msg time="2024-07-06T16:45:06.341965" level="DEBUG">Answer received: !yro23</msg>
<msg time="2024-07-06T16:45:06.341965" level="DEBUG">Command to send: c
t
checkAndSetRemote
ro22
ro23
bFalse
e
</msg>
<msg time="2024-07-06T16:45:06.341965" level="DEBUG">Answer received: !ybtrue</msg>
<msg time="2024-07-06T16:45:06.341965" level="DEBUG">Command to send: c
o23
click
e
</msg>
<msg time="2024-07-06T16:45:06.921899" level="DEBUG">Answer received: !yi1</msg>
<msg time="2024-07-06T16:45:06.922900" level="TRACE">Return: None</msg>
<arg>${name}</arg>
<doc>Clicks on the intended widget</doc>
<status status="PASS" start="2024-07-06T16:45:06.339001" elapsed="0.583899"/>
</kw>
<msg time="2024-07-06T16:45:06.922900" level="TRACE">Return: None</msg>
<arg>${window}.Click</arg>
<arg>${name}</arg>
<doc>Executes the given keyword with the given arguments.</doc>
<status status="PASS" start="2024-07-06T16:45:06.337966" elapsed="0.584934"/>
</kw>
<kw name="Run Keyword" owner="BuiltIn">
<msg time="2024-07-06T16:45:06.923899" level="TRACE">Arguments: [ '${window}.Find' ]</msg>
<kw name="Find" owner="primary">
<msg time="2024-07-06T16:45:06.924898" level="TRACE">Arguments: [  ]</msg>
<msg time="2024-07-06T16:45:06.926897" level="DEBUG">Command to send: c
t
getScreen
e
</msg>
<msg time="2024-07-06T16:45:06.928898" level="DEBUG">Answer received: !yro24</msg>
<msg time="2024-07-06T16:45:06.928898" level="DEBUG">Command to send: c
t
createPattern
sC:/Users/Owner/OneDrive/Documents/GitHub/DahlgrenTest/RFTest/examples/RFGHelper/mainwindow\\mainFocused.png
e
</msg>
<msg time="2024-07-06T16:45:06.933897" level="DEBUG">Answer received: !yro25</msg>
<msg time="2024-07-06T16:45:06.933897" level="DEBUG">Command to send: c
o24
find
ro25
e
</msg>
<msg time="2024-07-06T16:45:07.292858" level="DEBUG">Answer received: !yro26</msg>
<msg time="2024-07-06T16:45:07.292858" level="DEBUG">Command to send: c
o26
getScore
e
</msg>
<msg time="2024-07-06T16:45:07.293856" level="DEBUG">Answer received: !yd1.0</msg>
<msg time="2024-07-06T16:45:07.293856" level="DEBUG">Command to send: c
o26
getTarget
e
</msg>
<msg time="2024-07-06T16:45:07.294854" level="DEBUG">Answer received: !yro27</msg>
<msg time="2024-07-06T16:45:07.294854" level="DEBUG">Command to send: c
o27
getX
e
</msg>
<msg time="2024-07-06T16:45:07.294854" level="DEBUG">Answer received: !yi119</msg>
<msg time="2024-07-06T16:45:07.294854" level="DEBUG">Command to send: c
o27
getY
e
</msg>
<msg time="2024-07-06T16:45:07.295855" level="DEBUG">Answer received: !yi67</msg>
<msg time="2024-07-06T16:45:07.295855" level="TRACE">Return: 'mainFocused'</msg>
<doc>Called to locate any anchor for the window and revise relative locations to 
widgets.</doc>
<status status="PASS" start="2024-07-06T16:45:06.924898" elapsed="0.370957"/>
</kw>
<msg time="2024-07-06T16:45:07.295855" level="TRACE">Return: 'mainFocused'</msg>
<arg>${window}.Find</arg>
<doc>Executes the given keyword with the given arguments.</doc>
<status status="PASS" start="2024-07-06T16:45:06.922900" elapsed="0.373955"/>
</kw>
<kw name="Wait Until Keyword Succeeds" owner="BuiltIn">
<msg time="2024-07-06T16:45:07.296855" level="TRACE">Arguments: [ '2x' | '1s' | 'RF GUI Helper: Verify View' | '${window}' ]</msg>
<kw name="RF GUI Helper: Verify View" owner="rfghelper">
<msg time="2024-07-06T16:45:07.297853" level="TRACE">Arguments: [ ${window}='primary' ]</msg>
<kw name="Log To Console" owner="BuiltIn">
<msg time="2024-07-06T16:45:07.298855" level="TRACE">Arguments: [ 'RF GUI Helper: Verify View' ]</msg>
<msg time="2024-07-06T16:45:07.299854" level="TRACE">Return: None</msg>
<arg>RF GUI Helper: Verify View</arg>
<doc>Logs the given message to the console.</doc>
<status status="PASS" start="2024-07-06T16:45:07.298855" elapsed="0.000999"/>
</kw>
<kw name="Run Keyword" owner="BuiltIn">
<msg time="2024-07-06T16:45:07.299854" level="TRACE">Arguments: [ '${window}.Expected View' ]</msg>
<kw name="Expected View" owner="primary">
<msg time="2024-07-06T16:45:07.300854" level="TRACE">Arguments: [  ]</msg>
<msg time="2024-07-06T16:45:07.301855" level="TRACE">Return: 'View[main]'</msg>
<doc>Returns the name of the current view which represents what the WINDOW LOGIC things is currently on display</doc>
<status status="PASS" start="2024-07-06T16:45:07.300854" elapsed="0.001001"/>
</kw>
<msg time="2024-07-06T16:45:07.301855" level="TRACE">Return: 'View[main]'</msg>
<msg time="2024-07-06T16:45:07.301855" level="INFO">${e} = View[main]</msg>
<var>${e}</var>
<arg>${window}.Expected View</arg>
<doc>Executes the given keyword with the given arguments.</doc>
<status status="PASS" start="2024-07-06T16:45:07.299854" elapsed="0.002001"/>
</kw>
<kw name="Run Keyword" owner="BuiltIn">
<msg time="2024-07-06T16:45:07.301855" level="TRACE">Arguments: [ '${window}.Actual View' ]</msg>
<kw name="Actual View" owner="primary">
<msg time="2024-07-06T16:45:07.302854" level="TRACE">Arguments: [  ]</msg>
<msg time="2024-07-06T16:45:07.304855" level="DEBUG">Command to send: c
t
getScreen
e
</msg>
<msg time="2024-07-06T16:45:07.305853" level="DEBUG">Answer received: !yro28</msg>
<msg time="2024-07-06T16:45:07.305853" level="DEBUG">Command to send: c
t
createPattern
sC:/Users/Owner/OneDrive/Documents/GitHub/DahlgrenTest/RFTest/examples/RFGHelper/mainwindow\\mainFocused.png
e
</msg>
<msg time="2024-07-06T16:45:07.309853" level="DEBUG">Answer received: !yro29</msg>
<msg time="2024-07-06T16:45:07.309853" level="DEBUG">Command to send: c
o28
find
ro29
e
</msg>
<msg time="2024-07-06T16:45:07.601821" level="DEBUG">Answer received: !yro30</msg>
<msg time="2024-07-06T16:45:07.602820" level="DEBUG">Command to send: c
o30
getScore
e
</msg>
<msg time="2024-07-06T16:45:07.602820" level="DEBUG">Answer received: !yd1.0</msg>
<msg time="2024-07-06T16:45:07.602820" level="DEBUG">Command to send: c
o30
getTarget
e
</msg>
<msg time="2024-07-06T16:45:07.603818" level="DEBUG">Answer received: !yro31</msg>
<msg time="2024-07-06T16:45:07.603818" level="DEBUG">Command to send: c
o31
getX
e
</msg>
<msg time="2024-07-06T16:45:07.603818" level="DEBUG">Answer received: !yi119</msg>
<msg time="2024-07-06T16:45:07.604819" level="DEBUG">Command to send: c
o31
getY
e
</msg>
<msg time="2024-07-06T16:45:07.604819" level="DEBUG">Answer received: !yi67</msg>
<msg time="2024-07-06T16:45:07.604819" level="TRACE">Return: 'View[main]'</msg>
<doc>Returns the name of a view which can be verified (starting with current view) which represent reality.
Useful to periodically verify the window logic.</doc>
<status status="PASS" start="2024-07-06T16:45:07.302854" elapsed="0.301965"/>
</kw>
<msg time="2024-07-06T16:45:07.604819" level="TRACE">Return: 'View[main]'</msg>
<msg time="2024-07-06T16:45:07.605820" level="INFO">${a} = View[main]</msg>
<var>${a}</var>
<arg>${window}.Actual View</arg>
<doc>Executes the given keyword with the given arguments.</doc>
<status status="PASS" start="2024-07-06T16:45:07.301855" elapsed="0.303965"/>
</kw>
<kw name="RF GUI Helper: Screen Capture" owner="rfghelper">
<msg time="2024-07-06T16:45:07.606819" level="TRACE">Arguments: [ ${window}='primary' | ${title}='Actual view: View[main]' ]</msg>
<kw name="Run Keyword" owner="BuiltIn">
<msg time="2024-07-06T16:45:07.606819" level="TRACE">Arguments: [ '${window}.Capture Window' ]</msg>
<kw name="Capture Window" owner="primary">
<msg time="2024-07-06T16:45:07.607818" level="TRACE">Arguments: [  ]</msg>
<msg time="2024-07-06T16:45:07.608817" level="DEBUG">Command to send: m
d
o18
e
</msg>
<msg time="2024-07-06T16:45:07.609819" level="DEBUG">Answer received: !yv</msg>
<msg time="2024-07-06T16:45:07.610818" level="DEBUG">Command to send: m
d
o19
e
</msg>
<msg time="2024-07-06T16:45:07.610818" level="DEBUG">Answer received: !yv</msg>
<msg time="2024-07-06T16:45:07.611817" level="DEBUG">Command to send: m
d
o20
e
</msg>
<msg time="2024-07-06T16:45:07.611817" level="DEBUG">Answer received: !yv</msg>
<msg time="2024-07-06T16:45:07.611817" level="DEBUG">Command to send: m
d
o21
e
</msg>
<msg time="2024-07-06T16:45:07.612819" level="DEBUG">Answer received: !yv</msg>
<msg time="2024-07-06T16:45:07.612819" level="DEBUG">Command to send: m
d
o22
e
</msg>
<msg time="2024-07-06T16:45:07.612819" level="DEBUG">Answer received: !yv</msg>
<msg time="2024-07-06T16:45:07.612819" level="DEBUG">Command to send: m
d
o23
e
</msg>
<msg time="2024-07-06T16:45:07.613819" level="DEBUG">Answer received: !yv</msg>
<msg time="2024-07-06T16:45:07.613819" level="DEBUG">Command to send: m
d
o24
e
</msg>
<msg time="2024-07-06T16:45:07.613819" level="DEBUG">Answer received: !yv</msg>
<msg time="2024-07-06T16:45:07.614818" level="DEBUG">Command to send: m
d
o25
e
</msg>
<msg time="2024-07-06T16:45:07.614818" level="DEBUG">Answer received: !yv</msg>
<msg time="2024-07-06T16:45:07.614818" level="DEBUG">Command to send: m
d
o26
e
</msg>
<msg time="2024-07-06T16:45:07.615817" level="DEBUG">Answer received: !yv</msg>
<msg time="2024-07-06T16:45:07.615817" level="DEBUG">Command to send: m
d
o27
e
</msg>
<msg time="2024-07-06T16:45:07.615817" level="DEBUG">Answer received: !yv</msg>
<msg time="2024-07-06T16:45:07.615817" level="DEBUG">Command to send: m
d
o28
e
</msg>
<msg time="2024-07-06T16:45:07.616817" level="DEBUG">Answer received: !yv</msg>
<msg time="2024-07-06T16:45:07.616817" level="DEBUG">Command to send: m
d
o29
e
</msg>
<msg time="2024-07-06T16:45:07.616817" level="DEBUG">Answer received: !yv</msg>
<msg time="2024-07-06T16:45:07.616817" level="DEBUG">Command to send: m
d
o31
e
</msg>
<msg time="2024-07-06T16:45:07.617817" level="DEBUG">Answer received: !yv</msg>
<msg time="2024-07-06T16:45:07.617817" level="DEBUG">Command to send: c
t
getScreen
e
</msg>
<msg time="2024-07-06T16:45:07.618818" level="DEBUG">Answer received: !yro32</msg>
<msg time="2024-07-06T16:45:07.618818" level="DEBUG">Command to send: c
o32
newRegion
i58
i52
i600
i535
e
</msg>
<msg time="2024-07-06T16:45:07.619818" level="DEBUG">Answer received: !yro33</msg>
<msg time="2024-07-06T16:45:07.619818" level="DEBUG">Command to send: c
t
checkAndSetRemote
ro32
ro33
bFalse
e
</msg>
<msg time="2024-07-06T16:45:07.620817" level="DEBUG">Answer received: !ybtrue</msg>
<msg time="2024-07-06T16:45:07.620817" level="DEBUG">Command to send: c
t
getScreen
e
</msg>
<msg time="2024-07-06T16:45:07.621817" level="DEBUG">Answer received: !yro34</msg>
<msg time="2024-07-06T16:45:07.621817" level="DEBUG">Command to send: c
o34
capture
ro33
e
</msg>
<msg time="2024-07-06T16:45:07.647815" level="DEBUG">Answer received: !yro35</msg>
<msg time="2024-07-06T16:45:07.648814" level="DEBUG">Command to send: c
t
checkAndSetRemote
ro34
ro35
bFalse
e
</msg>
<msg time="2024-07-06T16:45:07.648814" level="DEBUG">Answer received: !ybtrue</msg>
<msg time="2024-07-06T16:45:07.649814" level="DEBUG">Command to send: c
o35
getFilename
e
</msg>
<msg time="2024-07-06T16:45:07.750801" level="DEBUG">Answer received: !ysC:\\Users\\Owner\\AppData\\Local\\Temp\\Sikulix_1263163122\\sikuliximage-1720298707662.png</msg>
<msg time="2024-07-06T16:45:15.146941" level="TRACE">Return: 'C:/Users/Owner/OneDrive/Documents/RFData3_1/IMG/imageGHW.PNG'</msg>
<doc>Takes a picture of the window itself and returns the image file</doc>
<status status="PASS" start="2024-07-06T16:45:07.607818" elapsed="7.539123"/>
</kw>
<msg time="2024-07-06T16:45:15.146941" level="TRACE">Return: 'C:/Users/Owner/OneDrive/Documents/RFData3_1/IMG/imageGHW.PNG'</msg>
<msg time="2024-07-06T16:45:15.147941" level="INFO">${file} = C:/Users/Owner/OneDrive/Documents/RFData3_1/IMG/imageGHW.PNG</msg>
<var>${file}</var>
<arg>${window}.Capture Window</arg>
<doc>Executes the given keyword with the given arguments.</doc>
<status status="PASS" start="2024-07-06T16:45:07.606819" elapsed="7.541122"/>
</kw>
<kw name="Record Screen Image" owner="DataExtraction">
<msg time="2024-07-06T16:45:15.148941" level="TRACE">Arguments: [ ${FILE}='C:/Users/Owner/OneDrive/Documents/RFData3_1/IMG/imageGHW.PNG' | ${CASE NAME}='Startup' | ${STEP NAME}='Actual view: View[main]' ]</msg>
<kw name="Write Image" owner="oqe">
<msg time="2024-07-06T16:45:15.150941" level="TRACE">Arguments: [ 'Startup' | 'Actual view: View[main]' | 'Screenshot' | 'C:/Users/Owner/OneDrive/Documents/RFData3_1/IMG/imageGHW.PNG' ]</msg>
<msg time="2024-07-06T16:45:15.151940" level="TRACE">Return: None</msg>
<arg>${CASE NAME}</arg>
<arg>${STEP NAME}</arg>
<arg>Screenshot</arg>
<arg>${FILE}</arg>
<doc>Part of *Output Functions*</doc>
<status status="PASS" start="2024-07-06T16:45:15.149940" elapsed="0.002000"/>
</kw>
<msg time="2024-07-06T16:45:15.151940" level="TRACE">Return: None</msg>
<arg>${file}</arg>
<arg>${TEST NAME}</arg>
<arg>${title}</arg>
<doc>Part of *Recording Data*</doc>
<status status="PASS" start="2024-07-06T16:45:15.147941" elapsed="0.003999"/>
</kw>
<msg time="2024-07-06T16:45:15.151940" level="TRACE">Return: None</msg>
<arg>primary</arg>
<arg>Actual view: ${a}</arg>
<doc>Takes a full pacture of the window and records it with the given title.
= Examples =
| | = window = | = title = |
| RF GUI Helper: Screen Capture | primary | Main Window |</doc>
<status status="PASS" start="2024-07-06T16:45:07.605820" elapsed="7.547121"/>
</kw>
<if>
<branch type="IF" condition="'${e}'=='${a}'">
<kw name="PASS Token" owner="oqe">
<msg time="2024-07-06T16:45:15.153940" level="TRACE">Arguments: [  ]</msg>
<msg time="2024-07-06T16:45:15.153940" level="TRACE">Return: 'PASS'</msg>
<msg time="2024-07-06T16:45:15.153940" level="INFO">${token} = PASS</msg>
<var>${token}</var>
<doc>Part of *Comparisons*</doc>
<status status="PASS" start="2024-07-06T16:45:15.153940" elapsed="0.000000"/>
</kw>
<kw name="Evaluate" owner="BuiltIn">
<msg time="2024-07-06T16:45:15.154940" level="TRACE">Arguments: [ "'Opened View[main]'" ]</msg>
<msg time="2024-07-06T16:45:15.154940" level="TRACE">Return: 'Opened View[main]'</msg>
<msg time="2024-07-06T16:45:15.154940" level="INFO">${msg} = Opened View[main]</msg>
<var>${msg}</var>
<arg>'Opened ${e}'</arg>
<doc>Evaluates the given expression in Python and returns the result.</doc>
<status status="PASS" start="2024-07-06T16:45:15.154940" elapsed="0.001000"/>
</kw>
<kw name="Log To Console" owner="BuiltIn">
<msg time="2024-07-06T16:45:15.155940" level="TRACE">Arguments: [ '*** MATCH ***' ]</msg>
<msg time="2024-07-06T16:45:15.156940" level="TRACE">Return: None</msg>
<arg>*** MATCH ***</arg>
<doc>Logs the given message to the console.</doc>
<status status="PASS" start="2024-07-06T16:45:15.155940" elapsed="0.001000"/>
</kw>
<status status="PASS" start="2024-07-06T16:45:15.152941" elapsed="0.003999"/>
</branch>
<branch type="ELSE">
<kw name="PASS Token" owner="oqe">
<var>${token}</var>
<doc>Part of *Comparisons*</doc>
<status status="NOT RUN" start="2024-07-06T16:45:15.156940" elapsed="0.000000"/>
</kw>
<kw name="Evaluate" owner="BuiltIn">
<var>${msg}</var>
<arg>'Expected ${e} but got ${a}'</arg>
<doc>Evaluates the given expression in Python and returns the result.</doc>
<status status="NOT RUN" start="2024-07-06T16:45:15.157940" elapsed="0.000000"/>
</kw>
<kw name="Log To Console" owner="BuiltIn">
<arg>*** FAIL ***</arg>
<doc>Logs the given message to the console.</doc>
<status status="NOT RUN" start="2024-07-06T16:45:15.157940" elapsed="0.000000"/>
</kw>
<status status="NOT RUN" start="2024-07-06T16:45:15.156940" elapsed="0.001000"/>
</branch>
<status status="PASS" start="2024-07-06T16:45:15.152941" elapsed="0.005998"/>
</if>
<kw name="Record Test Case" owner="DataExtraction">
<msg time="2024-07-06T16:45:15.159939" level="TRACE">Arguments: [ ${CASE NAME}='Startup' | ${STEP NAME}='RF GUI Helper: Verify View' | ${STATUS}='PASS' | ${MESSAGE}='Opened View[main]' ]</msg>
<kw name="Write Results" owner="oqe">
<msg time="2024-07-06T16:45:15.160939" level="TRACE">Arguments: [ 'Startup' | 'RF GUI Helper: Verify View' | 'PASS' | 'Opened View[main]' ]</msg>
<msg time="2024-07-06T16:45:15.180936" level="TRACE">Return: None</msg>
<arg>${CASE NAME}</arg>
<arg>${STEP NAME}</arg>
<arg>${STATUS}</arg>
<arg>${MESSAGE}</arg>
<doc>Part of *Output Functions*</doc>
<status status="PASS" start="2024-07-06T16:45:15.159939" elapsed="0.020997"/>
</kw>
<msg time="2024-07-06T16:45:15.180936" level="TRACE">Return: None</msg>
<arg>${TEST NAME}</arg>
<arg>RF GUI Helper: Verify View</arg>
<arg>${token}</arg>
<arg>${msg}</arg>
<doc>Part of *Recording Data*</doc>
<status status="PASS" start="2024-07-06T16:45:15.158939" elapsed="0.021997"/>
</kw>
<kw name="Run Keyword If" owner="BuiltIn">
<msg time="2024-07-06T16:45:15.181937" level="TRACE">Arguments: [ "'View[main]'!='View[main]'" | 'Fail' | '${msg}' ]</msg>
<msg time="2024-07-06T16:45:15.181937" level="TRACE">Return: None</msg>
<arg>'${e}'!='${a}'</arg>
<arg>Fail</arg>
<arg>${msg}</arg>
<doc>Runs the given keyword with the given arguments, if ``condition`` is true.</doc>
<status status="PASS" start="2024-07-06T16:45:15.180936" elapsed="0.001001"/>
</kw>
<msg time="2024-07-06T16:45:15.181937" level="TRACE">Return: None</msg>
<arg>${window}</arg>
<doc>Compares the expected and actual views for a given window. Will fail
if they do not match.
= Examples =
| | = window = |
| RF GUI Helper: Verify View | primary |</doc>
<status status="PASS" start="2024-07-06T16:45:07.297853" elapsed="7.885084"/>
</kw>
<msg time="2024-07-06T16:45:15.182937" level="TRACE">Return: None</msg>
<arg>2x</arg>
<arg>1s</arg>
<arg>RF GUI Helper: Verify View</arg>
<arg>${window}</arg>
<doc>Runs the specified keyword and retries if it fails.</doc>
<status status="PASS" start="2024-07-06T16:45:07.296855" elapsed="7.886082"/>
</kw>
<msg time="2024-07-06T16:45:15.182937" level="TRACE">Return: None</msg>
<arg>${window}</arg>
<doc>Finds the given window, which may be unfocused. By clicking on the window, it
gains focus again. It then finds again to ensure we are in the focused view.
= Examples =
| | = window = |
| RF GUI Helper: Gain Focus | primary |</doc>
<status status="PASS" start="2024-07-06T16:45:05.075113" elapsed="10.107824"/>
</kw>
<kw name="RF GUI Helper: Screen Capture" owner="rfghelper">
<msg time="2024-07-06T16:45:15.183937" level="TRACE">Arguments: [ ${window}='primary' | ${title}='Found primary' ]</msg>
<kw name="Run Keyword" owner="BuiltIn">
<msg time="2024-07-06T16:45:15.183937" level="TRACE">Arguments: [ '${window}.Capture Window' ]</msg>
<kw name="Capture Window" owner="primary">
<msg time="2024-07-06T16:45:15.184937" level="TRACE">Arguments: [  ]</msg>
<msg time="2024-07-06T16:45:15.184937" level="DEBUG">Command to send: c
t
getScreen
e
</msg>
<msg time="2024-07-06T16:45:15.185936" level="DEBUG">Answer received: !yro36</msg>
<msg time="2024-07-06T16:45:15.186938" level="DEBUG">Command to send: c
o36
newRegion
i58
i52
i600
i535
e
</msg>
<msg time="2024-07-06T16:45:15.187938" level="DEBUG">Answer received: !yro37</msg>
<msg time="2024-07-06T16:45:15.187938" level="DEBUG">Command to send: c
t
checkAndSetRemote
ro36
ro37
bFalse
e
</msg>
<msg time="2024-07-06T16:45:15.188937" level="DEBUG">Answer received: !ybtrue</msg>
<msg time="2024-07-06T16:45:15.188937" level="DEBUG">Command to send: c
t
getScreen
e
</msg>
<msg time="2024-07-06T16:45:15.188937" level="DEBUG">Answer received: !yro38</msg>
<msg time="2024-07-06T16:45:15.189936" level="DEBUG">Command to send: c
o38
capture
ro37
e
</msg>
<msg time="2024-07-06T16:45:15.209974" level="DEBUG">Answer received: !yro39</msg>
<msg time="2024-07-06T16:45:15.209974" level="DEBUG">Command to send: c
t
checkAndSetRemote
ro38
ro39
bFalse
e
</msg>
<msg time="2024-07-06T16:45:15.210934" level="DEBUG">Answer received: !ybtrue</msg>
<msg time="2024-07-06T16:45:15.210934" level="DEBUG">Command to send: c
o39
getFilename
e
</msg>
<msg time="2024-07-06T16:45:15.287925" level="DEBUG">Answer received: !ysC:\\Users\\Owner\\AppData\\Local\\Temp\\Sikulix_1263163122\\sikuliximage-1720298715222.png</msg>
<msg time="2024-07-06T16:45:15.644882" level="TRACE">Return: 'C:/Users/Owner/OneDrive/Documents/RFData3_1/IMG/imageGHX.PNG'</msg>
<doc>Takes a picture of the window itself and returns the image file</doc>
<status status="PASS" start="2024-07-06T16:45:15.184937" elapsed="0.459945"/>
</kw>
<msg time="2024-07-06T16:45:15.645883" level="TRACE">Return: 'C:/Users/Owner/OneDrive/Documents/RFData3_1/IMG/imageGHX.PNG'</msg>
<msg time="2024-07-06T16:45:15.645883" level="INFO">${file} = C:/Users/Owner/OneDrive/Documents/RFData3_1/IMG/imageGHX.PNG</msg>
<var>${file}</var>
<arg>${window}.Capture Window</arg>
<doc>Executes the given keyword with the given arguments.</doc>
<status status="PASS" start="2024-07-06T16:45:15.183937" elapsed="0.461946"/>
</kw>
<kw name="Record Screen Image" owner="DataExtraction">
<msg time="2024-07-06T16:45:15.645883" level="TRACE">Arguments: [ ${FILE}='C:/Users/Owner/OneDrive/Documents/RFData3_1/IMG/imageGHX.PNG' | ${CASE NAME}='Startup' | ${STEP NAME}='Found primary' ]</msg>
<kw name="Write Image" owner="oqe">
<msg time="2024-07-06T16:45:15.646883" level="TRACE">Arguments: [ 'Startup' | 'Found primary' | 'Screenshot' | 'C:/Users/Owner/OneDrive/Documents/RFData3_1/IMG/imageGHX.PNG' ]</msg>
<msg time="2024-07-06T16:45:15.647882" level="TRACE">Return: None</msg>
<arg>${CASE NAME}</arg>
<arg>${STEP NAME}</arg>
<arg>Screenshot</arg>
<arg>${FILE}</arg>
<doc>Part of *Output Functions*</doc>
<status status="PASS" start="2024-07-06T16:45:15.646883" elapsed="0.000999"/>
</kw>
<msg time="2024-07-06T16:45:15.647882" level="TRACE">Return: None</msg>
<arg>${file}</arg>
<arg>${TEST NAME}</arg>
<arg>${title}</arg>
<doc>Part of *Recording Data*</doc>
<status status="PASS" start="2024-07-06T16:45:15.645883" elapsed="0.001999"/>
</kw>
<msg time="2024-07-06T16:45:15.647882" level="TRACE">Return: None</msg>
<arg>${window}</arg>
<arg>Found ${window}</arg>
<doc>Takes a full pacture of the window and records it with the given title.
= Examples =
| | = window = | = title = |
| RF GUI Helper: Screen Capture | primary | Main Window |</doc>
<status status="PASS" start="2024-07-06T16:45:15.182937" elapsed="0.464945"/>
</kw>
<kw name="Run Keyword" owner="BuiltIn">
<msg time="2024-07-06T16:45:15.648885" level="TRACE">Arguments: [ '${window}.Move' | '${x}' | '${y}' ]</msg>
<kw name="Move" owner="primary">
<msg time="2024-07-06T16:45:15.648885" level="TRACE">Arguments: [ 240 | 50 ]</msg>
<msg time="2024-07-06T16:45:15.648885" level="DEBUG">Command to send: c
t
getScreen
e
</msg>
<msg time="2024-07-06T16:45:15.649885" level="DEBUG">Answer received: !yro40</msg>
<msg time="2024-07-06T16:45:15.650884" level="DEBUG">Command to send: c
o40
newRegion
i215
i61
i143
i11
e
</msg>
<msg time="2024-07-06T16:45:15.650884" level="DEBUG">Answer received: !yro41</msg>
<msg time="2024-07-06T16:45:15.651883" level="DEBUG">Command to send: c
t
checkAndSetRemote
ro40
ro41
bFalse
e
</msg>
<msg time="2024-07-06T16:45:15.651883" level="DEBUG">Answer received: !ybtrue</msg>
<msg time="2024-07-06T16:45:15.651883" level="DEBUG">Command to send: c
t
getScreen
e
</msg>
<msg time="2024-07-06T16:45:15.652885" level="DEBUG">Answer received: !yro42</msg>
<msg time="2024-07-06T16:45:15.652885" level="DEBUG">Command to send: c
o42
newLocation
i240
i50
e
</msg>
<msg time="2024-07-06T16:45:15.673879" level="DEBUG">Answer received: !yro43</msg>
<msg time="2024-07-06T16:45:15.673879" level="DEBUG">Command to send: c
o42
dragDrop
ro41
ro43
e
</msg>
<msg time="2024-07-06T16:45:17.678689" level="DEBUG">Answer received: !yi1</msg>
<msg time="2024-07-06T16:45:17.681647" level="DEBUG">Command to send: c
t
getScreen
e
</msg>
<msg time="2024-07-06T16:45:17.682647" level="DEBUG">Answer received: !yro44</msg>
<msg time="2024-07-06T16:45:17.683647" level="DEBUG">Command to send: c
t
createPattern
sC:/Users/Owner/OneDrive/Documents/GitHub/DahlgrenTest/RFTest/examples/RFGHelper/mainwindow\\mainFocused.png
e
</msg>
<msg time="2024-07-06T16:45:17.690646" level="DEBUG">Answer received: !yro45</msg>
<msg time="2024-07-06T16:45:17.690646" level="DEBUG">Command to send: c
o44
find
ro45
e
</msg>
<msg time="2024-07-06T16:45:17.953622" level="DEBUG">Answer received: !yro46</msg>
<msg time="2024-07-06T16:45:17.953622" level="DEBUG">Command to send: c
o46
getScore
e
</msg>
<msg time="2024-07-06T16:45:17.954614" level="DEBUG">Answer received: !yd0.9999992251396179</msg>
<msg time="2024-07-06T16:45:17.954614" level="DEBUG">Command to send: c
o46
getTarget
e
</msg>
<msg time="2024-07-06T16:45:17.954614" level="DEBUG">Answer received: !yro47</msg>
<msg time="2024-07-06T16:45:17.955615" level="DEBUG">Command to send: c
o47
getX
e
</msg>
<msg time="2024-07-06T16:45:17.955615" level="DEBUG">Answer received: !yi73</msg>
<msg time="2024-07-06T16:45:17.955615" level="DEBUG">Command to send: c
o47
getY
e
</msg>
<msg time="2024-07-06T16:45:17.956615" level="DEBUG">Answer received: !yi51</msg>
<msg time="2024-07-06T16:45:17.956615" level="TRACE">Return: None</msg>
<arg>${x}</arg>
<arg>${y}</arg>
<doc>Move the window to the desired end location
endX - x coordinate of end location
endY - y coordinate of end location</doc>
<status status="PASS" start="2024-07-06T16:45:15.648885" elapsed="2.307730"/>
</kw>
<msg time="2024-07-06T16:45:17.956615" level="TRACE">Return: None</msg>
<arg>${window}.Move</arg>
<arg>${x}</arg>
<arg>${y}</arg>
<doc>Executes the given keyword with the given arguments.</doc>
<status status="PASS" start="2024-07-06T16:45:15.647882" elapsed="2.308733"/>
</kw>
<kw name="RF GUI Helper: Screen Capture" owner="rfghelper">
<msg time="2024-07-06T16:45:17.957614" level="TRACE">Arguments: [ ${window}='primary' | ${title}='After move' ]</msg>
<kw name="Run Keyword" owner="BuiltIn">
<msg time="2024-07-06T16:45:17.958613" level="TRACE">Arguments: [ '${window}.Capture Window' ]</msg>
<kw name="Capture Window" owner="primary">
<msg time="2024-07-06T16:45:17.958613" level="TRACE">Arguments: [  ]</msg>
<msg time="2024-07-06T16:45:17.958613" level="DEBUG">Command to send: c
t
getScreen
e
</msg>
<msg time="2024-07-06T16:45:17.959613" level="DEBUG">Answer received: !yro48</msg>
<msg time="2024-07-06T16:45:17.960617" level="DEBUG">Command to send: c
o48
newRegion
i12
i36
i600
i535
e
</msg>
<msg time="2024-07-06T16:45:17.960617" level="DEBUG">Answer received: !yro49</msg>
<msg time="2024-07-06T16:45:17.960617" level="DEBUG">Command to send: c
t
checkAndSetRemote
ro48
ro49
bFalse
e
</msg>
<msg time="2024-07-06T16:45:17.961613" level="DEBUG">Answer received: !ybtrue</msg>
<msg time="2024-07-06T16:45:17.961613" level="DEBUG">Command to send: c
t
getScreen
e
</msg>
<msg time="2024-07-06T16:45:17.962613" level="DEBUG">Answer received: !yro50</msg>
<msg time="2024-07-06T16:45:17.962613" level="DEBUG">Command to send: c
o50
capture
ro49
e
</msg>
<msg time="2024-07-06T16:45:17.992611" level="DEBUG">Answer received: !yro51</msg>
<msg time="2024-07-06T16:45:17.992611" level="DEBUG">Command to send: c
t
checkAndSetRemote
ro50
ro51
bFalse
e
</msg>
<msg time="2024-07-06T16:45:17.992611" level="DEBUG">Answer received: !ybtrue</msg>
<msg time="2024-07-06T16:45:17.993609" level="DEBUG">Command to send: c
o51
getFilename
e
</msg>
<msg time="2024-07-06T16:45:18.044603" level="DEBUG">Answer received: !ysC:\\Users\\Owner\\AppData\\Local\\Temp\\Sikulix_1263163122\\sikuliximage-1720298718007.png</msg>
<msg time="2024-07-06T16:45:18.394563" level="TRACE">Return: 'C:/Users/Owner/OneDrive/Documents/RFData3_1/IMG/imageGHY.PNG'</msg>
<doc>Takes a picture of the window itself and returns the image file</doc>
<status status="PASS" start="2024-07-06T16:45:17.958613" elapsed="0.435950"/>
</kw>
<msg time="2024-07-06T16:45:18.394563" level="TRACE">Return: 'C:/Users/Owner/OneDrive/Documents/RFData3_1/IMG/imageGHY.PNG'</msg>
<msg time="2024-07-06T16:45:18.394563" level="INFO">${file} = C:/Users/Owner/OneDrive/Documents/RFData3_1/IMG/imageGHY.PNG</msg>
<var>${file}</var>
<arg>${window}.Capture Window</arg>
<doc>Executes the given keyword with the given arguments.</doc>
<status status="PASS" start="2024-07-06T16:45:17.957614" elapsed="0.436949"/>
</kw>
<kw name="Record Screen Image" owner="DataExtraction">
<msg time="2024-07-06T16:45:18.395562" level="TRACE">Arguments: [ ${FILE}='C:/Users/Owner/OneDrive/Documents/RFData3_1/IMG/imageGHY.PNG' | ${CASE NAME}='Startup' | ${STEP NAME}='After move' ]</msg>
<kw name="Write Image" owner="oqe">
<msg time="2024-07-06T16:45:18.395562" level="TRACE">Arguments: [ 'Startup' | 'After move' | 'Screenshot' | 'C:/Users/Owner/OneDrive/Documents/RFData3_1/IMG/imageGHY.PNG' ]</msg>
<msg time="2024-07-06T16:45:18.396562" level="TRACE">Return: None</msg>
<arg>${CASE NAME}</arg>
<arg>${STEP NAME}</arg>
<arg>Screenshot</arg>
<arg>${FILE}</arg>
<doc>Part of *Output Functions*</doc>
<status status="PASS" start="2024-07-06T16:45:18.395562" elapsed="0.001000"/>
</kw>
<msg time="2024-07-06T16:45:18.396562" level="TRACE">Return: None</msg>
<arg>${file}</arg>
<arg>${TEST NAME}</arg>
<arg>${title}</arg>
<doc>Part of *Recording Data*</doc>
<status status="PASS" start="2024-07-06T16:45:18.395562" elapsed="0.001000"/>
</kw>
<msg time="2024-07-06T16:45:18.397562" level="TRACE">Return: None</msg>
<arg>${window}</arg>
<arg>After move</arg>
<doc>Takes a full pacture of the window and records it with the given title.
= Examples =
| | = window = | = title = |
| RF GUI Helper: Screen Capture | primary | Main Window |</doc>
<status status="PASS" start="2024-07-06T16:45:17.957614" elapsed="0.439948"/>
</kw>
<kw name="RF GUI Helper: Gain Focus" owner="rfghelper">
<msg time="2024-07-06T16:45:18.397562" level="TRACE">Arguments: [ ${window}='primary' ]</msg>
<kw name="Sleep" owner="BuiltIn">
<msg time="2024-07-06T16:45:18.398563" level="TRACE">Arguments: [ '1s' ]</msg>
<msg time="2024-07-06T16:45:19.399509" level="INFO">Slept 1 second.</msg>
<msg time="2024-07-06T16:45:19.399509" level="TRACE">Return: None</msg>
<arg>1s</arg>
<doc>Pauses the test executed for the given time.</doc>
<status status="PASS" start="2024-07-06T16:45:18.398563" elapsed="1.000946"/>
</kw>
<kw name="Run Keyword" owner="BuiltIn">
<msg time="2024-07-06T16:45:19.400502" level="TRACE">Arguments: [ '${window}.Find' ]</msg>
<kw name="Find" owner="primary">
<msg time="2024-07-06T16:45:19.401502" level="TRACE">Arguments: [  ]</msg>
<msg time="2024-07-06T16:45:19.403447" level="DEBUG">Command to send: c
t
getScreen
e
</msg>
<msg time="2024-07-06T16:45:19.405447" level="DEBUG">Answer received: !yro52</msg>
<msg time="2024-07-06T16:45:19.405447" level="DEBUG">Command to send: c
t
createPattern
sC:/Users/Owner/OneDrive/Documents/GitHub/DahlgrenTest/RFTest/examples/RFGHelper/mainwindow\\mainFocused.png
e
</msg>
<msg time="2024-07-06T16:45:19.411451" level="DEBUG">Answer received: !yro53</msg>
<msg time="2024-07-06T16:45:19.412452" level="DEBUG">Command to send: c
o52
find
ro53
e
</msg>
<msg time="2024-07-06T16:45:19.652454" level="DEBUG">Answer received: !yro54</msg>
<msg time="2024-07-06T16:45:19.652454" level="DEBUG">Command to send: c
o54
getScore
e
</msg>
<msg time="2024-07-06T16:45:19.653452" level="DEBUG">Answer received: !yd0.9999992251396179</msg>
<msg time="2024-07-06T16:45:19.653452" level="DEBUG">Command to send: c
o54
getTarget
e
</msg>
<msg time="2024-07-06T16:45:19.653452" level="DEBUG">Answer received: !yro55</msg>
<msg time="2024-07-06T16:45:19.653452" level="DEBUG">Command to send: c
o55
getX
e
</msg>
<msg time="2024-07-06T16:45:19.654437" level="DEBUG">Answer received: !yi73</msg>
<msg time="2024-07-06T16:45:19.654437" level="DEBUG">Command to send: c
o55
getY
e
</msg>
<msg time="2024-07-06T16:45:19.654437" level="DEBUG">Answer received: !yi51</msg>
<msg time="2024-07-06T16:45:19.655416" level="TRACE">Return: 'mainFocused'</msg>
<doc>Called to locate any anchor for the window and revise relative locations to 
widgets.</doc>
<status status="PASS" start="2024-07-06T16:45:19.401502" elapsed="0.253914"/>
</kw>
<msg time="2024-07-06T16:45:19.655416" level="TRACE">Return: 'mainFocused'</msg>
<msg time="2024-07-06T16:45:19.655416" level="INFO">${name} = mainFocused</msg>
<var>${name}</var>
<arg>${window}.Find</arg>
<doc>Executes the given keyword with the given arguments.</doc>
<status status="PASS" start="2024-07-06T16:45:19.400502" elapsed="0.254914"/>
</kw>
<kw name="Run Keyword" owner="BuiltIn">
<msg time="2024-07-06T16:45:19.655416" level="TRACE">Arguments: [ '${window}.Click' | '${name}' ]</msg>
<kw name="Click" owner="primary">
<msg time="2024-07-06T16:45:19.656416" level="TRACE">Arguments: [ 'mainFocused' ]</msg>
<msg time="2024-07-06T16:45:19.656416" level="DEBUG">Command to send: c
t
getScreen
e
</msg>
<msg time="2024-07-06T16:45:19.656416" level="DEBUG">Answer received: !yro56</msg>
<msg time="2024-07-06T16:45:19.657416" level="DEBUG">Command to send: c
o56
newRegion
i19
i42
i109
i19
e
</msg>
<msg time="2024-07-06T16:45:19.657416" level="DEBUG">Answer received: !yro57</msg>
<msg time="2024-07-06T16:45:19.658417" level="DEBUG">Command to send: c
t
checkAndSetRemote
ro56
ro57
bFalse
e
</msg>
<msg time="2024-07-06T16:45:19.658417" level="DEBUG">Answer received: !ybtrue</msg>
<msg time="2024-07-06T16:45:19.658417" level="DEBUG">Command to send: c
o57
click
e
</msg>
<msg time="2024-07-06T16:45:20.232350" level="DEBUG">Answer received: !yi1</msg>
<msg time="2024-07-06T16:45:20.232350" level="TRACE">Return: None</msg>
<arg>${name}</arg>
<doc>Clicks on the intended widget</doc>
<status status="PASS" start="2024-07-06T16:45:19.656416" elapsed="0.575934"/>
</kw>
<msg time="2024-07-06T16:45:20.232350" level="TRACE">Return: None</msg>
<arg>${window}.Click</arg>
<arg>${name}</arg>
<doc>Executes the given keyword with the given arguments.</doc>
<status status="PASS" start="2024-07-06T16:45:19.655416" elapsed="0.576934"/>
</kw>
<kw name="Run Keyword" owner="BuiltIn">
<msg time="2024-07-06T16:45:20.233349" level="TRACE">Arguments: [ '${window}.Find' ]</msg>
<kw name="Find" owner="primary">
<msg time="2024-07-06T16:45:20.234351" level="TRACE">Arguments: [  ]</msg>
<msg time="2024-07-06T16:45:20.235351" level="DEBUG">Command to send: c
t
getScreen
e
</msg>
<msg time="2024-07-06T16:45:20.237349" level="DEBUG">Answer received: !yro58</msg>
<msg time="2024-07-06T16:45:20.237349" level="DEBUG">Command to send: c
t
createPattern
sC:/Users/Owner/OneDrive/Documents/GitHub/DahlgrenTest/RFTest/examples/RFGHelper/mainwindow\\mainFocused.png
e
</msg>
<msg time="2024-07-06T16:45:20.240350" level="DEBUG">Answer received: !yro59</msg>
<msg time="2024-07-06T16:45:20.241351" level="DEBUG">Command to send: m
d
o32
e
</msg>
<msg time="2024-07-06T16:45:20.242349" level="DEBUG">Answer received: !yv</msg>
<msg time="2024-07-06T16:45:20.242349" level="DEBUG">Command to send: m
d
o33
e
</msg>
<msg time="2024-07-06T16:45:20.243351" level="DEBUG">Answer received: !yv</msg>
<msg time="2024-07-06T16:45:20.243351" level="DEBUG">Command to send: m
d
o34
e
</msg>
<msg time="2024-07-06T16:45:20.243351" level="DEBUG">Answer received: !yv</msg>
<msg time="2024-07-06T16:45:20.243351" level="DEBUG">Command to send: m
d
o35
e
</msg>
<msg time="2024-07-06T16:45:20.244350" level="DEBUG">Answer received: !yv</msg>
<msg time="2024-07-06T16:45:20.244350" level="DEBUG">Command to send: m
d
o36
e
</msg>
<msg time="2024-07-06T16:45:20.244350" level="DEBUG">Answer received: !yv</msg>
<msg time="2024-07-06T16:45:20.244350" level="DEBUG">Command to send: m
d
o37
e
</msg>
<msg time="2024-07-06T16:45:20.245348" level="DEBUG">Answer received: !yv</msg>
<msg time="2024-07-06T16:45:20.245348" level="DEBUG">Command to send: m
d
o38
e
</msg>
<msg time="2024-07-06T16:45:20.245348" level="DEBUG">Answer received: !yv</msg>
<msg time="2024-07-06T16:45:20.245348" level="DEBUG">Command to send: m
d
o39
e
</msg>
<msg time="2024-07-06T16:45:20.246348" level="DEBUG">Answer received: !yv</msg>
<msg time="2024-07-06T16:45:20.246348" level="DEBUG">Command to send: m
d
o40
e
</msg>
<msg time="2024-07-06T16:45:20.246348" level="DEBUG">Answer received: !yv</msg>
<msg time="2024-07-06T16:45:20.246348" level="DEBUG">Command to send: m
d
o41
e
</msg>
<msg time="2024-07-06T16:45:20.247349" level="DEBUG">Answer received: !yv</msg>
<msg time="2024-07-06T16:45:20.247349" level="DEBUG">Command to send: m
d
o42
e
</msg>
<msg time="2024-07-06T16:45:20.247349" level="DEBUG">Answer received: !yv</msg>
<msg time="2024-07-06T16:45:20.247349" level="DEBUG">Command to send: m
d
o43
e
</msg>
<msg time="2024-07-06T16:45:20.248348" level="DEBUG">Answer received: !yv</msg>
<msg time="2024-07-06T16:45:20.248348" level="DEBUG">Command to send: m
d
o44
e
</msg>
<msg time="2024-07-06T16:45:20.250347" level="DEBUG">Answer received: !yv</msg>
<msg time="2024-07-06T16:45:20.250347" level="DEBUG">Command to send: m
d
o45
e
</msg>
<msg time="2024-07-06T16:45:20.251347" level="DEBUG">Answer received: !yv</msg>
<msg time="2024-07-06T16:45:20.251347" level="DEBUG">Command to send: m
d
o46
e
</msg>
<msg time="2024-07-06T16:45:20.252347" level="DEBUG">Answer received: !yv</msg>
<msg time="2024-07-06T16:45:20.252347" level="DEBUG">Command to send: m
d
o47
e
</msg>
<msg time="2024-07-06T16:45:20.252347" level="DEBUG">Answer received: !yv</msg>
<msg time="2024-07-06T16:45:20.252347" level="DEBUG">Command to send: m
d
o48
e
</msg>
<msg time="2024-07-06T16:45:20.253347" level="DEBUG">Answer received: !yv</msg>
<msg time="2024-07-06T16:45:20.253347" level="DEBUG">Command to send: m
d
o49
e
</msg>
<msg time="2024-07-06T16:45:20.253347" level="DEBUG">Answer received: !yv</msg>
<msg time="2024-07-06T16:45:20.253347" level="DEBUG">Command to send: m
d
o50
e
</msg>
<msg time="2024-07-06T16:45:20.253347" level="DEBUG">Answer received: !yv</msg>
<msg time="2024-07-06T16:45:20.254346" level="DEBUG">Command to send: m
d
o51
e
</msg>
<msg time="2024-07-06T16:45:20.254346" level="DEBUG">Answer received: !yv</msg>
<msg time="2024-07-06T16:45:20.254346" level="DEBUG">Command to send: m
d
o52
e
</msg>
<msg time="2024-07-06T16:45:20.254346" level="DEBUG">Answer received: !yv</msg>
<msg time="2024-07-06T16:45:20.255348" level="DEBUG">Command to send: m
d
o53
e
</msg>
<msg time="2024-07-06T16:45:20.255348" level="DEBUG">Answer received: !yv</msg>
<msg time="2024-07-06T16:45:20.255348" level="DEBUG">Command to send: m
d
o54
e
</msg>
<msg time="2024-07-06T16:45:20.255348" level="DEBUG">Answer received: !yv</msg>
<msg time="2024-07-06T16:45:20.255348" level="DEBUG">Command to send: m
d
o55
e
</msg>
<msg time="2024-07-06T16:45:20.256348" level="DEBUG">Answer received: !yv</msg>
<msg time="2024-07-06T16:45:20.256348" level="DEBUG">Command to send: m
d
o56
e
</msg>
<msg time="2024-07-06T16:45:20.256348" level="DEBUG">Answer received: !yv</msg>
<msg time="2024-07-06T16:45:20.256348" level="DEBUG">Command to send: c
o58
find
ro59
e
</msg>
<msg time="2024-07-06T16:45:20.596309" level="DEBUG">Answer received: !yro60</msg>
<msg time="2024-07-06T16:45:20.596309" level="DEBUG">Command to send: c
o60
getScore
e
</msg>
<msg time="2024-07-06T16:45:20.596309" level="DEBUG">Answer received: !yd0.9999992251396179</msg>
<msg time="2024-07-06T16:45:20.597308" level="DEBUG">Command to send: c
o60
getTarget
e
</msg>
<msg time="2024-07-06T16:45:20.597308" level="DEBUG">Answer received: !yro61</msg>
<msg time="2024-07-06T16:45:20.597308" level="DEBUG">Command to send: c
o61
getX
e
</msg>
<msg time="2024-07-06T16:45:20.598308" level="DEBUG">Answer received: !yi73</msg>
<msg time="2024-07-06T16:45:20.598308" level="DEBUG">Command to send: c
o61
getY
e
</msg>
<msg time="2024-07-06T16:45:20.599308" level="DEBUG">Answer received: !yi51</msg>
<msg time="2024-07-06T16:45:20.599308" level="TRACE">Return: 'mainFocused'</msg>
<doc>Called to locate any anchor for the window and revise relative locations to 
widgets.</doc>
<status status="PASS" start="2024-07-06T16:45:20.234351" elapsed="0.364957"/>
</kw>
<msg time="2024-07-06T16:45:20.599308" level="TRACE">Return: 'mainFocused'</msg>
<arg>${window}.Find</arg>
<doc>Executes the given keyword with the given arguments.</doc>
<status status="PASS" start="2024-07-06T16:45:20.232350" elapsed="0.367957"/>
</kw>
<kw name="Wait Until Keyword Succeeds" owner="BuiltIn">
<msg time="2024-07-06T16:45:20.600307" level="TRACE">Arguments: [ '2x' | '1s' | 'RF GUI Helper: Verify View' | '${window}' ]</msg>
<kw name="RF GUI Helper: Verify View" owner="rfghelper">
<msg time="2024-07-06T16:45:20.602307" level="TRACE">Arguments: [ ${window}='primary' ]</msg>
<kw name="Log To Console" owner="BuiltIn">
<msg time="2024-07-06T16:45:20.602307" level="TRACE">Arguments: [ 'RF GUI Helper: Verify View' ]</msg>
<msg time="2024-07-06T16:45:20.603307" level="TRACE">Return: None</msg>
<arg>RF GUI Helper: Verify View</arg>
<doc>Logs the given message to the console.</doc>
<status status="PASS" start="2024-07-06T16:45:20.602307" elapsed="0.001000"/>
</kw>
<kw name="Run Keyword" owner="BuiltIn">
<msg time="2024-07-06T16:45:20.604307" level="TRACE">Arguments: [ '${window}.Expected View' ]</msg>
<kw name="Expected View" owner="primary">
<msg time="2024-07-06T16:45:20.605308" level="TRACE">Arguments: [  ]</msg>
<msg time="2024-07-06T16:45:20.605308" level="TRACE">Return: 'View[main]'</msg>
<doc>Returns the name of the current view which represents what the WINDOW LOGIC things is currently on display</doc>
<status status="PASS" start="2024-07-06T16:45:20.605308" elapsed="0.000000"/>
</kw>
<msg time="2024-07-06T16:45:20.605308" level="TRACE">Return: 'View[main]'</msg>
<msg time="2024-07-06T16:45:20.605308" level="INFO">${e} = View[main]</msg>
<var>${e}</var>
<arg>${window}.Expected View</arg>
<doc>Executes the given keyword with the given arguments.</doc>
<status status="PASS" start="2024-07-06T16:45:20.604307" elapsed="0.001001"/>
</kw>
<kw name="Run Keyword" owner="BuiltIn">
<msg time="2024-07-06T16:45:20.606307" level="TRACE">Arguments: [ '${window}.Actual View' ]</msg>
<kw name="Actual View" owner="primary">
<msg time="2024-07-06T16:45:20.607307" level="TRACE">Arguments: [  ]</msg>
<msg time="2024-07-06T16:45:20.608306" level="DEBUG">Command to send: c
t
getScreen
e
</msg>
<msg time="2024-07-06T16:45:20.609306" level="DEBUG">Answer received: !yro62</msg>
<msg time="2024-07-06T16:45:20.609306" level="DEBUG">Command to send: c
t
createPattern
sC:/Users/Owner/OneDrive/Documents/GitHub/DahlgrenTest/RFTest/examples/RFGHelper/mainwindow\\mainFocused.png
e
</msg>
<msg time="2024-07-06T16:45:20.614305" level="DEBUG">Answer received: !yro63</msg>
<msg time="2024-07-06T16:45:20.615305" level="DEBUG">Command to send: c
o62
find
ro63
e
</msg>
<msg time="2024-07-06T16:45:20.985264" level="DEBUG">Answer received: !yro64</msg>
<msg time="2024-07-06T16:45:20.985264" level="DEBUG">Command to send: c
o64
getScore
e
</msg>
<msg time="2024-07-06T16:45:20.986262" level="DEBUG">Answer received: !yd0.9999992251396179</msg>
<msg time="2024-07-06T16:45:20.986262" level="DEBUG">Command to send: c
o64
getTarget
e
</msg>
<msg time="2024-07-06T16:45:20.986262" level="DEBUG">Answer received: !yro65</msg>
<msg time="2024-07-06T16:45:20.986262" level="DEBUG">Command to send: c
o65
getX
e
</msg>
<msg time="2024-07-06T16:45:20.987262" level="DEBUG">Answer received: !yi73</msg>
<msg time="2024-07-06T16:45:20.987262" level="DEBUG">Command to send: c
o65
getY
e
</msg>
<msg time="2024-07-06T16:45:20.987262" level="DEBUG">Answer received: !yi51</msg>
<msg time="2024-07-06T16:45:20.988262" level="TRACE">Return: 'View[main]'</msg>
<doc>Returns the name of a view which can be verified (starting with current view) which represent reality.
Useful to periodically verify the window logic.</doc>
<status status="PASS" start="2024-07-06T16:45:20.607307" elapsed="0.380955"/>
</kw>
<msg time="2024-07-06T16:45:20.988262" level="TRACE">Return: 'View[main]'</msg>
<msg time="2024-07-06T16:45:20.988262" level="INFO">${a} = View[main]</msg>
<var>${a}</var>
<arg>${window}.Actual View</arg>
<doc>Executes the given keyword with the given arguments.</doc>
<status status="PASS" start="2024-07-06T16:45:20.606307" elapsed="0.381955"/>
</kw>
<kw name="RF GUI Helper: Screen Capture" owner="rfghelper">
<msg time="2024-07-06T16:45:20.989262" level="TRACE">Arguments: [ ${window}='primary' | ${title}='Actual view: View[main]' ]</msg>
<kw name="Run Keyword" owner="BuiltIn">
<msg time="2024-07-06T16:45:20.990262" level="TRACE">Arguments: [ '${window}.Capture Window' ]</msg>
<kw name="Capture Window" owner="primary">
<msg time="2024-07-06T16:45:20.990262" level="TRACE">Arguments: [  ]</msg>
<msg time="2024-07-06T16:45:20.991261" level="DEBUG">Command to send: c
t
getScreen
e
</msg>
<msg time="2024-07-06T16:45:20.993263" level="DEBUG">Answer received: !yro66</msg>
<msg time="2024-07-06T16:45:20.993263" level="DEBUG">Command to send: c
o66
newRegion
i12
i36
i600
i535
e
</msg>
<msg time="2024-07-06T16:45:20.994261" level="DEBUG">Answer received: !yro67</msg>
<msg time="2024-07-06T16:45:20.994261" level="DEBUG">Command to send: c
t
checkAndSetRemote
ro66
ro67
bFalse
e
</msg>
<msg time="2024-07-06T16:45:20.995261" level="DEBUG">Answer received: !ybtrue</msg>
<msg time="2024-07-06T16:45:20.995261" level="DEBUG">Command to send: c
t
getScreen
e
</msg>
<msg time="2024-07-06T16:45:21.004259" level="DEBUG">Answer received: !yro68</msg>
<msg time="2024-07-06T16:45:21.004259" level="DEBUG">Command to send: c
o68
capture
ro67
e
</msg>
<msg time="2024-07-06T16:45:21.029259" level="DEBUG">Answer received: !yro69</msg>
<msg time="2024-07-06T16:45:21.030259" level="DEBUG">Command to send: c
t
checkAndSetRemote
ro68
ro69
bFalse
e
</msg>
<msg time="2024-07-06T16:45:21.030259" level="DEBUG">Answer received: !ybtrue</msg>
<msg time="2024-07-06T16:45:21.030259" level="DEBUG">Command to send: c
o69
getFilename
e
</msg>
<msg time="2024-07-06T16:45:21.089250" level="DEBUG">Answer received: !ysC:\\Users\\Owner\\AppData\\Local\\Temp\\Sikulix_1263163122\\sikuliximage-1720298721054.png</msg>
<msg time="2024-07-06T16:45:21.582192" level="TRACE">Return: 'C:/Users/Owner/OneDrive/Documents/RFData3_1/IMG/imageGHZ.PNG'</msg>
<doc>Takes a picture of the window itself and returns the image file</doc>
<status status="PASS" start="2024-07-06T16:45:20.990262" elapsed="0.591930"/>
</kw>
<msg time="2024-07-06T16:45:21.582192" level="TRACE">Return: 'C:/Users/Owner/OneDrive/Documents/RFData3_1/IMG/imageGHZ.PNG'</msg>
<msg time="2024-07-06T16:45:21.582192" level="INFO">${file} = C:/Users/Owner/OneDrive/Documents/RFData3_1/IMG/imageGHZ.PNG</msg>
<var>${file}</var>
<arg>${window}.Capture Window</arg>
<doc>Executes the given keyword with the given arguments.</doc>
<status status="PASS" start="2024-07-06T16:45:20.990262" elapsed="0.591930"/>
</kw>
<kw name="Record Screen Image" owner="DataExtraction">
<msg time="2024-07-06T16:45:21.583194" level="TRACE">Arguments: [ ${FILE}='C:/Users/Owner/OneDrive/Documents/RFData3_1/IMG/imageGHZ.PNG' | ${CASE NAME}='Startup' | ${STEP NAME}='Actual view: View[main]' ]</msg>
<kw name="Write Image" owner="oqe">
<msg time="2024-07-06T16:45:21.584194" level="TRACE">Arguments: [ 'Startup' | 'Actual view: View[main]' | 'Screenshot' | 'C:/Users/Owner/OneDrive/Documents/RFData3_1/IMG/imageGHZ.PNG' ]</msg>
<msg time="2024-07-06T16:45:21.585192" level="TRACE">Return: None</msg>
<arg>${CASE NAME}</arg>
<arg>${STEP NAME}</arg>
<arg>Screenshot</arg>
<arg>${FILE}</arg>
<doc>Part of *Output Functions*</doc>
<status status="PASS" start="2024-07-06T16:45:21.584194" elapsed="0.000998"/>
</kw>
<msg time="2024-07-06T16:45:21.585192" level="TRACE">Return: None</msg>
<arg>${file}</arg>
<arg>${TEST NAME}</arg>
<arg>${title}</arg>
<doc>Part of *Recording Data*</doc>
<status status="PASS" start="2024-07-06T16:45:21.583194" elapsed="0.001998"/>
</kw>
<msg time="2024-07-06T16:45:21.585192" level="TRACE">Return: None</msg>
<arg>primary</arg>
<arg>Actual view: ${a}</arg>
<doc>Takes a full pacture of the window and records it with the given title.
= Examples =
| | = window = | = title = |
| RF GUI Helper: Screen Capture | primary | Main Window |</doc>
<status status="PASS" start="2024-07-06T16:45:20.988262" elapsed="0.596930"/>
</kw>
<if>
<branch type="IF" condition="'${e}'=='${a}'">
<kw name="PASS Token" owner="oqe">
<msg time="2024-07-06T16:45:21.586192" level="TRACE">Arguments: [  ]</msg>
<msg time="2024-07-06T16:45:21.586192" level="TRACE">Return: 'PASS'</msg>
<msg time="2024-07-06T16:45:21.586192" level="INFO">${token} = PASS</msg>
<var>${token}</var>
<doc>Part of *Comparisons*</doc>
<status status="PASS" start="2024-07-06T16:45:21.586192" elapsed="0.000000"/>
</kw>
<kw name="Evaluate" owner="BuiltIn">
<msg time="2024-07-06T16:45:21.586192" level="TRACE">Arguments: [ "'Opened View[main]'" ]</msg>
<msg time="2024-07-06T16:45:21.587193" level="TRACE">Return: 'Opened View[main]'</msg>
<msg time="2024-07-06T16:45:21.587193" level="INFO">${msg} = Opened View[main]</msg>
<var>${msg}</var>
<arg>'Opened ${e}'</arg>
<doc>Evaluates the given expression in Python and returns the result.</doc>
<status status="PASS" start="2024-07-06T16:45:21.586192" elapsed="0.001001"/>
</kw>
<kw name="Log To Console" owner="BuiltIn">
<msg time="2024-07-06T16:45:21.587193" level="TRACE">Arguments: [ '*** MATCH ***' ]</msg>
<msg time="2024-07-06T16:45:21.587193" level="TRACE">Return: None</msg>
<arg>*** MATCH ***</arg>
<doc>Logs the given message to the console.</doc>
<status status="PASS" start="2024-07-06T16:45:21.587193" elapsed="0.000000"/>
</kw>
<status status="PASS" start="2024-07-06T16:45:21.585192" elapsed="0.003000"/>
</branch>
<branch type="ELSE">
<kw name="PASS Token" owner="oqe">
<var>${token}</var>
<doc>Part of *Comparisons*</doc>
<status status="NOT RUN" start="2024-07-06T16:45:21.588192" elapsed="0.000000"/>
</kw>
<kw name="Evaluate" owner="BuiltIn">
<var>${msg}</var>
<arg>'Expected ${e} but got ${a}'</arg>
<doc>Evaluates the given expression in Python and returns the result.</doc>
<status status="NOT RUN" start="2024-07-06T16:45:21.588192" elapsed="0.000000"/>
</kw>
<kw name="Log To Console" owner="BuiltIn">
<arg>*** FAIL ***</arg>
<doc>Logs the given message to the console.</doc>
<status status="NOT RUN" start="2024-07-06T16:45:21.588192" elapsed="0.000000"/>
</kw>
<status status="NOT RUN" start="2024-07-06T16:45:21.588192" elapsed="0.000000"/>
</branch>
<status status="PASS" start="2024-07-06T16:45:21.585192" elapsed="0.003000"/>
</if>
<kw name="Record Test Case" owner="DataExtraction">
<msg time="2024-07-06T16:45:21.589192" level="TRACE">Arguments: [ ${CASE NAME}='Startup' | ${STEP NAME}='RF GUI Helper: Verify View' | ${STATUS}='PASS' | ${MESSAGE}='Opened View[main]' ]</msg>
<kw name="Write Results" owner="oqe">
<msg time="2024-07-06T16:45:21.590197" level="TRACE">Arguments: [ 'Startup' | 'RF GUI Helper: Verify View' | 'PASS' | 'Opened View[main]' ]</msg>
<msg time="2024-07-06T16:45:21.591192" level="TRACE">Return: None</msg>
<arg>${CASE NAME}</arg>
<arg>${STEP NAME}</arg>
<arg>${STATUS}</arg>
<arg>${MESSAGE}</arg>
<doc>Part of *Output Functions*</doc>
<status status="PASS" start="2024-07-06T16:45:21.590197" elapsed="0.000995"/>
</kw>
<msg time="2024-07-06T16:45:21.591192" level="TRACE">Return: None</msg>
<arg>${TEST NAME}</arg>
<arg>RF GUI Helper: Verify View</arg>
<arg>${token}</arg>
<arg>${msg}</arg>
<doc>Part of *Recording Data*</doc>
<status status="PASS" start="2024-07-06T16:45:21.589192" elapsed="0.002000"/>
</kw>
<kw name="Run Keyword If" owner="BuiltIn">
<msg time="2024-07-06T16:45:21.592192" level="TRACE">Arguments: [ "'View[main]'!='View[main]'" | 'Fail' | '${msg}' ]</msg>
<msg time="2024-07-06T16:45:21.592192" level="TRACE">Return: None</msg>
<arg>'${e}'!='${a}'</arg>
<arg>Fail</arg>
<arg>${msg}</arg>
<doc>Runs the given keyword with the given arguments, if ``condition`` is true.</doc>
<status status="PASS" start="2024-07-06T16:45:21.591192" elapsed="0.001000"/>
</kw>
<msg time="2024-07-06T16:45:21.592192" level="TRACE">Return: None</msg>
<arg>${window}</arg>
<doc>Compares the expected and actual views for a given window. Will fail
if they do not match.
= Examples =
| | = window = |
| RF GUI Helper: Verify View | primary |</doc>
<status status="PASS" start="2024-07-06T16:45:20.601307" elapsed="0.990885"/>
</kw>
<msg time="2024-07-06T16:45:21.592192" level="TRACE">Return: None</msg>
<arg>2x</arg>
<arg>1s</arg>
<arg>RF GUI Helper: Verify View</arg>
<arg>${window}</arg>
<doc>Runs the specified keyword and retries if it fails.</doc>
<status status="PASS" start="2024-07-06T16:45:20.600307" elapsed="0.991885"/>
</kw>
<msg time="2024-07-06T16:45:21.592192" level="TRACE">Return: None</msg>
<arg>primary</arg>
<doc>Finds the given window, which may be unfocused. By clicking on the window, it
gains focus again. It then finds again to ensure we are in the focused view.
= Examples =
| | = window = |
| RF GUI Helper: Gain Focus | primary |</doc>
<status status="PASS" start="2024-07-06T16:45:18.397562" elapsed="3.194630"/>
</kw>
<msg time="2024-07-06T16:45:21.592192" level="TRACE">Return: None</msg>
<arg>primary</arg>
<doc>Finds and moves the specified window to a default position for all tests. The primary
window is at (240, 50) and the secondary at (840, 50).
= Examples =
| | = window = |
| RF GUI Helper: Locate Window | primary |</doc>
<status status="PASS" start="2024-07-06T16:45:05.069114" elapsed="16.523078"/>
</kw>
<kw name="Keyword Final" owner="DataExtraction" type="TEARDOWN">
<msg time="2024-07-06T16:45:21.594192" level="TRACE">Arguments: [ ${CASE NAME}='Startup' | ${STEP NAME}='Starting RF GUI Helper' | ${STATUS}='PASS' | ${MESSAGE}='' ]</msg>
<kw name="Record PassFail Block" owner="DataExtraction">
<msg time="2024-07-06T16:45:21.595190" level="TRACE">Arguments: [ ${STEP NAME}='Starting RF GUI Helper' | ${STATUS}='PASS' | ${MESSAGE}='' ]</msg>
<kw name="Write Results" owner="oqe">
<msg time="2024-07-06T16:45:21.595190" level="TRACE">Arguments: [ '&amp;&amp;' | 'Starting RF GUI Helper' | 'PASS' | '' ]</msg>
<msg time="2024-07-06T16:45:21.596190" level="TRACE">Return: None</msg>
<arg>&amp;&amp;</arg>
<arg>${STEP NAME}</arg>
<arg>${STATUS}</arg>
<arg>${MESSAGE}</arg>
<doc>Part of *Output Functions*</doc>
<status status="PASS" start="2024-07-06T16:45:21.595190" elapsed="0.001000"/>
</kw>
<msg time="2024-07-06T16:45:21.596190" level="TRACE">Return: None</msg>
<arg>${STEP NAME}</arg>
<arg>${STATUS}</arg>
<arg>${MESSAGE}</arg>
<doc>Part of *Recording Data*</doc>
<status status="PASS" start="2024-07-06T16:45:21.595190" elapsed="0.001000"/>
</kw>
<kw name="Data Break" owner="DataExtraction">
<msg time="2024-07-06T16:45:21.597192" level="TRACE">Arguments: [  ]</msg>
<kw name="Write Data" owner="oqe">
<msg time="2024-07-06T16:45:21.597192" level="TRACE">Arguments: [ '--' | '--' | '--' | '--' ]</msg>
<msg time="2024-07-06T16:45:21.597192" level="TRACE">Return: None</msg>
<arg>--</arg>
<arg>--</arg>
<arg>--</arg>
<arg>--</arg>
<doc>Part of *Output Functions*</doc>
<status status="PASS" start="2024-07-06T16:45:21.597192" elapsed="0.000000"/>
</kw>
<msg time="2024-07-06T16:45:21.598190" level="TRACE">Return: None</msg>
<doc>Part of *Report Formatting*</doc>
<status status="PASS" start="2024-07-06T16:45:21.596190" elapsed="0.002000"/>
</kw>
<msg time="2024-07-06T16:45:21.598190" level="TRACE">Return: None</msg>
<arg>${TEST NAME}</arg>
<arg>Starting RF GUI Helper</arg>
<arg>${KEYWORD STATUS}</arg>
<arg>${KEYWORD MESSAGE}</arg>
<doc>Part of *Recording Data*</doc>
<status status="PASS" start="2024-07-06T16:45:21.594192" elapsed="0.003998"/>
</kw>
<msg time="2024-07-06T16:45:21.598190" level="TRACE">Return: None</msg>
<arg>${DATA PATH}</arg>
<doc>This keyword is the preferred way to open the RFGUIHelper application.
It starts the application and then further configures each of the three parts of the
application: primary, secondary, and auxiliary. Each option requires the same DATA PATH
and REMOTE to configure completely. REMOTE is the ip and port OR ip, port, and password
to enable a test on another machine. REMOTE is optional
= Examples =
| | = DATA PATH = | = REMOTE = |
| RF GUI Helper: Open | c:/somefolder/datafolder | |
| RF GUI Helper: Open | c:/somefolder/datafolder | 192.168.1.13;5900 |
| RF GUI Helper: Open | c:/somefolder/datafolder | 192.168.1.13;5900;password |</doc>
<status status="PASS" start="2024-07-06T16:45:05.004121" elapsed="16.594069"/>
</kw>
<status status="PASS" start="2024-07-06T16:45:04.863137" elapsed="16.736055"/>
</test>
<test id="s1-t2" name="Open Project" line="21">
<kw name="RF GUI Helper: Open Project File" owner="rfghelper">
<msg time="2024-07-06T16:45:21.601193" level="TRACE">Arguments: [ ${folder}='C:/Users/Owner/OneDrive/Documents/GitHub/DahlgrenTest/RFTest/examples/RFGHelper/test_views' | ${filename}='testOnly' ]</msg>
<kw name="RF GUI Helper: Close Project" owner="rfghelper">
<msg time="2024-07-06T16:45:21.603190" level="TRACE">Arguments: [ ${answer}='No' ]</msg>
<kw name="RF GUI Helper: Gain Focus" owner="rfghelper">
<msg time="2024-07-06T16:45:21.603190" level="TRACE">Arguments: [ ${window}='primary' ]</msg>
<kw name="Sleep" owner="BuiltIn">
<msg time="2024-07-06T16:45:21.603190" level="TRACE">Arguments: [ '1s' ]</msg>
<msg time="2024-07-06T16:45:22.605130" level="INFO">Slept 1 second.</msg>
<msg time="2024-07-06T16:45:22.605130" level="TRACE">Return: None</msg>
<arg>1s</arg>
<doc>Pauses the test executed for the given time.</doc>
<status status="PASS" start="2024-07-06T16:45:21.603190" elapsed="1.001940"/>
</kw>
<kw name="Run Keyword" owner="BuiltIn">
<msg time="2024-07-06T16:45:22.605130" level="TRACE">Arguments: [ '${window}.Find' ]</msg>
<msg time="2024-07-06T16:45:22.606076" level="DEBUG">Command to send: m
d
o60
e
</msg>
<msg time="2024-07-06T16:45:22.607074" level="DEBUG">Answer received: !yv</msg>
<msg time="2024-07-06T16:45:22.607074" level="DEBUG">Command to send: m
d
o61
e
</msg>
<msg time="2024-07-06T16:45:22.607074" level="DEBUG">Answer received: !yv</msg>
<msg time="2024-07-06T16:45:22.607074" level="DEBUG">Command to send: m
d
o62
e
</msg>
<msg time="2024-07-06T16:45:22.608119" level="DEBUG">Answer received: !yv</msg>
<msg time="2024-07-06T16:45:22.608119" level="DEBUG">Command to send: m
d
o63
e
</msg>
<msg time="2024-07-06T16:45:22.608119" level="DEBUG">Answer received: !yv</msg>
<msg time="2024-07-06T16:45:22.609122" level="DEBUG">Command to send: m
d
o64
e
</msg>
<msg time="2024-07-06T16:45:22.609122" level="DEBUG">Answer received: !yv</msg>
<msg time="2024-07-06T16:45:22.609122" level="DEBUG">Command to send: m
d
o65
e
</msg>
<msg time="2024-07-06T16:45:22.609122" level="DEBUG">Answer received: !yv</msg>
<msg time="2024-07-06T16:45:22.610118" level="DEBUG">Command to send: m
d
o66
e
</msg>
<msg time="2024-07-06T16:45:22.610118" level="DEBUG">Answer received: !yv</msg>
<msg time="2024-07-06T16:45:22.610118" level="DEBUG">Command to send: m
d
o68
e
</msg>
<msg time="2024-07-06T16:45:22.610118" level="DEBUG">Answer received: !yv</msg>
<msg time="2024-07-06T16:45:22.611121" level="DEBUG">Command to send: m
d
o69
e
</msg>
<msg time="2024-07-06T16:45:22.611121" level="DEBUG">Answer received: !yv</msg>
<kw name="Find" owner="primary">
<msg time="2024-07-06T16:45:22.612118" level="TRACE">Arguments: [  ]</msg>
<msg time="2024-07-06T16:45:22.613097" level="DEBUG">Command to send: c
t
getScreen
e
</msg>
<msg time="2024-07-06T16:45:22.614072" level="DEBUG">Answer received: !yro70</msg>
<msg time="2024-07-06T16:45:22.615073" level="DEBUG">Command to send: c
t
createPattern
sC:/Users/Owner/OneDrive/Documents/GitHub/DahlgrenTest/RFTest/examples/RFGHelper/mainwindow\\mainFocused.png
e
</msg>
<msg time="2024-07-06T16:45:22.618094" level="DEBUG">Answer received: !yro71</msg>
<msg time="2024-07-06T16:45:22.618094" level="DEBUG">Command to send: c
o70
find
ro71
e
</msg>
<msg time="2024-07-06T16:45:22.865045" level="DEBUG">Answer received: !yro72</msg>
<msg time="2024-07-06T16:45:22.865045" level="DEBUG">Command to send: c
o72
getScore
e
</msg>
<msg time="2024-07-06T16:45:22.865045" level="DEBUG">Answer received: !yd0.9999992251396179</msg>
<msg time="2024-07-06T16:45:22.865045" level="DEBUG">Command to send: c
o72
getTarget
e
</msg>
<msg time="2024-07-06T16:45:22.866043" level="DEBUG">Answer received: !yro73</msg>
<msg time="2024-07-06T16:45:22.866043" level="DEBUG">Command to send: c
o73
getX
e
</msg>
<msg time="2024-07-06T16:45:22.866043" level="DEBUG">Answer received: !yi73</msg>
<msg time="2024-07-06T16:45:22.866043" level="DEBUG">Command to send: c
o73
getY
e
</msg>
<msg time="2024-07-06T16:45:22.867042" level="DEBUG">Answer received: !yi51</msg>
<msg time="2024-07-06T16:45:22.867042" level="TRACE">Return: 'mainFocused'</msg>
<doc>Called to locate any anchor for the window and revise relative locations to 
widgets.</doc>
<status status="PASS" start="2024-07-06T16:45:22.612118" elapsed="0.254924"/>
</kw>
<msg time="2024-07-06T16:45:22.867042" level="TRACE">Return: 'mainFocused'</msg>
<msg time="2024-07-06T16:45:22.867042" level="INFO">${name} = mainFocused</msg>
<var>${name}</var>
<arg>${window}.Find</arg>
<doc>Executes the given keyword with the given arguments.</doc>
<status status="PASS" start="2024-07-06T16:45:22.605130" elapsed="0.261912"/>
</kw>
<kw name="Run Keyword" owner="BuiltIn">
<msg time="2024-07-06T16:45:22.868042" level="TRACE">Arguments: [ '${window}.Click' | '${name}' ]</msg>
<kw name="Click" owner="primary">
<msg time="2024-07-06T16:45:22.869042" level="TRACE">Arguments: [ 'mainFocused' ]</msg>
<msg time="2024-07-06T16:45:22.869042" level="DEBUG">Command to send: c
t
getScreen
e
</msg>
<msg time="2024-07-06T16:45:22.870042" level="DEBUG">Answer received: !yro74</msg>
<msg time="2024-07-06T16:45:22.870042" level="DEBUG">Command to send: c
o74
newRegion
i19
i42
i109
i19
e
</msg>
<msg time="2024-07-06T16:45:22.871043" level="DEBUG">Answer received: !yro75</msg>
<msg time="2024-07-06T16:45:22.871043" level="DEBUG">Command to send: c
t
checkAndSetRemote
ro74
ro75
bFalse
e
</msg>
<msg time="2024-07-06T16:45:22.871043" level="DEBUG">Answer received: !ybtrue</msg>
<msg time="2024-07-06T16:45:22.871043" level="DEBUG">Command to send: c
o75
click
e
</msg>
<msg time="2024-07-06T16:45:22.920036" level="DEBUG">Answer received: !yi1</msg>
<msg time="2024-07-06T16:45:22.920036" level="TRACE">Return: None</msg>
<arg>${name}</arg>
<doc>Clicks on the intended widget</doc>
<status status="PASS" start="2024-07-06T16:45:22.869042" elapsed="0.050994"/>
</kw>
<msg time="2024-07-06T16:45:22.920036" level="TRACE">Return: None</msg>
<arg>${window}.Click</arg>
<arg>${name}</arg>
<doc>Executes the given keyword with the given arguments.</doc>
<status status="PASS" start="2024-07-06T16:45:22.868042" elapsed="0.051994"/>
</kw>
<kw name="Run Keyword" owner="BuiltIn">
<msg time="2024-07-06T16:45:22.921037" level="TRACE">Arguments: [ '${window}.Find' ]</msg>
<kw name="Find" owner="primary">
<msg time="2024-07-06T16:45:22.922036" level="TRACE">Arguments: [  ]</msg>
<msg time="2024-07-06T16:45:22.923036" level="DEBUG">Command to send: c
t
getScreen
e
</msg>
<msg time="2024-07-06T16:45:22.924036" level="DEBUG">Answer received: !yro76</msg>
<msg time="2024-07-06T16:45:22.924036" level="DEBUG">Command to send: c
t
createPattern
sC:/Users/Owner/OneDrive/Documents/GitHub/DahlgrenTest/RFTest/examples/RFGHelper/mainwindow\\mainFocused.png
e
</msg>
<msg time="2024-07-06T16:45:22.928035" level="DEBUG">Answer received: !yro77</msg>
<msg time="2024-07-06T16:45:22.928035" level="DEBUG">Command to send: c
o76
find
ro77
e
</msg>
<msg time="2024-07-06T16:45:23.296994" level="DEBUG">Answer received: !yro78</msg>
<msg time="2024-07-06T16:45:23.296994" level="DEBUG">Command to send: c
o78
getScore
e
</msg>
<msg time="2024-07-06T16:45:23.297993" level="DEBUG">Answer received: !yd0.9999992251396179</msg>
<msg time="2024-07-06T16:45:23.297993" level="DEBUG">Command to send: c
o78
getTarget
e
</msg>
<msg time="2024-07-06T16:45:23.298992" level="DEBUG">Answer received: !yro79</msg>
[...]
<msg time="2024-07-06T16:47:42.141658" level="INFO">Slept 1 second.</msg>
<msg time="2024-07-06T16:47:42.141658" level="TRACE">Return: None</msg>
<arg>1s</arg>
<doc>Pauses the test executed for the given time.</doc>
<status status="PASS" start="2024-07-06T16:47:41.140727" elapsed="1.000931"/>
</kw>
<kw name="Run Keyword" owner="BuiltIn">
<msg time="2024-07-06T16:47:42.141658" level="TRACE">Arguments: [ '${window}.Find' ]</msg>
<kw name="Find" owner="primary">
<msg time="2024-07-06T16:47:42.142611" level="TRACE">Arguments: [  ]</msg>
<msg time="2024-07-06T16:47:42.143610" level="DEBUG">Command to send: c
t
getScreen
e
</msg>
<msg time="2024-07-06T16:47:42.144613" level="DEBUG">Answer received: !yro693</msg>
<msg time="2024-07-06T16:47:42.144613" level="DEBUG">Command to send: c
t
createPattern
sC:/Users/Owner/OneDrive/Documents/GitHub/DahlgrenTest/RFTest/examples/RFGHelper/mainwindow\\mainFocused.png
e
</msg>
<msg time="2024-07-06T16:47:42.147610" level="DEBUG">Answer received: !yro694</msg>
<msg time="2024-07-06T16:47:42.148613" level="DEBUG">Command to send: c
o693
find
ro694
e
</msg>
<msg time="2024-07-06T16:47:42.359592" level="DEBUG">Answer received: !xro695</msg>
<msg time="2024-07-06T16:47:42.359592" level="DEBUG">Command to send: m
d
o695
e
</msg>
<msg time="2024-07-06T16:47:42.360586" level="DEBUG">Answer received: !yv</msg>
<msg time="2024-07-06T16:47:42.361586" level="DEBUG">Command to send: c
t
getScreen
e
</msg>
<msg time="2024-07-06T16:47:42.361586" level="DEBUG">Answer received: !yro696</msg>
<msg time="2024-07-06T16:47:42.361586" level="DEBUG">Command to send: c
t
createPattern
sC:/Users/Owner/OneDrive/Documents/GitHub/DahlgrenTest/RFTest/examples/RFGHelper/mainwindow\\mainFocused.png
e
</msg>
<msg time="2024-07-06T16:47:42.365585" level="DEBUG">Answer received: !yro697</msg>
<msg time="2024-07-06T16:47:42.365585" level="DEBUG">Command to send: c
o696
find
ro697
e
</msg>
<msg time="2024-07-06T16:47:42.582561" level="DEBUG">Answer received: !xro698</msg>
<msg time="2024-07-06T16:47:42.582561" level="DEBUG">Command to send: m
d
o698
e
</msg>
<msg time="2024-07-06T16:47:42.582561" level="DEBUG">Answer received: !yv</msg>
<msg time="2024-07-06T16:47:42.583598" level="DEBUG">Command to send: c
t
getScreen
e
</msg>
<msg time="2024-07-06T16:47:42.584560" level="DEBUG">Answer received: !yro699</msg>
<msg time="2024-07-06T16:47:42.584560" level="DEBUG">Command to send: c
t
createPattern
sC:/Users/Owner/OneDrive/Documents/GitHub/DahlgrenTest/RFTest/examples/RFGHelper/mainwindow\\fAnchor.png
e
</msg>
<msg time="2024-07-06T16:47:42.587561" level="DEBUG">Answer received: !yro700</msg>
<msg time="2024-07-06T16:47:42.587561" level="DEBUG">Command to send: c
o699
find
ro700
e
</msg>
<msg time="2024-07-06T16:47:42.825534" level="DEBUG">Answer received: !xro701</msg>
<msg time="2024-07-06T16:47:42.826534" level="DEBUG">Command to send: m
d
o701
e
</msg>
<msg time="2024-07-06T16:47:42.826534" level="DEBUG">Answer received: !yv</msg>
<msg time="2024-07-06T16:47:42.827531" level="DEBUG">Command to send: c
t
getScreen
e
</msg>
<msg time="2024-07-06T16:47:42.827531" level="DEBUG">Answer received: !yro702</msg>
<msg time="2024-07-06T16:47:42.828532" level="DEBUG">Command to send: c
t
createPattern
sC:/Users/Owner/OneDrive/Documents/GitHub/DahlgrenTest/RFTest/examples/RFGHelper/mainwindow\\vAnchor.png
e
</msg>
<msg time="2024-07-06T16:47:42.831530" level="DEBUG">Answer received: !yro703</msg>
<msg time="2024-07-06T16:47:42.831530" level="DEBUG">Command to send: c
o702
find
ro703
e
</msg>
<msg time="2024-07-06T16:47:43.044509" level="DEBUG">Answer received: !xro704</msg>
<msg time="2024-07-06T16:47:43.044509" level="DEBUG">Command to send: m
d
o704
e
</msg>
<msg time="2024-07-06T16:47:43.045506" level="DEBUG">Answer received: !yv</msg>
<msg time="2024-07-06T16:47:43.046505" level="DEBUG">Command to send: c
t
getScreen
e
</msg>
<msg time="2024-07-06T16:47:43.046505" level="DEBUG">Answer received: !yro705</msg>
<msg time="2024-07-06T16:47:43.046505" level="DEBUG">Command to send: c
t
createPattern
sC:/Users/Owner/OneDrive/Documents/GitHub/DahlgrenTest/RFTest/examples/RFGHelper/mainwindow\\unfocusedMainAnchor.png
e
</msg>
<msg time="2024-07-06T16:47:43.085504" level="DEBUG">Answer received: !yro706</msg>
<msg time="2024-07-06T16:47:43.085504" level="DEBUG">Command to send: c
o705
find
ro706
e
</msg>
<msg time="2024-07-06T16:47:43.308480" level="DEBUG">Answer received: !xro707</msg>
<msg time="2024-07-06T16:47:43.308480" level="DEBUG">Command to send: m
d
o707
e
</msg>
<msg time="2024-07-06T16:47:43.309476" level="DEBUG">Answer received: !yv</msg>
<msg time="2024-07-06T16:47:43.309476" level="FAIL">LookupError: Unable to find any anchor</msg>
<msg time="2024-07-06T16:47:43.309476" level="DEBUG">Traceback (most recent call last):
  File "C:\Users\Owner\OneDrive\Documents\GitHub\DahlgrenTest\RFTest\widgets\window.py", line 250, in find
    raise LookupError("Unable to find any anchor")
LookupError: Unable to find any anchor</msg>
<doc>Called to locate any anchor for the window and revise relative locations to 
widgets.</doc>
<status status="FAIL" start="2024-07-06T16:47:42.142611" elapsed="1.166865">LookupError: Unable to find any anchor</status>
</kw>
<var>${name}</var>
<arg>${window}.Find</arg>
<doc>Executes the given keyword with the given arguments.</doc>
<status status="FAIL" start="2024-07-06T16:47:42.141658" elapsed="1.168817">LookupError: Unable to find any anchor</status>
</kw>
<kw name="Run Keyword" owner="BuiltIn">
<arg>${window}.Click</arg>
<arg>${name}</arg>
<doc>Executes the given keyword with the given arguments.</doc>
<status status="NOT RUN" start="2024-07-06T16:47:43.310475" elapsed="0.000000"/>
</kw>
<kw name="Run Keyword" owner="BuiltIn">
<arg>${window}.Find</arg>
<doc>Executes the given keyword with the given arguments.</doc>
<status status="NOT RUN" start="2024-07-06T16:47:43.310475" elapsed="0.000000"/>
</kw>
<kw name="Wait Until Keyword Succeeds" owner="BuiltIn">
<arg>2x</arg>
<arg>1s</arg>
<arg>RF GUI Helper: Verify View</arg>
<arg>${window}</arg>
<doc>Runs the specified keyword and retries if it fails.</doc>
<status status="NOT RUN" start="2024-07-06T16:47:43.310475" elapsed="0.000000"/>
</kw>
<arg>primary</arg>
<doc>Finds the given window, which may be unfocused. By clicking on the window, it
gains focus again. It then finds again to ensure we are in the focused view.
= Examples =
| | = window = |
| RF GUI Helper: Gain Focus | primary |</doc>
<status status="FAIL" start="2024-07-06T16:47:41.139727" elapsed="2.170748">LookupError: Unable to find any anchor</status>
</kw>
<kw name="RF GUI Helper: Check Is Project Open" owner="rfghelper">
<var>${isOpen}</var>
<doc>Returns True if there is an open project at this moment. False otherwise.
= Examples =
| = Return = | |
| ${isClosed} = | RF GUI Helper: Check Is Project Open |</doc>
<status status="NOT RUN" start="2024-07-06T16:47:43.312474" elapsed="0.000000"/>
</kw>
<if>
<branch type="IF" condition="${isOpen}">
<kw name="Record Data" owner="DataExtraction">
<arg>${TEST NAME}</arg>
<arg>Close Project</arg>
<arg>Some project is open</arg>
<doc>Part of *Recording Data*</doc>
<status status="NOT RUN" start="2024-07-06T16:47:43.312474" elapsed="0.000000"/>
</kw>
<kw name="RF GUI Helper: Click Menu" owner="rfghelper">
<arg>fMenu</arg>
<arg>verifyView=False</arg>
<doc>This keyword only clicks on the menus from the primary window and it
has an optional parameter that verifies (or not) the final window state.
= Examples =
| | = menu = | = verifyView = |
| RF GUI Helper: Click Menu | fMenu | |
| RF GUI Helper: Click Menu | fMenu | False |</doc>
<status status="NOT RUN" start="2024-07-06T16:47:43.312474" elapsed="0.000000"/>
</kw>
<kw name="Record Action" owner="DataExtraction">
<arg>${TEST NAME}</arg>
<arg>Click close button</arg>
<doc>Part of *Recording Data*</doc>
<status status="NOT RUN" start="2024-07-06T16:47:43.312474" elapsed="0.000000"/>
</kw>
<kw name="RF GUI Helper: Make Picture" owner="rfghelper">
<arg>primary</arg>
<arg>closeProject</arg>
<arg>Close button</arg>
<doc>Takes a picture of the specified widget in the specified window and
records it with the given title.
= Examples =
| | = window = | = widget = | = title = |
| RF GUI Helper: Make Picture | primary | fMenu | File Menu |</doc>
<status status="NOT RUN" start="2024-07-06T16:47:43.313474" elapsed="0.000000"/>
</kw>
<kw name="Click" owner="primary">
<arg>closeProject</arg>
<doc>Clicks on the intended widget</doc>
<status status="NOT RUN" start="2024-07-06T16:47:43.313474" elapsed="0.000000"/>
</kw>
<kw name="Sleep" owner="BuiltIn">
<arg>1s</arg>
<doc>Pauses the test executed for the given time.</doc>
<status status="NOT RUN" start="2024-07-06T16:47:43.313474" elapsed="0.000000"/>
</kw>
<kw name="Record Action" owner="DataExtraction">
<arg>${TEST NAME}</arg>
<arg>Click ${answer} button</arg>
<doc>Part of *Recording Data*</doc>
<status status="NOT RUN" start="2024-07-06T16:47:43.313474" elapsed="0.000000"/>
</kw>
<kw name="RF GUI Helper: Find Window" owner="rfghelper">
<arg>auxiliary</arg>
<arg>saveChangeAnchor</arg>
<doc>Searches for the specified window and optionally verifies against an expected view name.
If targetting ONLY the expected view, no other view is acceptable. If an expected value is given, then
failing to find that view is a failure.
= Examples =
| = Return = | | = window = | = expectedView = | = target_only = |
| ${viewName} = | RF GUI Helper: Find Window | primary | | |
| ${viewName} = | RF GUI Helper: Find Window | auxiliary | saveProjectAnchor | |
| ${viewName} = | RF GUI Helper: Find Window | auxiliary | saveProjectAnchor | True |</doc>
<status status="NOT RUN" start="2024-07-06T16:47:43.316474" elapsed="0.000000"/>
</kw>
<kw name="RF GUI Helper: Make Picture" owner="rfghelper">
<arg>auxiliary</arg>
<arg>sc${answer}Button</arg>
<arg>${answer}</arg>
<doc>Takes a picture of the specified widget in the specified window and
records it with the given title.
= Examples =
| | = window = | = widget = | = title = |
| RF GUI Helper: Make Picture | primary | fMenu | File Menu |</doc>
<status status="NOT RUN" start="2024-07-06T16:47:43.316474" elapsed="0.000000"/>
</kw>
<kw name="Click" owner="auxiliary">
<arg>sc${answer}Button</arg>
<doc>Clicks on the intended widget</doc>
<status status="NOT RUN" start="2024-07-06T16:47:43.317475" elapsed="0.000000"/>
</kw>
<kw name="RF GUI Helper: Verify View" owner="rfghelper">
<arg>primary</arg>
<doc>Compares the expected and actual views for a given window. Will fail
if they do not match.
= Examples =
| | = window = |
| RF GUI Helper: Verify View | primary |</doc>
<status status="NOT RUN" start="2024-07-06T16:47:43.317475" elapsed="0.000000"/>
</kw>
<status status="NOT RUN" start="2024-07-06T16:47:43.312474" elapsed="0.005001"/>
</branch>
<status status="NOT RUN" start="2024-07-06T16:47:43.312474" elapsed="0.005001"/>
</if>
<kw name="RF GUI Helper: Screen Capture" owner="rfghelper">
<arg>primary</arg>
<arg>End State</arg>
<doc>Takes a full pacture of the window and records it with the given title.
= Examples =
| | = window = | = title = |
| RF GUI Helper: Screen Capture | primary | Main Window |</doc>
<status status="NOT RUN" start="2024-07-06T16:47:43.318474" elapsed="0.000000"/>
</kw>
<kw name="Record Data" owner="DataExtraction">
<arg>${TEST NAME}</arg>
<arg>Close Project</arg>
<arg>Project is closed</arg>
<doc>Part of *Recording Data*</doc>
<status status="NOT RUN" start="2024-07-06T16:47:43.318474" elapsed="0.000000"/>
</kw>
<msg time="2024-07-06T16:47:43.319475" level="DEBUG">Command to send: m
d
o693
e
</msg>
<msg time="2024-07-06T16:47:43.319475" level="DEBUG">Answer received: !yv</msg>
<msg time="2024-07-06T16:47:43.319475" level="DEBUG">Command to send: m
d
o694
e
</msg>
<msg time="2024-07-06T16:47:43.319475" level="DEBUG">Answer received: !yv</msg>
<msg time="2024-07-06T16:47:43.319475" level="DEBUG">Command to send: m
d
o696
e
</msg>
<msg time="2024-07-06T16:47:43.320473" level="DEBUG">Answer received: !yv</msg>
<msg time="2024-07-06T16:47:43.320473" level="DEBUG">Command to send: m
d
o697
e
</msg>
<msg time="2024-07-06T16:47:43.320473" level="DEBUG">Answer received: !yv</msg>
<msg time="2024-07-06T16:47:43.320473" level="DEBUG">Command to send: m
d
o699
e
</msg>
<msg time="2024-07-06T16:47:43.320473" level="DEBUG">Answer received: !yv</msg>
<msg time="2024-07-06T16:47:43.320473" level="DEBUG">Command to send: m
d
o700
e
</msg>
<msg time="2024-07-06T16:47:43.320473" level="DEBUG">Answer received: !yv</msg>
<msg time="2024-07-06T16:47:43.320473" level="DEBUG">Command to send: m
d
o702
e
</msg>
<msg time="2024-07-06T16:47:43.321473" level="DEBUG">Answer received: !yv</msg>
<msg time="2024-07-06T16:47:43.321473" level="DEBUG">Command to send: m
d
o703
e
</msg>
<msg time="2024-07-06T16:47:43.321473" level="DEBUG">Answer received: !yv</msg>
<msg time="2024-07-06T16:47:43.321473" level="DEBUG">Command to send: m
d
o705
e
</msg>
<msg time="2024-07-06T16:47:43.321473" level="DEBUG">Answer received: !yv</msg>
<msg time="2024-07-06T16:47:43.321473" level="DEBUG">Command to send: m
d
o706
e
</msg>
<msg time="2024-07-06T16:47:43.321473" level="DEBUG">Answer received: !yv</msg>
<kw name="Keyword Final" owner="DataExtraction" type="TEARDOWN">
<msg time="2024-07-06T16:47:43.323474" level="TRACE">Arguments: [ ${CASE NAME}='Close Project' | ${STEP NAME}='Verifying Project Closed' | ${STATUS}='FAIL' | ${MESSAGE}='LookupError: Unable to find any anchor' ]</msg>
<kw name="Record PassFail Block" owner="DataExtraction">
<msg time="2024-07-06T16:47:43.324473" level="TRACE">Arguments: [ ${STEP NAME}='Verifying Project Closed' | ${STATUS}='FAIL' | ${MESSAGE}='LookupError: Unable to find any anchor' ]</msg>
<kw name="Write Results" owner="oqe">
<msg time="2024-07-06T16:47:43.324473" level="TRACE">Arguments: [ '&amp;&amp;' | 'Verifying Project Closed' | 'FAIL' | 'LookupError: Unable to find any anchor' ]</msg>
<msg time="2024-07-06T16:47:43.325473" level="TRACE">Return: None</msg>
<arg>&amp;&amp;</arg>
<arg>${STEP NAME}</arg>
<arg>${STATUS}</arg>
<arg>${MESSAGE}</arg>
<doc>Part of *Output Functions*</doc>
<status status="PASS" start="2024-07-06T16:47:43.324473" elapsed="0.001000"/>
</kw>
<msg time="2024-07-06T16:47:43.325473" level="TRACE">Return: None</msg>
<arg>${STEP NAME}</arg>
<arg>${STATUS}</arg>
<arg>${MESSAGE}</arg>
<doc>Part of *Recording Data*</doc>
<status status="PASS" start="2024-07-06T16:47:43.324473" elapsed="0.001000"/>
</kw>
<kw name="Data Break" owner="DataExtraction">
<msg time="2024-07-06T16:47:43.326475" level="TRACE">Arguments: [  ]</msg>
<kw name="Write Data" owner="oqe">
<msg time="2024-07-06T16:47:43.327483" level="TRACE">Arguments: [ '--' | '--' | '--' | '--' ]</msg>
<msg time="2024-07-06T16:47:43.328474" level="TRACE">Return: None</msg>
<arg>--</arg>
<arg>--</arg>
<arg>--</arg>
<arg>--</arg>
<doc>Part of *Output Functions*</doc>
<status status="PASS" start="2024-07-06T16:47:43.327483" elapsed="0.000991"/>
</kw>
<msg time="2024-07-06T16:47:43.328474" level="TRACE">Return: None</msg>
<doc>Part of *Report Formatting*</doc>
<status status="PASS" start="2024-07-06T16:47:43.326475" elapsed="0.001999"/>
</kw>
<msg time="2024-07-06T16:47:43.328474" level="TRACE">Return: None</msg>
<arg>${TEST NAME}</arg>
<arg>Verifying Project Closed</arg>
<arg>${KEYWORD STATUS}</arg>
<arg>${KEYWORD MESSAGE}</arg>
<doc>Part of *Recording Data*</doc>
<status status="PASS" start="2024-07-06T16:47:43.323474" elapsed="0.005000"/>
</kw>
<doc>Closes the existing project and uses the optional parameter
to save (Yes) or not (No) the changes made.
= Examples =
| | = answer = |
| RF GUI Helper: Close Project | | Closes the project without saving |
| RF GUI Helper: Close Project | Yes | Closes the project after saving |</doc>
<status status="FAIL" start="2024-07-06T16:47:41.139727" elapsed="2.189747">LookupError: Unable to find any anchor</status>
</kw>
<kw name="Banner" owner="DataExtraction">
<arg>Stopping Test</arg>
<doc>Part of *Report Formatting*</doc>
<status status="NOT RUN" start="2024-07-06T16:47:43.330481" elapsed="0.000000"/>
</kw>
<kw name="RF GUI Helper: Restore Main View" owner="rfghelper">
<doc>Returns the primary window back to the main view i.e. no menus open.</doc>
<status status="NOT RUN" start="2024-07-06T16:47:43.330481" elapsed="0.000000"/>
</kw>
<kw name="RF GUI Helper: Make Picture" owner="rfghelper">
<arg>primary</arg>
<arg>closeButton</arg>
<arg>Close primary window</arg>
<doc>Takes a picture of the specified widget in the specified window and
records it with the given title.
= Examples =
| | = window = | = widget = | = title = |
| RF GUI Helper: Make Picture | primary | fMenu | File Menu |</doc>
<status status="NOT RUN" start="2024-07-06T16:47:43.330481" elapsed="0.000000"/>
</kw>
<kw name="Click" owner="primary">
<arg>closeButton</arg>
<doc>Clicks on the intended widget</doc>
<status status="NOT RUN" start="2024-07-06T16:47:43.330481" elapsed="0.000000"/>
</kw>
<kw name="Keyword Final" owner="DataExtraction" type="TEARDOWN">
<msg time="2024-07-06T16:47:43.332472" level="TRACE">Arguments: [ ${CASE NAME}='Close Project' | ${STEP NAME}='Test Stop' | ${STATUS}='FAIL' | ${MESSAGE}='LookupError: Unable to find any anchor' ]</msg>
<kw name="Record PassFail Block" owner="DataExtraction">
<msg time="2024-07-06T16:47:43.333472" level="TRACE">Arguments: [ ${STEP NAME}='Test Stop' | ${STATUS}='FAIL' | ${MESSAGE}='LookupError: Unable to find any anchor' ]</msg>
<kw name="Write Results" owner="oqe">
<msg time="2024-07-06T16:47:43.333472" level="TRACE">Arguments: [ '&amp;&amp;' | 'Test Stop' | 'FAIL' | 'LookupError: Unable to find any anchor' ]</msg>
<msg time="2024-07-06T16:47:43.334471" level="TRACE">Return: None</msg>
<arg>&amp;&amp;</arg>
<arg>${STEP NAME}</arg>
<arg>${STATUS}</arg>
<arg>${MESSAGE}</arg>
<doc>Part of *Output Functions*</doc>
<status status="PASS" start="2024-07-06T16:47:43.333472" elapsed="0.000999"/>
</kw>
<msg time="2024-07-06T16:47:43.334471" level="TRACE">Return: None</msg>
<arg>${STEP NAME}</arg>
<arg>${STATUS}</arg>
<arg>${MESSAGE}</arg>
<doc>Part of *Recording Data*</doc>
<status status="PASS" start="2024-07-06T16:47:43.333472" elapsed="0.000999"/>
</kw>
<kw name="Data Break" owner="DataExtraction">
<msg time="2024-07-06T16:47:43.335473" level="TRACE">Arguments: [  ]</msg>
<kw name="Write Data" owner="oqe">
<msg time="2024-07-06T16:47:43.336482" level="TRACE">Arguments: [ '--' | '--' | '--' | '--' ]</msg>
<msg time="2024-07-06T16:47:43.337471" level="TRACE">Return: None</msg>
<arg>--</arg>
<arg>--</arg>
<arg>--</arg>
<arg>--</arg>
<doc>Part of *Output Functions*</doc>
<status status="PASS" start="2024-07-06T16:47:43.336482" elapsed="0.000989"/>
</kw>
<msg time="2024-07-06T16:47:43.337471" level="TRACE">Return: None</msg>
<doc>Part of *Report Formatting*</doc>
<status status="PASS" start="2024-07-06T16:47:43.335473" elapsed="0.001998"/>
</kw>
<msg time="2024-07-06T16:47:43.337471" level="TRACE">Return: None</msg>
<arg>${TEST NAME}</arg>
<arg>Test Stop</arg>
<arg>${KEYWORD STATUS}</arg>
<arg>${KEYWORD MESSAGE}</arg>
<doc>Part of *Recording Data*</doc>
<status status="PASS" start="2024-07-06T16:47:43.332472" elapsed="0.004999"/>
</kw>
<doc>This keyword is the preferred method to stop a test against the RFGUIHelper application.
It will close any existing project and then close the main window.</doc>
<status status="FAIL" start="2024-07-06T16:47:41.138728" elapsed="2.199745">LookupError: Unable to find any anchor</status>
</kw>
<status status="FAIL" start="2024-07-06T16:47:41.138728" elapsed="2.200752">LookupError: Unable to find any anchor</status>
</test>
<status status="FAIL" start="2024-07-06T16:45:03.419307" elapsed="159.922164"/>
</suite>
<statistics>
<total>
<stat pass="3" fail="5" skip="0">All Tests</stat>
</total>
<tag>
</tag>
<suite>
<stat pass="3" fail="5" skip="0" id="s1" name="testViews">testViews</stat>
</suite>
</statistics>
<errors>
</errors>
</robot>
