<?xml version="1.0" encoding="UTF-8"?>
<robot generator="Robot 7.0 (Python 3.11.9 on win32)" generated="2024-05-27T14:18:38.883885" rpa="false" schemaversion="5">
<suite id="s1" name="Survey" source="C:\Users\Owner\OneDrive\Documents\GitHub\DahlgrenTest\RFTest\examples\RFGHelper\survey.robot">
<test id="s1-t1" name="DDT Test" line="9">
<kw name="Suite Start">
<kw name="Configure Image Library" owner="DataExtraction">
<kw name="Run Keyword If" owner="BuiltIn">
<kw name="Set Suite Variable" owner="BuiltIn">
<msg time="2024-05-27T14:18:41.028951" level="INFO">${imageLib} = sikuliLib</msg>
<arg>${imageLib}</arg>
<arg>sikuliLib</arg>
<doc>Makes a variable available everywhere within the scope of the current suite.</doc>
<status status="PASS" start="2024-05-27T14:18:41.028951" elapsed="0.000000"/>
</kw>
<arg>'${type}'=='Sikuli'</arg>
<arg>Set Suite Variable</arg>
<arg>${imageLib}</arg>
<arg>sikuliLib</arg>
<doc>Runs the given keyword with the given arguments, if ``condition`` is true.</doc>
<status status="PASS" start="2024-05-27T14:18:41.027947" elapsed="0.001004"/>
</kw>
<kw name="Run Keyword If" owner="BuiltIn">
<kw name="Configure Sikuli" owner="sikuliLib">
<arg>${remoteVNC}</arg>
<doc>Part of *Test Configuration*</doc>
<status status="PASS" start="2024-05-27T14:18:41.029949" elapsed="0.000000"/>
</kw>
<arg>'${type}'=='Sikuli'</arg>
<arg>${imageLib}.Configure Sikuli</arg>
<arg>${remoteVNC}</arg>
<doc>Runs the given keyword with the given arguments, if ``condition`` is true.</doc>
<status status="PASS" start="2024-05-27T14:18:41.029949" elapsed="0.000000"/>
</kw>
<kw name="Run Keyword" owner="BuiltIn">
<kw name="Configure Image Path" owner="sikuliLib">
<arg>${datapath}</arg>
<doc>Part of *Test Configuration*</doc>
<status status="PASS" start="2024-05-27T14:18:41.030949" elapsed="0.000000"/>
</kw>
<arg>${imageLib}.Configure Image Path</arg>
<arg>${datapath}</arg>
<doc>Executes the given keyword with the given arguments.</doc>
<status status="PASS" start="2024-05-27T14:18:41.030949" elapsed="0.000000"/>
</kw>
<kw name="Log" owner="BuiltIn">
<msg time="2024-05-27T14:18:41.031947" level="INFO">Data Path configured</msg>
<arg>Data Path configured</arg>
<doc>Logs the given message with the given level.</doc>
<status status="PASS" start="2024-05-27T14:18:41.031947" elapsed="0.000000"/>
</kw>
<kw name="Configure Data Path" owner="oqe">
<arg>${datapath}</arg>
<doc>Part of *Test Setup*.</doc>
<status status="PASS" start="2024-05-27T14:18:41.031947" elapsed="0.000000"/>
</kw>
<arg>Sikuli</arg>
<arg>${DATA PATH}</arg>
<doc>Part of *Test Setup*.
Determines the _type_ of test as either Sikuli or Selenium. Other options may follow
The function also sets the datapath for all images and test data files.
Only in the case of a Selenium test, the browser and URL are also identified.
*NOTE* You must call _Configure Image Libaray_ before any of a number of functions
Using the data path and image library. Best to do so during test setup.</doc>
<status status="PASS" start="2024-05-27T14:18:41.026952" elapsed="0.004995"/>
</kw>
<kw name="Set Log Level" owner="BuiltIn">
<msg time="2024-05-27T14:18:41.032946" level="DEBUG">Log level changed from INFO to TRACE.</msg>
<msg time="2024-05-27T14:18:41.032946" level="TRACE">Return: 'INFO'</msg>
<arg>TRACE</arg>
<doc>Sets the log threshold to the specified level.</doc>
<status status="PASS" start="2024-05-27T14:18:41.031947" elapsed="0.000999"/>
</kw>
<kw name="Archive Any Previous Data" owner="oqe">
<msg time="2024-05-27T14:18:41.032946" level="TRACE">Arguments: [  ]</msg>
<msg time="2024-05-27T14:18:43.062067" level="TRACE">Return: None</msg>
<doc>Part of *Test Setup*</doc>
<status status="PASS" start="2024-05-27T14:18:41.032946" elapsed="2.029121"/>
</kw>
<kw name="New Test Event" owner="DataExtraction">
<msg time="2024-05-27T14:18:43.063069" level="TRACE">Arguments: [ ${CASE NAME}='GUI Survey' ]</msg>
<kw name="Create Test Case" owner="oqe">
<msg time="2024-05-27T14:18:43.064072" level="TRACE">Arguments: [ 'GUI Survey' ]</msg>
<msg time="2024-05-27T14:18:43.066071" level="TRACE">Return: 'GUI Survey 2024-05-27 14:18:43.065069'</msg>
<msg time="2024-05-27T14:18:43.066071" level="INFO">${FULL TEST} = GUI Survey 2024-05-27 14:18:43.065069</msg>
<var>${FULL TEST}</var>
<arg>${CASE NAME}</arg>
<doc>Part of *Test Setup*</doc>
<status status="PASS" start="2024-05-27T14:18:43.064072" elapsed="0.001999"/>
</kw>
<return>
<value>${FULL TEST}</value>
<status status="PASS" start="2024-05-27T14:18:43.066071" elapsed="0.000000"/>
</return>
<msg time="2024-05-27T14:18:43.067067" level="TRACE">Return: 'GUI Survey 2024-05-27 14:18:43.065069'</msg>
<arg>GUI Survey</arg>
<doc>Part of *Test Setup*.
New Test Event corresponds with output functions that create a new
data structure in the test data and a new line in the report.</doc>
<status status="PASS" start="2024-05-27T14:18:43.063069" elapsed="0.003998"/>
</kw>
<kw name="Record Action" owner="DataExtraction">
<msg time="2024-05-27T14:18:43.069067" level="TRACE">Arguments: [ ${CASE NAME}='Suite Start' | ${ACT DESCRIPTION}='Done' ]</msg>
<kw name="Write Data" owner="oqe">
<msg time="2024-05-27T14:18:43.069067" level="TRACE">Arguments: [ 'Suite Start' | 'Done' | 'Action' | '--' ]</msg>
<msg time="2024-05-27T14:18:43.070068" level="TRACE">Return: None</msg>
<arg>${CASE NAME}</arg>
<arg>${ACT DESCRIPTION}</arg>
<arg>Action</arg>
<arg>--</arg>
<doc>Part of *Output Functions*</doc>
<status status="PASS" start="2024-05-27T14:18:43.069067" elapsed="0.001001"/>
</kw>
<msg time="2024-05-27T14:18:43.071067" level="TRACE">Return: None</msg>
<arg>Suite Start</arg>
<arg>Done</arg>
<doc>Part of *Recording Data*</doc>
<status status="PASS" start="2024-05-27T14:18:43.068072" elapsed="0.002995"/>
</kw>
<msg time="2024-05-27T14:18:43.071067" level="TRACE">Return: None</msg>
<status status="PASS" start="2024-05-27T14:18:41.025914" elapsed="2.045153"/>
</kw>
<kw name="Test Start">
<msg time="2024-05-27T14:18:43.073071" level="TRACE">Arguments: [  ]</msg>
<kw name="Banner" owner="DataExtraction">
<msg time="2024-05-27T14:18:43.074066" level="TRACE">Arguments: [ ${Title}='Starting Test Suite' ]</msg>
<kw name="Write Data" owner="oqe">
<msg time="2024-05-27T14:18:43.074066" level="TRACE">Arguments: [ '==' | '==' | '--' | 'Starting Test Suite' ]</msg>
<msg time="2024-05-27T14:18:43.075067" level="TRACE">Return: None</msg>
<arg>==</arg>
<arg>==</arg>
<arg>--</arg>
<arg>${Title}</arg>
<doc>Part of *Output Functions*</doc>
<status status="PASS" start="2024-05-27T14:18:43.074066" elapsed="0.001001"/>
</kw>
<msg time="2024-05-27T14:18:43.075067" level="TRACE">Return: None</msg>
<arg>Starting Test Suite</arg>
<doc>Part of *Report Formatting*</doc>
<status status="PASS" start="2024-05-27T14:18:43.073071" elapsed="0.001996"/>
</kw>
<kw name="Start Process" owner="Process">
<msg time="2024-05-27T14:18:43.076067" level="TRACE">Arguments: [ 'python' | 'C:/Users/Owner/OneDrive/Documents/RFWDeployment/RFGUIHelper/RFGUIHelp.py' ]</msg>
<msg time="2024-05-27T14:18:43.077075" level="INFO">Starting process:
python C:/Users/Owner/OneDrive/Documents/RFWDeployment/RFGUIHelper/RFGUIHelp.py</msg>
<msg time="2024-05-27T14:18:43.077075" level="DEBUG">Process configuration:
cwd:     C:\Users\Owner\OneDrive\Documents\GitHub\DahlgrenTest\RFTest
shell:   False
stdout:  PIPE
stderr:  PIPE
stdin:   None
alias:   None
env:     None</msg>
<msg time="2024-05-27T14:18:43.101063" level="TRACE">Return: &lt;Popen: returncode: None args: ['python', 'C:/Users/Owner/OneDrive/Documents...&gt;</msg>
<arg>python</arg>
<arg>C:/Users/Owner/OneDrive/Documents/RFWDeployment/RFGUIHelper/RFGUIHelp.py</arg>
<doc>Starts a new process on background.</doc>
<status status="PASS" start="2024-05-27T14:18:43.076067" elapsed="0.024996"/>
</kw>
<kw name="Configure" owner="main">
<msg time="2024-05-27T14:18:43.102065" level="TRACE">Arguments: [ 'Sikuli' | 'C:/Users/Owner/OneDrive/Documents/RFWDeployment/RFTest/examples/rfgui/rfguihelper.json' | 'C:/Users/Owner/OneDrive/Documents/RFData3_1' ]</msg>
<msg time="2024-05-27T14:18:43.102065" level="DEBUG">Command to send: c
t
addImagePath
sC:\\Users\\Owner\\OneDrive\\Documents\\GitHub\\DahlgrenTest\\RFTest
i832
e
</msg>
<msg time="2024-05-27T14:18:43.107063" level="DEBUG">Answer received: !yv</msg>
<msg time="2024-05-27T14:18:43.108063" level="FAIL">FileNotFoundError: [Errno 2] No such file or directory: 'C:/Users/Owner/OneDrive/Documents/RFWDeployment/RFTest/examples/rfgui/rfguihelper.json'</msg>
<msg time="2024-05-27T14:18:43.110063" level="DEBUG">Traceback (most recent call last):
  File "C:\Users\Owner\OneDrive\Documents\GitHub\DahlgrenTest\RFTest\widgets\genericwindow.py", line 32, in configure
    self.configureWindow(testType, configPath, dataPath, remoteConnection)
  File "C:\Users\Owner\OneDrive\Documents\GitHub\DahlgrenTest\RFTest\widgets\window.py", line 35, in configureWindow
    self.parseFile(configPath)
  File "C:\Users\Owner\OneDrive\Documents\GitHub\DahlgrenTest\RFTest\widgets\window.py", line 44, in parseFile
    reader = open(config)
             ^^^^^^^^^^^^
FileNotFoundError: [Errno 2] No such file or directory: 'C:/Users/Owner/OneDrive/Documents/RFWDeployment/RFTest/examples/rfgui/rfguihelper.json'</msg>
<arg>Sikuli</arg>
<arg>C:/Users/Owner/OneDrive/Documents/RFWDeployment/RFTest/examples/rfgui/rfguihelper.json</arg>
<arg>${DATA PATH}</arg>
<doc>Sets up the details of the generic window for a specific test</doc>
<status status="FAIL" start="2024-05-27T14:18:43.101063" elapsed="0.009000">FileNotFoundError: [Errno 2] No such file or directory: 'C:/Users/Owner/OneDrive/Documents/RFWDeployment/RFTest/examples/rfgui/rfguihelper.json'</status>
</kw>
<kw name="Wait Until Keyword Succeeds" owner="BuiltIn">
<arg>2x</arg>
<arg>3s</arg>
<arg>main.Find</arg>
<doc>Runs the specified keyword and retries if it fails.</doc>
<status status="NOT RUN" start="2024-05-27T14:18:43.111063" elapsed="0.000000"/>
</kw>
<kw name="Log" owner="BuiltIn">
<arg>Successful Start</arg>
<doc>Logs the given message with the given level.</doc>
<status status="NOT RUN" start="2024-05-27T14:18:43.111063" elapsed="0.000999"/>
</kw>
<kw name="Log To Console" owner="BuiltIn">
<arg>Successful Start</arg>
<doc>Logs the given message to the console.</doc>
<status status="NOT RUN" start="2024-05-27T14:18:43.113062" elapsed="0.000000"/>
</kw>
<kw name="Record Action" owner="DataExtraction">
<arg>Test Start</arg>
<arg>Successful Start</arg>
<doc>Part of *Recording Data*</doc>
<status status="NOT RUN" start="2024-05-27T14:18:43.113062" elapsed="0.000000"/>
</kw>
<kw name="Keyword Final" owner="DataExtraction" type="TEARDOWN">
<msg time="2024-05-27T14:18:43.117063" level="TRACE">Arguments: [ ${CASE NAME}='DDT Test' | ${STEP NAME}='Test Start' | ${STATUS}='FAIL' | ${MESSAGE}="FileNotFoundError: [Errno 2] No such file or directory: 'C:/Users/Owner/OneDrive/Documents/RFWDeployment/RFTest/examples/rfgui/rfguihelper.json'" ]</msg>
<kw name="Record PassFail Block" owner="DataExtraction">
<msg time="2024-05-27T14:18:43.118063" level="TRACE">Arguments: [ ${STEP NAME}='Test Start' | ${STATUS}='FAIL' | ${MESSAGE}="FileNotFoundError: [Errno 2] No such file or directory: 'C:/Users/Owner/OneDrive/Documents/RFWDeployment/RFTest/examples/rfgui/rfguihelper.json'" ]</msg>
<kw name="Write Results" owner="oqe">
<msg time="2024-05-27T14:18:43.119062" level="TRACE">Arguments: [ '&amp;&amp;' | 'Test Start' | 'FAIL' | "FileNotFoundError: [Errno 2] No such file or directory: 'C:/Users/Owner/OneDrive/Documents/RFWDeployment/RFTest/examples/rfgui/rfguihelper.json'" ]</msg>
<msg time="2024-05-27T14:18:43.124061" level="TRACE">Return: None</msg>
<arg>&amp;&amp;</arg>
<arg>${STEP NAME}</arg>
<arg>${STATUS}</arg>
<arg>${MESSAGE}</arg>
<doc>Part of *Output Functions*</doc>
<status status="PASS" start="2024-05-27T14:18:43.119062" elapsed="0.005999"/>
</kw>
<msg time="2024-05-27T14:18:43.125061" level="TRACE">Return: None</msg>
<arg>${STEP NAME}</arg>
<arg>${STATUS}</arg>
<arg>${MESSAGE}</arg>
<doc>Part of *Recording Data*</doc>
<status status="PASS" start="2024-05-27T14:18:43.117063" elapsed="0.007998"/>
</kw>
<kw name="Data Break" owner="DataExtraction">
<msg time="2024-05-27T14:18:43.126066" level="TRACE">Arguments: [  ]</msg>
<kw name="Write Data" owner="oqe">
<msg time="2024-05-27T14:18:43.127061" level="TRACE">Arguments: [ '--' | '--' | '--' | '--' ]</msg>
<msg time="2024-05-27T14:18:43.128060" level="TRACE">Return: None</msg>
<arg>--</arg>
<arg>--</arg>
<arg>--</arg>
<arg>--</arg>
<doc>Part of *Output Functions*</doc>
<status status="PASS" start="2024-05-27T14:18:43.127061" elapsed="0.000999"/>
</kw>
<msg time="2024-05-27T14:18:43.128060" level="TRACE">Return: None</msg>
<doc>Part of *Report Formatting*</doc>
<status status="PASS" start="2024-05-27T14:18:43.125061" elapsed="0.003999"/>
</kw>
<msg time="2024-05-27T14:18:43.129060" level="TRACE">Return: None</msg>
<arg>${TEST NAME}</arg>
<arg>Test Start</arg>
<arg>${KEYWORD STATUS}</arg>
<arg>${KEYWORD MESSAGE}</arg>
<doc>Part of *Recording Data*</doc>
<status status="PASS" start="2024-05-27T14:18:43.115063" elapsed="0.013997"/>
</kw>
<status status="FAIL" start="2024-05-27T14:18:43.072069" elapsed="0.057993">FileNotFoundError: [Errno 2] No such file or directory: 'C:/Users/Owner/OneDrive/Documents/RFWDeployment/RFTest/examples/rfgui/rfguihelper.json'</status>
</kw>
<kw name="Run Test">
<status status="NOT RUN" start="2024-05-27T14:18:43.133062" elapsed="0.000000"/>
</kw>
<kw name="Test Stop">
<status status="NOT RUN" start="2024-05-27T14:18:43.134061" elapsed="0.000000"/>
</kw>
<status status="FAIL" start="2024-05-27T14:18:41.025914" elapsed="2.109145">FileNotFoundError: [Errno 2] No such file or directory: 'C:/Users/Owner/OneDrive/Documents/RFWDeployment/RFTest/examples/rfgui/rfguihelper.json'</status>
</test>
<status status="FAIL" start="2024-05-27T14:18:38.886888" elapsed="4.250171"/>
</suite>
<statistics>
<total>
<stat pass="0" fail="1" skip="0">All Tests</stat>
</total>
<tag>
</tag>
<suite>
<stat pass="0" fail="1" skip="0" id="s1" name="Survey">Survey</stat>
</suite>
</statistics>
<errors>
</errors>
</robot>
