<?xml version="1.0" encoding="UTF-8"?>
<robot generator="Robot 5.0.1 (Python 3.10.8 on win32)" generated="20230105 14:36:21.255" rpa="false" schemaversion="3">
<suite id="s1" name="Programmer" source="C:\Users\Benny\Documents\github\DahlgrenTest\RFTest\examples\calculator\programmer.robot">
<kw name="Suite Start" type="SETUP">
<kw name="Configure" library="program">
<arg>Sikuli</arg>
<arg>C:/Users/Benny/Documents/github/DahlgrenTest/RFGUIHelper/configs/programmerCal</arg>
<arg>${DATA PATH}</arg>
<doc>Sets up the details of the generic window for a specific test</doc>
<status status="PASS" starttime="20230105 14:36:22.601" endtime="20230105 14:36:22.635"/>
</kw>
<kw name="Configure" library="radioMenu">
<arg>Sikuli</arg>
<arg>C:/Users/Benny/Documents/github/DahlgrenTest/RFGUIHelper/configs/radioMenu</arg>
<arg>${DATA PATH}</arg>
<doc>Sets up the details of the generic window for a specific test</doc>
<status status="PASS" starttime="20230105 14:36:22.635" endtime="20230105 14:36:22.643"/>
</kw>
<kw name="Setup Header" library="switch">
<kw name="Configure Image Library" library="DataExtraction">
<arg>Sikuli</arg>
<arg>${DATA PATH}</arg>
<doc>Part of *Test Setup*.
Determines the _type_ of test as either Sikuli or Selenium. Other options may follow
The function also sets the datapath for all images and test data files.
Only in the case of a Selenium test, the browser and URL are also identified.
*NOTE* You must call _Configure Image Libaray_ before any of a number of functions
Using the data path and image library. Best to do so during test setup.</doc>
<kw name="Run Keyword If" library="BuiltIn">
<arg>'${type}'=='Sikuli'</arg>
<arg>Set Suite Variable</arg>
<arg>${imageLib}</arg>
<arg>sikuliLib</arg>
<arg>ELSE</arg>
<arg>Set Suite Variable</arg>
<arg>${imageLib}</arg>
<arg>seleniumLib</arg>
<doc>Runs the given keyword with the given arguments, if ``condition`` is true.</doc>
<kw name="Set Suite Variable" library="BuiltIn">
<arg>${imageLib}</arg>
<arg>sikuliLib</arg>
<doc>Makes a variable available everywhere within the scope of the current suite.</doc>
<msg timestamp="20230105 14:36:22.647" level="INFO">${imageLib} = sikuliLib</msg>
<status status="PASS" starttime="20230105 14:36:22.647" endtime="20230105 14:36:22.647"/>
</kw>
<status status="PASS" starttime="20230105 14:36:22.646" endtime="20230105 14:36:22.647"/>
</kw>
<kw name="Run Keyword If" library="BuiltIn">
<arg>'${type}'=='Selenium'</arg>
<arg>${imageLib}.Configure Selenium</arg>
<arg>${browser}</arg>
<arg>${url}</arg>
<doc>Runs the given keyword with the given arguments, if ``condition`` is true.</doc>
<status status="PASS" starttime="20230105 14:36:22.647" endtime="20230105 14:36:22.648"/>
</kw>
<kw name="Run Keyword" library="BuiltIn">
<arg>${imageLib}.Configure Image Path</arg>
<arg>${datapath}</arg>
<doc>Executes the given keyword with the given arguments.</doc>
<kw name="Configure Image Path" library="sikuliLib">
<arg>${datapath}</arg>
<doc>Part of *Test Configuration*</doc>
<status status="PASS" starttime="20230105 14:36:22.648" endtime="20230105 14:36:22.652"/>
</kw>
<status status="PASS" starttime="20230105 14:36:22.648" endtime="20230105 14:36:22.652"/>
</kw>
<kw name="Log" library="BuiltIn">
<arg>Data Path configured</arg>
<doc>Logs the given message with the given level.</doc>
<msg timestamp="20230105 14:36:22.653" level="INFO">Data Path configured</msg>
<status status="PASS" starttime="20230105 14:36:22.653" endtime="20230105 14:36:22.653"/>
</kw>
<kw name="Configure Data Path" library="oqe">
<arg>${datapath}</arg>
<doc>Part of *Test Setup*.</doc>
<status status="PASS" starttime="20230105 14:36:22.653" endtime="20230105 14:36:22.654"/>
</kw>
<status status="PASS" starttime="20230105 14:36:22.645" endtime="20230105 14:36:22.654"/>
</kw>
<kw name="Set Log Level" library="BuiltIn">
<arg>TRACE</arg>
<doc>Sets the log threshold to the specified level and returns the old level.</doc>
<msg timestamp="20230105 14:36:22.655" level="INFO">Log level changed from INFO to TRACE.</msg>
<msg timestamp="20230105 14:36:22.655" level="TRACE">Return: 'INFO'</msg>
<status status="PASS" starttime="20230105 14:36:22.654" endtime="20230105 14:36:22.655"/>
</kw>
<kw name="Archive Any Previous Data" library="oqe">
<doc>Part of *Test Setup*</doc>
<msg timestamp="20230105 14:36:22.655" level="TRACE">Arguments: [  ]</msg>
<msg timestamp="20230105 14:36:22.687" level="TRACE">Return: None</msg>
<status status="PASS" starttime="20230105 14:36:22.655" endtime="20230105 14:36:22.687"/>
</kw>
<kw name="Configure" library="header">
<arg>Sikuli</arg>
<arg>C:/Users/Benny/Documents/github/DahlgrenTest/RFGUIHelper/configs/calculatorHead</arg>
<arg>${DATA PATH}</arg>
<doc>Sets up the details of the generic window for a specific test</doc>
<msg timestamp="20230105 14:36:22.687" level="TRACE">Arguments: [ 'Sikuli' | 'C:/Users/Benny/Documents/github/DahlgrenTest/RFGUIHelper/configs/calculatorHead' | 'C:/Users/Benny/Documents/RFData' ]</msg>
<msg timestamp="20230105 14:36:22.688" level="DEBUG">Command to send: c
t
addImagePath
sC:\\Users\\Benny\\Documents\\github\\DahlgrenTest\\RFTest
i551
e
</msg>
<msg timestamp="20230105 14:36:22.689" level="DEBUG">Answer received: !yv</msg>
<msg timestamp="20230105 14:36:22.690" level="TRACE">Return: None</msg>
<status status="PASS" starttime="20230105 14:36:22.687" endtime="20230105 14:36:22.690"/>
</kw>
<kw name="Configure" library="typeMenu">
<arg>Sikuli</arg>
<arg>C:/Users/Benny/Documents/github/DahlgrenTest/RFGUIHelper/configs/calcMenu</arg>
<arg>${DATA PATH}</arg>
<doc>Sets up the details of the generic window for a specific test</doc>
<msg timestamp="20230105 14:36:22.690" level="TRACE">Arguments: [ 'Sikuli' | 'C:/Users/Benny/Documents/github/DahlgrenTest/RFGUIHelper/configs/calcMenu' | 'C:/Users/Benny/Documents/RFData' ]</msg>
<msg timestamp="20230105 14:36:22.691" level="DEBUG">Command to send: c
t
addImagePath
sC:\\Users\\Benny\\Documents\\github\\DahlgrenTest\\RFTest
i434
e
</msg>
<msg timestamp="20230105 14:36:22.694" level="DEBUG">Answer received: !yv</msg>
<msg timestamp="20230105 14:36:22.694" level="TRACE">Return: None</msg>
<status status="PASS" starttime="20230105 14:36:22.690" endtime="20230105 14:36:22.694"/>
</kw>
<kw name="Start Process" library="Process">
<arg>calc</arg>
<doc>Starts a new process on background.</doc>
<msg timestamp="20230105 14:36:22.695" level="TRACE">Arguments: [ 'calc' ]</msg>
<msg timestamp="20230105 14:36:22.695" level="INFO">Starting process:
calc</msg>
<msg timestamp="20230105 14:36:22.695" level="DEBUG">Process configuration:
cwd:     C:\Users\Benny\Documents\github\DahlgrenTest\RFTest
shell:   False
stdout:  PIPE
stderr:  PIPE
stdin:   PIPE
alias:   None
env:     None</msg>
<msg timestamp="20230105 14:36:22.700" level="TRACE">Return: &lt;Popen: returncode: None args: ['calc']&gt;</msg>
<status status="PASS" starttime="20230105 14:36:22.695" endtime="20230105 14:36:22.700"/>
</kw>
<kw name="Wait Until Keyword Succeeds" library="BuiltIn">
<arg>2x</arg>
<arg>3s</arg>
<arg>header.Find</arg>
<doc>Runs the specified keyword and retries if it fails.</doc>
<msg timestamp="20230105 14:36:22.701" level="TRACE">Arguments: [ '2x' | '3s' | 'header.Find' ]</msg>
<kw name="Find" library="header">
<doc>Called to locate any anchor for the window and revise relative locations to 
widgets.</doc>
<msg timestamp="20230105 14:36:22.701" level="TRACE">Arguments: [  ]</msg>
<msg timestamp="20230105 14:36:22.702" level="DEBUG">Command to send: c
t
createPattern
sC:/Users/Benny/Documents/github/DahlgrenTest/RFGUIHelper/configs/calculatorHead/calcIcon.png
e
</msg>
<msg timestamp="20230105 14:36:22.750" level="DEBUG">Answer received: !yro1006</msg>
<msg timestamp="20230105 14:36:22.750" level="DEBUG">Command to send: c
t
getScreen
i0
e
</msg>
<msg timestamp="20230105 14:36:22.766" level="DEBUG">Answer received: !yro1007</msg>
<msg timestamp="20230105 14:36:22.766" level="DEBUG">Command to send: c
o1007
find
ro1006
e
</msg>
<msg timestamp="20230105 14:36:23.351" level="DEBUG">Answer received: !xro1008</msg>
<msg timestamp="20230105 14:36:23.351" level="DEBUG">Command to send: p
ro1008
e
</msg>
<msg timestamp="20230105 14:36:23.351" level="DEBUG">Answer received: !ysFindFailed: C:/Users/Benny/Documents/github/DahlgrenTest/RFGUIHelper/configs/calculatorHead/calcIcon.png: (25x23) seen at (85, 86) with 1.00 in R[0,0 1366x768]@S(0)\n  Line 2291, in file Region.java\n\r\n	at org.sikuli.script.Region.find(Region.java:2291)\r\n	at sun.reflect.GeneratedMethodAccessor22.invoke(Unknown Source)\r\n	at sun.reflect.DelegatingMethodAccessorImpl.invoke(Unknown Source)\r\n	at java.lang.reflect.Method.invoke(Unknown Source)\r\n	at py4j.reflection.MethodInvoker.invoke(MethodInvoker.java:244)\r\n	at py4j.reflection.ReflectionEngine.invoke(ReflectionEngine.java:357)\r\n	at py4j.Gateway.invoke(Gateway.java:282)\r\n	at py4j.commands.AbstractCommand.invokeMethod(AbstractCommand.java:132)\r\n	at py4j.commands.CallCommand.execute(CallCommand.java:79)\r\n	at py4j.GatewayConnection.run(GatewayConnection.java:238)\r\n	at java.lang.Thread.run(Unknown Source)\r\n</msg>
<msg timestamp="20230105 14:36:23.352" level="DEBUG">Command to send: p
ro1008
e
</msg>
<msg timestamp="20230105 14:36:23.353" level="DEBUG">Answer received: !ysFindFailed: C:/Users/Benny/Documents/github/DahlgrenTest/RFGUIHelper/configs/calculatorHead/calcIcon.png: (25x23) seen at (85, 86) with 1.00 in R[0,0 1366x768]@S(0)\n  Line 2291, in file Region.java\n\r\n	at org.sikuli.script.Region.find(Region.java:2291)\r\n	at sun.reflect.GeneratedMethodAccessor22.invoke(Unknown Source)\r\n	at sun.reflect.DelegatingMethodAccessorImpl.invoke(Unknown Source)\r\n	at java.lang.reflect.Method.invoke(Unknown Source)\r\n	at py4j.reflection.MethodInvoker.invoke(MethodInvoker.java:244)\r\n	at py4j.reflection.ReflectionEngine.invoke(ReflectionEngine.java:357)\r\n	at py4j.Gateway.invoke(Gateway.java:282)\r\n	at py4j.commands.AbstractCommand.invokeMethod(AbstractCommand.java:132)\r\n	at py4j.commands.CallCommand.execute(CallCommand.java:79)\r\n	at py4j.GatewayConnection.run(GatewayConnection.java:238)\r\n	at java.lang.Thread.run(Unknown Source)\r\n</msg>
<msg timestamp="20230105 14:36:23.353" level="FAIL">Py4JJavaError: An error occurred while calling o1007.find.
: FindFailed: C:/Users/Benny/Documents/github/DahlgrenTest/RFGUIHelper/configs/calculatorHead/calcIcon.png: (25x23) seen at (85, 86) with 1.00 in R[0,0 1366x768]@S(0)
  Line 2291, in file Region.java

	at org.sikuli.script.Region.find(Region.java:2291)
	at sun.reflect.GeneratedMethodAccessor22.invoke(Unknown Source)
	at sun.reflect.DelegatingMethodAccessorImpl.invoke(Unknown Source)
	at java.lang.reflect.Method.invoke(Unknown Source)
	at py4j.reflection.MethodInvoker.invoke(MethodInvoker.java:244)
	at py4j.reflection.ReflectionEngine.invoke(ReflectionEngine.java:357)
	at py4j.Gateway.invoke(Gateway.java:282)
	at py4j.commands.AbstractCommand.invokeMethod(AbstractCommand.java:132)
	at py4j.commands.CallCommand.execute(CallCommand.java:79)
	at py4j.GatewayConnection.run(GatewayConnection.java:238)
	at java.lang.Thread.run(Unknown Source)
</msg>
<msg timestamp="20230105 14:36:23.356" level="DEBUG">Command to send: p
ro1008
e
</msg>
<msg timestamp="20230105 14:36:23.357" level="DEBUG">Answer received: !ysFindFailed: C:/Users/Benny/Documents/github/DahlgrenTest/RFGUIHelper/configs/calculatorHead/calcIcon.png: (25x23) seen at (85, 86) with 1.00 in R[0,0 1366x768]@S(0)\n  Line 2291, in file Region.java\n\r\n	at org.sikuli.script.Region.find(Region.java:2291)\r\n	at sun.reflect.GeneratedMethodAccessor22.invoke(Unknown Source)\r\n	at sun.reflect.DelegatingMethodAccessorImpl.invoke(Unknown Source)\r\n	at java.lang.reflect.Method.invoke(Unknown Source)\r\n	at py4j.reflection.MethodInvoker.invoke(MethodInvoker.java:244)\r\n	at py4j.reflection.ReflectionEngine.invoke(ReflectionEngine.java:357)\r\n	at py4j.Gateway.invoke(Gateway.java:282)\r\n	at py4j.commands.AbstractCommand.invokeMethod(AbstractCommand.java:132)\r\n	at py4j.commands.CallCommand.execute(CallCommand.java:79)\r\n	at py4j.GatewayConnection.run(GatewayConnection.java:238)\r\n	at java.lang.Thread.run(Unknown Source)\r\n</msg>
<msg timestamp="20230105 14:36:23.357" level="DEBUG">Traceback (most recent call last):
  File "C:\Users\Benny\Documents\github\DahlgrenTest\RFTest\widgets\window.py", line 44, in find
    loc = anchor.find()
  File "C:\Users\Benny\Documents\github\DahlgrenTest\RFTest\widgets\widget.py", line 124, in find
    return self.tester.findElement(self.description)
  File "C:\Users\Benny\Documents\github\DahlgrenTest\RFTest\OQE\sikulilibrary.py", line 88, in findElement
    temp = screen.find(pattern)
  File "C:\Users\Benny\AppData\Local\Programs\Python\Python310\lib\site-packages\py4j\java_gateway.py", line 1321, in __call__
    return_value = get_return_value(
  File "C:\Users\Benny\AppData\Local\Programs\Python\Python310\lib\site-packages\py4j\protocol.py", line 326, in get_return_value
    raise Py4JJavaError(
py4j.protocol.Py4JJavaError: An error occurred while calling o1007.find.
: FindFailed: C:/Users/Benny/Documents/github/DahlgrenTest/RFGUIHelper/configs/calculatorHead/calcIcon.png: (25x23) seen at (85, 86) with 1.00 in R[0,0 1366x768]@S(0)
  Line 2291, in file Region.java

	at org.sikuli.script.Region.find(Region.java:2291)
	at sun.reflect.GeneratedMethodAccessor22.invoke(Unknown Source)
	at sun.reflect.DelegatingMethodAccessorImpl.invoke(Unknown Source)
	at java.lang.reflect.Method.invoke(Unknown Source)
	at py4j.reflection.MethodInvoker.invoke(MethodInvoker.java:244)
	at py4j.reflection.ReflectionEngine.invoke(ReflectionEngine.java:357)
	at py4j.Gateway.invoke(Gateway.java:282)
	at py4j.commands.AbstractCommand.invokeMethod(AbstractCommand.java:132)
	at py4j.commands.CallCommand.execute(CallCommand.java:79)
	at py4j.GatewayConnection.run(GatewayConnection.java:238)
	at java.lang.Thread.run(Unknown Source)</msg>
<status status="FAIL" starttime="20230105 14:36:22.701" endtime="20230105 14:36:23.357"/>
</kw>
<kw name="Find" library="header">
<doc>Called to locate any anchor for the window and revise relative locations to 
widgets.</doc>
<msg timestamp="20230105 14:36:26.364" level="TRACE">Arguments: [  ]</msg>
<msg timestamp="20230105 14:36:26.365" level="DEBUG">Command to send: c
t
createPattern
sC:/Users/Benny/Documents/github/DahlgrenTest/RFGUIHelper/configs/calculatorHead/calcIcon.png
e
</msg>
<msg timestamp="20230105 14:36:26.366" level="DEBUG">Answer received: !yro1009</msg>
<msg timestamp="20230105 14:36:26.367" level="DEBUG">Command to send: c
t
getScreen
i0
e
</msg>
<msg timestamp="20230105 14:36:26.367" level="DEBUG">Answer received: !yro1010</msg>
<msg timestamp="20230105 14:36:26.367" level="DEBUG">Command to send: c
o1010
find
ro1009
e
</msg>
<msg timestamp="20230105 14:36:26.734" level="DEBUG">Answer received: !yro1011</msg>
<msg timestamp="20230105 14:36:26.734" level="DEBUG">Command to send: c
o1011
getScore
e
</msg>
<msg timestamp="20230105 14:36:26.735" level="DEBUG">Answer received: !yd0.999998927116394</msg>
<msg timestamp="20230105 14:36:26.735" level="DEBUG">Command to send: c
o1011
getTarget
e
</msg>
<msg timestamp="20230105 14:36:26.735" level="DEBUG">Answer received: !yro1012</msg>
<msg timestamp="20230105 14:36:26.735" level="DEBUG">Command to send: c
o1012
getX
e
</msg>
<msg timestamp="20230105 14:36:26.735" level="DEBUG">Answer received: !yi97</msg>
<msg timestamp="20230105 14:36:26.735" level="DEBUG">Command to send: c
o1012
getY
e
</msg>
<msg timestamp="20230105 14:36:26.736" level="DEBUG">Answer received: !yi97</msg>
<msg timestamp="20230105 14:36:26.736" level="TRACE">Return: 'calcIcon'</msg>
<status status="PASS" starttime="20230105 14:36:26.362" endtime="20230105 14:36:26.736"/>
</kw>
<msg timestamp="20230105 14:36:26.736" level="TRACE">Return: 'calcIcon'</msg>
<status status="PASS" starttime="20230105 14:36:22.700" endtime="20230105 14:36:26.736"/>
</kw>
<msg timestamp="20230105 14:36:26.736" level="TRACE">Return: None</msg>
<status status="PASS" starttime="20230105 14:36:22.645" endtime="20230105 14:36:26.736"/>
</kw>
<kw name="Find" library="program">
<doc>Called to locate any anchor for the window and revise relative locations to 
widgets.</doc>
<msg timestamp="20230105 14:36:26.737" level="TRACE">Arguments: [  ]</msg>
<msg timestamp="20230105 14:36:26.737" level="DEBUG">Command to send: c
t
createPattern
sC:/Users/Benny/Documents/github/DahlgrenTest/RFGUIHelper/configs/programmerCal/calcAnchor.png
e
</msg>
<msg timestamp="20230105 14:36:26.740" level="DEBUG">Answer received: !yro1013</msg>
<msg timestamp="20230105 14:36:26.740" level="DEBUG">Command to send: c
t
getScreen
i0
e
</msg>
<msg timestamp="20230105 14:36:26.740" level="DEBUG">Answer received: !yro1014</msg>
<msg timestamp="20230105 14:36:26.741" level="DEBUG">Command to send: c
o1014
find
ro1013
e
</msg>
<msg timestamp="20230105 14:36:27.113" level="DEBUG">Answer received: !yro1015</msg>
<msg timestamp="20230105 14:36:27.113" level="DEBUG">Command to send: c
o1015
getScore
e
</msg>
<msg timestamp="20230105 14:36:27.113" level="DEBUG">Answer received: !yd0.999998152256012</msg>
<msg timestamp="20230105 14:36:27.114" level="DEBUG">Command to send: c
o1015
getTarget
e
</msg>
<msg timestamp="20230105 14:36:27.114" level="DEBUG">Answer received: !yro1016</msg>
<msg timestamp="20230105 14:36:27.114" level="DEBUG">Command to send: c
o1016
getX
e
</msg>
<msg timestamp="20230105 14:36:27.114" level="DEBUG">Answer received: !yi100</msg>
<msg timestamp="20230105 14:36:27.114" level="DEBUG">Command to send: c
o1016
getY
e
</msg>
<msg timestamp="20230105 14:36:27.114" level="DEBUG">Answer received: !yi101</msg>
<msg timestamp="20230105 14:36:27.114" level="TRACE">Return: 'calcAnchor'</msg>
<status status="PASS" starttime="20230105 14:36:26.737" endtime="20230105 14:36:27.114"/>
</kw>
<kw name="Document API" library="program">
<var>${tmp}</var>
<doc>Returns a single string containing a set of all widgets in the window and 
their available functions.</doc>
<msg timestamp="20230105 14:36:27.115" level="TRACE">Arguments: [  ]</msg>
<msg timestamp="20230105 14:36:27.115" level="TRACE">Return: 'Window[programmerCal]: find, setGroup, move, setLocation, click, capture, captureSmall\n\tAchor[calcAnchor]: find, click, doubleClick, capture, captureSmall\n\tMovePoint[menuBar]: move, click, doubleClick, read, capture, captureSmall\n\tTextField[calculatorType]: read, write, capture, captureSmall\n\tButton[hamburgerMenu]: read, click, doubleClick, capture, captureSmall\n\tButton[bitshiftMenu]: read, click, doubleClick, capture, captureSmall\n\tButton[closeButton]: read, click, doubleClick, capture, captureSmall\n'</msg>
<msg timestamp="20230105 14:36:27.115" level="INFO">${tmp} = Window[programmerCal]: find, setGroup, move, setLocation, click, capture, captureSmall
	Achor[calcAnchor]: find, click, doubleClick, capture, captureSmall
	MovePoint[menuBar]: move, click, doubleClick...</msg>
<status status="PASS" starttime="20230105 14:36:27.115" endtime="20230105 14:36:27.115"/>
</kw>
<kw name="Log" library="BuiltIn">
<arg>${tmp}</arg>
<doc>Logs the given message with the given level.</doc>
<msg timestamp="20230105 14:36:27.116" level="TRACE">Arguments: [ 'Window[programmerCal]: find, setGroup, move, setLocation, click, capture, captureSmall\n\tAchor[calcAnchor]: find, click, doubleClick, capture, captureSmall\n\tMovePoint[menuBar]: move, click, doubleClick, read, capture, captureSmall\n\tTextField[calculatorType]: read, write, capture, captureSmall\n\tButton[hamburgerMenu]: read, click, doubleClick, capture, captureSmall\n\tButton[bitshiftMenu]: read, click, doubleClick, capture, captureSmall\n\tButton[closeButton]: read, click, doubleClick, capture, captureSmall\n' ]</msg>
<msg timestamp="20230105 14:36:27.116" level="INFO">Window[programmerCal]: find, setGroup, move, setLocation, click, capture, captureSmall
	Achor[calcAnchor]: find, click, doubleClick, capture, captureSmall
	MovePoint[menuBar]: move, click, doubleClick, read, capture, captureSmall
	TextField[calculatorType]: read, write, capture, captureSmall
	Button[hamburgerMenu]: read, click, doubleClick, capture, captureSmall
	Button[bitshiftMenu]: read, click, doubleClick, capture, captureSmall
	Button[closeButton]: read, click, doubleClick, capture, captureSmall
</msg>
<msg timestamp="20230105 14:36:27.116" level="TRACE">Return: None</msg>
<status status="PASS" starttime="20230105 14:36:27.115" endtime="20230105 14:36:27.116"/>
</kw>
<kw name="Document API" library="radioMenu">
<var>${tmp}</var>
<doc>Returns a single string containing a set of all widgets in the window and 
their available functions.</doc>
<msg timestamp="20230105 14:36:27.116" level="TRACE">Arguments: [  ]</msg>
<msg timestamp="20230105 14:36:27.116" level="TRACE">Return: 'Window[radioMenu]: find, setGroup, move, setLocation, click, capture, captureSmall\n\tAchor[firstLabel]: find, click, doubleClick, capture, captureSmall\n\tRadioButton[arithRadio]: setGroup, read, click, doubleClick, capture, captureSmall, getState\n\tRadioButton[logicRadio]: setGroup, read, click, doubleClick, capture, captureSmall, getState\n\tRadioButton[rotateRadio]: setGroup, read, click, doubleClick, capture, captureSmall, getState\n\tRadioButton[rcarryRadio]: setGroup, read, click, doubleClick, capture, captureSmall, getState\n'</msg>
<msg timestamp="20230105 14:36:27.116" level="INFO">${tmp} = Window[radioMenu]: find, setGroup, move, setLocation, click, capture, captureSmall
	Achor[firstLabel]: find, click, doubleClick, capture, captureSmall
	RadioButton[arithRadio]: setGroup, read, click, ...</msg>
<status status="PASS" starttime="20230105 14:36:27.116" endtime="20230105 14:36:27.116"/>
</kw>
<kw name="Log" library="BuiltIn">
<arg>${tmp}</arg>
<doc>Logs the given message with the given level.</doc>
<msg timestamp="20230105 14:36:27.117" level="TRACE">Arguments: [ 'Window[radioMenu]: find, setGroup, move, setLocation, click, capture, captureSmall\n\tAchor[firstLabel]: find, click, doubleClick, capture, captureSmall\n\tRadioButton[arithRadio]: setGroup, read, click, doubleClick, capture, captureSmall, getState\n\tRadioButton[logicRadio]: setGroup, read, click, doubleClick, capture, captureSmall, getState\n\tRadioButton[rotateRadio]: setGroup, read, click, doubleClick, capture, captureSmall, getState\n\tRadioButton[rcarryRadio]: setGroup, read, click, doubleClick, capture, captureSmall, getState\n' ]</msg>
<msg timestamp="20230105 14:36:27.117" level="INFO">Window[radioMenu]: find, setGroup, move, setLocation, click, capture, captureSmall
	Achor[firstLabel]: find, click, doubleClick, capture, captureSmall
	RadioButton[arithRadio]: setGroup, read, click, doubleClick, capture, captureSmall, getState
	RadioButton[logicRadio]: setGroup, read, click, doubleClick, capture, captureSmall, getState
	RadioButton[rotateRadio]: setGroup, read, click, doubleClick, capture, captureSmall, getState
	RadioButton[rcarryRadio]: setGroup, read, click, doubleClick, capture, captureSmall, getState
</msg>
<msg timestamp="20230105 14:36:27.117" level="TRACE">Return: None</msg>
<status status="PASS" starttime="20230105 14:36:27.117" endtime="20230105 14:36:27.117"/>
</kw>
<msg timestamp="20230105 14:36:27.117" level="TRACE">Return: None</msg>
<status status="PASS" starttime="20230105 14:36:22.600" endtime="20230105 14:36:27.117"/>
</kw>
<test id="s1-t1" name="Dummy Case" line="16">
<kw name="Test Start" library="switch" type="SETUP">
<msg timestamp="20230105 14:36:27.121" level="TRACE">Arguments: [  ]</msg>
<kw name="New Test Event" library="DataExtraction">
<arg>${TEST NAME}</arg>
<doc>Part of *Test Setup*.
New Test Event corresponds with output functions that create a new
data structure in the test data and a new line in the report.</doc>
<msg timestamp="20230105 14:36:27.121" level="TRACE">Arguments: [ ${CASE NAME}='Dummy Case' ]</msg>
<kw name="Create Test Case" library="oqe">
<var>${FULL TEST}</var>
<arg>${CASE NAME}</arg>
<doc>Part of *Test Setup*</doc>
<msg timestamp="20230105 14:36:27.122" level="TRACE">Arguments: [ 'Dummy Case' ]</msg>
<msg timestamp="20230105 14:36:27.123" level="TRACE">Return: 'Dummy Case 2023-01-05 14:36:27.122751'</msg>
<msg timestamp="20230105 14:36:27.124" level="INFO">${FULL TEST} = Dummy Case 2023-01-05 14:36:27.122751</msg>
<status status="PASS" starttime="20230105 14:36:27.122" endtime="20230105 14:36:27.124"/>
</kw>
<msg timestamp="20230105 14:36:27.124" level="TRACE">Return: 'Dummy Case 2023-01-05 14:36:27.122751'</msg>
<status status="PASS" starttime="20230105 14:36:27.121" endtime="20230105 14:36:27.124"/>
</kw>
<msg timestamp="20230105 14:36:27.124" level="TRACE">Return: None</msg>
<status status="PASS" starttime="20230105 14:36:27.121" endtime="20230105 14:36:27.124"/>
</kw>
<kw name="Test Calculator">
<arg>None</arg>
<msg timestamp="20230105 14:36:27.126" level="TRACE">Arguments: [ ${dummy}='None' ]</msg>
<kw name="Verify Calculator Mode" library="switch">
<arg>ProgrammerXXXXXX</arg>
<msg timestamp="20230105 14:36:27.126" level="TRACE">Arguments: [ ${mode}='ProgrammerXXXXXX' ]</msg>
<kw name="Banner" library="DataExtraction">
<arg>Check Mode</arg>
<doc>Part of *Report Formatting*</doc>
<msg timestamp="20230105 14:36:27.127" level="TRACE">Arguments: [ ${Title}='Check Mode' ]</msg>
<kw name="Write Data" library="oqe">
<arg>==</arg>
<arg>==</arg>
<arg>--</arg>
<arg>${Title}</arg>
<doc>Part of *Output Functions*</doc>
<msg timestamp="20230105 14:36:27.127" level="TRACE">Arguments: [ '==' | '==' | '--' | 'Check Mode' ]</msg>
<msg timestamp="20230105 14:36:27.128" level="TRACE">Return: None</msg>
<status status="PASS" starttime="20230105 14:36:27.127" endtime="20230105 14:36:27.128"/>
</kw>
<msg timestamp="20230105 14:36:27.128" level="TRACE">Return: None</msg>
<status status="PASS" starttime="20230105 14:36:27.126" endtime="20230105 14:36:27.129"/>
</kw>
<kw name="FAIL Token" library="oqe">
<var>${status}</var>
<doc>Part of *Comparisons*</doc>
<msg timestamp="20230105 14:36:27.129" level="TRACE">Arguments: [  ]</msg>
<msg timestamp="20230105 14:36:27.129" level="TRACE">Return: 'FAIL'</msg>
<msg timestamp="20230105 14:36:27.129" level="INFO">${status} = FAIL</msg>
<status status="PASS" starttime="20230105 14:36:27.129" endtime="20230105 14:36:27.129"/>
</kw>
<kw name="Record Action" library="DataExtraction">
<arg>${TEST NAME}</arg>
<arg>Verifying Calculator Mode</arg>
<doc>Part of *Recording Data*</doc>
<msg timestamp="20230105 14:36:27.130" level="TRACE">Arguments: [ ${CASE NAME}='Dummy Case' | ${ACT DESCRIPTION}='Verifying Calculator Mode' ]</msg>
<kw name="Write Data" library="oqe">
<arg>${CASE NAME}</arg>
<arg>${ACT DESCRIPTION}</arg>
<arg>Action</arg>
<arg>--</arg>
<doc>Part of *Output Functions*</doc>
<msg timestamp="20230105 14:36:27.130" level="TRACE">Arguments: [ 'Dummy Case' | 'Verifying Calculator Mode' | 'Action' | '--' ]</msg>
<msg timestamp="20230105 14:36:27.131" level="TRACE">Return: None</msg>
<status status="PASS" starttime="20230105 14:36:27.130" endtime="20230105 14:36:27.131"/>
</kw>
<msg timestamp="20230105 14:36:27.131" level="TRACE">Return: None</msg>
<status status="PASS" starttime="20230105 14:36:27.129" endtime="20230105 14:36:27.131"/>
</kw>
<kw name="Find" library="header">
<doc>Called to locate any anchor for the window and revise relative locations to 
widgets.</doc>
<msg timestamp="20230105 14:36:27.132" level="TRACE">Arguments: [  ]</msg>
<msg timestamp="20230105 14:36:27.132" level="DEBUG">Command to send: c
t
createPattern
sC:/Users/Benny/Documents/github/DahlgrenTest/RFGUIHelper/configs/calculatorHead/calcIcon.png
e
</msg>
<msg timestamp="20230105 14:36:27.139" level="DEBUG">Answer received: !yro1017</msg>
<msg timestamp="20230105 14:36:27.139" level="DEBUG">Command to send: c
t
getScreen
i0
e
</msg>
<msg timestamp="20230105 14:36:27.144" level="DEBUG">Answer received: !yro1018</msg>
<msg timestamp="20230105 14:36:27.144" level="DEBUG">Command to send: c
o1018
find
ro1017
e
</msg>
<msg timestamp="20230105 14:36:27.519" level="DEBUG">Answer received: !yro1019</msg>
<msg timestamp="20230105 14:36:27.519" level="DEBUG">Command to send: c
o1019
getScore
e
</msg>
<msg timestamp="20230105 14:36:27.519" level="DEBUG">Answer received: !yd0.999998927116394</msg>
<msg timestamp="20230105 14:36:27.520" level="DEBUG">Command to send: c
o1019
getTarget
e
</msg>
<msg timestamp="20230105 14:36:27.520" level="DEBUG">Answer received: !yro1020</msg>
<msg timestamp="20230105 14:36:27.520" level="DEBUG">Command to send: c
o1020
getX
e
</msg>
<msg timestamp="20230105 14:36:27.520" level="DEBUG">Answer received: !yi97</msg>
<msg timestamp="20230105 14:36:27.520" level="DEBUG">Command to send: c
o1020
getY
e
</msg>
<msg timestamp="20230105 14:36:27.520" level="DEBUG">Answer received: !yi97</msg>
<msg timestamp="20230105 14:36:27.520" level="TRACE">Return: 'calcIcon'</msg>
<status status="PASS" starttime="20230105 14:36:27.132" endtime="20230105 14:36:27.521"/>
</kw>
<kw name="Read" library="header">
<var>${type}</var>
<arg>typeText</arg>
<doc>Read and return text from the intended widget</doc>
<msg timestamp="20230105 14:36:27.521" level="TRACE">Arguments: [ 'typeText' ]</msg>
<msg timestamp="20230105 14:36:27.522" level="DEBUG">Command to send: c
t
createRegion
i116
i127
i145
i22
e
</msg>
<msg timestamp="20230105 14:36:27.524" level="DEBUG">Answer received: !yro1021</msg>
<msg timestamp="20230105 14:36:27.524" level="DEBUG">Command to send: c
t
getScreen
e
</msg>
<msg timestamp="20230105 14:36:27.527" level="DEBUG">Answer received: !yro1022</msg>
<msg timestamp="20230105 14:36:27.528" level="DEBUG">Command to send: c
o1022
capture
ro1021
e
</msg>
<msg timestamp="20230105 14:36:27.547" level="DEBUG">Answer received: !yro1023</msg>
<msg timestamp="20230105 14:36:27.548" level="DEBUG">Command to send: c
o1023
getFilename
e
</msg>
<msg timestamp="20230105 14:36:27.577" level="DEBUG">Answer received: !ysC:\\Users\\Benny\\AppData\\Local\\Temp\\Sikulix_1755638584\\sikuliximage-1672947387569.png</msg>
<msg timestamp="20230105 14:36:28.017" level="TRACE">Return: 'Programmer'</msg>
<msg timestamp="20230105 14:36:28.017" level="INFO">${type} = Programmer</msg>
<status status="PASS" starttime="20230105 14:36:27.521" endtime="20230105 14:36:28.018"/>
</kw>
<kw name="Assert OQE Values Equal" library="DataExtraction">
<arg>${TEST NAME}</arg>
<arg>Check current mode</arg>
<arg>${type}</arg>
<arg>${mode}</arg>
<doc>Part of *Comparisons*</doc>
<msg timestamp="20230105 14:36:28.019" level="TRACE">Arguments: [ ${CASE NAME}='Dummy Case' | ${STEP NAME}='Check current mode' | ${actual}='Programmer' | ${expected}='ProgrammerXXXXXX' ]</msg>
<kw name="Compare Results" library="oqe">
<var>${TEST_STATUS}</var>
<arg>${actual}</arg>
<arg>${expected}</arg>
<doc>Part of *Comparisons*</doc>
<msg timestamp="20230105 14:36:28.019" level="TRACE">Arguments: [ 'Programmer' | 'ProgrammerXXXXXX' ]</msg>
<msg timestamp="20230105 14:36:28.020" level="TRACE">Return: 'FAIL'</msg>
<msg timestamp="20230105 14:36:28.020" level="INFO">${TEST_STATUS} = FAIL</msg>
<status status="PASS" starttime="20230105 14:36:28.019" endtime="20230105 14:36:28.020"/>
</kw>
<kw name="Write Results" library="oqe">
<arg>${CASE NAME}_${STEP NAME}</arg>
<arg>Values Equal</arg>
<arg>${TEST_STATUS}</arg>
<arg>Actual: ${actual}, Expected: ${expected}</arg>
<doc>Part of *Output Functions*</doc>
<msg timestamp="20230105 14:36:28.020" level="TRACE">Arguments: [ 'Dummy Case_Check current mode' | 'Values Equal' | 'FAIL' | 'Actual: Programmer, Expected: ProgrammerXXXXXX' ]</msg>
<msg timestamp="20230105 14:36:28.021" level="TRACE">Return: None</msg>
<status status="PASS" starttime="20230105 14:36:28.020" endtime="20230105 14:36:28.021"/>
</kw>
<msg timestamp="20230105 14:36:28.022" level="TRACE">Return: 'FAIL'</msg>
<status status="PASS" starttime="20230105 14:36:28.018" endtime="20230105 14:36:28.022"/>
</kw>
<kw name="Run Keyword If" library="BuiltIn">
<arg>'${type}'!='${mode}'</arg>
<arg>Switch Calculator Type</arg>
<arg>${mode}</arg>
<doc>Runs the given keyword with the given arguments, if ``condition`` is true.</doc>
<msg timestamp="20230105 14:36:28.022" level="TRACE">Arguments: [ "'Programmer'!='ProgrammerXXXXXX'" | 'Switch Calculator Type' | '${mode}' ]</msg>
<kw name="Switch Calculator Type" library="switch">
<arg>${mode}</arg>
<msg timestamp="20230105 14:36:28.023" level="TRACE">Arguments: [ ${type}='ProgrammerXXXXXX' ]</msg>
<kw name="Evaluate" library="BuiltIn">
<var>${message}</var>
<arg>Could not change to mode ${type}</arg>
<doc>Evaluates the given expression in Python and returns the result.</doc>
<msg timestamp="20230105 14:36:28.024" level="TRACE">Arguments: [ 'Could not change to mode ProgrammerXXXXXX' ]</msg>
<msg timestamp="20230105 14:36:28.024" level="DEBUG">Command to send: m
d
o1017
e
</msg>
<msg timestamp="20230105 14:36:28.025" level="DEBUG">Answer received: !yv</msg>
<msg timestamp="20230105 14:36:28.025" level="DEBUG">Command to send: m
d
o1018
e
</msg>
<msg timestamp="20230105 14:36:28.025" level="DEBUG">Answer received: !yv</msg>
<msg timestamp="20230105 14:36:28.025" level="DEBUG">Command to send: m
d
o1019
e
</msg>
<msg timestamp="20230105 14:36:28.025" level="DEBUG">Answer received: !yv</msg>
<msg timestamp="20230105 14:36:28.025" level="DEBUG">Command to send: m
d
o1020
e
</msg>
<msg timestamp="20230105 14:36:28.025" level="DEBUG">Answer received: !yv</msg>
<msg timestamp="20230105 14:36:28.025" level="DEBUG">Command to send: m
d
o1022
e
</msg>
<msg timestamp="20230105 14:36:28.026" level="DEBUG">Answer received: !yv</msg>
<msg timestamp="20230105 14:36:28.026" level="DEBUG">Command to send: m
d
o1023
e
</msg>
<msg timestamp="20230105 14:36:28.026" level="DEBUG">Answer received: !yv</msg>
<msg timestamp="20230105 14:36:28.026" level="FAIL">Evaluating expression 'Could not change to mode ProgrammerXXXXXX' failed: SyntaxError: invalid syntax (&lt;string&gt;, line 1)</msg>
<msg timestamp="20230105 14:36:28.050" level="DEBUG">Traceback (most recent call last):
  None
RuntimeError: Evaluating expression 'Could not change to mode ProgrammerXXXXXX' failed: SyntaxError: invalid syntax (&lt;string&gt;, line 1)</msg>
<status status="FAIL" starttime="20230105 14:36:28.023" endtime="20230105 14:36:28.050"/>
</kw>
<kw name="Soft Break" library="DataExtraction">
<doc>Part of *Report Formatting*</doc>
<status status="NOT RUN" starttime="20230105 14:36:28.051" endtime="20230105 14:36:28.051"/>
</kw>
<kw name="Record Action" library="DataExtraction">
<arg>${TEST NAME}</arg>
<arg>Switch Calculator Type</arg>
<doc>Part of *Recording Data*</doc>
<status status="NOT RUN" starttime="20230105 14:36:28.051" endtime="20230105 14:36:28.051"/>
</kw>
<kw name="Click" library="header">
<arg>hamburgerMenu</arg>
<doc>Clicks on the intended widget</doc>
<status status="NOT RUN" starttime="20230105 14:36:28.051" endtime="20230105 14:36:28.052"/>
</kw>
<kw name="Sleep" library="BuiltIn">
<arg>1s</arg>
<doc>Pauses the test executed for the given time.</doc>
<status status="NOT RUN" starttime="20230105 14:36:28.052" endtime="20230105 14:36:28.052"/>
</kw>
<kw name="Find" library="typeMenu">
<doc>Called to locate any anchor for the window and revise relative locations to 
widgets.</doc>
<status status="NOT RUN" starttime="20230105 14:36:28.052" endtime="20230105 14:36:28.052"/>
</kw>
<kw name="Run Keyword And Return Status" library="BuiltIn">
<var>${status}</var>
<arg>typeMenu.Click</arg>
<arg>${type}</arg>
<doc>Runs the given keyword with given arguments and returns the status as a Boolean value.</doc>
<status status="NOT RUN" starttime="20230105 14:36:28.052" endtime="20230105 14:36:28.052"/>
</kw>
<kw name="Run Keyword If" library="BuiltIn">
<arg>not ${status}</arg>
<arg>header.Click</arg>
<arg>calcIcon</arg>
<doc>Runs the given keyword with the given arguments, if ``condition`` is true.</doc>
<status status="NOT RUN" starttime="20230105 14:36:28.053" endtime="20230105 14:36:28.053"/>
</kw>
<kw name="Run Keyword If" library="BuiltIn">
<var>${message}</var>
<arg>not ${status}</arg>
<arg>Evaluate</arg>
<arg>Menu did not have ${type}</arg>
<arg>ELSE</arg>
<arg>Evaluate</arg>
<arg>${message}</arg>
<doc>Runs the given keyword with the given arguments, if ``condition`` is true.</doc>
<status status="NOT RUN" starttime="20230105 14:36:28.053" endtime="20230105 14:36:28.053"/>
</kw>
<kw name="Sleep" library="BuiltIn">
<arg>1s</arg>
<doc>Pauses the test executed for the given time.</doc>
<status status="NOT RUN" starttime="20230105 14:36:28.053" endtime="20230105 14:36:28.053"/>
</kw>
<kw name="Read" library="header">
<var>${new_type}</var>
<arg>typeText</arg>
<doc>Read and return text from the intended widget</doc>
<status status="NOT RUN" starttime="20230105 14:36:28.053" endtime="20230105 14:36:28.054"/>
</kw>
<kw name="Capture Image" library="header">
<var>${file}</var>
<arg>typeText</arg>
<doc>Takes a picture of the intended widget and returns the image file</doc>
<status status="NOT RUN" starttime="20230105 14:36:28.054" endtime="20230105 14:36:28.054"/>
</kw>
<kw name="Record Screen Image" library="DataExtraction">
<arg>${file}</arg>
<arg>${TEST NAME}</arg>
<arg>Correct Mode</arg>
<doc>Part of *Recording Data*</doc>
<status status="NOT RUN" starttime="20230105 14:36:28.054" endtime="20230105 14:36:28.054"/>
</kw>
<kw name="Assert OQE Values Equal" library="DataExtraction">
<var>${a}</var>
<arg>${TEST NAME}</arg>
<arg>Verify mode change</arg>
<arg>${new_type}</arg>
<arg>${type}</arg>
<doc>Part of *Comparisons*</doc>
<status status="NOT RUN" starttime="20230105 14:36:28.054" endtime="20230105 14:36:28.054"/>
</kw>
<kw name="Run Keyword If" library="BuiltIn">
<arg>'${a}'=='FAIL'</arg>
<arg>Fail</arg>
<arg>${message}</arg>
<doc>Runs the given keyword with the given arguments, if ``condition`` is true.</doc>
<status status="NOT RUN" starttime="20230105 14:36:28.055" endtime="20230105 14:36:28.055"/>
</kw>
<status status="FAIL" starttime="20230105 14:36:28.023" endtime="20230105 14:36:28.056"/>
</kw>
<status status="FAIL" starttime="20230105 14:36:28.022" endtime="20230105 14:36:28.056"/>
</kw>
<kw name="PASS Token" library="oqe">
<var>${status}</var>
<doc>Part of *Comparisons*</doc>
<status status="NOT RUN" starttime="20230105 14:36:28.056" endtime="20230105 14:36:28.057"/>
</kw>
<kw name="Keyword Final" library="DataExtraction" type="TEARDOWN">
<arg>--</arg>
<arg>Verifying Calculator Mode</arg>
<arg>${status}</arg>
<arg>--</arg>
<doc>Part of *Recording Data*</doc>
<msg timestamp="20230105 14:36:28.057" level="TRACE">Arguments: [ ${CASE NAME}='--' | ${STEP NAME}='Verifying Calculator Mode' | ${STATUS}='FAIL' | ${MESSAGE}='--' ]</msg>
<kw name="Write Results" library="oqe">
<arg>${CASE NAME}</arg>
<arg>${STEP NAME}</arg>
<arg>${STATUS}</arg>
<arg>${MESSAGE}</arg>
<doc>Part of *Output Functions*</doc>
<msg timestamp="20230105 14:36:28.058" level="TRACE">Arguments: [ '--' | 'Verifying Calculator Mode' | 'FAIL' | '--' ]</msg>
<msg timestamp="20230105 14:36:28.059" level="TRACE">Return: None</msg>
<status status="PASS" starttime="20230105 14:36:28.058" endtime="20230105 14:36:28.060"/>
</kw>
<kw name="Data Break" library="DataExtraction">
<doc>Part of *Report Formatting*</doc>
<msg timestamp="20230105 14:36:28.060" level="TRACE">Arguments: [  ]</msg>
<kw name="Write Data" library="oqe">
<arg>--</arg>
<arg>--</arg>
<arg>--</arg>
<arg>--</arg>
<doc>Part of *Output Functions*</doc>
<msg timestamp="20230105 14:36:28.061" level="TRACE">Arguments: [ '--' | '--' | '--' | '--' ]</msg>
<msg timestamp="20230105 14:36:28.061" level="TRACE">Return: None</msg>
<status status="PASS" starttime="20230105 14:36:28.060" endtime="20230105 14:36:28.061"/>
</kw>
<msg timestamp="20230105 14:36:28.061" level="TRACE">Return: None</msg>
<status status="PASS" starttime="20230105 14:36:28.060" endtime="20230105 14:36:28.062"/>
</kw>
<msg timestamp="20230105 14:36:28.062" level="TRACE">Return: None</msg>
<status status="PASS" starttime="20230105 14:36:28.057" endtime="20230105 14:36:28.062"/>
</kw>
<status status="FAIL" starttime="20230105 14:36:27.126" endtime="20230105 14:36:28.063"/>
</kw>
<kw name="Click" library="program">
<arg>bitshiftMenu</arg>
<doc>Clicks on the intended widget</doc>
<status status="NOT RUN" starttime="20230105 14:36:28.063" endtime="20230105 14:36:28.063"/>
</kw>
<kw name="Sleep" library="BuiltIn">
<arg>.5s</arg>
<doc>Pauses the test executed for the given time.</doc>
<status status="NOT RUN" starttime="20230105 14:36:28.063" endtime="20230105 14:36:28.064"/>
</kw>
<kw name="Find" library="radioMenu">
<doc>Called to locate any anchor for the window and revise relative locations to 
widgets.</doc>
<status status="NOT RUN" starttime="20230105 14:36:28.064" endtime="20230105 14:36:28.064"/>
</kw>
<kw name="Click" library="radioMenu">
<arg>rotateRadio</arg>
<doc>Clicks on the intended widget</doc>
<status status="NOT RUN" starttime="20230105 14:36:28.064" endtime="20230105 14:36:28.064"/>
</kw>
<status status="FAIL" starttime="20230105 14:36:27.125" endtime="20230105 14:36:28.065"/>
</kw>
<status status="FAIL" starttime="20230105 14:36:27.118" endtime="20230105 14:36:28.066">Evaluating expression 'Could not change to mode ProgrammerXXXXXX' failed: SyntaxError: invalid syntax (&lt;string&gt;, line 1)</status>
</test>
<kw name="Suite End" library="switch" type="TEARDOWN">
<msg timestamp="20230105 14:36:28.077" level="TRACE">Arguments: [  ]</msg>
<kw name="Click" library="header">
<arg>closeButton</arg>
<doc>Clicks on the intended widget</doc>
<msg timestamp="20230105 14:36:28.077" level="TRACE">Arguments: [ 'closeButton' ]</msg>
<msg timestamp="20230105 14:36:28.078" level="DEBUG">Command to send: c
t
createRegion
i527
i86
i28
i21
e
</msg>
<msg timestamp="20230105 14:36:28.078" level="DEBUG">Answer received: !yro1024</msg>
<msg timestamp="20230105 14:36:28.079" level="DEBUG">Command to send: c
o1024
click
e
</msg>
<msg timestamp="20230105 14:36:29.045" level="DEBUG">Answer received: !yi1</msg>
<msg timestamp="20230105 14:36:29.045" level="TRACE">Return: None</msg>
<status status="PASS" starttime="20230105 14:36:28.077" endtime="20230105 14:36:29.045"/>
</kw>
<msg timestamp="20230105 14:36:29.046" level="TRACE">Return: None</msg>
<status status="PASS" starttime="20230105 14:36:28.077" endtime="20230105 14:36:29.046"/>
</kw>
<status status="FAIL" starttime="20230105 14:36:21.258" endtime="20230105 14:36:29.046"/>
</suite>
<statistics>
<total>
<stat pass="0" fail="1" skip="0">All Tests</stat>
</total>
<tag>
</tag>
<suite>
<stat pass="0" fail="1" skip="0" id="s1" name="Programmer">Programmer</stat>
</suite>
</statistics>
<errors>
</errors>
</robot>
