<?xml version="1.0" encoding="UTF-8"?>
<robot generator="Robot 7.0 (Python 3.11.8 on win32)" generated="2024-03-25T17:40:10.811354" rpa="false" schemaversion="5">
<suite id="s1" name="testWidgets" source="C:\Users\Owner\OneDrive\Documents\GitHub\DahlgrenTest\RFTest\examples\RFGHelper\testWidgets.robot">
<test id="s1-t1" name="Startup" line="13">
<kw name="Suite Start">
<kw name="Configure Image Library" owner="DataExtraction">
<kw name="Run Keyword If" owner="BuiltIn">
<kw name="Set Suite Variable" owner="BuiltIn">
<msg time="2024-03-25T17:40:11.069321" level="INFO">${imageLib} = sikuliLib</msg>
<arg>${imageLib}</arg>
<arg>sikuliLib</arg>
<doc>Makes a variable available everywhere within the scope of the current suite.</doc>
<status status="PASS" start="2024-03-25T17:40:11.069321" elapsed="0.000000"/>
</kw>
<arg>'${type}'=='Sikuli'</arg>
<arg>Set Suite Variable</arg>
<arg>${imageLib}</arg>
<arg>sikuliLib</arg>
<doc>Runs the given keyword with the given arguments, if ``condition`` is true.</doc>
<status status="PASS" start="2024-03-25T17:40:11.069321" elapsed="0.001001"/>
</kw>
<kw name="Run Keyword If" owner="BuiltIn">
<kw name="Configure Sikuli" owner="sikuliLib">
<arg>${remoteVNC}</arg>
<doc>Part of *Test Configuration*</doc>
<status status="PASS" start="2024-03-25T17:40:11.070322" elapsed="0.000999"/>
</kw>
<arg>'${type}'=='Sikuli'</arg>
<arg>${imageLib}.Configure Sikuli</arg>
<arg>${remoteVNC}</arg>
<doc>Runs the given keyword with the given arguments, if ``condition`` is true.</doc>
<status status="PASS" start="2024-03-25T17:40:11.070322" elapsed="0.000999"/>
</kw>
<kw name="Run Keyword" owner="BuiltIn">
<kw name="Configure Image Path" owner="sikuliLib">
<arg>${datapath}</arg>
<doc>Part of *Test Configuration*</doc>
<status status="PASS" start="2024-03-25T17:40:11.072321" elapsed="0.000000"/>
</kw>
<arg>${imageLib}.Configure Image Path</arg>
<arg>${datapath}</arg>
<doc>Executes the given keyword with the given arguments.</doc>
<status status="PASS" start="2024-03-25T17:40:11.071321" elapsed="0.001000"/>
</kw>
<kw name="Log" owner="BuiltIn">
<msg time="2024-03-25T17:40:11.072321" level="INFO">Data Path configured</msg>
<arg>Data Path configured</arg>
<doc>Logs the given message with the given level.</doc>
<status status="PASS" start="2024-03-25T17:40:11.072321" elapsed="0.000000"/>
</kw>
<kw name="Configure Data Path" owner="oqe">
<arg>${datapath}</arg>
<doc>Part of *Test Setup*.</doc>
<status status="PASS" start="2024-03-25T17:40:11.072321" elapsed="0.001000"/>
</kw>
<arg>Sikuli</arg>
<arg>${DATA PATH}</arg>
<doc>Part of *Test Setup*.
Determines the _type_ of test as either Sikuli or Selenium. Other options may follow
The function also sets the datapath for all images and test data files.
Only in the case of a Selenium test, the browser and URL are also identified.
*NOTE* You must call _Configure Image Libaray_ before any of a number of functions
Using the data path and image library. Best to do so during test setup.</doc>
<status status="PASS" start="2024-03-25T17:40:11.067322" elapsed="0.005999"/>
</kw>
<kw name="Set Log Level" owner="BuiltIn">
<msg time="2024-03-25T17:40:11.073321" level="DEBUG">Log level changed from INFO to TRACE.</msg>
<msg time="2024-03-25T17:40:11.073321" level="TRACE">Return: 'INFO'</msg>
<arg>TRACE</arg>
<doc>Sets the log threshold to the specified level.</doc>
<status status="PASS" start="2024-03-25T17:40:11.073321" elapsed="0.000000"/>
</kw>
<kw name="Archive Any Previous Data" owner="oqe">
<msg time="2024-03-25T17:40:11.073321" level="TRACE">Arguments: [  ]</msg>
<msg time="2024-03-25T17:40:11.139314" level="TRACE">Return: None</msg>
<doc>Part of *Test Setup*</doc>
<status status="PASS" start="2024-03-25T17:40:11.073321" elapsed="0.065993"/>
</kw>
<kw name="New Test Event" owner="DataExtraction">
<msg time="2024-03-25T17:40:11.140313" level="TRACE">Arguments: [ ${CASE NAME}='Startup' ]</msg>
<kw name="Create Test Case" owner="oqe">
<msg time="2024-03-25T17:40:11.141312" level="TRACE">Arguments: [ 'Startup' ]</msg>
<msg time="2024-03-25T17:40:11.142312" level="TRACE">Return: 'Startup 2024-03-25 17:40:11.141312'</msg>
<msg time="2024-03-25T17:40:11.142312" level="INFO">${FULL TEST} = Startup 2024-03-25 17:40:11.141312</msg>
<var>${FULL TEST}</var>
<arg>${CASE NAME}</arg>
<doc>Part of *Test Setup*</doc>
<status status="PASS" start="2024-03-25T17:40:11.141312" elapsed="0.001000"/>
</kw>
<return>
<value>${FULL TEST}</value>
<status status="PASS" start="2024-03-25T17:40:11.142312" elapsed="0.001003"/>
</return>
<msg time="2024-03-25T17:40:11.144314" level="TRACE">Return: 'Startup 2024-03-25 17:40:11.141312'</msg>
<arg>${TEST NAME}</arg>
<doc>Part of *Test Setup*.
New Test Event corresponds with output functions that create a new
data structure in the test data and a new line in the report.</doc>
<status status="PASS" start="2024-03-25T17:40:11.140313" elapsed="0.005000"/>
</kw>
<msg time="2024-03-25T17:40:11.147315" level="TRACE">Return: None</msg>
<status status="PASS" start="2024-03-25T17:40:11.067322" elapsed="0.079993"/>
</kw>
<kw name="RF GUI Helper: Open" owner="rfghelper">
<msg time="2024-03-25T17:40:11.154312" level="TRACE">Arguments: [ ${d Path}='C:/Users/Owner/OneDrive/Documents/RFData3_1' | ${remote}='None' ]</msg>
<kw name="Banner" owner="DataExtraction">
<msg time="2024-03-25T17:40:11.155311" level="TRACE">Arguments: [ ${Title}='Starting RF GUI Helper' ]</msg>
<kw name="Write Data" owner="oqe">
<msg time="2024-03-25T17:40:11.156311" level="TRACE">Arguments: [ '==' | '==' | '--' | 'Starting RF GUI Helper' ]</msg>
<msg time="2024-03-25T17:40:11.157311" level="TRACE">Return: None</msg>
<arg>==</arg>
<arg>==</arg>
<arg>--</arg>
<arg>${Title}</arg>
<doc>Part of *Output Functions*</doc>
<status status="PASS" start="2024-03-25T17:40:11.156311" elapsed="0.001000"/>
</kw>
<msg time="2024-03-25T17:40:11.157311" level="TRACE">Return: None</msg>
<arg>Starting RF GUI Helper</arg>
<doc>Part of *Report Formatting*</doc>
<status status="PASS" start="2024-03-25T17:40:11.155311" elapsed="0.002000"/>
</kw>
<kw name="Start Process" owner="Process">
<msg time="2024-03-25T17:40:11.158310" level="TRACE">Arguments: [ 'python' | 'C:/Users/Owner/OneDrive/Documents/GitHub/DahlgrenTest/RFGUIHelper/RFGUIHelp.py' ]</msg>
<msg time="2024-03-25T17:40:11.158310" level="INFO">Starting process:
python C:/Users/Owner/OneDrive/Documents/GitHub/DahlgrenTest/RFGUIHelper/RFGUIHelp.py</msg>
<msg time="2024-03-25T17:40:11.158310" level="DEBUG">Process configuration:
cwd:     C:\Users\Owner\OneDrive\Documents\GitHub\DahlgrenTest\RFTest
shell:   False
stdout:  PIPE
stderr:  PIPE
stdin:   None
alias:   None
env:     None</msg>
<msg time="2024-03-25T17:40:11.176308" level="TRACE">Return: &lt;Popen: returncode: None args: ['python', 'C:/Users/Owner/OneDrive/Documents...&gt;</msg>
<arg>python</arg>
<arg>${test app}</arg>
<doc>Starts a new process on background.</doc>
<status status="PASS" start="2024-03-25T17:40:11.158310" elapsed="0.017998"/>
</kw>
<kw name="Configure" owner="primary">
<msg time="2024-03-25T17:40:11.177308" level="TRACE">Arguments: [ 'Sikuli' | 'C:/Users/Owner/OneDrive/Documents/GitHub/DahlgrenTest/RFTest/examples/RFGHelper/mainwindow/mainwindow.json' | 'C:/Users/Owner/OneDrive/Documents/RFData3_1' | 'None' ]</msg>
<msg time="2024-03-25T17:40:11.177308" level="DEBUG">Command to send: c
t
addImagePath
sC:\\Users\\Owner\\OneDrive\\Documents\\GitHub\\DahlgrenTest\\RFTest
i74
e
</msg>
<msg time="2024-03-25T17:40:11.192306" level="DEBUG">Answer received: !yv</msg>
<msg time="2024-03-25T17:40:11.193306" level="INFO">View[main]: {}
View[fileMenu]: {'main': [-5, 0]}
View[viewMenu]: {'main': [-28, -22]}
View[unfocusedMain]: {}</msg>
<msg time="2024-03-25T17:40:11.194306" level="TRACE">Return: None</msg>
<arg>Sikuli</arg>
<arg>${main config path}</arg>
<arg>${d Path}</arg>
<arg>${remote}</arg>
<doc>Sets up the details of the generic window for a specific test</doc>
<status status="PASS" start="2024-03-25T17:40:11.176308" elapsed="0.017998"/>
</kw>
<kw name="Configure" owner="secondary">
<msg time="2024-03-25T17:40:11.195306" level="TRACE">Arguments: [ 'Sikuli' | 'C:/Users/Owner/OneDrive/Documents/GitHub/DahlgrenTest/RFTest/examples/RFGHelper/imgwindow/imgWindow.json' | 'C:/Users/Owner/OneDrive/Documents/RFData3_1' | 'None' ]</msg>
<msg time="2024-03-25T17:40:11.195306" level="DEBUG">Command to send: c
t
addImagePath
sC:\\Users\\Owner\\OneDrive\\Documents\\GitHub\\DahlgrenTest\\RFTest
i588
e
</msg>
<msg time="2024-03-25T17:40:11.205305" level="DEBUG">Answer received: !yv</msg>
<msg time="2024-03-25T17:40:11.206305" level="INFO">View[imageWindow]: {}
View[iwUnfocused]: {}</msg>
<msg time="2024-03-25T17:40:11.206305" level="TRACE">Return: None</msg>
<arg>Sikuli</arg>
<arg>${img config path}</arg>
<arg>${d Path}</arg>
<arg>${remote}</arg>
<doc>Sets up the details of the generic window for a specific test</doc>
<status status="PASS" start="2024-03-25T17:40:11.194306" elapsed="0.011999"/>
</kw>
<kw name="Configure" owner="auxiliary">
<msg time="2024-03-25T17:40:11.207305" level="TRACE">Arguments: [ 'Sikuli' | 'C:/Users/Owner/OneDrive/Documents/GitHub/DahlgrenTest/RFTest/examples/RFGHelper/auxwindows/auxwindows.json' | 'C:/Users/Owner/OneDrive/Documents/RFData3_1' | 'None' ]</msg>
<msg time="2024-03-25T17:40:11.208305" level="DEBUG">Command to send: c
t
addImagePath
sC:\\Users\\Owner\\OneDrive\\Documents\\GitHub\\DahlgrenTest\\RFTest
i229
e
</msg>
<msg time="2024-03-25T17:40:11.210304" level="DEBUG">Answer received: !yv</msg>
<msg time="2024-03-25T17:40:11.212304" level="INFO">View[deleteView]: {}
View[imageUpdate]: {}
View[openFile]: {}
View[saveProgress]: {}
View[imageDefinition]: {}
View[saveDecision]: {}
View[singleViewSelect]: {}
View[projectStart]: {}</msg>
<msg time="2024-03-25T17:40:11.212304" level="TRACE">Return: None</msg>
<arg>Sikuli</arg>
<arg>${aux config path}</arg>
<arg>${d Path}</arg>
<arg>${remote}</arg>
<doc>Sets up the details of the generic window for a specific test</doc>
<status status="PASS" start="2024-03-25T17:40:11.207305" elapsed="0.004999"/>
</kw>
<kw name="RF GUI Helper: Locate Window" owner="rfghelper">
<msg time="2024-03-25T17:40:11.213305" level="TRACE">Arguments: [ ${window}='primary' ]</msg>
<kw name="Evaluate" owner="BuiltIn">
<msg time="2024-03-25T17:40:11.214304" level="TRACE">Arguments: [ "'mainTitleFocused'" ]</msg>
<msg time="2024-03-25T17:40:11.214304" level="TRACE">Return: 'mainTitleFocused'</msg>
<msg time="2024-03-25T17:40:11.214304" level="INFO">${view} = mainTitleFocused</msg>
<var>${view}</var>
<arg>'mainTitleFocused'</arg>
<doc>Evaluates the given expression in Python and returns the result.</doc>
<status status="PASS" start="2024-03-25T17:40:11.213305" elapsed="0.000999"/>
</kw>
<kw name="Evaluate" owner="BuiltIn">
<msg time="2024-03-25T17:40:11.214304" level="TRACE">Arguments: [ '240' ]</msg>
<msg time="2024-03-25T17:40:11.215304" level="TRACE">Return: 240</msg>
<msg time="2024-03-25T17:40:11.215304" level="INFO">${x} = 240</msg>
<var>${x}</var>
<arg>240</arg>
<doc>Evaluates the given expression in Python and returns the result.</doc>
<status status="PASS" start="2024-03-25T17:40:11.214304" elapsed="0.001000"/>
</kw>
<kw name="Evaluate" owner="BuiltIn">
<msg time="2024-03-25T17:40:11.216306" level="TRACE">Arguments: [ '50' ]</msg>
<msg time="2024-03-25T17:40:11.216306" level="TRACE">Return: 50</msg>
<msg time="2024-03-25T17:40:11.216306" level="INFO">${y} = 50</msg>
<var>${y}</var>
<arg>50</arg>
<doc>Evaluates the given expression in Python and returns the result.</doc>
<status status="PASS" start="2024-03-25T17:40:11.216306" elapsed="0.000000"/>
</kw>
<if>
<branch type="IF" condition="'${window}'=='secondary'">
<kw name="Evaluate" owner="BuiltIn">
<var>${view}</var>
<arg>'None'</arg>
<doc>Evaluates the given expression in Python and returns the result.</doc>
<status status="NOT RUN" start="2024-03-25T17:40:11.217305" elapsed="0.000000"/>
</kw>
<kw name="Evaluate" owner="BuiltIn">
<var>${x}</var>
<arg>840</arg>
<doc>Evaluates the given expression in Python and returns the result.</doc>
<status status="NOT RUN" start="2024-03-25T17:40:11.217305" elapsed="0.000000"/>
</kw>
<status status="NOT RUN" start="2024-03-25T17:40:11.217305" elapsed="0.000000"/>
</branch>
<status status="PASS" start="2024-03-25T17:40:11.217305" elapsed="0.000999"/>
</if>
<try>
<branch type="TRY">
<kw name="RF GUI Helper: Find Window" owner="rfghelper">
<msg time="2024-03-25T17:40:11.219304" level="TRACE">Arguments: [ ${window}='primary' | ${expectedView}='mainTitleFocused' ]</msg>
<kw name="Sleep" owner="BuiltIn">
<msg time="2024-03-25T17:40:11.219304" level="TRACE">Arguments: [ '1s' ]</msg>
<msg time="2024-03-25T17:40:12.220186" level="INFO">Slept 1 second.</msg>
<msg time="2024-03-25T17:40:12.220186" level="TRACE">Return: None</msg>
<arg>1s</arg>
<doc>Pauses the test executed for the given time.</doc>
<status status="PASS" start="2024-03-25T17:40:11.219304" elapsed="1.000882"/>
</kw>
<kw name="Wait Until Keyword Succeeds" owner="BuiltIn">
<msg time="2024-03-25T17:40:12.222186" level="TRACE">Arguments: [ '2x' | '1s' | '${window}.Find' ]</msg>
<kw name="Find" owner="primary">
<msg time="2024-03-25T17:40:12.224186" level="TRACE">Arguments: [  ]</msg>
<msg time="2024-03-25T17:40:12.225186" level="DEBUG">Command to send: c
t
getScreen
e
</msg>
<msg time="2024-03-25T17:40:12.226186" level="DEBUG">Answer received: !yro5611</msg>
<msg time="2024-03-25T17:40:12.227186" level="DEBUG">Command to send: c
t
createPattern
sC:/Users/Owner/OneDrive/Documents/GitHub/DahlgrenTest/RFTest/examples/RFGHelper/mainwindow\\mainFocused.png
e
</msg>
<msg time="2024-03-25T17:40:12.239184" level="DEBUG">Answer received: !yro5612</msg>
<msg time="2024-03-25T17:40:12.239184" level="DEBUG">Command to send: c
o5611
find
ro5612
e
</msg>
<msg time="2024-03-25T17:40:12.712129" level="DEBUG">Answer received: !yro5613</msg>
<msg time="2024-03-25T17:40:12.712129" level="DEBUG">Command to send: c
o5613
getScore
e
</msg>
<msg time="2024-03-25T17:40:12.713129" level="DEBUG">Answer received: !yd1.0</msg>
<msg time="2024-03-25T17:40:12.713129" level="DEBUG">Command to send: c
o5613
getTarget
e
</msg>
<msg time="2024-03-25T17:40:12.713129" level="DEBUG">Answer received: !yro5614</msg>
<msg time="2024-03-25T17:40:12.713129" level="DEBUG">Command to send: c
o5614
getX
e
</msg>
<msg time="2024-03-25T17:40:12.714129" level="DEBUG">Answer received: !yi119</msg>
<msg time="2024-03-25T17:40:12.714129" level="DEBUG">Command to send: c
o5614
getY
e
</msg>
<msg time="2024-03-25T17:40:12.714129" level="DEBUG">Answer received: !yi90</msg>
<msg time="2024-03-25T17:40:12.714129" level="TRACE">Return: 'mainTitleFocused'</msg>
<doc>Called to locate any anchor for the window and revise relative locations to 
widgets.</doc>
<status status="PASS" start="2024-03-25T17:40:12.224186" elapsed="0.489943"/>
</kw>
<msg time="2024-03-25T17:40:12.714129" level="TRACE">Return: 'mainTitleFocused'</msg>
<msg time="2024-03-25T17:40:12.715127" level="INFO">${foundView} = mainTitleFocused</msg>
<var>${foundView}</var>
<arg>2x</arg>
<arg>1s</arg>
<arg>${window}.Find</arg>
<doc>Runs the specified keyword and retries if it fails.</doc>
<status status="PASS" start="2024-03-25T17:40:12.221186" elapsed="0.493941"/>
</kw>
<kw name="Record Data" owner="DataExtraction">
<msg time="2024-03-25T17:40:12.716128" level="TRACE">Arguments: [ ${CASE NAME}='Startup' | ${STEP NAME}='Finding primary Window' | ${DATA}='primary Window: mainTitleFocused' ]</msg>
<kw name="Write Data" owner="oqe">
<msg time="2024-03-25T17:40:12.717128" level="TRACE">Arguments: [ 'Startup' | 'Finding primary Window' | 'Data' | 'primary Window: mainTitleFocused' ]</msg>
<msg time="2024-03-25T17:40:12.718128" level="TRACE">Return: None</msg>
<arg>${CASE NAME}</arg>
<arg>${STEP NAME}</arg>
<arg>Data</arg>
<arg>${Data}</arg>
<doc>Part of *Output Functions*</doc>
<status status="PASS" start="2024-03-25T17:40:12.717128" elapsed="0.001000"/>
</kw>
<msg time="2024-03-25T17:40:12.718128" level="TRACE">Return: None</msg>
<arg>${TEST NAME}</arg>
<arg>Finding ${window} Window</arg>
<arg>${window} Window: ${foundView}</arg>
<doc>Part of *Recording Data*</doc>
<status status="PASS" start="2024-03-25T17:40:12.715127" elapsed="0.003001"/>
</kw>
<kw name="Evaluate" owner="BuiltIn">
<msg time="2024-03-25T17:40:12.719127" level="TRACE">Arguments: [ "'mainTitleFocused'!='None'" ]</msg>
<msg time="2024-03-25T17:40:12.720132" level="TRACE">Return: True</msg>
<msg time="2024-03-25T17:40:12.720132" level="INFO">${answer} = True</msg>
<var>${answer}</var>
<arg>'${expectedView}'!='None'</arg>
<doc>Evaluates the given expression in Python and returns the result.</doc>
<status status="PASS" start="2024-03-25T17:40:12.719127" elapsed="0.001005"/>
</kw>
<if>
<branch type="IF" condition="'${expectedView}'!='None'">
<kw name="Run Keyword If" owner="BuiltIn">
<msg time="2024-03-25T17:40:12.721128" level="TRACE">Arguments: [ "'mainTitleFocused'!='mainTitleFocused'" | 'Fail' ]</msg>
<msg time="2024-03-25T17:40:12.722127" level="TRACE">Return: None</msg>
<arg>'${foundView}'!='${expectedView}'</arg>
<arg>Fail</arg>
<doc>Runs the given keyword with the given arguments, if ``condition`` is true.</doc>
<status status="PASS" start="2024-03-25T17:40:12.721128" elapsed="0.000999"/>
</kw>
<status status="PASS" start="2024-03-25T17:40:12.720132" elapsed="0.001995"/>
</branch>
<status status="PASS" start="2024-03-25T17:40:12.720132" elapsed="0.001995"/>
</if>
<kw name="RF GUI Helper: Screen Capture" owner="rfghelper">
<msg time="2024-03-25T17:40:12.723126" level="TRACE">Arguments: [ ${window}='primary' | ${title}='Window' ]</msg>
<kw name="Run Keyword" owner="BuiltIn">
<msg time="2024-03-25T17:40:12.723126" level="TRACE">Arguments: [ '${window}.Capture Window' ]</msg>
<kw name="Capture Window" owner="primary">
<msg time="2024-03-25T17:40:12.725126" level="TRACE">Arguments: [  ]</msg>
<msg time="2024-03-25T17:40:12.725126" level="DEBUG">Command to send: c
t
getScreen
e
</msg>
<msg time="2024-03-25T17:40:12.730126" level="DEBUG">Answer received: !yro5615</msg>
<msg time="2024-03-25T17:40:12.730126" level="DEBUG">Command to send: c
o5615
newRegion
i58
i52
i600
i535
e
</msg>
<msg time="2024-03-25T17:40:12.730126" level="DEBUG">Answer received: !yro5616</msg>
<msg time="2024-03-25T17:40:12.731126" level="DEBUG">Command to send: c
t
checkAndSetRemote
ro5615
ro5616
bFalse
e
</msg>
<msg time="2024-03-25T17:40:12.731126" level="DEBUG">Answer received: !ybtrue</msg>
<msg time="2024-03-25T17:40:12.731126" level="DEBUG">Command to send: c
t
getScreen
e
</msg>
<msg time="2024-03-25T17:40:12.732127" level="DEBUG">Answer received: !yro5617</msg>
<msg time="2024-03-25T17:40:12.732127" level="DEBUG">Command to send: c
o5617
capture
ro5616
e
</msg>
<msg time="2024-03-25T17:40:12.749128" level="DEBUG">Answer received: !yro5618</msg>
<msg time="2024-03-25T17:40:12.750124" level="DEBUG">Command to send: c
t
checkAndSetRemote
ro5617
ro5618
bFalse
e
</msg>
<msg time="2024-03-25T17:40:12.750124" level="DEBUG">Answer received: !ybtrue</msg>
<msg time="2024-03-25T17:40:12.750124" level="DEBUG">Command to send: c
o5618
getFilename
e
</msg>
<msg time="2024-03-25T17:40:12.791119" level="DEBUG">Answer received: !ysC:\\Users\\Owner\\AppData\\Local\\Temp\\Sikulix_1009917224\\sikuliximage-1711402812764.png</msg>
<msg time="2024-03-25T17:40:12.975097" level="TRACE">Return: 'C:/Users/Owner/OneDrive/Documents/RFData3_1/IMG/imageDJE.PNG'</msg>
<doc>Takes a picture of the window itself and returns the image file</doc>
<status status="PASS" start="2024-03-25T17:40:12.724127" elapsed="0.250970"/>
</kw>
<msg time="2024-03-25T17:40:12.975097" level="TRACE">Return: 'C:/Users/Owner/OneDrive/Documents/RFData3_1/IMG/imageDJE.PNG'</msg>
<msg time="2024-03-25T17:40:12.976101" level="INFO">${file} = C:/Users/Owner/OneDrive/Documents/RFData3_1/IMG/imageDJE.PNG</msg>
<var>${file}</var>
<arg>${window}.Capture Window</arg>
<doc>Executes the given keyword with the given arguments.</doc>
<status status="PASS" start="2024-03-25T17:40:12.723126" elapsed="0.252975"/>
</kw>
<kw name="Record Screen Image" owner="DataExtraction">
<msg time="2024-03-25T17:40:12.977104" level="TRACE">Arguments: [ ${FILE}='C:/Users/Owner/OneDrive/Documents/RFData3_1/IMG/imageDJE.PNG' | ${CASE NAME}='Startup' | ${STEP NAME}='Window' ]</msg>
<kw name="Write Image" owner="oqe">
<msg time="2024-03-25T17:40:12.978100" level="TRACE">Arguments: [ 'Startup' | 'Window' | 'Screenshot' | 'C:/Users/Owner/OneDrive/Documents/RFData3_1/IMG/imageDJE.PNG' ]</msg>
<msg time="2024-03-25T17:40:12.980098" level="TRACE">Return: None</msg>
<arg>${CASE NAME}</arg>
<arg>${STEP NAME}</arg>
<arg>Screenshot</arg>
<arg>${FILE}</arg>
<doc>Part of *Output Functions*</doc>
<status status="PASS" start="2024-03-25T17:40:12.978100" elapsed="0.001998"/>
</kw>
<msg time="2024-03-25T17:40:12.980098" level="TRACE">Return: None</msg>
<arg>${file}</arg>
<arg>${TEST NAME}</arg>
<arg>${title}</arg>
<doc>Part of *Recording Data*</doc>
<status status="PASS" start="2024-03-25T17:40:12.976101" elapsed="0.003997"/>
</kw>
<msg time="2024-03-25T17:40:12.980098" level="TRACE">Return: None</msg>
<arg>${window}</arg>
<arg>Window</arg>
<status status="PASS" start="2024-03-25T17:40:12.722127" elapsed="0.257971"/>
</kw>
<msg time="2024-03-25T17:40:12.980098" level="TRACE">Return: None</msg>
<arg>${window}</arg>
<arg>${view}</arg>
<status status="PASS" start="2024-03-25T17:40:11.218304" elapsed="1.761794"/>
</kw>
<status status="PASS" start="2024-03-25T17:40:11.218304" elapsed="1.761794"/>
</branch>
<branch type="EXCEPT">
<kw name="Fail" owner="BuiltIn">
<arg>Could not find the ${window} window</arg>
<doc>Fails the test with the given message and optionally alters its tags.</doc>
<status status="NOT RUN" start="2024-03-25T17:40:12.981097" elapsed="0.000000"/>
</kw>
<status status="NOT RUN" start="2024-03-25T17:40:12.981097" elapsed="0.000000"/>
</branch>
<status status="PASS" start="2024-03-25T17:40:11.218304" elapsed="1.762793"/>
</try>
<kw name="RF GUI Helper: Screen Capture" owner="rfghelper">
<msg time="2024-03-25T17:40:12.982111" level="TRACE">Arguments: [ ${window}='primary' | ${title}='Found primary' ]</msg>
<kw name="Run Keyword" owner="BuiltIn">
<msg time="2024-03-25T17:40:12.983131" level="TRACE">Arguments: [ '${window}.Capture Window' ]</msg>
<kw name="Capture Window" owner="primary">
<msg time="2024-03-25T17:40:12.983131" level="TRACE">Arguments: [  ]</msg>
<msg time="2024-03-25T17:40:12.984096" level="DEBUG">Command to send: c
t
getScreen
e
</msg>
<msg time="2024-03-25T17:40:12.984096" level="DEBUG">Answer received: !yro5619</msg>
<msg time="2024-03-25T17:40:12.984096" level="DEBUG">Command to send: c
o5619
newRegion
i58
i52
i600
i535
e
</msg>
<msg time="2024-03-25T17:40:12.984096" level="DEBUG">Answer received: !yro5620</msg>
<msg time="2024-03-25T17:40:12.985096" level="DEBUG">Command to send: c
t
checkAndSetRemote
ro5619
ro5620
bFalse
e
</msg>
<msg time="2024-03-25T17:40:12.985096" level="DEBUG">Answer received: !ybtrue</msg>
<msg time="2024-03-25T17:40:12.985096" level="DEBUG">Command to send: c
t
getScreen
e
</msg>
<msg time="2024-03-25T17:40:12.985096" level="DEBUG">Answer received: !yro5621</msg>
<msg time="2024-03-25T17:40:12.985096" level="DEBUG">Command to send: c
o5621
capture
ro5620
e
</msg>
<msg time="2024-03-25T17:40:12.997133" level="DEBUG">Answer received: !yro5622</msg>
<msg time="2024-03-25T17:40:12.997133" level="DEBUG">Command to send: c
t
checkAndSetRemote
ro5621
ro5622
bFalse
e
</msg>
<msg time="2024-03-25T17:40:12.998096" level="DEBUG">Answer received: !ybtrue</msg>
<msg time="2024-03-25T17:40:12.998096" level="DEBUG">Command to send: c
o5622
getFilename
e
</msg>
<msg time="2024-03-25T17:40:13.035126" level="DEBUG">Answer received: !ysC:\\Users\\Owner\\AppData\\Local\\Temp\\Sikulix_1009917224\\sikuliximage-1711402813016.png</msg>
<msg time="2024-03-25T17:40:13.205070" level="TRACE">Return: 'C:/Users/Owner/OneDrive/Documents/RFData3_1/IMG/imageDJF.PNG'</msg>
<doc>Takes a picture of the window itself and returns the image file</doc>
<status status="PASS" start="2024-03-25T17:40:12.983131" elapsed="0.221939"/>
</kw>
<msg time="2024-03-25T17:40:13.205070" level="TRACE">Return: 'C:/Users/Owner/OneDrive/Documents/RFData3_1/IMG/imageDJF.PNG'</msg>
<msg time="2024-03-25T17:40:13.205070" level="INFO">${file} = C:/Users/Owner/OneDrive/Documents/RFData3_1/IMG/imageDJF.PNG</msg>
<var>${file}</var>
<arg>${window}.Capture Window</arg>
<doc>Executes the given keyword with the given arguments.</doc>
<status status="PASS" start="2024-03-25T17:40:12.983131" elapsed="0.221939"/>
</kw>
<kw name="Record Screen Image" owner="DataExtraction">
<msg time="2024-03-25T17:40:13.207076" level="TRACE">Arguments: [ ${FILE}='C:/Users/Owner/OneDrive/Documents/RFData3_1/IMG/imageDJF.PNG' | ${CASE NAME}='Startup' | ${STEP NAME}='Found primary' ]</msg>
<kw name="Write Image" owner="oqe">
<msg time="2024-03-25T17:40:13.208070" level="TRACE">Arguments: [ 'Startup' | 'Found primary' | 'Screenshot' | 'C:/Users/Owner/OneDrive/Documents/RFData3_1/IMG/imageDJF.PNG' ]</msg>
<msg time="2024-03-25T17:40:13.210069" level="TRACE">Return: None</msg>
<arg>${CASE NAME}</arg>
<arg>${STEP NAME}</arg>
<arg>Screenshot</arg>
<arg>${FILE}</arg>
<doc>Part of *Output Functions*</doc>
<status status="PASS" start="2024-03-25T17:40:13.208070" elapsed="0.001999"/>
</kw>
<msg time="2024-03-25T17:40:13.210069" level="TRACE">Return: None</msg>
<arg>${file}</arg>
<arg>${TEST NAME}</arg>
<arg>${title}</arg>
<doc>Part of *Recording Data*</doc>
<status status="PASS" start="2024-03-25T17:40:13.206070" elapsed="0.003999"/>
</kw>
<msg time="2024-03-25T17:40:13.210069" level="TRACE">Return: None</msg>
<arg>${window}</arg>
<arg>Found ${window}</arg>
<status status="PASS" start="2024-03-25T17:40:12.982111" elapsed="0.227958"/>
</kw>
<kw name="Run Keyword" owner="BuiltIn">
<msg time="2024-03-25T17:40:13.211070" level="TRACE">Arguments: [ '${window}.Move' | '${x}' | '${y}' ]</msg>
<kw name="Move" owner="primary">
<msg time="2024-03-25T17:40:13.212078" level="TRACE">Arguments: [ 240 | 50 ]</msg>
<msg time="2024-03-25T17:40:13.212078" level="DEBUG">Command to send: c
t
getScreen
e
</msg>
<msg time="2024-03-25T17:40:13.213069" level="DEBUG">Answer received: !yro5623</msg>
<msg time="2024-03-25T17:40:13.213069" level="DEBUG">Command to send: c
o5623
newRegion
i215
i61
i143
i11
e
</msg>
<msg time="2024-03-25T17:40:13.213069" level="DEBUG">Answer received: !yro5624</msg>
<msg time="2024-03-25T17:40:13.213069" level="DEBUG">Command to send: c
t
checkAndSetRemote
ro5623
ro5624
bFalse
e
</msg>
<msg time="2024-03-25T17:40:13.213069" level="DEBUG">Answer received: !ybtrue</msg>
<msg time="2024-03-25T17:40:13.213069" level="DEBUG">Command to send: c
t
getScreen
e
</msg>
<msg time="2024-03-25T17:40:13.214068" level="DEBUG">Answer received: !yro5625</msg>
<msg time="2024-03-25T17:40:13.214068" level="DEBUG">Command to send: c
o5625
newLocation
i240
i50
e
</msg>
<msg time="2024-03-25T17:40:13.214068" level="DEBUG">Answer received: !yro5626</msg>
<msg time="2024-03-25T17:40:13.214068" level="DEBUG">Command to send: c
o5625
dragDrop
ro5624
ro5626
e
</msg>
<msg time="2024-03-25T17:40:15.211834" level="DEBUG">Answer received: !yi1</msg>
<msg time="2024-03-25T17:40:15.212834" level="DEBUG">Command to send: c
t
getScreen
e
</msg>
<msg time="2024-03-25T17:40:15.215833" level="DEBUG">Answer received: !yro5627</msg>
<msg time="2024-03-25T17:40:15.215833" level="DEBUG">Command to send: c
t
createPattern
sC:/Users/Owner/OneDrive/Documents/GitHub/DahlgrenTest/RFTest/examples/RFGHelper/mainwindow\\mainFocused.png
e
</msg>
<msg time="2024-03-25T17:40:15.227833" level="DEBUG">Answer received: !yro5628</msg>
<msg time="2024-03-25T17:40:15.227833" level="DEBUG">Command to send: c
o5627
find
ro5628
e
</msg>
<msg time="2024-03-25T17:40:15.481805" level="DEBUG">Answer received: !yro5629</msg>
<msg time="2024-03-25T17:40:15.482803" level="DEBUG">Command to send: c
o5629
getScore
e
</msg>
<msg time="2024-03-25T17:40:15.482803" level="DEBUG">Answer received: !yd0.9999990463256836</msg>
<msg time="2024-03-25T17:40:15.482803" level="DEBUG">Command to send: c
o5629
getTarget
e
</msg>
<msg time="2024-03-25T17:40:15.482803" level="DEBUG">Answer received: !yro5630</msg>
<msg time="2024-03-25T17:40:15.482803" level="DEBUG">Command to send: c
o5630
getX
e
</msg>
<msg time="2024-03-25T17:40:15.482803" level="DEBUG">Answer received: !yi73</msg>
<msg time="2024-03-25T17:40:15.482803" level="DEBUG">Command to send: c
o5630
getY
e
</msg>
<msg time="2024-03-25T17:40:15.483801" level="DEBUG">Answer received: !yi74</msg>
<msg time="2024-03-25T17:40:15.483801" level="TRACE">Return: None</msg>
<arg>${x}</arg>
<arg>${y}</arg>
<doc>Move the window to the desired end location
endX - x coordinate of end location
endY - y coordinate of end location</doc>
<status status="PASS" start="2024-03-25T17:40:13.212078" elapsed="2.271723"/>
</kw>
<msg time="2024-03-25T17:40:15.483801" level="TRACE">Return: None</msg>
<arg>${window}.Move</arg>
<arg>${x}</arg>
<arg>${y}</arg>
<doc>Executes the given keyword with the given arguments.</doc>
<status status="PASS" start="2024-03-25T17:40:13.211070" elapsed="2.272731"/>
</kw>
<kw name="RF GUI Helper: Screen Capture" owner="rfghelper">
<msg time="2024-03-25T17:40:15.484802" level="TRACE">Arguments: [ ${window}='primary' | ${title}='After move' ]</msg>
<kw name="Run Keyword" owner="BuiltIn">
<msg time="2024-03-25T17:40:15.484802" level="DEBUG">Command to send: m
d
o5611
e
</msg>
<msg time="2024-03-25T17:40:15.484802" level="DEBUG">Answer received: !yv</msg>
<msg time="2024-03-25T17:40:15.484802" level="DEBUG">Command to send: m
d
o5612
e
</msg>
<msg time="2024-03-25T17:40:15.484802" level="DEBUG">Answer received: !yv</msg>
<msg time="2024-03-25T17:40:15.485801" level="DEBUG">Command to send: m
d
o5613
e
</msg>
<msg time="2024-03-25T17:40:15.485801" level="DEBUG">Answer received: !yv</msg>
<msg time="2024-03-25T17:40:15.485801" level="DEBUG">Command to send: m
d
o5614
e
</msg>
<msg time="2024-03-25T17:40:15.485801" level="DEBUG">Answer received: !yv</msg>
<msg time="2024-03-25T17:40:15.485801" level="DEBUG">Command to send: m
d
o5615
e
</msg>
<msg time="2024-03-25T17:40:15.485801" level="DEBUG">Answer received: !yv</msg>
<msg time="2024-03-25T17:40:15.485801" level="DEBUG">Command to send: m
d
o5616
e
</msg>
<msg time="2024-03-25T17:40:15.485801" level="DEBUG">Answer received: !yv</msg>
<msg time="2024-03-25T17:40:15.485801" level="DEBUG">Command to send: m
d
o5617
e
</msg>
<msg time="2024-03-25T17:40:15.486801" level="DEBUG">Answer received: !yv</msg>
<msg time="2024-03-25T17:40:15.486801" level="DEBUG">Command to send: m
d
o5618
e
</msg>
<msg time="2024-03-25T17:40:15.486801" level="DEBUG">Answer received: !yv</msg>
<msg time="2024-03-25T17:40:15.486801" level="DEBUG">Command to send: m
d
o5619
e
</msg>
<msg time="2024-03-25T17:40:15.486801" level="DEBUG">Answer received: !yv</msg>
<msg time="2024-03-25T17:40:15.486801" level="DEBUG">Command to send: m
d
o5620
e
</msg>
<msg time="2024-03-25T17:40:15.486801" level="DEBUG">Answer received: !yv</msg>
<msg time="2024-03-25T17:40:15.486801" level="DEBUG">Command to send: m
d
o5621
e
</msg>
<msg time="2024-03-25T17:40:15.487801" level="DEBUG">Answer received: !yv</msg>
<msg time="2024-03-25T17:40:15.487801" level="DEBUG">Command to send: m
d
o5622
e
</msg>
<msg time="2024-03-25T17:40:15.487801" level="DEBUG">Answer received: !yv</msg>
<msg time="2024-03-25T17:40:15.487801" level="DEBUG">Command to send: m
d
o5623
e
</msg>
<msg time="2024-03-25T17:40:15.487801" level="DEBUG">Answer received: !yv</msg>
<msg time="2024-03-25T17:40:15.487801" level="DEBUG">Command to send: m
d
o5624
e
</msg>
<msg time="2024-03-25T17:40:15.487801" level="DEBUG">Answer received: !yv</msg>
<msg time="2024-03-25T17:40:15.487801" level="DEBUG">Command to send: m
d
o5625
e
</msg>
<msg time="2024-03-25T17:40:15.487801" level="DEBUG">Answer received: !yv</msg>
<msg time="2024-03-25T17:40:15.488800" level="DEBUG">Command to send: m
d
o5626
e
</msg>
<msg time="2024-03-25T17:40:15.488800" level="DEBUG">Answer received: !yv</msg>
<msg time="2024-03-25T17:40:15.488800" level="DEBUG">Command to send: m
d
o5627
e
</msg>
<msg time="2024-03-25T17:40:15.488800" level="DEBUG">Answer received: !yv</msg>
<msg time="2024-03-25T17:40:15.488800" level="DEBUG">Command to send: m
d
o5628
e
</msg>
<msg time="2024-03-25T17:40:15.488800" level="DEBUG">Answer received: !yv</msg>
<msg time="2024-03-25T17:40:15.488800" level="DEBUG">Command to send: m
d
o5630
e
</msg>
<msg time="2024-03-25T17:40:15.488800" level="DEBUG">Answer received: !yv</msg>
<msg time="2024-03-25T17:40:15.489801" level="TRACE">Arguments: [ '${window}.Capture Window' ]</msg>
<kw name="Capture Window" owner="primary">
<msg time="2024-03-25T17:40:15.489801" level="TRACE">Arguments: [  ]</msg>
<msg time="2024-03-25T17:40:15.489801" level="DEBUG">Command to send: c
t
getScreen
e
</msg>
<msg time="2024-03-25T17:40:15.489801" level="DEBUG">Answer received: !yro5631</msg>
<msg time="2024-03-25T17:40:15.490803" level="DEBUG">Command to send: c
o5631
newRegion
i12
i36
i600
i535
e
</msg>
<msg time="2024-03-25T17:40:15.490803" level="DEBUG">Answer received: !yro5632</msg>
<msg time="2024-03-25T17:40:15.490803" level="DEBUG">Command to send: c
t
checkAndSetRemote
ro5631
ro5632
bFalse
e
</msg>
<msg time="2024-03-25T17:40:15.490803" level="DEBUG">Answer received: !ybtrue</msg>
<msg time="2024-03-25T17:40:15.490803" level="DEBUG">Command to send: c
t
getScreen
e
</msg>
<msg time="2024-03-25T17:40:15.490803" level="DEBUG">Answer received: !yro5633</msg>
<msg time="2024-03-25T17:40:15.491802" level="DEBUG">Command to send: c
o5633
capture
ro5632
e
</msg>
<msg time="2024-03-25T17:40:15.504837" level="DEBUG">Answer received: !yro5634</msg>
<msg time="2024-03-25T17:40:15.505800" level="DEBUG">Command to send: c
t
checkAndSetRemote
ro5633
ro5634
bFalse
e
</msg>
<msg time="2024-03-25T17:40:15.505800" level="DEBUG">Answer received: !ybtrue</msg>
<msg time="2024-03-25T17:40:15.505800" level="DEBUG">Command to send: c
o5634
getFilename
e
</msg>
<msg time="2024-03-25T17:40:15.548794" level="DEBUG">Answer received: !ysC:\\Users\\Owner\\AppData\\Local\\Temp\\Sikulix_1009917224\\sikuliximage-1711402815528.png</msg>
<msg time="2024-03-25T17:40:15.714829" level="TRACE">Return: 'C:/Users/Owner/OneDrive/Documents/RFData3_1/IMG/imageDJG.PNG'</msg>
<doc>Takes a picture of the window itself and returns the image file</doc>
<status status="PASS" start="2024-03-25T17:40:15.489801" elapsed="0.225028"/>
</kw>
<msg time="2024-03-25T17:40:15.715775" level="TRACE">Return: 'C:/Users/Owner/OneDrive/Documents/RFData3_1/IMG/imageDJG.PNG'</msg>
<msg time="2024-03-25T17:40:15.715775" level="INFO">${file} = C:/Users/Owner/OneDrive/Documents/RFData3_1/IMG/imageDJG.PNG</msg>
<var>${file}</var>
<arg>${window}.Capture Window</arg>
<doc>Executes the given keyword with the given arguments.</doc>
<status status="PASS" start="2024-03-25T17:40:15.484802" elapsed="0.230973"/>
</kw>
<kw name="Record Screen Image" owner="DataExtraction">
<msg time="2024-03-25T17:40:15.716781" level="TRACE">Arguments: [ ${FILE}='C:/Users/Owner/OneDrive/Documents/RFData3_1/IMG/imageDJG.PNG' | ${CASE NAME}='Startup' | ${STEP NAME}='After move' ]</msg>
<kw name="Write Image" owner="oqe">
<msg time="2024-03-25T17:40:15.717784" level="TRACE">Arguments: [ 'Startup' | 'After move' | 'Screenshot' | 'C:/Users/Owner/OneDrive/Documents/RFData3_1/IMG/imageDJG.PNG' ]</msg>
<msg time="2024-03-25T17:40:15.718785" level="TRACE">Return: None</msg>
<arg>${CASE NAME}</arg>
<arg>${STEP NAME}</arg>
<arg>Screenshot</arg>
<arg>${FILE}</arg>
<doc>Part of *Output Functions*</doc>
<status status="PASS" start="2024-03-25T17:40:15.717784" elapsed="0.001994"/>
</kw>
<msg time="2024-03-25T17:40:15.719778" level="TRACE">Return: None</msg>
<arg>${file}</arg>
<arg>${TEST NAME}</arg>
<arg>${title}</arg>
<doc>Part of *Recording Data*</doc>
<status status="PASS" start="2024-03-25T17:40:15.715775" elapsed="0.004003"/>
</kw>
<msg time="2024-03-25T17:40:15.719778" level="TRACE">Return: None</msg>
<arg>${window}</arg>
<arg>After move</arg>
<status status="PASS" start="2024-03-25T17:40:15.483801" elapsed="0.235977"/>
</kw>
<kw name="RF GUI Helper: Gain Focus" owner="rfghelper">
<msg time="2024-03-25T17:40:15.720775" level="TRACE">Arguments: [ ${window}='primary' ]</msg>
<kw name="Sleep" owner="BuiltIn">
<msg time="2024-03-25T17:40:15.721778" level="TRACE">Arguments: [ '1s' ]</msg>
<msg time="2024-03-25T17:40:16.722709" level="INFO">Slept 1 second.</msg>
<msg time="2024-03-25T17:40:16.722709" level="TRACE">Return: None</msg>
<arg>1s</arg>
<doc>Pauses the test executed for the given time.</doc>
<status status="PASS" start="2024-03-25T17:40:15.721778" elapsed="1.000931"/>
</kw>
<kw name="Run Keyword" owner="BuiltIn">
<msg time="2024-03-25T17:40:16.723697" level="TRACE">Arguments: [ '${window}.Find' ]</msg>
<kw name="Find" owner="primary">
<msg time="2024-03-25T17:40:16.724702" level="TRACE">Arguments: [  ]</msg>
<msg time="2024-03-25T17:40:16.724702" level="DEBUG">Command to send: c
t
getScreen
e
</msg>
<msg time="2024-03-25T17:40:16.725689" level="DEBUG">Answer received: !yro5635</msg>
<msg time="2024-03-25T17:40:16.726657" level="DEBUG">Command to send: c
t
createPattern
sC:/Users/Owner/OneDrive/Documents/GitHub/DahlgrenTest/RFTest/examples/RFGHelper/mainwindow\\mainFocused.png
e
</msg>
<msg time="2024-03-25T17:40:16.729656" level="DEBUG">Answer received: !yro5636</msg>
<msg time="2024-03-25T17:40:16.730713" level="DEBUG">Command to send: c
o5635
find
ro5636
e
</msg>
<msg time="2024-03-25T17:40:17.035621" level="DEBUG">Answer received: !yro5637</msg>
<msg time="2024-03-25T17:40:17.035621" level="DEBUG">Command to send: c
o5637
getScore
e
</msg>
<msg time="2024-03-25T17:40:17.035621" level="DEBUG">Answer received: !yd0.9999990463256836</msg>
<msg time="2024-03-25T17:40:17.036620" level="DEBUG">Command to send: c
o5637
getTarget
e
</msg>
<msg time="2024-03-25T17:40:17.036620" level="DEBUG">Answer received: !yro5638</msg>
<msg time="2024-03-25T17:40:17.036620" level="DEBUG">Command to send: c
o5638
getX
e
</msg>
<msg time="2024-03-25T17:40:17.036620" level="DEBUG">Answer received: !yi73</msg>
<msg time="2024-03-25T17:40:17.036620" level="DEBUG">Command to send: c
o5638
getY
e
</msg>
<msg time="2024-03-25T17:40:17.037620" level="DEBUG">Answer received: !yi74</msg>
<msg time="2024-03-25T17:40:17.037620" level="TRACE">Return: 'mainTitleFocused'</msg>
<doc>Called to locate any anchor for the window and revise relative locations to 
widgets.</doc>
<status status="PASS" start="2024-03-25T17:40:16.723697" elapsed="0.313923"/>
</kw>
<msg time="2024-03-25T17:40:17.037620" level="TRACE">Return: 'mainTitleFocused'</msg>
<msg time="2024-03-25T17:40:17.037620" level="INFO">${name} = mainTitleFocused</msg>
<var>${name}</var>
<arg>${window}.Find</arg>
<doc>Executes the given keyword with the given arguments.</doc>
<status status="PASS" start="2024-03-25T17:40:16.723697" elapsed="0.313923"/>
</kw>
<kw name="Run Keyword" owner="BuiltIn">
<msg time="2024-03-25T17:40:17.038623" level="TRACE">Arguments: [ '${window}.Click' | '${name}' ]</msg>
<kw name="Click" owner="primary">
<msg time="2024-03-25T17:40:17.039621" level="TRACE">Arguments: [ 'mainTitleFocused' ]</msg>
<msg time="2024-03-25T17:40:17.040620" level="DEBUG">Command to send: c
t
getScreen
e
</msg>
<msg time="2024-03-25T17:40:17.047619" level="DEBUG">Answer received: !yro5639</msg>
<msg time="2024-03-25T17:40:17.047619" level="DEBUG">Command to send: c
o5639
newRegion
i19
i42
i109
i64
e
</msg>
<msg time="2024-03-25T17:40:17.047619" level="DEBUG">Answer received: !yro5640</msg>
<msg time="2024-03-25T17:40:17.047619" level="DEBUG">Command to send: c
t
checkAndSetRemote
ro5639
ro5640
bFalse
e
</msg>
<msg time="2024-03-25T17:40:17.048618" level="DEBUG">Answer received: !ybtrue</msg>
<msg time="2024-03-25T17:40:17.048618" level="DEBUG">Command to send: c
o5640
click
e
</msg>
<msg time="2024-03-25T17:40:17.612553" level="DEBUG">Answer received: !yi1</msg>
<msg time="2024-03-25T17:40:17.612553" level="TRACE">Return: None</msg>
<arg>${name}</arg>
<doc>Clicks on the intended widget</doc>
<status status="PASS" start="2024-03-25T17:40:17.039621" elapsed="0.572932"/>
</kw>
<msg time="2024-03-25T17:40:17.612553" level="TRACE">Return: None</msg>
<arg>${window}.Click</arg>
<arg>${name}</arg>
<doc>Executes the given keyword with the given arguments.</doc>
<status status="PASS" start="2024-03-25T17:40:17.038623" elapsed="0.573930"/>
</kw>
<kw name="Run Keyword" owner="BuiltIn">
<msg time="2024-03-25T17:40:17.613554" level="TRACE">Arguments: [ '${window}.Find' ]</msg>
<kw name="Find" owner="primary">
<msg time="2024-03-25T17:40:17.614554" level="TRACE">Arguments: [  ]</msg>
<msg time="2024-03-25T17:40:17.615552" level="DEBUG">Command to send: c
t
getScreen
e
</msg>
<msg time="2024-03-25T17:40:17.616553" level="DEBUG">Answer received: !yro5641</msg>
<msg time="2024-03-25T17:40:17.616553" level="DEBUG">Command to send: c
t
createPattern
sC:/Users/Owner/OneDrive/Documents/GitHub/DahlgrenTest/RFTest/examples/RFGHelper/mainwindow\\mainFocused.png
e
</msg>
<msg time="2024-03-25T17:40:17.619557" level="DEBUG">Answer received: !yro5642</msg>
<msg time="2024-03-25T17:40:17.619557" level="DEBUG">Command to send: c
o5641
find
ro5642
e
</msg>
<msg time="2024-03-25T17:40:17.845526" level="DEBUG">Answer received: !yro5643</msg>
<msg time="2024-03-25T17:40:17.845526" level="DEBUG">Command to send: c
o5643
getScore
e
</msg>
<msg time="2024-03-25T17:40:17.846525" level="DEBUG">Answer received: !yd0.9999990463256836</msg>
<msg time="2024-03-25T17:40:17.846525" level="DEBUG">Command to send: c
o5643
getTarget
e
</msg>
<msg time="2024-03-25T17:40:17.846525" level="DEBUG">Answer received: !yro5644</msg>
<msg time="2024-03-25T17:40:17.846525" level="DEBUG">Command to send: c
o5644
getX
e
</msg>
<msg time="2024-03-25T17:40:17.846525" level="DEBUG">Answer received: !yi73</msg>
<msg time="2024-03-25T17:40:17.846525" level="DEBUG">Command to send: c
o5644
getY
e
</msg>
<msg time="2024-03-25T17:40:17.847523" level="DEBUG">Answer received: !yi74</msg>
<msg time="2024-03-25T17:40:17.847523" level="TRACE">Return: 'mainTitleFocused'</msg>
<doc>Called to locate any anchor for the window and revise relative locations to 
widgets.</doc>
<status status="PASS" start="2024-03-25T17:40:17.614554" elapsed="0.232969"/>
</kw>
<msg time="2024-03-25T17:40:17.847523" level="TRACE">Return: 'mainTitleFocused'</msg>
<arg>${window}.Find</arg>
<doc>Executes the given keyword with the given arguments.</doc>
<status status="PASS" start="2024-03-25T17:40:17.613554" elapsed="0.233969"/>
</kw>
<kw name="Wait Until Keyword Succeeds" owner="BuiltIn">
<msg time="2024-03-25T17:40:17.847523" level="TRACE">Arguments: [ '2x' | '1s' | 'RF GUI Helper: Verify View' ]</msg>
<kw name="RF GUI Helper: Verify View" owner="rfghelper">
<msg time="2024-03-25T17:40:17.848558" level="TRACE">Arguments: [  ]</msg>
<kw name="Log To Console" owner="BuiltIn">
<msg time="2024-03-25T17:40:17.848558" level="TRACE">Arguments: [ 'RF GUI Helper: Verify View' ]</msg>
<msg time="2024-03-25T17:40:17.849551" level="TRACE">Return: None</msg>
<arg>RF GUI Helper: Verify View</arg>
<doc>Logs the given message to the console.</doc>
<status status="PASS" start="2024-03-25T17:40:17.848558" elapsed="0.000993"/>
</kw>
<kw name="Expected View" owner="primary">
<msg time="2024-03-25T17:40:17.849551" level="TRACE">Arguments: [  ]</msg>
<msg time="2024-03-25T17:40:17.849551" level="TRACE">Return: 'View[main]'</msg>
<msg time="2024-03-25T17:40:17.849551" level="INFO">${e} = View[main]</msg>
<var>${e}</var>
<doc>Returns the name of the current view which represents what the WINDOW LOGIC things is currently on display</doc>
<status status="PASS" start="2024-03-25T17:40:17.849551" elapsed="0.000000"/>
</kw>
<kw name="Actual View" owner="primary">
<msg time="2024-03-25T17:40:17.849551" level="TRACE">Arguments: [  ]</msg>
<msg time="2024-03-25T17:40:17.850559" level="DEBUG">Command to send: c
t
getScreen
e
</msg>
<msg time="2024-03-25T17:40:17.850559" level="DEBUG">Answer received: !yro5645</msg>
<msg time="2024-03-25T17:40:17.850559" level="DEBUG">Command to send: c
t
createPattern
sC:/Users/Owner/OneDrive/Documents/GitHub/DahlgrenTest/RFTest/examples/RFGHelper/mainwindow\\mainFocused.png
e
</msg>
<msg time="2024-03-25T17:40:17.852557" level="DEBUG">Answer received: !yro5646</msg>
<msg time="2024-03-25T17:40:17.852557" level="DEBUG">Command to send: c
o5645
find
ro5646
e
</msg>
<msg time="2024-03-25T17:40:18.076499" level="DEBUG">Answer received: !yro5647</msg>
<msg time="2024-03-25T17:40:18.076499" level="DEBUG">Command to send: c
o5647
getScore
e
</msg>
<msg time="2024-03-25T17:40:18.077500" level="DEBUG">Answer received: !yd0.9999990463256836</msg>
<msg time="2024-03-25T17:40:18.077500" level="DEBUG">Command to send: c
o5647
getTarget
e
</msg>
<msg time="2024-03-25T17:40:18.077500" level="DEBUG">Answer received: !yro5648</msg>
<msg time="2024-03-25T17:40:18.077500" level="DEBUG">Command to send: c
o5648
getX
e
</msg>
<msg time="2024-03-25T17:40:18.078525" level="DEBUG">Answer received: !yi73</msg>
<msg time="2024-03-25T17:40:18.078525" level="DEBUG">Command to send: c
o5648
getY
e
</msg>
<msg time="2024-03-25T17:40:18.078525" level="DEBUG">Answer received: !yi74</msg>
<msg time="2024-03-25T17:40:18.078525" level="TRACE">Return: 'View[main]'</msg>
<msg time="2024-03-25T17:40:18.078525" level="INFO">${a} = View[main]</msg>
<var>${a}</var>
<doc>Returns the name of a view which can be verified (starting with current view) which represent reality.
Useful to periodically verify the window logic.</doc>
<status status="PASS" start="2024-03-25T17:40:17.849551" elapsed="0.228974"/>
</kw>
<kw name="RF GUI Helper: Screen Capture" owner="rfghelper">
<msg time="2024-03-25T17:40:18.079531" level="TRACE">Arguments: [ ${window}='primary' | ${title}='Actual view: View[main]' ]</msg>
<kw name="Run Keyword" owner="BuiltIn">
<msg time="2024-03-25T17:40:18.079531" level="TRACE">Arguments: [ '${window}.Capture Window' ]</msg>
<kw name="Capture Window" owner="primary">
<msg time="2024-03-25T17:40:18.080530" level="TRACE">Arguments: [  ]</msg>
<msg time="2024-03-25T17:40:18.080530" level="DEBUG">Command to send: c
t
getScreen
e
</msg>
<msg time="2024-03-25T17:40:18.080530" level="DEBUG">Answer received: !yro5649</msg>
<msg time="2024-03-25T17:40:18.080530" level="DEBUG">Command to send: c
o5649
newRegion
i12
i36
i600
i535
e
</msg>
<msg time="2024-03-25T17:40:18.081496" level="DEBUG">Answer received: !yro5650</msg>
<msg time="2024-03-25T17:40:18.081496" level="DEBUG">Command to send: c
t
checkAndSetRemote
ro5649
ro5650
bFalse
e
</msg>
<msg time="2024-03-25T17:40:18.081496" level="DEBUG">Answer received: !ybtrue</msg>
<msg time="2024-03-25T17:40:18.081496" level="DEBUG">Command to send: c
t
getScreen
e
</msg>
<msg time="2024-03-25T17:40:18.082496" level="DEBUG">Answer received: !yro5651</msg>
<msg time="2024-03-25T17:40:18.082496" level="DEBUG">Command to send: c
o5651
capture
ro5650
e
</msg>
<msg time="2024-03-25T17:40:18.098495" level="DEBUG">Answer received: !yro5652</msg>
<msg time="2024-03-25T17:40:18.098495" level="DEBUG">Command to send: c
t
checkAndSetRemote
ro5651
ro5652
bFalse
e
</msg>
<msg time="2024-03-25T17:40:18.098495" level="DEBUG">Answer received: !ybtrue</msg>
<msg time="2024-03-25T17:40:18.098495" level="DEBUG">Command to send: c
o5652
getFilename
e
</msg>
<msg time="2024-03-25T17:40:18.139491" level="DEBUG">Answer received: !ysC:\\Users\\Owner\\AppData\\Local\\Temp\\Sikulix_1009917224\\sikuliximage-1711402818119.png</msg>
<msg time="2024-03-25T17:40:18.305523" level="TRACE">Return: 'C:/Users/Owner/OneDrive/Documents/RFData3_1/IMG/imageDJH.PNG'</msg>
<doc>Takes a picture of the window itself and returns the image file</doc>
<status status="PASS" start="2024-03-25T17:40:18.080530" elapsed="0.225940"/>
</kw>
<msg time="2024-03-25T17:40:18.306470" level="TRACE">Return: 'C:/Users/Owner/OneDrive/Documents/RFData3_1/IMG/imageDJH.PNG'</msg>
<msg time="2024-03-25T17:40:18.306470" level="INFO">${file} = C:/Users/Owner/OneDrive/Documents/RFData3_1/IMG/imageDJH.PNG</msg>
<var>${file}</var>
<arg>${window}.Capture Window</arg>
<doc>Executes the given keyword with the given arguments.</doc>
<status status="PASS" start="2024-03-25T17:40:18.079531" elapsed="0.226939"/>
</kw>
<kw name="Record Screen Image" owner="DataExtraction">
<msg time="2024-03-25T17:40:18.307471" level="TRACE">Arguments: [ ${FILE}='C:/Users/Owner/OneDrive/Documents/RFData3_1/IMG/imageDJH.PNG' | ${CASE NAME}='Startup' | ${STEP NAME}='Actual view: View[main]' ]</msg>
<kw name="Write Image" owner="oqe">
<msg time="2024-03-25T17:40:18.307471" level="TRACE">Arguments: [ 'Startup' | 'Actual view: View[main]' | 'Screenshot' | 'C:/Users/Owner/OneDrive/Documents/RFData3_1/IMG/imageDJH.PNG' ]</msg>
<msg time="2024-03-25T17:40:18.308472" level="TRACE">Return: None</msg>
<arg>${CASE NAME}</arg>
<arg>${STEP NAME}</arg>
<arg>Screenshot</arg>
<arg>${FILE}</arg>
<doc>Part of *Output Functions*</doc>
<status status="PASS" start="2024-03-25T17:40:18.307471" elapsed="0.001001"/>
</kw>
<msg time="2024-03-25T17:40:18.308472" level="TRACE">Return: None</msg>
<arg>${file}</arg>
<arg>${TEST NAME}</arg>
<arg>${title}</arg>
<doc>Part of *Recording Data*</doc>
<status status="PASS" start="2024-03-25T17:40:18.306470" elapsed="0.002002"/>
</kw>
<msg time="2024-03-25T17:40:18.309471" level="TRACE">Return: None</msg>
<arg>primary</arg>
<arg>Actual view: ${a}</arg>
<status status="PASS" start="2024-03-25T17:40:18.079531" elapsed="0.229940"/>
</kw>
<if>
<branch type="IF" condition="'${e}'=='${a}'">
<kw name="PASS Token" owner="oqe">
<msg time="2024-03-25T17:40:18.310473" level="TRACE">Arguments: [  ]</msg>
<msg time="2024-03-25T17:40:18.310473" level="TRACE">Return: 'PASS'</msg>
<msg time="2024-03-25T17:40:18.310473" level="INFO">${token} = PASS</msg>
<var>${token}</var>
<doc>Part of *Comparisons*</doc>
<status status="PASS" start="2024-03-25T17:40:18.310473" elapsed="0.000000"/>
</kw>
<kw name="Evaluate" owner="BuiltIn">
<msg time="2024-03-25T17:40:18.311470" level="TRACE">Arguments: [ "'Opened View[main]'" ]</msg>
<msg time="2024-03-25T17:40:18.311470" level="TRACE">Return: 'Opened View[main]'</msg>
<msg time="2024-03-25T17:40:18.311470" level="INFO">${msg} = Opened View[main]</msg>
<var>${msg}</var>
<arg>'Opened ${e}'</arg>
<doc>Evaluates the given expression in Python and returns the result.</doc>
<status status="PASS" start="2024-03-25T17:40:18.311470" elapsed="0.000000"/>
</kw>
<kw name="Log To Console" owner="BuiltIn">
<msg time="2024-03-25T17:40:18.312475" level="TRACE">Arguments: [ '*** MATCH ***' ]</msg>
<msg time="2024-03-25T17:40:18.312475" level="TRACE">Return: None</msg>
<arg>*** MATCH ***</arg>
<doc>Logs the given message to the console.</doc>
<status status="PASS" start="2024-03-25T17:40:18.312475" elapsed="0.000995"/>
</kw>
<status status="PASS" start="2024-03-25T17:40:18.309471" elapsed="0.003999"/>
</branch>
<branch type="ELSE">
<kw name="PASS Token" owner="oqe">
<var>${token}</var>
<doc>Part of *Comparisons*</doc>
<status status="NOT RUN" start="2024-03-25T17:40:18.313470" elapsed="0.000000"/>
</kw>
<kw name="Evaluate" owner="BuiltIn">
<var>${msg}</var>
<arg>'Expected ${e} but got ${a}'</arg>
<doc>Evaluates the given expression in Python and returns the result.</doc>
<status status="NOT RUN" start="2024-03-25T17:40:18.313470" elapsed="0.000000"/>
</kw>
<kw name="Log To Console" owner="BuiltIn">
<arg>*** FAIL ***</arg>
<doc>Logs the given message to the console.</doc>
<status status="NOT RUN" start="2024-03-25T17:40:18.314470" elapsed="0.000000"/>
</kw>
<status status="NOT RUN" start="2024-03-25T17:40:18.313470" elapsed="0.001000"/>
</branch>
<status status="PASS" start="2024-03-25T17:40:18.309471" elapsed="0.004999"/>
</if>
<kw name="Record Test Case" owner="DataExtraction">
<msg time="2024-03-25T17:40:18.315469" level="DEBUG">Command to send: m
d
o5631
e
</msg>
<msg time="2024-03-25T17:40:18.315469" level="DEBUG">Answer received: !yv</msg>
<msg time="2024-03-25T17:40:18.315469" level="DEBUG">Command to send: m
d
o5632
e
</msg>
<msg time="2024-03-25T17:40:18.315469" level="DEBUG">Answer received: !yv</msg>
<msg time="2024-03-25T17:40:18.316469" level="DEBUG">Command to send: m
d
o5633
e
</msg>
<msg time="2024-03-25T17:40:18.316469" level="DEBUG">Answer received: !yv</msg>
<msg time="2024-03-25T17:40:18.316469" level="DEBUG">Command to send: m
d
o5634
e
</msg>
<msg time="2024-03-25T17:40:18.316469" level="DEBUG">Answer received: !yv</msg>
<msg time="2024-03-25T17:40:18.316469" level="DEBUG">Command to send: m
d
o5635
e
</msg>
<msg time="2024-03-25T17:40:18.316469" level="DEBUG">Answer received: !yv</msg>
<msg time="2024-03-25T17:40:18.316469" level="DEBUG">Command to send: m
d
o5636
e
</msg>
<msg time="2024-03-25T17:40:18.317468" level="DEBUG">Answer received: !yv</msg>
<msg time="2024-03-25T17:40:18.317468" level="DEBUG">Command to send: m
d
o5637
e
</msg>
<msg time="2024-03-25T17:40:18.317468" level="DEBUG">Answer received: !yv</msg>
<msg time="2024-03-25T17:40:18.317468" level="DEBUG">Command to send: m
d
o5638
e
</msg>
<msg time="2024-03-25T17:40:18.317468" level="DEBUG">Answer received: !yv</msg>
<msg time="2024-03-25T17:40:18.317468" level="DEBUG">Command to send: m
d
o5639
e
</msg>
<msg time="2024-03-25T17:40:18.318468" level="DEBUG">Answer received: !yv</msg>
<msg time="2024-03-25T17:40:18.318468" level="DEBUG">Command to send: m
d
o5640
e
</msg>
<msg time="2024-03-25T17:40:18.318468" level="DEBUG">Answer received: !yv</msg>
<msg time="2024-03-25T17:40:18.318468" level="DEBUG">Command to send: m
d
o5641
e
</msg>
<msg time="2024-03-25T17:40:18.318468" level="DEBUG">Answer received: !yv</msg>
<msg time="2024-03-25T17:40:18.318468" level="DEBUG">Command to send: m
d
o5642
e
</msg>
<msg time="2024-03-25T17:40:18.319468" level="DEBUG">Answer received: !yv</msg>
<msg time="2024-03-25T17:40:18.319468" level="DEBUG">Command to send: m
d
o5643
e
</msg>
<msg time="2024-03-25T17:40:18.319468" level="DEBUG">Answer received: !yv</msg>
<msg time="2024-03-25T17:40:18.319468" level="DEBUG">Command to send: m
d
o5644
e
</msg>
<msg time="2024-03-25T17:40:18.319468" level="DEBUG">Answer received: !yv</msg>
<msg time="2024-03-25T17:40:18.319468" level="DEBUG">Command to send: m
d
o5645
e
</msg>
<msg time="2024-03-25T17:40:18.319468" level="DEBUG">Answer received: !yv</msg>
<msg time="2024-03-25T17:40:18.320468" level="DEBUG">Command to send: m
d
o5646
e
</msg>
<msg time="2024-03-25T17:40:18.320468" level="DEBUG">Answer received: !yv</msg>
<msg time="2024-03-25T17:40:18.320468" level="DEBUG">Command to send: m
d
o5647
e
</msg>
<msg time="2024-03-25T17:40:18.320468" level="DEBUG">Answer received: !yv</msg>
<msg time="2024-03-25T17:40:18.320468" level="DEBUG">Command to send: m
d
o5648
e
</msg>
<msg time="2024-03-25T17:40:18.320468" level="DEBUG">Answer received: !yv</msg>
<msg time="2024-03-25T17:40:18.320468" level="DEBUG">Command to send: m
d
o5649
e
</msg>
<msg time="2024-03-25T17:40:18.320468" level="DEBUG">Answer received: !yv</msg>
<msg time="2024-03-25T17:40:18.321468" level="DEBUG">Command to send: m
d
o5651
e
</msg>
<msg time="2024-03-25T17:40:18.321468" level="DEBUG">Answer received: !yv</msg>
<msg time="2024-03-25T17:40:18.321468" level="DEBUG">Command to send: m
d
o5652
e
</msg>
<msg time="2024-03-25T17:40:18.321468" level="DEBUG">Answer received: !yv</msg>
<msg time="2024-03-25T17:40:18.321468" level="TRACE">Arguments: [ ${CASE NAME}='Startup' | ${STEP NAME}='RF GUI Helper: Verify View' | ${STATUS}='PASS' | ${MESSAGE}='Opened View[main]' ]</msg>
<kw name="Write Results" owner="oqe">
<msg time="2024-03-25T17:40:18.322468" level="TRACE">Arguments: [ 'Startup' | 'RF GUI Helper: Verify View' | 'PASS' | 'Opened View[main]' ]</msg>
<msg time="2024-03-25T17:40:18.323467" level="TRACE">Return: None</msg>
<arg>${CASE NAME}</arg>
<arg>${STEP NAME}</arg>
<arg>${STATUS}</arg>
<arg>${MESSAGE}</arg>
<doc>Part of *Output Functions*</doc>
<status status="PASS" start="2024-03-25T17:40:18.322468" elapsed="0.000999"/>
</kw>
<msg time="2024-03-25T17:40:18.323467" level="TRACE">Return: None</msg>
<arg>${TEST NAME}</arg>
<arg>RF GUI Helper: Verify View</arg>
<arg>${token}</arg>
<arg>${msg}</arg>
<doc>Part of *Recording Data*</doc>
<status status="PASS" start="2024-03-25T17:40:18.314470" elapsed="0.008997"/>
</kw>
<kw name="Run Keyword If" owner="BuiltIn">
<msg time="2024-03-25T17:40:18.324468" level="TRACE">Arguments: [ "'View[main]'!='View[main]'" | 'Fail' | '${msg}' ]</msg>
<msg time="2024-03-25T17:40:18.324468" level="TRACE">Return: None</msg>
<arg>'${e}'!='${a}'</arg>
<arg>Fail</arg>
<arg>${msg}</arg>
<doc>Runs the given keyword with the given arguments, if ``condition`` is true.</doc>
<status status="PASS" start="2024-03-25T17:40:18.324468" elapsed="0.000000"/>
</kw>
<msg time="2024-03-25T17:40:18.324468" level="TRACE">Return: None</msg>
<status status="PASS" start="2024-03-25T17:40:17.848558" elapsed="0.475910"/>
</kw>
<msg time="2024-03-25T17:40:18.324468" level="TRACE">Return: None</msg>
<arg>2x</arg>
<arg>1s</arg>
<arg>RF GUI Helper: Verify View</arg>
<doc>Runs the specified keyword and retries if it fails.</doc>
<status status="PASS" start="2024-03-25T17:40:17.847523" elapsed="0.477948"/>
</kw>
<msg time="2024-03-25T17:40:18.325471" level="TRACE">Return: None</msg>
<arg>primary</arg>
<status status="PASS" start="2024-03-25T17:40:15.719778" elapsed="2.605693"/>
</kw>
<msg time="2024-03-25T17:40:18.325471" level="TRACE">Return: None</msg>
<arg>primary</arg>
<status status="PASS" start="2024-03-25T17:40:11.213305" elapsed="7.112166"/>
</kw>
<kw name="Keyword Final" owner="DataExtraction" type="TEARDOWN">
<msg time="2024-03-25T17:40:18.328467" level="TRACE">Arguments: [ ${CASE NAME}='Startup' | ${STEP NAME}='Starting RF GUI Helper' | ${STATUS}='PASS' | ${MESSAGE}='' ]</msg>
<kw name="Record PassFail Block" owner="DataExtraction">
<msg time="2024-03-25T17:40:18.330468" level="TRACE">Arguments: [ ${STEP NAME}='Starting RF GUI Helper' | ${STATUS}='PASS' | ${MESSAGE}='' ]</msg>
<kw name="Write Results" owner="oqe">
<msg time="2024-03-25T17:40:18.330468" level="TRACE">Arguments: [ '&amp;&amp;' | 'Starting RF GUI Helper' | 'PASS' | '' ]</msg>
<msg time="2024-03-25T17:40:18.331467" level="TRACE">Return: None</msg>
<arg>&amp;&amp;</arg>
<arg>${STEP NAME}</arg>
<arg>${STATUS}</arg>
<arg>${MESSAGE}</arg>
<doc>Part of *Output Functions*</doc>
<status status="PASS" start="2024-03-25T17:40:18.330468" elapsed="0.000999"/>
</kw>
<msg time="2024-03-25T17:40:18.331467" level="TRACE">Return: None</msg>
<arg>${STEP NAME}</arg>
<arg>${STATUS}</arg>
<arg>${MESSAGE}</arg>
<doc>Part of *Recording Data*</doc>
<status status="PASS" start="2024-03-25T17:40:18.329467" elapsed="0.002000"/>
</kw>
<kw name="Data Break" owner="DataExtraction">
<msg time="2024-03-25T17:40:18.332467" level="TRACE">Arguments: [  ]</msg>
<kw name="Write Data" owner="oqe">
<msg time="2024-03-25T17:40:18.333470" level="TRACE">Arguments: [ '--' | '--' | '--' | '--' ]</msg>
<msg time="2024-03-25T17:40:18.334470" level="TRACE">Return: None</msg>
<arg>--</arg>
<arg>--</arg>
<arg>--</arg>
<arg>--</arg>
<doc>Part of *Output Functions*</doc>
<status status="PASS" start="2024-03-25T17:40:18.333470" elapsed="0.001000"/>
</kw>
<msg time="2024-03-25T17:40:18.334470" level="TRACE">Return: None</msg>
<doc>Part of *Report Formatting*</doc>
<status status="PASS" start="2024-03-25T17:40:18.332467" elapsed="0.002003"/>
</kw>
<msg time="2024-03-25T17:40:18.334470" level="TRACE">Return: None</msg>
<arg>${TEST NAME}</arg>
<arg>Starting RF GUI Helper</arg>
<arg>${KEYWORD STATUS}</arg>
<arg>${KEYWORD MESSAGE}</arg>
<doc>Part of *Recording Data*</doc>
<status status="PASS" start="2024-03-25T17:40:18.328467" elapsed="0.007000"/>
</kw>
<msg time="2024-03-25T17:40:18.335467" level="TRACE">Return: None</msg>
<arg>${DATA PATH}</arg>
<status status="PASS" start="2024-03-25T17:40:11.154312" elapsed="7.181155"/>
</kw>
<status status="PASS" start="2024-03-25T17:40:11.066322" elapsed="7.269145"/>
</test>
<test id="s1-t2" name="Create New Project" line="17">
<kw name="RF GUI Helper: New Project" owner="rfghelper">
<msg time="2024-03-25T17:40:18.339468" level="TRACE">Arguments: [ ${projectFolder}='C:/Users/Owner/OneDrive/Documents/GitHub/DahlgrenTest/RFTest/examples/RFGHelper/testOnly' | ${projectName}='allMembers' | ${imgFolder}='C:/Users/Owner/OneDrive/Documents/GitHub/DahlgrenTest/RFTest/examples/RFGHelper' | ${imgName}='allMembers' ]</msg>
<kw name="RF GUI Helper: Menu Action" owner="rfghelper">
<msg time="2024-03-25T17:40:18.342467" level="TRACE">Arguments: [ ${menu}='fMenu' | ${action}='newProject' | ${memo}='New Project' | ${shouldBeOpen}='False' ]</msg>
<kw name="RF GUI Helper: Check Is Project Open" owner="rfghelper">
<msg time="2024-03-25T17:40:18.343465" level="TRACE">Arguments: [  ]</msg>
<kw name="Banner" owner="DataExtraction">
<msg time="2024-03-25T17:40:18.347466" level="TRACE">Arguments: [ ${Title}='Verifying Project Closed' ]</msg>
<kw name="Write Data" owner="oqe">
<msg time="2024-03-25T17:40:18.348467" level="TRACE">Arguments: [ '==' | '==' | '--' | 'Verifying Project Closed' ]</msg>
<msg time="2024-03-25T17:40:18.349465" level="TRACE">Return: None</msg>
<arg>==</arg>
<arg>==</arg>
<arg>--</arg>
<arg>${Title}</arg>
<doc>Part of *Output Functions*</doc>
<status status="PASS" start="2024-03-25T17:40:18.347466" elapsed="0.001999"/>
</kw>
<msg time="2024-03-25T17:40:18.349465" level="TRACE">Return: None</msg>
<arg>Verifying Project Closed</arg>
<doc>Part of *Report Formatting*</doc>
<status status="PASS" start="2024-03-25T17:40:18.343465" elapsed="0.006000"/>
</kw>
<kw name="Evaluate" owner="BuiltIn">
<msg time="2024-03-25T17:40:18.350465" level="TRACE">Arguments: [ 'True' ]</msg>
<msg time="2024-03-25T17:40:18.350465" level="TRACE">Return: True</msg>
<msg time="2024-03-25T17:40:18.351474" level="INFO">${answer} = True</msg>
<var>${answer}</var>
<arg>True</arg>
<doc>Evaluates the given expression in Python and returns the result.</doc>
<status status="PASS" start="2024-03-25T17:40:18.350465" elapsed="0.001009"/>
</kw>
<try>
<branch type="TRY">
<kw name="RF GUI Helper: Find Window" owner="rfghelper">
<msg time="2024-03-25T17:40:18.352465" level="TRACE">Arguments: [ ${window}='secondary' | ${expectedView}='None' ]</msg>
<kw name="Sleep" owner="BuiltIn">
<msg time="2024-03-25T17:40:18.352465" level="TRACE">Arguments: [ '1s' ]</msg>
<msg time="2024-03-25T17:40:19.353389" level="INFO">Slept 1 second.</msg>
<msg time="2024-03-25T17:40:19.353389" level="TRACE">Return: None</msg>
<arg>1s</arg>
<doc>Pauses the test executed for the given time.</doc>
<status status="PASS" start="2024-03-25T17:40:18.352465" elapsed="1.000924"/>
</kw>
<kw name="Wait Until Keyword Succeeds" owner="BuiltIn">
<msg time="2024-03-25T17:40:19.354401" level="TRACE">Arguments: [ '2x' | '1s' | '${window}.Find' ]</msg>
<kw name="Find" owner="secondary">
<msg time="2024-03-25T17:40:19.354401" level="TRACE">Arguments: [  ]</msg>
<msg time="2024-03-25T17:40:19.355390" level="DEBUG">Command to send: c
t
getScreen
e
</msg>
<msg time="2024-03-25T17:40:19.356348" level="DEBUG">Answer received: !yro5653</msg>
<msg time="2024-03-25T17:40:19.356348" level="DEBUG">Command to send: c
t
createPattern
sC:/Users/Owner/OneDrive/Documents/GitHub/DahlgrenTest/RFTest/examples/RFGHelper/imgwindow\\mainWindow.png
e
</msg>
<msg time="2024-03-25T17:40:19.365390" level="DEBUG">Answer received: !yro5654</msg>
<msg time="2024-03-25T17:40:19.365390" level="DEBUG">Command to send: c
o5653
find
ro5654
e
</msg>
<msg time="2024-03-25T17:40:19.539327" level="DEBUG">Answer received: !xro5655</msg>
<msg time="2024-03-25T17:40:19.539327" level="DEBUG">Command to send: m
d
o5655
e
</msg>
<msg time="2024-03-25T17:40:19.540344" level="DEBUG">Answer received: !yv</msg>
<msg time="2024-03-25T17:40:19.540344" level="DEBUG">Command to send: c
t
getScreen
e
</msg>
<msg time="2024-03-25T17:40:19.541324" level="DEBUG">Answer received: !yro5656</msg>
<msg time="2024-03-25T17:40:19.541324" level="DEBUG">Command to send: c
t
createPattern
sC:/Users/Owner/OneDrive/Documents/GitHub/DahlgrenTest/RFTest/examples/RFGHelper/imgwindow\\unMainWindow.png
e
</msg>
<msg time="2024-03-25T17:40:19.547324" level="DEBUG">Answer received: !yro5657</msg>
<msg time="2024-03-25T17:40:19.547324" level="DEBUG">Command to send: c
o5656
find
ro5657
e
</msg>
<msg time="2024-03-25T17:40:19.865288" level="DEBUG">Answer received: !xro5658</msg>
<msg time="2024-03-25T17:40:19.865288" level="DEBUG">Command to send: m
d
o5658
e
</msg>
<msg time="2024-03-25T17:40:19.865288" level="DEBUG">Answer received: !yv</msg>
<msg time="2024-03-25T17:40:19.866288" level="FAIL">LookupError: Unable to find any anchor</msg>
<msg time="2024-03-25T17:40:19.867286" level="DEBUG">Traceback (most recent call last):
  File "C:\Users\Owner\OneDrive\Documents\GitHub\DahlgrenTest\RFTest\widgets\window.py", line 234, in find
    raise LookupError("Unable to find any anchor")
LookupError: Unable to find any anchor</msg>
<doc>Called to locate any anchor for the window and revise relative locations to 
widgets.</doc>
<status status="FAIL" start="2024-03-25T17:40:19.354401" elapsed="0.512885">LookupError: Unable to find any anchor</status>
</kw>
<kw name="Find" owner="secondary">
<msg time="2024-03-25T17:40:20.869171" level="TRACE">Arguments: [  ]</msg>
<msg time="2024-03-25T17:40:20.869171" level="DEBUG">Command to send: c
t
getScreen
e
</msg>
<msg time="2024-03-25T17:40:20.870171" level="DEBUG">Answer received: !yro5659</msg>
<msg time="2024-03-25T17:40:20.871175" level="DEBUG">Command to send: c
t
createPattern
sC:/Users/Owner/OneDrive/Documents/GitHub/DahlgrenTest/RFTest/examples/RFGHelper/imgwindow\\mainWindow.png
e
</msg>
<msg time="2024-03-25T17:40:20.875169" level="DEBUG">Answer received: !yro5660</msg>
<msg time="2024-03-25T17:40:20.877170" level="DEBUG">Command to send: m
d
o5653
e
</msg>
<msg time="2024-03-25T17:40:20.878175" level="DEBUG">Answer received: !yv</msg>
<msg time="2024-03-25T17:40:20.879168" level="DEBUG">Command to send: m
d
o5654
e
</msg>
<msg time="2024-03-25T17:40:20.879168" level="DEBUG">Answer received: !yv</msg>
<msg time="2024-03-25T17:40:20.879168" level="DEBUG">Command to send: m
d
o5656
e
</msg>
<msg time="2024-03-25T17:40:20.880168" level="DEBUG">Answer received: !yv</msg>
<msg time="2024-03-25T17:40:20.880168" level="DEBUG">Command to send: m
d
o5657
e
</msg>
<msg time="2024-03-25T17:40:20.880168" level="DEBUG">Answer received: !yv</msg>
<msg time="2024-03-25T17:40:20.875169" level="DEBUG">Command to send: c
o5659
find
ro5660
e
</msg>
<msg time="2024-03-25T17:40:21.064184" level="DEBUG">Answer received: !xro5661</msg>
<msg time="2024-03-25T17:40:21.064184" level="DEBUG">Command to send: m
d
o5661
e
</msg>
<msg time="2024-03-25T17:40:21.064184" level="DEBUG">Answer received: !yv</msg>
<msg time="2024-03-25T17:40:21.065146" level="DEBUG">Command to send: c
t
getScreen
e
</msg>
<msg time="2024-03-25T17:40:21.065146" level="DEBUG">Answer received: !yro5662</msg>
<msg time="2024-03-25T17:40:21.065146" level="DEBUG">Command to send: c
t
createPattern
sC:/Users/Owner/OneDrive/Documents/GitHub/DahlgrenTest/RFTest/examples/RFGHelper/imgwindow\\unMainWindow.png
e
</msg>
<msg time="2024-03-25T17:40:21.067183" level="DEBUG">Answer received: !yro5663</msg>
<msg time="2024-03-25T17:40:21.067183" level="DEBUG">Command to send: c
o5662
find
ro5663
e
</msg>
<msg time="2024-03-25T17:40:21.251129" level="DEBUG">Answer received: !xro5664</msg>
<msg time="2024-03-25T17:40:21.251129" level="DEBUG">Command to send: m
d
o5664
e
</msg>
<msg time="2024-03-25T17:40:21.251129" level="DEBUG">Answer received: !yv</msg>
<msg time="2024-03-25T17:40:21.252161" level="FAIL">LookupError: Unable to find any anchor</msg>
<msg time="2024-03-25T17:40:21.252161" level="DEBUG">Traceback (most recent call last):
  File "C:\Users\Owner\OneDrive\Documents\GitHub\DahlgrenTest\RFTest\widgets\window.py", line 234, in find
    raise LookupError("Unable to find any anchor")
LookupError: Unable to find any anchor</msg>
<doc>Called to locate any anchor for the window and revise relative locations to 
widgets.</doc>
<status status="FAIL" start="2024-03-25T17:40:20.869171" elapsed="0.382990">LookupError: Unable to find any anchor</status>
</kw>
<msg time="2024-03-25T17:40:21.252161" level="FAIL">Keyword 'secondary.Find' failed after retrying 2 times. The last error was: LookupError: Unable to find any anchor</msg>
<msg time="2024-03-25T17:40:21.253160" level="DEBUG">Traceback (most recent call last):
  File "C:\Users\Owner\OneDrive\Documents\GitHub\DahlgrenTest\RFTest\widgets\window.py", line 234, in find
    raise LookupError("Unable to find any anchor")
LookupError: Unable to find any anchor

During handling of the above exception, another exception occurred:

robot.errors.HandlerExecutionFailed: LookupError: Unable to find any anchor

During handling of the above exception, another exception occurred:

AssertionError: Keyword 'secondary.Find' failed after retrying 2 times. The last error was: LookupError: Unable to find any anchor</msg>
<var>${foundView}</var>
<arg>2x</arg>
<arg>1s</arg>
<arg>${window}.Find</arg>
<doc>Runs the specified keyword and retries if it fails.</doc>
<status status="FAIL" start="2024-03-25T17:40:19.353389" elapsed="1.899771">Keyword 'secondary.Find' failed after retrying 2 times. The last error was: LookupError: Unable to find any anchor</status>
</kw>
<kw name="Record Data" owner="DataExtraction">
<arg>${TEST NAME}</arg>
<arg>Finding ${window} Window</arg>
<arg>${window} Window: ${foundView}</arg>
<doc>Part of *Recording Data*</doc>
<status status="NOT RUN" start="2024-03-25T17:40:21.253160" elapsed="0.000000"/>
</kw>
<kw name="Evaluate" owner="BuiltIn">
<var>${answer}</var>
<arg>'${expectedView}'!='None'</arg>
<doc>Evaluates the given expression in Python and returns the result.</doc>
<status status="NOT RUN" start="2024-03-25T17:40:21.253160" elapsed="0.000000"/>
</kw>
<if>
<branch type="IF" condition="'${expectedView}'!='None'">
<kw name="Run Keyword If" owner="BuiltIn">
<arg>'${foundView}'!='${expectedView}'</arg>
<arg>Fail</arg>
<doc>Runs the given keyword with the given arguments, if ``condition`` is true.</doc>
<status status="NOT RUN" start="2024-03-25T17:40:21.254157" elapsed="0.000000"/>
</kw>
<status status="NOT RUN" start="2024-03-25T17:40:21.253160" elapsed="0.000997"/>
</branch>
<status status="NOT RUN" start="2024-03-25T17:40:21.253160" elapsed="0.000997"/>
</if>
<kw name="RF GUI Helper: Screen Capture" owner="rfghelper">
<arg>${window}</arg>
<arg>Window</arg>
<status status="NOT RUN" start="2024-03-25T17:40:21.254157" elapsed="0.000000"/>
</kw>
<arg>secondary</arg>
<status status="FAIL" start="2024-03-25T17:40:18.352465" elapsed="2.901692">Keyword 'secondary.Find' failed after retrying 2 times. The last error was: LookupError: Unable to find any anchor</status>
</kw>
<status status="FAIL" start="2024-03-25T17:40:18.351474" elapsed="2.902683">Keyword 'secondary.Find' failed after retrying 2 times. The last error was: LookupError: Unable to find any anchor</status>
</branch>
<branch type="EXCEPT">
<kw name="Record Data" owner="DataExtraction">
<msg time="2024-03-25T17:40:21.255157" level="TRACE">Arguments: [ ${CASE NAME}='Create New Project' | ${STEP NAME}='RF GUI Helper: Closing Project' | ${DATA}='Project already closed' ]</msg>
<kw name="Write Data" owner="oqe">
<msg time="2024-03-25T17:40:21.255157" level="TRACE">Arguments: [ 'Create New Project' | 'RF GUI Helper: Closing Project' | 'Data' | 'Project already closed' ]</msg>
<msg time="2024-03-25T17:40:21.256147" level="TRACE">Return: None</msg>
<arg>${CASE NAME}</arg>
<arg>${STEP NAME}</arg>
<arg>Data</arg>
<arg>${Data}</arg>
<doc>Part of *Output Functions*</doc>
<status status="PASS" start="2024-03-25T17:40:21.255157" elapsed="0.000990"/>
</kw>
<msg time="2024-03-25T17:40:21.256147" level="TRACE">Return: None</msg>
<arg>${TEST NAME}</arg>
<arg>RF GUI Helper: Closing Project</arg>
<arg>Project already closed</arg>
<doc>Part of *Recording Data*</doc>
<status status="PASS" start="2024-03-25T17:40:21.254157" elapsed="0.001990"/>
</kw>
<kw name="Evaluate" owner="BuiltIn">
<msg time="2024-03-25T17:40:21.257123" level="TRACE">Arguments: [ 'False' ]</msg>
<msg time="2024-03-25T17:40:21.257123" level="TRACE">Return: False</msg>
<msg time="2024-03-25T17:40:21.257123" level="INFO">${answer} = False</msg>
<var>${answer}</var>
<arg>False</arg>
<doc>Evaluates the given expression in Python and returns the result.</doc>
<status status="PASS" start="2024-03-25T17:40:21.256147" elapsed="0.000976"/>
</kw>
<status status="PASS" start="2024-03-25T17:40:21.254157" elapsed="0.002966"/>
</branch>
<status status="PASS" start="2024-03-25T17:40:18.351474" elapsed="2.905649"/>
</try>
<return>
<value>${answer}</value>
<status status="PASS" start="2024-03-25T17:40:21.258129" elapsed="0.000000"/>
</return>
<msg time="2024-03-25T17:40:21.258129" level="TRACE">Return: False</msg>
<msg time="2024-03-25T17:40:21.258129" level="INFO">${isOpen} = False</msg>
<var>${isOpen}</var>
<status status="PASS" start="2024-03-25T17:40:18.343465" elapsed="2.914664"/>
</kw>
<if>
<branch type="IF" condition="${shouldBeOpen}!=${isOpen} and ${isOpen}">
<kw name="Fail" owner="BuiltIn">
<arg>Attempt ${memo} with an already-open project</arg>
<doc>Fails the test with the given message and optionally alters its tags.</doc>
<status status="NOT RUN" start="2024-03-25T17:40:21.259123" elapsed="0.000000"/>
</kw>
<status status="NOT RUN" start="2024-03-25T17:40:21.258129" elapsed="0.000994"/>
</branch>
<branch type="ELSE IF" condition="${shouldBeOpen}!=${isOpen}">
<kw name="Fail" owner="BuiltIn">
<arg>Attempt ${memo} before opening a project</arg>
<doc>Fails the test with the given message and optionally alters its tags.</doc>
<status status="NOT RUN" start="2024-03-25T17:40:21.259123" elapsed="0.000000"/>
</kw>
<status status="NOT RUN" start="2024-03-25T17:40:21.259123" elapsed="0.000000"/>
</branch>
<status status="PASS" start="2024-03-25T17:40:21.258129" elapsed="0.000994"/>
</if>
<kw name="RF GUI Helper: Click Menu and Verify" owner="rfghelper">
<msg time="2024-03-25T17:40:21.260157" level="TRACE">Arguments: [ ${menuName}='fMenu' | ${expectFail}='False' ]</msg>
<kw name="Banner" owner="DataExtraction">
<msg time="2024-03-25T17:40:21.260157" level="TRACE">Arguments: [ ${Title}='Selecting fMenu' ]</msg>
<kw name="Write Data" owner="oqe">
<msg time="2024-03-25T17:40:21.261159" level="TRACE">Arguments: [ '==' | '==' | '--' | 'Selecting fMenu' ]</msg>
<msg time="2024-03-25T17:40:21.261159" level="TRACE">Return: None</msg>
<arg>==</arg>
<arg>==</arg>
<arg>--</arg>
<arg>${Title}</arg>
<doc>Part of *Output Functions*</doc>
<status status="PASS" start="2024-03-25T17:40:21.260157" elapsed="0.001965"/>
</kw>
<msg time="2024-03-25T17:40:21.262122" level="TRACE">Return: None</msg>
<arg>Selecting ${menuName}</arg>
<doc>Part of *Report Formatting*</doc>
<status status="PASS" start="2024-03-25T17:40:21.260157" elapsed="0.001965"/>
</kw>
<if>
<branch type="IF" condition="${expectFail}">
<kw name="Run Keyword And Expect Error" owner="BuiltIn">
<var>${msg}</var>
<arg>*</arg>
<arg>RF GUI Helper: Click Menu</arg>
<arg>${menuName}</arg>
<doc>Runs the keyword and checks that the expected error occurred.</doc>
<status status="NOT RUN" start="2024-03-25T17:40:21.262122" elapsed="0.000000"/>
</kw>
<kw name="Record Data" owner="DataExtraction">
<arg>${TEST NAME}</arg>
<arg>Selecting ${menuName}</arg>
<arg>Expected Failure: ${msg}</arg>
<doc>Part of *Recording Data*</doc>
<status status="NOT RUN" start="2024-03-25T17:40:21.263126" elapsed="0.000000"/>
</kw>
<status status="NOT RUN" start="2024-03-25T17:40:21.262122" elapsed="0.001004"/>
</branch>
<branch type="ELSE">
<kw name="RF GUI Helper: Click Menu" owner="rfghelper">
<msg time="2024-03-25T17:40:21.264129" level="TRACE">Arguments: [ ${menu}='fMenu' | ${verifyView}='True' ]</msg>
<kw name="Log To Console" owner="BuiltIn">
<msg time="2024-03-25T17:40:21.265156" level="TRACE">Arguments: [ 'RF GUI Helper: Clicking on fMenu' ]</msg>
<msg time="2024-03-25T17:40:21.265156" level="TRACE">Return: None</msg>
<arg>RF GUI Helper: Clicking on ${menu}</arg>
<doc>Logs the given message to the console.</doc>
<status status="PASS" start="2024-03-25T17:40:21.264129" elapsed="0.001027"/>
</kw>
<kw name="RF GUI Helper: Screen Capture" owner="rfghelper">
<msg time="2024-03-25T17:40:21.266123" level="TRACE">Arguments: [ ${window}='primary' | ${title}='Before opening menu' ]</msg>
<kw name="Run Keyword" owner="BuiltIn">
<msg time="2024-03-25T17:40:21.266123" level="TRACE">Arguments: [ '${window}.Capture Window' ]</msg>
<kw name="Capture Window" owner="primary">
<msg time="2024-03-25T17:40:21.266123" level="TRACE">Arguments: [  ]</msg>
<msg time="2024-03-25T17:40:21.267159" level="DEBUG">Command to send: c
t
getScreen
e
</msg>
<msg time="2024-03-25T17:40:21.267159" level="DEBUG">Answer received: !yro5665</msg>
<msg time="2024-03-25T17:40:21.267159" level="DEBUG">Command to send: c
o5665
newRegion
i12
i36
i600
i535
e
</msg>
<msg time="2024-03-25T17:40:21.268122" level="DEBUG">Answer received: !yro5666</msg>
<msg time="2024-03-25T17:40:21.268122" level="DEBUG">Command to send: c
t
checkAndSetRemote
ro5665
ro5666
bFalse
e
</msg>
<msg time="2024-03-25T17:40:21.268122" level="DEBUG">Answer received: !ybtrue</msg>
<msg time="2024-03-25T17:40:21.268122" level="DEBUG">Command to send: c
t
getScreen
e
</msg>
<msg time="2024-03-25T17:40:21.268122" level="DEBUG">Answer received: !yro5667</msg>
<msg time="2024-03-25T17:40:21.269121" level="DEBUG">Command to send: c
o5667
capture
ro5666
e
</msg>
<msg time="2024-03-25T17:40:21.294121" level="DEBUG">Answer received: !yro5668</msg>
<msg time="2024-03-25T17:40:21.294121" level="DEBUG">Command to send: c
t
checkAndSetRemote
ro5667
ro5668
bFalse
e
</msg>
<msg time="2024-03-25T17:40:21.294121" level="DEBUG">Answer received: !ybtrue</msg>
<msg time="2024-03-25T17:40:21.294121" level="DEBUG">Command to send: c
o5668
getFilename
e
</msg>
<msg time="2024-03-25T17:40:21.339115" level="DEBUG">Answer received: !ysC:\\Users\\Owner\\AppData\\Local\\Temp\\Sikulix_1009917224\\sikuliximage-1711402821317.png</msg>
<msg time="2024-03-25T17:40:21.507131" level="TRACE">Return: 'C:/Users/Owner/OneDrive/Documents/RFData3_1/IMG/imageDJI.PNG'</msg>
<doc>Takes a picture of the window itself and returns the image file</doc>
<status status="PASS" start="2024-03-25T17:40:21.266123" elapsed="0.241008"/>
</kw>
<msg time="2024-03-25T17:40:21.507131" level="TRACE">Return: 'C:/Users/Owner/OneDrive/Documents/RFData3_1/IMG/imageDJI.PNG'</msg>
<msg time="2024-03-25T17:40:21.507131" level="INFO">${file} = C:/Users/Owner/OneDrive/Documents/RFData3_1/IMG/imageDJI.PNG</msg>
<var>${file}</var>
<arg>${window}.Capture Window</arg>
<doc>Executes the given keyword with the given arguments.</doc>
<status status="PASS" start="2024-03-25T17:40:21.266123" elapsed="0.241972"/>
</kw>
<kw name="Record Screen Image" owner="DataExtraction">
<msg time="2024-03-25T17:40:21.509103" level="TRACE">Arguments: [ ${FILE}='C:/Users/Owner/OneDrive/Documents/RFData3_1/IMG/imageDJI.PNG' | ${CASE NAME}='Create New Project' | ${STEP NAME}='Before opening menu' ]</msg>
<kw name="Write Image" owner="oqe">
<msg time="2024-03-25T17:40:21.510102" level="TRACE">Arguments: [ 'Create New Project' | 'Before opening menu' | 'Screenshot' | 'C:/Users/Owner/OneDrive/Documents/RFData3_1/IMG/imageDJI.PNG' ]</msg>
<msg time="2024-03-25T17:40:21.512095" level="TRACE">Return: None</msg>
<arg>${CASE NAME}</arg>
<arg>${STEP NAME}</arg>
<arg>Screenshot</arg>
<arg>${FILE}</arg>
<doc>Part of *Output Functions*</doc>
<status status="PASS" start="2024-03-25T17:40:21.510102" elapsed="0.001993"/>
</kw>
<msg time="2024-03-25T17:40:21.512095" level="TRACE">Return: None</msg>
<arg>${file}</arg>
<arg>${TEST NAME}</arg>
<arg>${title}</arg>
[...]
<kw name="Record PassFail Block" owner="DataExtraction">
<msg time="2024-03-25T17:40:41.074895" level="TRACE">Arguments: [ ${STEP NAME}='New Project allMembers' | ${STATUS}='FAIL' | ${MESSAGE}='AssertionError' ]</msg>
<kw name="Write Results" owner="oqe">
<msg time="2024-03-25T17:40:41.074895" level="TRACE">Arguments: [ '&amp;&amp;' | 'New Project allMembers' | 'FAIL' | 'AssertionError' ]</msg>
<msg time="2024-03-25T17:40:41.075893" level="TRACE">Return: None</msg>
<arg>&amp;&amp;</arg>
<arg>${STEP NAME}</arg>
<arg>${STATUS}</arg>
<arg>${MESSAGE}</arg>
<doc>Part of *Output Functions*</doc>
<status status="PASS" start="2024-03-25T17:40:41.074895" elapsed="0.000998"/>
</kw>
<msg time="2024-03-25T17:40:41.075893" level="TRACE">Return: None</msg>
<arg>${STEP NAME}</arg>
<arg>${STATUS}</arg>
<arg>${MESSAGE}</arg>
<doc>Part of *Recording Data*</doc>
<status status="PASS" start="2024-03-25T17:40:41.074895" elapsed="0.001964"/>
</kw>
<kw name="Data Break" owner="DataExtraction">
<msg time="2024-03-25T17:40:41.076859" level="TRACE">Arguments: [  ]</msg>
<kw name="Write Data" owner="oqe">
<msg time="2024-03-25T17:40:41.077859" level="TRACE">Arguments: [ '--' | '--' | '--' | '--' ]</msg>
<msg time="2024-03-25T17:40:41.078859" level="TRACE">Return: None</msg>
<arg>--</arg>
<arg>--</arg>
<arg>--</arg>
<arg>--</arg>
<doc>Part of *Output Functions*</doc>
<status status="PASS" start="2024-03-25T17:40:41.077859" elapsed="0.001000"/>
</kw>
<msg time="2024-03-25T17:40:41.078859" level="TRACE">Return: None</msg>
<doc>Part of *Report Formatting*</doc>
<status status="PASS" start="2024-03-25T17:40:41.076859" elapsed="0.002000"/>
</kw>
<msg time="2024-03-25T17:40:41.079857" level="TRACE">Return: None</msg>
<arg>${TEST NAME}</arg>
<arg>New Project ${projectName}</arg>
<arg>${KEYWORD STATUS}</arg>
<arg>${KEYWORD MESSAGE}</arg>
<doc>Part of *Recording Data*</doc>
<status status="PASS" start="2024-03-25T17:40:41.073893" elapsed="0.005964"/>
</kw>
<arg>${PROJ FOLDER}</arg>
<arg>${PROJ FILE}</arg>
<arg>${IMG FOLDER}</arg>
<arg>${IMG FILE}</arg>
<status status="FAIL" start="2024-03-25T17:40:18.339468" elapsed="22.740389">AssertionError</status>
</kw>
<status status="FAIL" start="2024-03-25T17:40:18.338467" elapsed="22.742391">AssertionError</status>
</test>
<test id="s1-t3" name="Close Project" line="23">
<kw name="RF GUI Helper: Close Project" owner="rfghelper">
<msg time="2024-03-25T17:40:41.083894" level="TRACE">Arguments: [ ${answer}='No' ]</msg>
<kw name="RF GUI Helper: Find Window" owner="rfghelper">
<msg time="2024-03-25T17:40:41.083894" level="TRACE">Arguments: [ ${window}='primary' | ${expectedView}='mainTitleFocused' ]</msg>
<kw name="Sleep" owner="BuiltIn">
<msg time="2024-03-25T17:40:41.084892" level="TRACE">Arguments: [ '1s' ]</msg>
<msg time="2024-03-25T17:40:42.085780" level="INFO">Slept 1 second.</msg>
<msg time="2024-03-25T17:40:42.085780" level="TRACE">Return: None</msg>
<arg>1s</arg>
<doc>Pauses the test executed for the given time.</doc>
<status status="PASS" start="2024-03-25T17:40:41.084892" elapsed="1.000888"/>
</kw>
<kw name="Wait Until Keyword Succeeds" owner="BuiltIn">
<msg time="2024-03-25T17:40:42.086740" level="TRACE">Arguments: [ '2x' | '1s' | '${window}.Find' ]</msg>
<kw name="Find" owner="primary">
<msg time="2024-03-25T17:40:42.087743" level="TRACE">Arguments: [  ]</msg>
<msg time="2024-03-25T17:40:42.088740" level="DEBUG">Command to send: c
t
getScreen
e
</msg>
<msg time="2024-03-25T17:40:42.089740" level="DEBUG">Answer received: !yro5725</msg>
<msg time="2024-03-25T17:40:42.089740" level="DEBUG">Command to send: c
t
createPattern
sC:/Users/Owner/OneDrive/Documents/GitHub/DahlgrenTest/RFTest/examples/RFGHelper/mainwindow\\mainFocused.png
e
</msg>
<msg time="2024-03-25T17:40:42.094792" level="DEBUG">Answer received: !yro5726</msg>
<msg time="2024-03-25T17:40:42.094792" level="DEBUG">Command to send: c
o5725
find
ro5726
e
</msg>
<msg time="2024-03-25T17:40:42.302718" level="DEBUG">Answer received: !xro5727</msg>
<msg time="2024-03-25T17:40:42.302718" level="DEBUG">Command to send: m
d
o5727
e
</msg>
<msg time="2024-03-25T17:40:42.302718" level="DEBUG">Answer received: !yv</msg>
<msg time="2024-03-25T17:40:42.303750" level="DEBUG">Command to send: c
t
getScreen
e
</msg>
<msg time="2024-03-25T17:40:42.303750" level="DEBUG">Answer received: !yro5728</msg>
<msg time="2024-03-25T17:40:42.303750" level="DEBUG">Command to send: c
t
createPattern
sC:/Users/Owner/OneDrive/Documents/GitHub/DahlgrenTest/RFTest/examples/RFGHelper/mainwindow\\mainFocused.png
e
</msg>
<msg time="2024-03-25T17:40:42.305714" level="DEBUG">Answer received: !yro5729</msg>
<msg time="2024-03-25T17:40:42.306746" level="DEBUG">Command to send: c
o5728
find
ro5729
e
</msg>
<msg time="2024-03-25T17:40:42.551685" level="DEBUG">Answer received: !xro5730</msg>
<msg time="2024-03-25T17:40:42.551685" level="DEBUG">Command to send: m
d
o5730
e
</msg>
<msg time="2024-03-25T17:40:42.551685" level="DEBUG">Answer received: !yv</msg>
<msg time="2024-03-25T17:40:42.551685" level="DEBUG">Command to send: c
t
getScreen
e
</msg>
<msg time="2024-03-25T17:40:42.552683" level="DEBUG">Answer received: !yro5731</msg>
<msg time="2024-03-25T17:40:42.552683" level="DEBUG">Command to send: c
t
createPattern
sC:/Users/Owner/OneDrive/Documents/GitHub/DahlgrenTest/RFTest/examples/RFGHelper/mainwindow\\fAnchor.png
e
</msg>
<msg time="2024-03-25T17:40:42.554683" level="DEBUG">Answer received: !yro5732</msg>
<msg time="2024-03-25T17:40:42.554683" level="DEBUG">Command to send: c
o5731
find
ro5732
e
</msg>
<msg time="2024-03-25T17:40:42.737663" level="DEBUG">Answer received: !xro5733</msg>
<msg time="2024-03-25T17:40:42.737663" level="DEBUG">Command to send: m
d
o5733
e
</msg>
<msg time="2024-03-25T17:40:42.737663" level="DEBUG">Answer received: !yv</msg>
<msg time="2024-03-25T17:40:42.738699" level="DEBUG">Command to send: c
t
getScreen
e
</msg>
<msg time="2024-03-25T17:40:42.738699" level="DEBUG">Answer received: !yro5734</msg>
<msg time="2024-03-25T17:40:42.738699" level="DEBUG">Command to send: c
t
createPattern
sC:/Users/Owner/OneDrive/Documents/GitHub/DahlgrenTest/RFTest/examples/RFGHelper/mainwindow\\vAnchor.png
e
</msg>
<msg time="2024-03-25T17:40:42.743660" level="DEBUG">Answer received: !yro5735</msg>
<msg time="2024-03-25T17:40:42.743660" level="DEBUG">Command to send: c
o5734
find
ro5735
e
</msg>
<msg time="2024-03-25T17:40:42.934693" level="DEBUG">Answer received: !xro5736</msg>
<msg time="2024-03-25T17:40:42.934693" level="DEBUG">Command to send: m
d
o5736
e
</msg>
<msg time="2024-03-25T17:40:42.935685" level="DEBUG">Answer received: !yv</msg>
<msg time="2024-03-25T17:40:42.935685" level="DEBUG">Command to send: c
t
getScreen
e
</msg>
<msg time="2024-03-25T17:40:42.936638" level="DEBUG">Answer received: !yro5737</msg>
<msg time="2024-03-25T17:40:42.936638" level="DEBUG">Command to send: c
t
createPattern
sC:/Users/Owner/OneDrive/Documents/GitHub/DahlgrenTest/RFTest/examples/RFGHelper/mainwindow\\unfocusedMainAnchor.png
e
</msg>
<msg time="2024-03-25T17:40:42.940638" level="DEBUG">Answer received: !yro5738</msg>
<msg time="2024-03-25T17:40:42.940638" level="DEBUG">Command to send: c
o5737
find
ro5738
e
</msg>
<msg time="2024-03-25T17:40:43.160669" level="DEBUG">Answer received: !yro5739</msg>
<msg time="2024-03-25T17:40:43.160669" level="DEBUG">Command to send: c
o5739
getScore
e
</msg>
<msg time="2024-03-25T17:40:43.161612" level="DEBUG">Answer received: !yd1.0</msg>
<msg time="2024-03-25T17:40:43.161612" level="DEBUG">Command to send: c
o5739
getTarget
e
</msg>
<msg time="2024-03-25T17:40:43.161612" level="DEBUG">Answer received: !yro5740</msg>
<msg time="2024-03-25T17:40:43.161612" level="DEBUG">Command to send: c
o5740
getX
e
</msg>
<msg time="2024-03-25T17:40:43.161612" level="DEBUG">Answer received: !yi79</msg>
<msg time="2024-03-25T17:40:43.162611" level="DEBUG">Command to send: c
o5740
getY
e
</msg>
<msg time="2024-03-25T17:40:43.162611" level="DEBUG">Answer received: !yi50</msg>
<msg time="2024-03-25T17:40:43.162611" level="TRACE">Return: 'unfocusedMainAnchor'</msg>
<doc>Called to locate any anchor for the window and revise relative locations to 
widgets.</doc>
<status status="PASS" start="2024-03-25T17:40:42.087743" elapsed="1.074868"/>
</kw>
<msg time="2024-03-25T17:40:43.162611" level="TRACE">Return: 'unfocusedMainAnchor'</msg>
<msg time="2024-03-25T17:40:43.162611" level="INFO">${foundView} = unfocusedMainAnchor</msg>
<var>${foundView}</var>
<arg>2x</arg>
<arg>1s</arg>
<arg>${window}.Find</arg>
<doc>Runs the specified keyword and retries if it fails.</doc>
<status status="PASS" start="2024-03-25T17:40:42.086740" elapsed="1.075871"/>
</kw>
<kw name="Record Data" owner="DataExtraction">
<msg time="2024-03-25T17:40:43.163611" level="TRACE">Arguments: [ ${CASE NAME}='Close Project' | ${STEP NAME}='Finding primary Window' | ${DATA}='primary Window: unfocusedMainAnchor' ]</msg>
<kw name="Write Data" owner="oqe">
<msg time="2024-03-25T17:40:43.163611" level="TRACE">Arguments: [ 'Close Project' | 'Finding primary Window' | 'Data' | 'primary Window: unfocusedMainAnchor' ]</msg>
<msg time="2024-03-25T17:40:43.164611" level="TRACE">Return: None</msg>
<arg>${CASE NAME}</arg>
<arg>${STEP NAME}</arg>
<arg>Data</arg>
<arg>${Data}</arg>
<doc>Part of *Output Functions*</doc>
<status status="PASS" start="2024-03-25T17:40:43.163611" elapsed="0.001000"/>
</kw>
<msg time="2024-03-25T17:40:43.164611" level="TRACE">Return: None</msg>
<arg>${TEST NAME}</arg>
<arg>Finding ${window} Window</arg>
<arg>${window} Window: ${foundView}</arg>
<doc>Part of *Recording Data*</doc>
<status status="PASS" start="2024-03-25T17:40:43.163611" elapsed="0.001000"/>
</kw>
<kw name="Evaluate" owner="BuiltIn">
<msg time="2024-03-25T17:40:43.165612" level="TRACE">Arguments: [ "'mainTitleFocused'!='None'" ]</msg>
<msg time="2024-03-25T17:40:43.165612" level="TRACE">Return: True</msg>
<msg time="2024-03-25T17:40:43.165612" level="INFO">${answer} = True</msg>
<var>${answer}</var>
<arg>'${expectedView}'!='None'</arg>
<doc>Evaluates the given expression in Python and returns the result.</doc>
<status status="PASS" start="2024-03-25T17:40:43.165612" elapsed="0.001002"/>
</kw>
<if>
<branch type="IF" condition="'${expectedView}'!='None'">
<msg time="2024-03-25T17:40:43.167615" level="DEBUG">Command to send: m
d
o5721
e
</msg>
<msg time="2024-03-25T17:40:43.167615" level="DEBUG">Answer received: !yv</msg>
<msg time="2024-03-25T17:40:43.167615" level="DEBUG">Command to send: m
d
o5722
e
</msg>
<msg time="2024-03-25T17:40:43.168613" level="DEBUG">Answer received: !yv</msg>
<msg time="2024-03-25T17:40:43.168613" level="DEBUG">Command to send: m
d
o5724
e
</msg>
<msg time="2024-03-25T17:40:43.168613" level="DEBUG">Answer received: !yv</msg>
<msg time="2024-03-25T17:40:43.168613" level="DEBUG">Command to send: m
d
o5725
e
</msg>
<msg time="2024-03-25T17:40:43.168613" level="DEBUG">Answer received: !yv</msg>
<msg time="2024-03-25T17:40:43.168613" level="DEBUG">Command to send: m
d
o5726
e
</msg>
<msg time="2024-03-25T17:40:43.169633" level="DEBUG">Answer received: !yv</msg>
<msg time="2024-03-25T17:40:43.169633" level="DEBUG">Command to send: m
d
o5728
e
</msg>
<msg time="2024-03-25T17:40:43.169633" level="DEBUG">Answer received: !yv</msg>
<msg time="2024-03-25T17:40:43.169633" level="DEBUG">Command to send: m
d
o5729
e
</msg>
<msg time="2024-03-25T17:40:43.169633" level="DEBUG">Answer received: !yv</msg>
<msg time="2024-03-25T17:40:43.169633" level="DEBUG">Command to send: m
d
o5731
e
</msg>
<msg time="2024-03-25T17:40:43.170644" level="DEBUG">Answer received: !yv</msg>
<msg time="2024-03-25T17:40:43.170644" level="DEBUG">Command to send: m
d
o5732
e
</msg>
<msg time="2024-03-25T17:40:43.170644" level="DEBUG">Answer received: !yv</msg>
<msg time="2024-03-25T17:40:43.170644" level="DEBUG">Command to send: m
d
o5734
e
</msg>
<msg time="2024-03-25T17:40:43.171613" level="DEBUG">Answer received: !yv</msg>
<msg time="2024-03-25T17:40:43.171613" level="DEBUG">Command to send: m
d
o5735
e
</msg>
<msg time="2024-03-25T17:40:43.171613" level="DEBUG">Answer received: !yv</msg>
<msg time="2024-03-25T17:40:43.171613" level="DEBUG">Command to send: m
d
o5737
e
</msg>
<msg time="2024-03-25T17:40:43.171613" level="DEBUG">Answer received: !yv</msg>
<msg time="2024-03-25T17:40:43.171613" level="DEBUG">Command to send: m
d
o5738
e
</msg>
<msg time="2024-03-25T17:40:43.172612" level="DEBUG">Answer received: !yv</msg>
<msg time="2024-03-25T17:40:43.172612" level="DEBUG">Command to send: m
d
o5740
e
</msg>
<msg time="2024-03-25T17:40:43.172612" level="DEBUG">Answer received: !yv</msg>
<kw name="Run Keyword If" owner="BuiltIn">
<msg time="2024-03-25T17:40:43.173645" level="TRACE">Arguments: [ "'unfocusedMainAnchor'!='mainTitleFocused'" | 'Fail' ]</msg>
<kw name="Fail" owner="BuiltIn">
<msg time="2024-03-25T17:40:43.173645" level="TRACE">Arguments: [  ]</msg>
<msg time="2024-03-25T17:40:43.173645" level="FAIL">AssertionError</msg>
<msg time="2024-03-25T17:40:43.173645" level="DEBUG">Traceback (most recent call last):
  None
AssertionError</msg>
<doc>Fails the test with the given message and optionally alters its tags.</doc>
<status status="FAIL" start="2024-03-25T17:40:43.173645" elapsed="0.000000">AssertionError</status>
</kw>
<arg>'${foundView}'!='${expectedView}'</arg>
<arg>Fail</arg>
<doc>Runs the given keyword with the given arguments, if ``condition`` is true.</doc>
<status status="FAIL" start="2024-03-25T17:40:43.172612" elapsed="0.001033">AssertionError</status>
</kw>
<status status="FAIL" start="2024-03-25T17:40:43.166614" elapsed="0.007031">AssertionError</status>
</branch>
<status status="FAIL" start="2024-03-25T17:40:43.166614" elapsed="0.007031">AssertionError</status>
</if>
<kw name="RF GUI Helper: Screen Capture" owner="rfghelper">
<arg>${window}</arg>
<arg>Window</arg>
<status status="NOT RUN" start="2024-03-25T17:40:43.174647" elapsed="0.000000"/>
</kw>
<arg>primary</arg>
<arg>mainTitleFocused</arg>
<status status="FAIL" start="2024-03-25T17:40:41.083894" elapsed="2.090753">AssertionError</status>
</kw>
<kw name="RF GUI Helper: Check Is Project Open" owner="rfghelper">
<var>${isOpen}</var>
<status status="NOT RUN" start="2024-03-25T17:40:43.174647" elapsed="0.000000"/>
</kw>
<if>
<branch type="IF" condition="${isOpen}">
<kw name="Record Data" owner="DataExtraction">
<arg>${TEST NAME}</arg>
<arg>Close Project</arg>
<arg>Some project is open</arg>
<doc>Part of *Recording Data*</doc>
<status status="NOT RUN" start="2024-03-25T17:40:43.174647" elapsed="0.000000"/>
</kw>
<kw name="RF GUI Helper: Click Menu" owner="rfghelper">
<arg>fMenu</arg>
<arg>verifyView=False</arg>
<status status="NOT RUN" start="2024-03-25T17:40:43.175646" elapsed="0.000000"/>
</kw>
<kw name="Record Action" owner="DataExtraction">
<arg>${TEST NAME}</arg>
<arg>Click close button</arg>
<doc>Part of *Recording Data*</doc>
<status status="NOT RUN" start="2024-03-25T17:40:43.175646" elapsed="0.000000"/>
</kw>
<kw name="RF GUI Helper: Make Picture" owner="rfghelper">
<arg>primary</arg>
<arg>closeProject</arg>
<arg>Close button</arg>
<status status="NOT RUN" start="2024-03-25T17:40:43.175646" elapsed="0.000000"/>
</kw>
<kw name="Click" owner="primary">
<arg>closeProject</arg>
<doc>Clicks on the intended widget</doc>
<status status="NOT RUN" start="2024-03-25T17:40:43.175646" elapsed="0.000000"/>
</kw>
<kw name="Sleep" owner="BuiltIn">
<arg>1s</arg>
<doc>Pauses the test executed for the given time.</doc>
<status status="NOT RUN" start="2024-03-25T17:40:43.175646" elapsed="0.000000"/>
</kw>
<kw name="Record Action" owner="DataExtraction">
<arg>${TEST NAME}</arg>
<arg>Click ${answer} button</arg>
<doc>Part of *Recording Data*</doc>
<status status="NOT RUN" start="2024-03-25T17:40:43.175646" elapsed="0.000000"/>
</kw>
<kw name="RF GUI Helper: Find Window" owner="rfghelper">
<arg>auxiliary</arg>
<arg>saveChangeAnchor</arg>
<status status="NOT RUN" start="2024-03-25T17:40:43.176643" elapsed="0.000000"/>
</kw>
<kw name="RF GUI Helper: Make Picture" owner="rfghelper">
<arg>auxiliary</arg>
<arg>sc${answer}Button</arg>
<arg>${answer}</arg>
<status status="NOT RUN" start="2024-03-25T17:40:43.176643" elapsed="0.000000"/>
</kw>
<kw name="Click" owner="auxiliary">
<arg>sc${answer}Button</arg>
<doc>Clicks on the intended widget</doc>
<status status="NOT RUN" start="2024-03-25T17:40:43.176643" elapsed="0.000000"/>
</kw>
<kw name="RF GUI Helper: Verify View" owner="rfghelper">
<status status="NOT RUN" start="2024-03-25T17:40:43.176643" elapsed="0.000000"/>
</kw>
<status status="NOT RUN" start="2024-03-25T17:40:43.174647" elapsed="0.001996"/>
</branch>
<status status="NOT RUN" start="2024-03-25T17:40:43.174647" elapsed="0.002995"/>
</if>
<kw name="RF GUI Helper: Screen Capture" owner="rfghelper">
<arg>primary</arg>
<arg>End State</arg>
<status status="NOT RUN" start="2024-03-25T17:40:43.177642" elapsed="0.000000"/>
</kw>
<kw name="Record Data" owner="DataExtraction">
<arg>${TEST NAME}</arg>
<arg>Close Project</arg>
<arg>Project is closed</arg>
<doc>Part of *Recording Data*</doc>
<status status="NOT RUN" start="2024-03-25T17:40:43.177642" elapsed="0.000000"/>
</kw>
<kw name="Keyword Final" owner="DataExtraction" type="TEARDOWN">
<msg time="2024-03-25T17:40:43.178645" level="TRACE">Arguments: [ ${CASE NAME}='Close Project' | ${STEP NAME}='Verifying Project Closed' | ${STATUS}='FAIL' | ${MESSAGE}='AssertionError' ]</msg>
<kw name="Record PassFail Block" owner="DataExtraction">
<msg time="2024-03-25T17:40:43.179646" level="TRACE">Arguments: [ ${STEP NAME}='Verifying Project Closed' | ${STATUS}='FAIL' | ${MESSAGE}='AssertionError' ]</msg>
<kw name="Write Results" owner="oqe">
<msg time="2024-03-25T17:40:43.179646" level="TRACE">Arguments: [ '&amp;&amp;' | 'Verifying Project Closed' | 'FAIL' | 'AssertionError' ]</msg>
<msg time="2024-03-25T17:40:43.180645" level="TRACE">Return: None</msg>
<arg>&amp;&amp;</arg>
<arg>${STEP NAME}</arg>
<arg>${STATUS}</arg>
<arg>${MESSAGE}</arg>
<doc>Part of *Output Functions*</doc>
<status status="PASS" start="2024-03-25T17:40:43.179646" elapsed="0.000999"/>
</kw>
<msg time="2024-03-25T17:40:43.180645" level="TRACE">Return: None</msg>
<arg>${STEP NAME}</arg>
<arg>${STATUS}</arg>
<arg>${MESSAGE}</arg>
<doc>Part of *Recording Data*</doc>
<status status="PASS" start="2024-03-25T17:40:43.179646" elapsed="0.001966"/>
</kw>
<kw name="Data Break" owner="DataExtraction">
<msg time="2024-03-25T17:40:43.181612" level="TRACE">Arguments: [  ]</msg>
<kw name="Write Data" owner="oqe">
<msg time="2024-03-25T17:40:43.182611" level="TRACE">Arguments: [ '--' | '--' | '--' | '--' ]</msg>
<msg time="2024-03-25T17:40:43.183612" level="TRACE">Return: None</msg>
<arg>--</arg>
<arg>--</arg>
<arg>--</arg>
<arg>--</arg>
<doc>Part of *Output Functions*</doc>
<status status="PASS" start="2024-03-25T17:40:43.181612" elapsed="0.002000"/>
</kw>
<msg time="2024-03-25T17:40:43.183612" level="TRACE">Return: None</msg>
<doc>Part of *Report Formatting*</doc>
<status status="PASS" start="2024-03-25T17:40:43.181612" elapsed="0.002000"/>
</kw>
<msg time="2024-03-25T17:40:43.183612" level="TRACE">Return: None</msg>
<arg>${TEST NAME}</arg>
<arg>Verifying Project Closed</arg>
<arg>${KEYWORD STATUS}</arg>
<arg>${KEYWORD MESSAGE}</arg>
<doc>Part of *Recording Data*</doc>
<status status="PASS" start="2024-03-25T17:40:43.178645" elapsed="0.005964"/>
</kw>
<status status="FAIL" start="2024-03-25T17:40:41.083894" elapsed="2.100715">AssertionError</status>
</kw>
<kw name="Test Teardown">
<status status="NOT RUN" start="2024-03-25T17:40:43.185612" elapsed="0.000000"/>
</kw>
<status status="FAIL" start="2024-03-25T17:40:41.082856" elapsed="2.103757">AssertionError</status>
</test>
<status status="FAIL" start="2024-03-25T17:40:10.815350" elapsed="32.372258"/>
</suite>
<statistics>
<total>
<stat pass="1" fail="2" skip="0">All Tests</stat>
</total>
<tag>
</tag>
<suite>
<stat pass="1" fail="2" skip="0" id="s1" name="testWidgets">testWidgets</stat>
</suite>
</statistics>
<errors>
</errors>
</robot>
