<?xml version="1.0" encoding="UTF-8"?>
<robot generator="Robot 5.0.1 (Python 3.10.8 on win32)" generated="20230309 01:59:20.923" rpa="false" schemaversion="3">
<suite id="s1" name="remoteHP" source="C:\Users\Benny\Documents\github\DahlgrenTest\RFTest\examples\hotpads\remoteHP.robot">
<kw name="Suite Start" type="SETUP">
<kw name="Configure Image Library" library="DataExtraction">
<arg>Sikuli</arg>
<arg>${DATA PATH}</arg>
<arg>remoteVNC=${REMOTE}</arg>
<doc>Part of *Test Setup*.
Determines the _type_ of test as either Sikuli or Selenium. Other options may follow
The function also sets the datapath for all images and test data files.
Only in the case of a Selenium test, the browser and URL are also identified.
*NOTE* You must call _Configure Image Libaray_ before any of a number of functions
Using the data path and image library. Best to do so during test setup.</doc>
<kw name="Run Keyword If" library="BuiltIn">
<arg>'${type}'=='Sikuli'</arg>
<arg>Set Suite Variable</arg>
<arg>${imageLib}</arg>
<arg>sikuliLib</arg>
<arg>ELSE</arg>
<arg>Set Suite Variable</arg>
<arg>${imageLib}</arg>
<arg>seleniumLib</arg>
<doc>Runs the given keyword with the given arguments, if ``condition`` is true.</doc>
<kw name="Set Suite Variable" library="BuiltIn">
<arg>${imageLib}</arg>
<arg>sikuliLib</arg>
<doc>Makes a variable available everywhere within the scope of the current suite.</doc>
<msg timestamp="20230309 01:59:22.028" level="INFO">${imageLib} = sikuliLib</msg>
<status status="PASS" starttime="20230309 01:59:22.028" endtime="20230309 01:59:22.028"/>
</kw>
<status status="PASS" starttime="20230309 01:59:22.027" endtime="20230309 01:59:22.029"/>
</kw>
<kw name="Run Keyword If" library="BuiltIn">
<arg>'${type}'=='Selenium'</arg>
<arg>${imageLib}.Configure Selenium</arg>
<arg>${browser}</arg>
<arg>${url}</arg>
<doc>Runs the given keyword with the given arguments, if ``condition`` is true.</doc>
<status status="PASS" starttime="20230309 01:59:22.029" endtime="20230309 01:59:22.029"/>
</kw>
<kw name="Run Keyword If" library="BuiltIn">
<arg>'${type}'=='Sikuli'</arg>
<arg>${imageLib}.Configure Sikuli</arg>
<arg>${remoteVNC}</arg>
<doc>Runs the given keyword with the given arguments, if ``condition`` is true.</doc>
<kw name="Configure Sikuli" library="sikuliLib">
<arg>${remoteVNC}</arg>
<doc>Part of *Test Configuration*</doc>
<status status="PASS" starttime="20230309 01:59:22.030" endtime="20230309 01:59:22.034"/>
</kw>
<status status="PASS" starttime="20230309 01:59:22.029" endtime="20230309 01:59:22.034"/>
</kw>
<kw name="Run Keyword" library="BuiltIn">
<arg>${imageLib}.Configure Image Path</arg>
<arg>${datapath}</arg>
<doc>Executes the given keyword with the given arguments.</doc>
<kw name="Configure Image Path" library="sikuliLib">
<arg>${datapath}</arg>
<doc>Part of *Test Configuration*</doc>
<status status="PASS" starttime="20230309 01:59:22.035" endtime="20230309 01:59:22.035"/>
</kw>
<status status="PASS" starttime="20230309 01:59:22.034" endtime="20230309 01:59:22.035"/>
</kw>
<kw name="Log" library="BuiltIn">
<arg>Data Path configured</arg>
<doc>Logs the given message with the given level.</doc>
<msg timestamp="20230309 01:59:22.036" level="INFO">Data Path configured</msg>
<status status="PASS" starttime="20230309 01:59:22.035" endtime="20230309 01:59:22.036"/>
</kw>
<kw name="Configure Data Path" library="oqe">
<arg>${datapath}</arg>
<doc>Part of *Test Setup*.</doc>
<status status="PASS" starttime="20230309 01:59:22.036" endtime="20230309 01:59:22.036"/>
</kw>
<status status="PASS" starttime="20230309 01:59:22.026" endtime="20230309 01:59:22.036"/>
</kw>
<kw name="Archive Any Previous Data" library="oqe">
<doc>Part of *Test Setup*</doc>
<status status="PASS" starttime="20230309 01:59:22.037" endtime="20230309 01:59:22.143"/>
</kw>
<kw name="Set Log Level" library="BuiltIn">
<arg>TRACE</arg>
<doc>Sets the log threshold to the specified level and returns the old level.</doc>
<msg timestamp="20230309 01:59:22.144" level="INFO">Log level changed from INFO to TRACE.</msg>
<msg timestamp="20230309 01:59:22.144" level="TRACE">Return: 'INFO'</msg>
<status status="PASS" starttime="20230309 01:59:22.143" endtime="20230309 01:59:22.144"/>
</kw>
<kw name="Configure" library="site">
<arg>Sikuli</arg>
<arg>C:/Users/Benny/Documents/github/DahlgrenTest/RFGUIHelper/configs/hotpads</arg>
<arg>${DATA PATH}</arg>
<arg>${REMOTE}</arg>
<doc>Sets up the details of the generic window for a specific test</doc>
<msg timestamp="20230309 01:59:22.145" level="TRACE">Arguments: [ 'Sikuli' | 'C:/Users/Benny/Documents/github/DahlgrenTest/RFGUIHelper/configs/hotpads' | 'C:/Users/Benny/Documents/RFData' | '192.168.0.199;5900;password' ]</msg>
<msg timestamp="20230309 01:59:22.146" level="DEBUG">Command to send: c
t
addImagePath
sC:\\Users\\Benny\\Documents\\github\\DahlgrenTest\\RFTest
i648
e
</msg>
<msg timestamp="20230309 01:59:22.156" level="DEBUG">Answer received: !yv</msg>
<msg timestamp="20230309 01:59:22.156" level="TRACE">Return: None</msg>
<status status="PASS" starttime="20230309 01:59:22.144" endtime="20230309 01:59:22.156"/>
</kw>
<kw name="Configure" library="price">
<arg>Sikuli</arg>
<arg>C:/Users/Benny/Documents/github/DahlgrenTest/RFGUIHelper/configs/pricemenu</arg>
<arg>${DATA PATH}</arg>
<arg>${REMOTE}</arg>
<doc>Sets up the details of the generic window for a specific test</doc>
<msg timestamp="20230309 01:59:22.157" level="TRACE">Arguments: [ 'Sikuli' | 'C:/Users/Benny/Documents/github/DahlgrenTest/RFGUIHelper/configs/pricemenu' | 'C:/Users/Benny/Documents/RFData' | '192.168.0.199;5900;password' ]</msg>
<msg timestamp="20230309 01:59:22.157" level="DEBUG">Command to send: c
t
addImagePath
sC:\\Users\\Benny\\Documents\\github\\DahlgrenTest\\RFTest
i621
e
</msg>
<msg timestamp="20230309 01:59:22.158" level="DEBUG">Answer received: !yv</msg>
<msg timestamp="20230309 01:59:22.159" level="TRACE">Return: None</msg>
<status status="PASS" starttime="20230309 01:59:22.157" endtime="20230309 01:59:22.159"/>
</kw>
<kw name="Configure" library="rooms">
<arg>Sikuli</arg>
<arg>C:/Users/Benny/Documents/github/DahlgrenTest/RFGUIHelper/configs/bedroommenu</arg>
<arg>${DATA PATH}</arg>
<arg>${REMOTE}</arg>
<doc>Sets up the details of the generic window for a specific test</doc>
<msg timestamp="20230309 01:59:22.160" level="TRACE">Arguments: [ 'Sikuli' | 'C:/Users/Benny/Documents/github/DahlgrenTest/RFGUIHelper/configs/bedroommenu' | 'C:/Users/Benny/Documents/RFData' | '192.168.0.199;5900;password' ]</msg>
<msg timestamp="20230309 01:59:22.160" level="DEBUG">Command to send: c
t
addImagePath
sC:\\Users\\Benny\\Documents\\github\\DahlgrenTest\\RFTest
i217
e
</msg>
<msg timestamp="20230309 01:59:22.161" level="DEBUG">Answer received: !yv</msg>
<msg timestamp="20230309 01:59:22.162" level="TRACE">Return: None</msg>
<status status="PASS" starttime="20230309 01:59:22.159" endtime="20230309 01:59:22.162"/>
</kw>
<kw name="Find" library="site">
<doc>Called to locate any anchor for the window and revise relative locations to 
widgets.</doc>
<msg timestamp="20230309 01:59:22.162" level="TRACE">Arguments: [  ]</msg>
<msg timestamp="20230309 01:59:22.163" level="DEBUG">Command to send: c
t
getScreen
s192.168.0.199
i5900
spassword
e
</msg>
<msg timestamp="20230309 01:59:22.166" level="DEBUG">Answer received: !yro224</msg>
<msg timestamp="20230309 01:59:22.166" level="DEBUG">Command to send: c
t
createPattern
sC:/Users/Benny/Documents/github/DahlgrenTest/RFGUIHelper/configs/hotpads/hotpads_icon.png
e
</msg>
<msg timestamp="20230309 01:59:22.168" level="DEBUG">Answer received: !yro225</msg>
<msg timestamp="20230309 01:59:22.168" level="DEBUG">Command to send: c
o224
find
ro225
e
</msg>
<msg timestamp="20230309 01:59:22.525" level="DEBUG">Answer received: !yro226</msg>
<msg timestamp="20230309 01:59:22.525" level="DEBUG">Command to send: c
o226
getScore
e
</msg>
<msg timestamp="20230309 01:59:22.525" level="DEBUG">Answer received: !yd0.9975835084915161</msg>
<msg timestamp="20230309 01:59:22.526" level="DEBUG">Command to send: c
o226
getTarget
e
</msg>
<msg timestamp="20230309 01:59:22.526" level="DEBUG">Answer received: !yro227</msg>
<msg timestamp="20230309 01:59:22.526" level="DEBUG">Command to send: c
o227
getX
e
</msg>
<msg timestamp="20230309 01:59:22.526" level="DEBUG">Answer received: !yi102</msg>
<msg timestamp="20230309 01:59:22.526" level="DEBUG">Command to send: c
o227
getY
e
</msg>
<msg timestamp="20230309 01:59:22.526" level="DEBUG">Answer received: !yi97</msg>
<msg timestamp="20230309 01:59:22.527" level="TRACE">Return: 'icon'</msg>
<status status="PASS" starttime="20230309 01:59:22.162" endtime="20230309 01:59:22.527"/>
</kw>
<kw name="Document API" library="site">
<var>${tmp}</var>
<doc>Returns a single string containing a set of all widgets in the window and 
their available functions.</doc>
<msg timestamp="20230309 01:59:22.527" level="TRACE">Arguments: [  ]</msg>
<msg timestamp="20230309 01:59:22.527" level="TRACE">Return: 'Window[hotpads]: find, setGroup, move, setLocation, click, capture, captureSmall\n\tAchor[icon]: find, click, doubleClick, capture, captureSmall\n\tTextField[citystate]: read, write, capture, captureSmall\n\tButton[price]: read, click, doubleClick, capture, captureSmall\n\tButton[beds]: read, click, doubleClick, capture, captureSmall\n\tButton[search]: read, click, doubleClick, capture, captureSmall\n\tButton[listings]: read, click, doubleClick, capture, captureSmall\n'</msg>
<msg timestamp="20230309 01:59:22.527" level="INFO">${tmp} = Window[hotpads]: find, setGroup, move, setLocation, click, capture, captureSmall
	Achor[icon]: find, click, doubleClick, capture, captureSmall
	TextField[citystate]: read, write, capture, captureSmall...</msg>
<status status="PASS" starttime="20230309 01:59:22.527" endtime="20230309 01:59:22.527"/>
</kw>
<kw name="Log" library="BuiltIn">
<arg>${tmp}</arg>
<doc>Logs the given message with the given level.</doc>
<msg timestamp="20230309 01:59:22.528" level="TRACE">Arguments: [ 'Window[hotpads]: find, setGroup, move, setLocation, click, capture, captureSmall\n\tAchor[icon]: find, click, doubleClick, capture, captureSmall\n\tTextField[citystate]: read, write, capture, captureSmall\n\tButton[price]: read, click, doubleClick, capture, captureSmall\n\tButton[beds]: read, click, doubleClick, capture, captureSmall\n\tButton[search]: read, click, doubleClick, capture, captureSmall\n\tButton[listings]: read, click, doubleClick, capture, captureSmall\n' ]</msg>
<msg timestamp="20230309 01:59:22.528" level="INFO">Window[hotpads]: find, setGroup, move, setLocation, click, capture, captureSmall
	Achor[icon]: find, click, doubleClick, capture, captureSmall
	TextField[citystate]: read, write, capture, captureSmall
	Button[price]: read, click, doubleClick, capture, captureSmall
	Button[beds]: read, click, doubleClick, capture, captureSmall
	Button[search]: read, click, doubleClick, capture, captureSmall
	Button[listings]: read, click, doubleClick, capture, captureSmall
</msg>
<msg timestamp="20230309 01:59:22.528" level="TRACE">Return: None</msg>
<status status="PASS" starttime="20230309 01:59:22.528" endtime="20230309 01:59:22.528"/>
</kw>
<kw name="Document API" library="price">
<var>${tmp}</var>
<doc>Returns a single string containing a set of all widgets in the window and 
their available functions.</doc>
<msg timestamp="20230309 01:59:22.528" level="TRACE">Arguments: [  ]</msg>
<msg timestamp="20230309 01:59:22.528" level="TRACE">Return: 'Window[pricemenu]: find, setGroup, move, setLocation, click, capture, captureSmall\n\tTextField[lowprice]: read, write, capture, captureSmall\n\tTextField[maxprice]: read, write, capture, captureSmall\n\tAchor[menuTitle]: find, click, doubleClick, capture, captureSmall\n\tButton[done_button]: read, click, doubleClick, capture, captureSmall\n'</msg>
<msg timestamp="20230309 01:59:22.528" level="INFO">${tmp} = Window[pricemenu]: find, setGroup, move, setLocation, click, capture, captureSmall
	TextField[lowprice]: read, write, capture, captureSmall
	TextField[maxprice]: read, write, capture, captureSmall
	Ac...</msg>
<status status="PASS" starttime="20230309 01:59:22.528" endtime="20230309 01:59:22.529"/>
</kw>
<kw name="Log" library="BuiltIn">
<arg>${tmp}</arg>
<doc>Logs the given message with the given level.</doc>
<msg timestamp="20230309 01:59:22.529" level="TRACE">Arguments: [ 'Window[pricemenu]: find, setGroup, move, setLocation, click, capture, captureSmall\n\tTextField[lowprice]: read, write, capture, captureSmall\n\tTextField[maxprice]: read, write, capture, captureSmall\n\tAchor[menuTitle]: find, click, doubleClick, capture, captureSmall\n\tButton[done_button]: read, click, doubleClick, capture, captureSmall\n' ]</msg>
<msg timestamp="20230309 01:59:22.529" level="INFO">Window[pricemenu]: find, setGroup, move, setLocation, click, capture, captureSmall
	TextField[lowprice]: read, write, capture, captureSmall
	TextField[maxprice]: read, write, capture, captureSmall
	Achor[menuTitle]: find, click, doubleClick, capture, captureSmall
	Button[done_button]: read, click, doubleClick, capture, captureSmall
</msg>
<msg timestamp="20230309 01:59:22.529" level="TRACE">Return: None</msg>
<status status="PASS" starttime="20230309 01:59:22.529" endtime="20230309 01:59:22.529"/>
</kw>
<kw name="Document API" library="rooms">
<var>${tmp}</var>
<doc>Returns a single string containing a set of all widgets in the window and 
their available functions.</doc>
<msg timestamp="20230309 01:59:22.529" level="TRACE">Arguments: [  ]</msg>
<msg timestamp="20230309 01:59:22.529" level="TRACE">Return: 'Window[bedroommenu]: find, setGroup, move, setLocation, click, capture, captureSmall\n\tAchor[bedroomtitle]: find, click, doubleClick, capture, captureSmall\n\tButton[any_button]: read, click, doubleClick, capture, captureSmall\n\tButton[1_button]: read, click, doubleClick, capture, captureSmall\n\tButton[2_button]: read, click, doubleClick, capture, captureSmall\n\tButton[3_button]: read, click, doubleClick, capture, captureSmall\n\tButton[4_button]: read, click, doubleClick, capture, captureSmall\n\tCheckBox[exact_box]: setGroup, read, click, doubleClick, capture, captureSmall, getState\n\tButton[done_button]: read, click, doubleClick, capture, captureSmall\n'</msg>
<msg timestamp="20230309 01:59:22.530" level="INFO">${tmp} = Window[bedroommenu]: find, setGroup, move, setLocation, click, capture, captureSmall
	Achor[bedroomtitle]: find, click, doubleClick, capture, captureSmall
	Button[any_button]: read, click, doubleClick...</msg>
<status status="PASS" starttime="20230309 01:59:22.529" endtime="20230309 01:59:22.530"/>
</kw>
<kw name="Log" library="BuiltIn">
<arg>${tmp}</arg>
<doc>Logs the given message with the given level.</doc>
<msg timestamp="20230309 01:59:22.530" level="TRACE">Arguments: [ 'Window[bedroommenu]: find, setGroup, move, setLocation, click, capture, captureSmall\n\tAchor[bedroomtitle]: find, click, doubleClick, capture, captureSmall\n\tButton[any_button]: read, click, doubleClick, capture, captureSmall\n\tButton[1_button]: read, click, doubleClick, capture, captureSmall\n\tButton[2_button]: read, click, doubleClick, capture, captureSmall\n\tButton[3_button]: read, click, doubleClick, capture, captureSmall\n\tButton[4_button]: read, click, doubleClick, capture, captureSmall\n\tCheckBox[exact_box]: setGroup, read, click, doubleClick, capture, captureSmall, getState\n\tButton[done_button]: read, click, doubleClick, capture, captureSmall\n' ]</msg>
<msg timestamp="20230309 01:59:22.530" level="INFO">Window[bedroommenu]: find, setGroup, move, setLocation, click, capture, captureSmall
	Achor[bedroomtitle]: find, click, doubleClick, capture, captureSmall
	Button[any_button]: read, click, doubleClick, capture, captureSmall
	Button[1_button]: read, click, doubleClick, capture, captureSmall
	Button[2_button]: read, click, doubleClick, capture, captureSmall
	Button[3_button]: read, click, doubleClick, capture, captureSmall
	Button[4_button]: read, click, doubleClick, capture, captureSmall
	CheckBox[exact_box]: setGroup, read, click, doubleClick, capture, captureSmall, getState
	Button[done_button]: read, click, doubleClick, capture, captureSmall
</msg>
<msg timestamp="20230309 01:59:22.530" level="TRACE">Return: None</msg>
<status status="PASS" starttime="20230309 01:59:22.530" endtime="20230309 01:59:22.530"/>
</kw>
<msg timestamp="20230309 01:59:22.531" level="TRACE">Return: None</msg>
<status status="PASS" starttime="20230309 01:59:22.026" endtime="20230309 01:59:22.531"/>
</kw>
<test id="s1-t1" name="Warsaw;100-200;3" line="18">
<kw name="Test Start" type="SETUP">
<msg timestamp="20230309 01:59:22.532" level="TRACE">Arguments: [  ]</msg>
<kw name="New Test Event" library="DataExtraction">
<arg>${TEST NAME}</arg>
<doc>Part of *Test Setup*.
New Test Event corresponds with output functions that create a new
data structure in the test data and a new line in the report.</doc>
<msg timestamp="20230309 01:59:22.533" level="TRACE">Arguments: [ ${CASE NAME}='Warsaw;100-200;3' ]</msg>
<kw name="Create Test Case" library="oqe">
<var>${FULL TEST}</var>
<arg>${CASE NAME}</arg>
<doc>Part of *Test Setup*</doc>
<msg timestamp="20230309 01:59:22.533" level="TRACE">Arguments: [ 'Warsaw;100-200;3' ]</msg>
<msg timestamp="20230309 01:59:22.534" level="TRACE">Return: 'Warsaw;100-200;3 2023-03-09 01:59:22.533538'</msg>
<msg timestamp="20230309 01:59:22.534" level="INFO">${FULL TEST} = Warsaw;100-200;3 2023-03-09 01:59:22.533538</msg>
<status status="PASS" starttime="20230309 01:59:22.533" endtime="20230309 01:59:22.534"/>
</kw>
<msg timestamp="20230309 01:59:22.534" level="TRACE">Return: 'Warsaw;100-200;3 2023-03-09 01:59:22.533538'</msg>
<status status="PASS" starttime="20230309 01:59:22.532" endtime="20230309 01:59:22.535"/>
</kw>
<msg timestamp="20230309 01:59:22.535" level="TRACE">Return: None</msg>
<status status="PASS" starttime="20230309 01:59:22.532" endtime="20230309 01:59:22.535"/>
</kw>
<kw name="Test Site">
<arg>Warsaw, VA</arg>
<arg>100</arg>
<arg>200</arg>
<arg>3</arg>
<msg timestamp="20230309 01:59:22.536" level="TRACE">Arguments: [ ${CITY}='Warsaw, VA' | ${MIN}='100' | ${MAX}='200' | ${ROOM}='3' ]</msg>
<kw name="Find" library="site">
<doc>Called to locate any anchor for the window and revise relative locations to 
widgets.</doc>
<msg timestamp="20230309 01:59:22.537" level="TRACE">Arguments: [  ]</msg>
<msg timestamp="20230309 01:59:22.539" level="DEBUG">Command to send: c
t
getScreen
s192.168.0.199
i5900
spassword
e
</msg>
<msg timestamp="20230309 01:59:22.543" level="DEBUG">Answer received: !yro228</msg>
<msg timestamp="20230309 01:59:22.543" level="DEBUG">Command to send: c
t
createPattern
sC:/Users/Benny/Documents/github/DahlgrenTest/RFGUIHelper/configs/hotpads/hotpads_icon.png
e
</msg>
<msg timestamp="20230309 01:59:22.554" level="DEBUG">Answer received: !yro229</msg>
<msg timestamp="20230309 01:59:22.554" level="DEBUG">Command to send: c
o228
find
ro229
e
</msg>
<msg timestamp="20230309 01:59:23.014" level="DEBUG">Answer received: !yro230</msg>
<msg timestamp="20230309 01:59:23.014" level="DEBUG">Command to send: c
o230
getScore
e
</msg>
<msg timestamp="20230309 01:59:23.014" level="DEBUG">Answer received: !yd0.9975835084915161</msg>
<msg timestamp="20230309 01:59:23.015" level="DEBUG">Command to send: c
o230
getTarget
e
</msg>
<msg timestamp="20230309 01:59:23.015" level="DEBUG">Answer received: !yro231</msg>
<msg timestamp="20230309 01:59:23.015" level="DEBUG">Command to send: c
o231
getX
e
</msg>
<msg timestamp="20230309 01:59:23.015" level="DEBUG">Answer received: !yi102</msg>
<msg timestamp="20230309 01:59:23.015" level="DEBUG">Command to send: c
o231
getY
e
</msg>
<msg timestamp="20230309 01:59:23.015" level="DEBUG">Answer received: !yi97</msg>
<msg timestamp="20230309 01:59:23.016" level="TRACE">Return: 'icon'</msg>
<status status="PASS" starttime="20230309 01:59:22.536" endtime="20230309 01:59:23.016"/>
</kw>
<kw name="Write" library="site">
<arg>citystate</arg>
<arg>${CITY}</arg>
<doc>Write text onto the intended widget</doc>
<msg timestamp="20230309 01:59:23.016" level="TRACE">Arguments: [ 'citystate' | 'Warsaw, VA' ]</msg>
<msg timestamp="20230309 01:59:23.016" level="DEBUG">Command to send: c
t
getScreen
s192.168.0.199
i5900
spassword
e
</msg>
<msg timestamp="20230309 01:59:23.036" level="DEBUG">Answer received: !yro232</msg>
<msg timestamp="20230309 01:59:23.037" level="DEBUG">Command to send: c
o232
newRegion
i349
i277
i230
i36
e
</msg>
<msg timestamp="20230309 01:59:23.037" level="DEBUG">Answer received: !yro233</msg>
<msg timestamp="20230309 01:59:23.037" level="DEBUG">Command to send: c
t
checkAndSetRemote
ro232
ro233
bTrue
e
</msg>
<msg timestamp="20230309 01:59:23.038" level="DEBUG">Answer received: !ybtrue</msg>
<msg timestamp="20230309 01:59:23.038" level="DEBUG">Command to send: c
o233
click
e
</msg>
<msg timestamp="20230309 01:59:23.580" level="DEBUG">Answer received: !yi1</msg>
<msg timestamp="20230309 01:59:23.580" level="DEBUG">Command to send: c
o233
type
n
sa
i2
e
</msg>
<msg timestamp="20230309 01:59:23.610" level="DEBUG">Answer received: !yi1</msg>
<msg timestamp="20230309 01:59:23.610" level="DEBUG">Command to send: c
o233
type
sWarsaw, VA
e
</msg>
<msg timestamp="20230309 01:59:23.925" level="DEBUG">Answer received: !yi1</msg>
<msg timestamp="20230309 01:59:23.925" level="TRACE">Return: None</msg>
<status status="PASS" starttime="20230309 01:59:23.016" endtime="20230309 01:59:23.925"/>
</kw>
<kw name="Click" library="site">
<arg>price</arg>
<doc>Clicks on the intended widget</doc>
<msg timestamp="20230309 01:59:23.926" level="TRACE">Arguments: [ 'price' ]</msg>
<msg timestamp="20230309 01:59:23.926" level="DEBUG">Command to send: c
t
getScreen
s192.168.0.199
i5900
spassword
e
</msg>
<msg timestamp="20230309 01:59:23.926" level="DEBUG">Answer received: !yro234</msg>
<msg timestamp="20230309 01:59:23.927" level="DEBUG">Command to send: c
o234
newRegion
i610
i280
i84
i30
e
</msg>
<msg timestamp="20230309 01:59:23.927" level="DEBUG">Answer received: !yro235</msg>
<msg timestamp="20230309 01:59:23.927" level="DEBUG">Command to send: c
t
checkAndSetRemote
ro234
ro235
bTrue
e
</msg>
<msg timestamp="20230309 01:59:23.927" level="DEBUG">Answer received: !ybtrue</msg>
<msg timestamp="20230309 01:59:23.927" level="DEBUG">Command to send: c
o235
click
e
</msg>
<msg timestamp="20230309 01:59:24.471" level="DEBUG">Answer received: !yi1</msg>
<msg timestamp="20230309 01:59:24.471" level="TRACE">Return: None</msg>
<status status="PASS" starttime="20230309 01:59:23.925" endtime="20230309 01:59:24.471"/>
</kw>
<kw name="Sleep" library="BuiltIn">
<arg>2</arg>
<doc>Pauses the test executed for the given time.</doc>
<msg timestamp="20230309 01:59:24.472" level="TRACE">Arguments: [ '2' ]</msg>
<msg timestamp="20230309 01:59:26.473" level="INFO">Slept 2 seconds</msg>
<msg timestamp="20230309 01:59:26.473" level="TRACE">Return: None</msg>
<status status="PASS" starttime="20230309 01:59:24.472" endtime="20230309 01:59:26.473"/>
</kw>
<kw name="Find" library="price">
<doc>Called to locate any anchor for the window and revise relative locations to 
widgets.</doc>
<msg timestamp="20230309 01:59:26.473" level="TRACE">Arguments: [  ]</msg>
<msg timestamp="20230309 01:59:26.475" level="DEBUG">Command to send: c
t
getScreen
s192.168.0.199
i5900
spassword
e
</msg>
<msg timestamp="20230309 01:59:26.476" level="DEBUG">Answer received: !yro236</msg>
<msg timestamp="20230309 01:59:26.476" level="DEBUG">Command to send: c
t
createPattern
sC:/Users/Benny/Documents/github/DahlgrenTest/RFGUIHelper/configs/pricemenu/pricemenu_title.png
e
</msg>
<msg timestamp="20230309 01:59:26.477" level="DEBUG">Answer received: !yro237</msg>
<msg timestamp="20230309 01:59:26.477" level="DEBUG">Command to send: c
o236
find
ro237
e
</msg>
<msg timestamp="20230309 01:59:26.952" level="DEBUG">Answer received: !yro238</msg>
<msg timestamp="20230309 01:59:26.953" level="DEBUG">Command to send: c
o238
getScore
e
</msg>
<msg timestamp="20230309 01:59:26.953" level="DEBUG">Answer received: !yd0.9999788999557495</msg>
<msg timestamp="20230309 01:59:26.953" level="DEBUG">Command to send: c
o238
getTarget
e
</msg>
<msg timestamp="20230309 01:59:26.953" level="DEBUG">Answer received: !yro239</msg>
<msg timestamp="20230309 01:59:26.953" level="DEBUG">Command to send: c
o239
getX
e
</msg>
<msg timestamp="20230309 01:59:26.953" level="DEBUG">Answer received: !yi655</msg>
<msg timestamp="20230309 01:59:26.953" level="DEBUG">Command to send: c
o239
getY
e
</msg>
<msg timestamp="20230309 01:59:26.954" level="DEBUG">Answer received: !yi362</msg>
<msg timestamp="20230309 01:59:26.954" level="TRACE">Return: 'menuTitle'</msg>
<status status="PASS" starttime="20230309 01:59:26.473" endtime="20230309 01:59:26.954"/>
</kw>
<kw name="Write" library="price">
<arg>lowprice</arg>
<arg>${MIN}</arg>
<doc>Write text onto the intended widget</doc>
<msg timestamp="20230309 01:59:26.954" level="TRACE">Arguments: [ 'lowprice' | '100' ]</msg>
<msg timestamp="20230309 01:59:26.955" level="DEBUG">Command to send: c
t
getScreen
s192.168.0.199
i5900
spassword
e
</msg>
<msg timestamp="20230309 01:59:26.955" level="DEBUG">Answer received: !yro240</msg>
<msg timestamp="20230309 01:59:26.955" level="DEBUG">Command to send: c
o240
newRegion
i625
i383
i100
i24
e
</msg>
<msg timestamp="20230309 01:59:26.956" level="DEBUG">Answer received: !yro241</msg>
<msg timestamp="20230309 01:59:26.956" level="DEBUG">Command to send: c
t
checkAndSetRemote
ro240
ro241
bTrue
e
</msg>
<msg timestamp="20230309 01:59:26.956" level="DEBUG">Answer received: !ybtrue</msg>
<msg timestamp="20230309 01:59:26.956" level="DEBUG">Command to send: c
o241
click
e
</msg>
<msg timestamp="20230309 01:59:27.500" level="DEBUG">Answer received: !yi1</msg>
<msg timestamp="20230309 01:59:27.500" level="DEBUG">Command to send: c
o241
type
n
sa
i2
e
</msg>
<msg timestamp="20230309 01:59:27.529" level="DEBUG">Answer received: !yi1</msg>
<msg timestamp="20230309 01:59:27.529" level="DEBUG">Command to send: c
o241
type
s100
e
</msg>
<msg timestamp="20230309 01:59:27.622" level="DEBUG">Answer received: !yi1</msg>
<msg timestamp="20230309 01:59:27.622" level="TRACE">Return: None</msg>
<status status="PASS" starttime="20230309 01:59:26.954" endtime="20230309 01:59:27.622"/>
</kw>
<kw name="Write" library="price">
<arg>maxprice</arg>
<arg>${MAX}</arg>
<doc>Write text onto the intended widget</doc>
<msg timestamp="20230309 01:59:27.623" level="TRACE">Arguments: [ 'maxprice' | '200' ]</msg>
<msg timestamp="20230309 01:59:27.623" level="DEBUG">Command to send: c
t
getScreen
s192.168.0.199
i5900
spassword
e
</msg>
<msg timestamp="20230309 01:59:27.624" level="DEBUG">Answer received: !yro242</msg>
<msg timestamp="20230309 01:59:27.624" level="DEBUG">Command to send: c
o242
newRegion
i780
i380
i110
i27
e
</msg>
<msg timestamp="20230309 01:59:27.624" level="DEBUG">Answer received: !yro243</msg>
<msg timestamp="20230309 01:59:27.624" level="DEBUG">Command to send: c
t
checkAndSetRemote
ro242
ro243
bTrue
e
</msg>
<msg timestamp="20230309 01:59:27.624" level="DEBUG">Answer received: !ybtrue</msg>
<msg timestamp="20230309 01:59:27.624" level="DEBUG">Command to send: c
o243
click
e
</msg>
<msg timestamp="20230309 01:59:28.171" level="DEBUG">Answer received: !yi1</msg>
<msg timestamp="20230309 01:59:28.172" level="DEBUG">Command to send: c
o243
type
n
sa
i2
e
</msg>
<msg timestamp="20230309 01:59:28.201" level="DEBUG">Answer received: !yi1</msg>
<msg timestamp="20230309 01:59:28.201" level="DEBUG">Command to send: c
o243
type
s200
e
</msg>
<msg timestamp="20230309 01:59:28.294" level="DEBUG">Answer received: !yi1</msg>
<msg timestamp="20230309 01:59:28.294" level="TRACE">Return: None</msg>
<status status="PASS" starttime="20230309 01:59:27.622" endtime="20230309 01:59:28.294"/>
</kw>
<kw name="Click" library="price">
<arg>done_button</arg>
<doc>Clicks on the intended widget</doc>
<msg timestamp="20230309 01:59:28.295" level="TRACE">Arguments: [ 'done_button' ]</msg>
<msg timestamp="20230309 01:59:28.295" level="DEBUG">Command to send: m
d
o224
e
</msg>
<msg timestamp="20230309 01:59:28.295" level="DEBUG">Answer received: !yv</msg>
<msg timestamp="20230309 01:59:28.295" level="DEBUG">Command to send: m
d
o225
e
</msg>
<msg timestamp="20230309 01:59:28.296" level="DEBUG">Answer received: !yv</msg>
<msg timestamp="20230309 01:59:28.296" level="DEBUG">Command to send: m
d
o226
e
</msg>
<msg timestamp="20230309 01:59:28.296" level="DEBUG">Answer received: !yv</msg>
<msg timestamp="20230309 01:59:28.296" level="DEBUG">Command to send: m
d
o227
e
</msg>
<msg timestamp="20230309 01:59:28.296" level="DEBUG">Answer received: !yv</msg>
<msg timestamp="20230309 01:59:28.296" level="DEBUG">Command to send: m
d
o228
e
</msg>
<msg timestamp="20230309 01:59:28.296" level="DEBUG">Answer received: !yv</msg>
<msg timestamp="20230309 01:59:28.296" level="DEBUG">Command to send: m
d
o229
e
</msg>
<msg timestamp="20230309 01:59:28.297" level="DEBUG">Answer received: !yv</msg>
<msg timestamp="20230309 01:59:28.297" level="DEBUG">Command to send: m
d
o230
e
</msg>
<msg timestamp="20230309 01:59:28.297" level="DEBUG">Answer received: !yv</msg>
<msg timestamp="20230309 01:59:28.297" level="DEBUG">Command to send: m
d
o231
e
</msg>
<msg timestamp="20230309 01:59:28.297" level="DEBUG">Answer received: !yv</msg>
<msg timestamp="20230309 01:59:28.297" level="DEBUG">Command to send: m
d
o232
e
</msg>
<msg timestamp="20230309 01:59:28.297" level="DEBUG">Answer received: !yv</msg>
<msg timestamp="20230309 01:59:28.297" level="DEBUG">Command to send: m
d
o233
e
</msg>
<msg timestamp="20230309 01:59:28.297" level="DEBUG">Answer received: !yv</msg>
<msg timestamp="20230309 01:59:28.298" level="DEBUG">Command to send: m
d
o234
e
</msg>
<msg timestamp="20230309 01:59:28.298" level="DEBUG">Answer received: !yv</msg>
<msg timestamp="20230309 01:59:28.298" level="DEBUG">Command to send: m
d
o236
e
</msg>
<msg timestamp="20230309 01:59:28.298" level="DEBUG">Answer received: !yv</msg>
<msg timestamp="20230309 01:59:28.298" level="DEBUG">Command to send: m
d
o237
e
</msg>
<msg timestamp="20230309 01:59:28.298" level="DEBUG">Answer received: !yv</msg>
<msg timestamp="20230309 01:59:28.298" level="DEBUG">Command to send: m
d
o238
e
</msg>
<msg timestamp="20230309 01:59:28.298" level="DEBUG">Answer received: !yv</msg>
<msg timestamp="20230309 01:59:28.299" level="DEBUG">Command to send: m
d
o239
e
</msg>
<msg timestamp="20230309 01:59:28.299" level="DEBUG">Answer received: !yv</msg>
<msg timestamp="20230309 01:59:28.299" level="DEBUG">Command to send: m
d
o240
e
</msg>
<msg timestamp="20230309 01:59:28.299" level="DEBUG">Answer received: !yv</msg>
<msg timestamp="20230309 01:59:28.299" level="DEBUG">Command to send: m
d
o241
e
</msg>
<msg timestamp="20230309 01:59:28.299" level="DEBUG">Answer received: !yv</msg>
<msg timestamp="20230309 01:59:28.299" level="DEBUG">Command to send: m
d
o242
e
</msg>
<msg timestamp="20230309 01:59:28.299" level="DEBUG">Answer received: !yv</msg>
<msg timestamp="20230309 01:59:28.300" level="DEBUG">Command to send: c
t
getScreen
s192.168.0.199
i5900
spassword
e
</msg>
<msg timestamp="20230309 01:59:28.300" level="DEBUG">Answer received: !yro244</msg>
<msg timestamp="20230309 01:59:28.301" level="DEBUG">Command to send: c
o244
newRegion
i710
i517
i88
i22
e
</msg>
<msg timestamp="20230309 01:59:28.301" level="DEBUG">Answer received: !yro245</msg>
<msg timestamp="20230309 01:59:28.301" level="DEBUG">Command to send: c
t
checkAndSetRemote
ro244
ro245
bTrue
e
</msg>
<msg timestamp="20230309 01:59:28.301" level="DEBUG">Answer received: !ybtrue</msg>
<msg timestamp="20230309 01:59:28.301" level="DEBUG">Command to send: c
o245
click
e
</msg>
<msg timestamp="20230309 01:59:28.836" level="DEBUG">Answer received: !yi1</msg>
<msg timestamp="20230309 01:59:28.836" level="TRACE">Return: None</msg>
<status status="PASS" starttime="20230309 01:59:28.295" endtime="20230309 01:59:28.836"/>
</kw>
<kw name="Find" library="site">
<doc>Called to locate any anchor for the window and revise relative locations to 
widgets.</doc>
<msg timestamp="20230309 01:59:28.836" level="TRACE">Arguments: [  ]</msg>
<msg timestamp="20230309 01:59:28.838" level="DEBUG">Command to send: c
t
getScreen
s192.168.0.199
i5900
spassword
e
</msg>
<msg timestamp="20230309 01:59:28.838" level="DEBUG">Answer received: !yro246</msg>
<msg timestamp="20230309 01:59:28.838" level="DEBUG">Command to send: c
t
createPattern
sC:/Users/Benny/Documents/github/DahlgrenTest/RFGUIHelper/configs/hotpads/hotpads_icon.png
e
</msg>
<msg timestamp="20230309 01:59:28.840" level="DEBUG">Answer received: !yro247</msg>
<msg timestamp="20230309 01:59:28.840" level="DEBUG">Command to send: c
o246
find
ro247
e
</msg>
<msg timestamp="20230309 01:59:29.203" level="DEBUG">Answer received: !yro248</msg>
<msg timestamp="20230309 01:59:29.204" level="DEBUG">Command to send: c
o248
getScore
e
</msg>
<msg timestamp="20230309 01:59:29.204" level="DEBUG">Answer received: !yd0.9975835084915161</msg>
<msg timestamp="20230309 01:59:29.204" level="DEBUG">Command to send: c
o248
getTarget
e
</msg>
<msg timestamp="20230309 01:59:29.204" level="DEBUG">Answer received: !yro249</msg>
<msg timestamp="20230309 01:59:29.204" level="DEBUG">Command to send: c
o249
getX
e
</msg>
<msg timestamp="20230309 01:59:29.204" level="DEBUG">Answer received: !yi102</msg>
<msg timestamp="20230309 01:59:29.205" level="DEBUG">Command to send: c
o249
getY
e
</msg>
<msg timestamp="20230309 01:59:29.205" level="DEBUG">Answer received: !yi97</msg>
<msg timestamp="20230309 01:59:29.205" level="TRACE">Return: 'icon'</msg>
<status status="PASS" starttime="20230309 01:59:28.836" endtime="20230309 01:59:29.205"/>
</kw>
<kw name="Click" library="site">
<arg>search</arg>
<doc>Clicks on the intended widget</doc>
<msg timestamp="20230309 01:59:29.205" level="TRACE">Arguments: [ 'search' ]</msg>
<msg timestamp="20230309 01:59:29.206" level="DEBUG">Command to send: c
t
getScreen
s192.168.0.199
i5900
spassword
e
</msg>
<msg timestamp="20230309 01:59:29.206" level="DEBUG">Answer received: !yro250</msg>
<msg timestamp="20230309 01:59:29.206" level="DEBUG">Command to send: c
o250
newRegion
i893
i276
i103
i33
e
</msg>
<msg timestamp="20230309 01:59:29.206" level="DEBUG">Answer received: !yro251</msg>
<msg timestamp="20230309 01:59:29.207" level="DEBUG">Command to send: c
t
checkAndSetRemote
ro250
ro251
bTrue
e
</msg>
<msg timestamp="20230309 01:59:29.207" level="DEBUG">Answer received: !ybtrue</msg>
<msg timestamp="20230309 01:59:29.207" level="DEBUG">Command to send: c
o251
click
e
</msg>
<msg timestamp="20230309 01:59:29.748" level="DEBUG">Answer received: !yi1</msg>
<msg timestamp="20230309 01:59:29.748" level="TRACE">Return: None</msg>
<status status="PASS" starttime="20230309 01:59:29.205" endtime="20230309 01:59:29.748"/>
</kw>
<kw name="Capture Image" library="site">
<var>${file}</var>
<arg>listings</arg>
<doc>Takes a picture of the intended widget and returns the image file</doc>
<msg timestamp="20230309 01:59:29.749" level="TRACE">Arguments: [ 'listings' ]</msg>
<msg timestamp="20230309 01:59:29.749" level="DEBUG">Command to send: c
t
getScreen
s192.168.0.199
i5900
spassword
e
</msg>
<msg timestamp="20230309 01:59:29.749" level="DEBUG">Answer received: !yro252</msg>
<msg timestamp="20230309 01:59:29.750" level="DEBUG">Command to send: c
o252
newRegion
i80
i398
i791
i159
e
</msg>
<msg timestamp="20230309 01:59:29.750" level="DEBUG">Answer received: !yro253</msg>
<msg timestamp="20230309 01:59:29.750" level="DEBUG">Command to send: c
t
checkAndSetRemote
ro252
ro253
bTrue
e
</msg>
<msg timestamp="20230309 01:59:29.750" level="DEBUG">Answer received: !ybtrue</msg>
<msg timestamp="20230309 01:59:29.750" level="DEBUG">Command to send: c
t
getScreen
s192.168.0.199
i5900
spassword
e
</msg>
<msg timestamp="20230309 01:59:29.751" level="DEBUG">Answer received: !yro254</msg>
<msg timestamp="20230309 01:59:29.751" level="DEBUG">Command to send: c
o254
capture
ro253
e
</msg>
<msg timestamp="20230309 01:59:29.752" level="DEBUG">Answer received: !yro255</msg>
<msg timestamp="20230309 01:59:29.752" level="DEBUG">Command to send: c
t
checkAndSetRemote
ro254
ro255
bTrue
e
</msg>
<msg timestamp="20230309 01:59:29.752" level="DEBUG">Answer received: !ybtrue</msg>
<msg timestamp="20230309 01:59:29.752" level="DEBUG">Command to send: c
o255
getFilename
e
</msg>
<msg timestamp="20230309 01:59:29.848" level="DEBUG">Answer received: !ysC:\\Users\\Benny\\AppData\\Local\\Temp\\Sikulix_902673349\\sikuliximage-1678345169792.png</msg>
<msg timestamp="20230309 01:59:30.638" level="TRACE">Return: 'C:/Users/Benny/Documents/RFData/IMG/imageAIB.PNG'</msg>
<msg timestamp="20230309 01:59:30.639" level="INFO">${file} = C:/Users/Benny/Documents/RFData/IMG/imageAIB.PNG</msg>
<status status="PASS" starttime="20230309 01:59:29.748" endtime="20230309 01:59:30.639"/>
</kw>
<kw name="Record Screen Image" library="DataExtraction">
<arg>${file}</arg>
<arg>${TEST NAME}</arg>
<arg>Answer</arg>
<doc>Part of *Recording Data*</doc>
<msg timestamp="20230309 01:59:30.640" level="TRACE">Arguments: [ ${FILE}='C:/Users/Benny/Documents/RFData/IMG/imageAIB.PNG' | ${CASE NAME}='Warsaw;100-200;3' | ${STEP NAME}='Answer' ]</msg>
<kw name="Write Image" library="oqe">
<arg>${CASE NAME}</arg>
<arg>${STEP NAME}</arg>
<arg>Screenshot</arg>
<arg>${FILE}</arg>
<doc>Part of *Output Functions*</doc>
<msg timestamp="20230309 01:59:30.640" level="TRACE">Arguments: [ 'Warsaw;100-200;3' | 'Answer' | 'Screenshot' | 'C:/Users/Benny/Documents/RFData/IMG/imageAIB.PNG' ]</msg>
<msg timestamp="20230309 01:59:30.641" level="TRACE">Return: None</msg>
<status status="PASS" starttime="20230309 01:59:30.640" endtime="20230309 01:59:30.641"/>
</kw>
<msg timestamp="20230309 01:59:30.641" level="TRACE">Return: None</msg>
<status status="PASS" starttime="20230309 01:59:30.639" endtime="20230309 01:59:30.642"/>
</kw>
<msg timestamp="20230309 01:59:30.642" level="TRACE">Return: None</msg>
<status status="PASS" starttime="20230309 01:59:22.536" endtime="20230309 01:59:30.642"/>
</kw>
<status status="PASS" starttime="20230309 01:59:22.531" endtime="20230309 01:59:30.643"/>
</test>
<status status="PASS" starttime="20230309 01:59:20.926" endtime="20230309 01:59:30.646"/>
</suite>
<statistics>
<total>
<stat pass="1" fail="0" skip="0">All Tests</stat>
</total>
<tag>
</tag>
<suite>
<stat pass="1" fail="0" skip="0" id="s1" name="remoteHP">remoteHP</stat>
</suite>
</statistics>
<errors>
</errors>
</robot>
