<?xml version="1.0" encoding="UTF-8"?>
<robot generator="Robot 5.0.1 (Python 3.10.8 on win32)" generated="20230109 00:06:43.646" rpa="false" schemaversion="3">
<suite id="s1" name="newProgrammer" source="C:\Users\Benny\Documents\github\DahlgrenTest\RFTest\examples\calculator\newProgrammer.robot">
<test id="s1-t1" name="Setup Test" line="9">
<kw name="Configure Image Library" library="DataExtraction">
<arg>Sikuli</arg>
<arg>C:/Users/Benny/Documents/RFData</arg>
<doc>Part of *Test Setup*.
Determines the _type_ of test as either Sikuli or Selenium. Other options may follow
The function also sets the datapath for all images and test data files.
Only in the case of a Selenium test, the browser and URL are also identified.
*NOTE* You must call _Configure Image Libaray_ before any of a number of functions
Using the data path and image library. Best to do so during test setup.</doc>
<kw name="Run Keyword If" library="BuiltIn">
<arg>'${type}'=='Sikuli'</arg>
<arg>Set Suite Variable</arg>
<arg>${imageLib}</arg>
<arg>sikuliLib</arg>
<arg>ELSE</arg>
<arg>Set Suite Variable</arg>
<arg>${imageLib}</arg>
<arg>seleniumLib</arg>
<doc>Runs the given keyword with the given arguments, if ``condition`` is true.</doc>
<kw name="Set Suite Variable" library="BuiltIn">
<arg>${imageLib}</arg>
<arg>sikuliLib</arg>
<doc>Makes a variable available everywhere within the scope of the current suite.</doc>
<msg timestamp="20230109 00:06:45.199" level="INFO">${imageLib} = sikuliLib</msg>
<status status="PASS" starttime="20230109 00:06:45.199" endtime="20230109 00:06:45.214"/>
</kw>
<status status="PASS" starttime="20230109 00:06:45.198" endtime="20230109 00:06:45.214"/>
</kw>
<kw name="Run Keyword If" library="BuiltIn">
<arg>'${type}'=='Selenium'</arg>
<arg>${imageLib}.Configure Selenium</arg>
<arg>${browser}</arg>
<arg>${url}</arg>
<doc>Runs the given keyword with the given arguments, if ``condition`` is true.</doc>
<status status="PASS" starttime="20230109 00:06:45.214" endtime="20230109 00:06:45.216"/>
</kw>
<kw name="Run Keyword" library="BuiltIn">
<arg>${imageLib}.Configure Image Path</arg>
<arg>${datapath}</arg>
<doc>Executes the given keyword with the given arguments.</doc>
<kw name="Configure Image Path" library="sikuliLib">
<arg>${datapath}</arg>
<doc>Part of *Test Configuration*</doc>
<status status="PASS" starttime="20230109 00:06:45.216" endtime="20230109 00:06:45.220"/>
</kw>
<status status="PASS" starttime="20230109 00:06:45.216" endtime="20230109 00:06:45.220"/>
</kw>
<kw name="Log" library="BuiltIn">
<arg>Data Path configured</arg>
<doc>Logs the given message with the given level.</doc>
<msg timestamp="20230109 00:06:45.220" level="INFO">Data Path configured</msg>
<status status="PASS" starttime="20230109 00:06:45.220" endtime="20230109 00:06:45.220"/>
</kw>
<kw name="Configure Data Path" library="oqe">
<arg>${datapath}</arg>
<doc>Part of *Test Setup*.</doc>
<status status="PASS" starttime="20230109 00:06:45.221" endtime="20230109 00:06:45.221"/>
</kw>
<status status="PASS" starttime="20230109 00:06:45.197" endtime="20230109 00:06:45.222"/>
</kw>
<kw name="Set Log Level" library="BuiltIn">
<arg>TRACE</arg>
<doc>Sets the log threshold to the specified level and returns the old level.</doc>
<msg timestamp="20230109 00:06:45.262" level="INFO">Log level changed from INFO to TRACE.</msg>
<msg timestamp="20230109 00:06:45.262" level="TRACE">Return: 'INFO'</msg>
<status status="PASS" starttime="20230109 00:06:45.261" endtime="20230109 00:06:45.262"/>
</kw>
<kw name="Archive Any Previous Data" library="oqe">
<doc>Part of *Test Setup*</doc>
<msg timestamp="20230109 00:06:45.264" level="TRACE">Arguments: [  ]</msg>
<msg timestamp="20230109 00:06:45.276" level="TRACE">Return: None</msg>
<status status="PASS" starttime="20230109 00:06:45.264" endtime="20230109 00:06:45.277"/>
</kw>
<kw name="Configure" library="program">
<arg>Sikuli</arg>
<arg>C:/Users/Benny/Documents/github/DahlgrenTest/RFGUIHelper/configs/progCalc</arg>
<arg>C:/Users/Benny/Documents/RFData</arg>
<doc>Sets up the details of the generic window for a specific test</doc>
<msg timestamp="20230109 00:06:45.309" level="TRACE">Arguments: [ 'Sikuli' | 'C:/Users/Benny/Documents/github/DahlgrenTest/RFGUIHelper/configs/progCalc' | 'C:/Users/Benny/Documents/RFData' ]</msg>
<msg timestamp="20230109 00:06:45.310" level="DEBUG">Command to send: c
t
addImagePath
sC:\\Users\\Benny\\Documents\\github\\DahlgrenTest\\RFTest
i921
e
</msg>
<msg timestamp="20230109 00:06:45.329" level="DEBUG">Answer received: !yv</msg>
<msg timestamp="20230109 00:06:45.330" level="TRACE">Return: None</msg>
<status status="PASS" starttime="20230109 00:06:45.309" endtime="20230109 00:06:45.330"/>
</kw>
<kw name="Configure" library="radios">
<arg>Sikuli</arg>
<arg>C:/Users/Benny/Documents/github/DahlgrenTest/RFGUIHelper/configs/bsradios</arg>
<arg>C:/Users/Benny/Documents/RFData</arg>
<doc>Sets up the details of the generic window for a specific test</doc>
<msg timestamp="20230109 00:06:45.331" level="TRACE">Arguments: [ 'Sikuli' | 'C:/Users/Benny/Documents/github/DahlgrenTest/RFGUIHelper/configs/bsradios' | 'C:/Users/Benny/Documents/RFData' ]</msg>
<msg timestamp="20230109 00:06:45.331" level="DEBUG">Command to send: c
t
addImagePath
sC:\\Users\\Benny\\Documents\\github\\DahlgrenTest\\RFTest
i993
e
</msg>
<msg timestamp="20230109 00:06:45.332" level="DEBUG">Answer received: !yv</msg>
<msg timestamp="20230109 00:06:45.349" level="TRACE">Return: None</msg>
<status status="PASS" starttime="20230109 00:06:45.330" endtime="20230109 00:06:45.349"/>
</kw>
<kw name="Start Process" library="Process">
<arg>calc</arg>
<doc>Starts a new process on background.</doc>
<msg timestamp="20230109 00:06:45.370" level="TRACE">Arguments: [ 'calc' ]</msg>
<msg timestamp="20230109 00:06:45.370" level="INFO">Starting process:
calc</msg>
<msg timestamp="20230109 00:06:45.370" level="DEBUG">Process configuration:
cwd:     C:\Users\Benny\Documents\github\DahlgrenTest\RFTest
shell:   False
stdout:  PIPE
stderr:  PIPE
stdin:   PIPE
alias:   None
env:     None</msg>
<msg timestamp="20230109 00:06:45.378" level="TRACE">Return: &lt;Popen: returncode: None args: ['calc']&gt;</msg>
<status status="PASS" starttime="20230109 00:06:45.369" endtime="20230109 00:06:45.378"/>
</kw>
<kw name="Wait Until Keyword Succeeds" library="BuiltIn">
<arg>2x</arg>
<arg>3s</arg>
<arg>program.Find</arg>
<doc>Runs the specified keyword and retries if it fails.</doc>
<msg timestamp="20230109 00:06:45.380" level="TRACE">Arguments: [ '2x' | '3s' | 'program.Find' ]</msg>
<kw name="Find" library="program">
<doc>Called to locate any anchor for the window and revise relative locations to 
widgets.</doc>
<msg timestamp="20230109 00:06:45.380" level="TRACE">Arguments: [  ]</msg>
<msg timestamp="20230109 00:06:45.381" level="DEBUG">Command to send: c
t
createPattern
sC:/Users/Benny/Documents/github/DahlgrenTest/RFGUIHelper/configs/progCalc/calcIcon.png
e
</msg>
<msg timestamp="20230109 00:06:45.387" level="DEBUG">Answer received: !yro181</msg>
<msg timestamp="20230109 00:06:45.387" level="DEBUG">Command to send: c
t
getScreen
i0
e
</msg>
<msg timestamp="20230109 00:06:45.398" level="DEBUG">Answer received: !yro182</msg>
<msg timestamp="20230109 00:06:45.399" level="DEBUG">Command to send: c
o182
find
ro181
e
</msg>
<msg timestamp="20230109 00:06:45.945" level="DEBUG">Answer received: !xro183</msg>
<msg timestamp="20230109 00:06:45.945" level="DEBUG">Command to send: p
ro183
e
</msg>
<msg timestamp="20230109 00:06:45.945" level="DEBUG">Answer received: !ysFindFailed: C:/Users/Benny/Documents/github/DahlgrenTest/RFGUIHelper/configs/progCalc/calcIcon.png: (29x26) seen at (84, 85) with 1.00 in R[0,0 1366x768]@S(0)\n  Line 2291, in file Region.java\n\r\n	at org.sikuli.script.Region.find(Region.java:2291)\r\n	at sun.reflect.GeneratedMethodAccessor7.invoke(Unknown Source)\r\n	at sun.reflect.DelegatingMethodAccessorImpl.invoke(Unknown Source)\r\n	at java.lang.reflect.Method.invoke(Unknown Source)\r\n	at py4j.reflection.MethodInvoker.invoke(MethodInvoker.java:244)\r\n	at py4j.reflection.ReflectionEngine.invoke(ReflectionEngine.java:357)\r\n	at py4j.Gateway.invoke(Gateway.java:282)\r\n	at py4j.commands.AbstractCommand.invokeMethod(AbstractCommand.java:132)\r\n	at py4j.commands.CallCommand.execute(CallCommand.java:79)\r\n	at py4j.GatewayConnection.run(GatewayConnection.java:238)\r\n	at java.lang.Thread.run(Unknown Source)\r\n</msg>
<msg timestamp="20230109 00:06:45.946" level="DEBUG">Command to send: p
ro183
e
</msg>
<msg timestamp="20230109 00:06:45.947" level="DEBUG">Answer received: !ysFindFailed: C:/Users/Benny/Documents/github/DahlgrenTest/RFGUIHelper/configs/progCalc/calcIcon.png: (29x26) seen at (84, 85) with 1.00 in R[0,0 1366x768]@S(0)\n  Line 2291, in file Region.java\n\r\n	at org.sikuli.script.Region.find(Region.java:2291)\r\n	at sun.reflect.GeneratedMethodAccessor7.invoke(Unknown Source)\r\n	at sun.reflect.DelegatingMethodAccessorImpl.invoke(Unknown Source)\r\n	at java.lang.reflect.Method.invoke(Unknown Source)\r\n	at py4j.reflection.MethodInvoker.invoke(MethodInvoker.java:244)\r\n	at py4j.reflection.ReflectionEngine.invoke(ReflectionEngine.java:357)\r\n	at py4j.Gateway.invoke(Gateway.java:282)\r\n	at py4j.commands.AbstractCommand.invokeMethod(AbstractCommand.java:132)\r\n	at py4j.commands.CallCommand.execute(CallCommand.java:79)\r\n	at py4j.GatewayConnection.run(GatewayConnection.java:238)\r\n	at java.lang.Thread.run(Unknown Source)\r\n</msg>
<msg timestamp="20230109 00:06:45.947" level="FAIL">Py4JJavaError: An error occurred while calling o182.find.
: FindFailed: C:/Users/Benny/Documents/github/DahlgrenTest/RFGUIHelper/configs/progCalc/calcIcon.png: (29x26) seen at (84, 85) with 1.00 in R[0,0 1366x768]@S(0)
  Line 2291, in file Region.java

	at org.sikuli.script.Region.find(Region.java:2291)
	at sun.reflect.GeneratedMethodAccessor7.invoke(Unknown Source)
	at sun.reflect.DelegatingMethodAccessorImpl.invoke(Unknown Source)
	at java.lang.reflect.Method.invoke(Unknown Source)
	at py4j.reflection.MethodInvoker.invoke(MethodInvoker.java:244)
	at py4j.reflection.ReflectionEngine.invoke(ReflectionEngine.java:357)
	at py4j.Gateway.invoke(Gateway.java:282)
	at py4j.commands.AbstractCommand.invokeMethod(AbstractCommand.java:132)
	at py4j.commands.CallCommand.execute(CallCommand.java:79)
	at py4j.GatewayConnection.run(GatewayConnection.java:238)
	at java.lang.Thread.run(Unknown Source)
</msg>
<msg timestamp="20230109 00:06:45.951" level="DEBUG">Command to send: p
ro183
e
</msg>
<msg timestamp="20230109 00:06:45.951" level="DEBUG">Answer received: !ysFindFailed: C:/Users/Benny/Documents/github/DahlgrenTest/RFGUIHelper/configs/progCalc/calcIcon.png: (29x26) seen at (84, 85) with 1.00 in R[0,0 1366x768]@S(0)\n  Line 2291, in file Region.java\n\r\n	at org.sikuli.script.Region.find(Region.java:2291)\r\n	at sun.reflect.GeneratedMethodAccessor7.invoke(Unknown Source)\r\n	at sun.reflect.DelegatingMethodAccessorImpl.invoke(Unknown Source)\r\n	at java.lang.reflect.Method.invoke(Unknown Source)\r\n	at py4j.reflection.MethodInvoker.invoke(MethodInvoker.java:244)\r\n	at py4j.reflection.ReflectionEngine.invoke(ReflectionEngine.java:357)\r\n	at py4j.Gateway.invoke(Gateway.java:282)\r\n	at py4j.commands.AbstractCommand.invokeMethod(AbstractCommand.java:132)\r\n	at py4j.commands.CallCommand.execute(CallCommand.java:79)\r\n	at py4j.GatewayConnection.run(GatewayConnection.java:238)\r\n	at java.lang.Thread.run(Unknown Source)\r\n</msg>
<msg timestamp="20230109 00:06:45.951" level="DEBUG">Traceback (most recent call last):
  File "C:\Users\Benny\Documents\github\DahlgrenTest\RFTest\widgets\window.py", line 44, in find
    loc = anchor.find()
  File "C:\Users\Benny\Documents\github\DahlgrenTest\RFTest\widgets\widget.py", line 122, in find
    return self.tester.findElement(self.description)
  File "C:\Users\Benny\Documents\github\DahlgrenTest\RFTest\OQE\sikulilibrary.py", line 88, in findElement
    temp = screen.find(pattern)
  File "C:\Users\Benny\AppData\Local\Programs\Python\Python310\lib\site-packages\py4j\java_gateway.py", line 1321, in __call__
    return_value = get_return_value(
  File "C:\Users\Benny\AppData\Local\Programs\Python\Python310\lib\site-packages\py4j\protocol.py", line 326, in get_return_value
    raise Py4JJavaError(
py4j.protocol.Py4JJavaError: An error occurred while calling o182.find.
: FindFailed: C:/Users/Benny/Documents/github/DahlgrenTest/RFGUIHelper/configs/progCalc/calcIcon.png: (29x26) seen at (84, 85) with 1.00 in R[0,0 1366x768]@S(0)
  Line 2291, in file Region.java

	at org.sikuli.script.Region.find(Region.java:2291)
	at sun.reflect.GeneratedMethodAccessor7.invoke(Unknown Source)
	at sun.reflect.DelegatingMethodAccessorImpl.invoke(Unknown Source)
	at java.lang.reflect.Method.invoke(Unknown Source)
	at py4j.reflection.MethodInvoker.invoke(MethodInvoker.java:244)
	at py4j.reflection.ReflectionEngine.invoke(ReflectionEngine.java:357)
	at py4j.Gateway.invoke(Gateway.java:282)
	at py4j.commands.AbstractCommand.invokeMethod(AbstractCommand.java:132)
	at py4j.commands.CallCommand.execute(CallCommand.java:79)
	at py4j.GatewayConnection.run(GatewayConnection.java:238)
	at java.lang.Thread.run(Unknown Source)</msg>
<status status="FAIL" starttime="20230109 00:06:45.380" endtime="20230109 00:06:45.951"/>
</kw>
<kw name="Find" library="program">
<doc>Called to locate any anchor for the window and revise relative locations to 
widgets.</doc>
<msg timestamp="20230109 00:06:48.963" level="TRACE">Arguments: [  ]</msg>
<msg timestamp="20230109 00:06:48.963" level="DEBUG">Command to send: c
t
createPattern
sC:/Users/Benny/Documents/github/DahlgrenTest/RFGUIHelper/configs/progCalc/calcIcon.png
e
</msg>
<msg timestamp="20230109 00:06:48.965" level="DEBUG">Answer received: !yro184</msg>
<msg timestamp="20230109 00:06:48.965" level="DEBUG">Command to send: c
t
getScreen
i0
e
</msg>
<msg timestamp="20230109 00:06:48.967" level="DEBUG">Answer received: !yro185</msg>
<msg timestamp="20230109 00:06:48.967" level="DEBUG">Command to send: c
o185
find
ro184
e
</msg>
<msg timestamp="20230109 00:06:49.350" level="DEBUG">Answer received: !yro186</msg>
<msg timestamp="20230109 00:06:49.350" level="DEBUG">Command to send: c
o186
getScore
e
</msg>
<msg timestamp="20230109 00:06:49.350" level="DEBUG">Answer received: !yd1.0</msg>
<msg timestamp="20230109 00:06:49.350" level="DEBUG">Command to send: c
o186
getTarget
e
</msg>
<msg timestamp="20230109 00:06:49.351" level="DEBUG">Answer received: !yro187</msg>
<msg timestamp="20230109 00:06:49.351" level="DEBUG">Command to send: c
o187
getX
e
</msg>
<msg timestamp="20230109 00:06:49.351" level="DEBUG">Answer received: !yi98</msg>
<msg timestamp="20230109 00:06:49.351" level="DEBUG">Command to send: c
o187
getY
e
</msg>
<msg timestamp="20230109 00:06:49.351" level="DEBUG">Answer received: !yi98</msg>
<msg timestamp="20230109 00:06:49.352" level="TRACE">Return: 'calcIcon'</msg>
<status status="PASS" starttime="20230109 00:06:48.962" endtime="20230109 00:06:49.352"/>
</kw>
<msg timestamp="20230109 00:06:49.352" level="TRACE">Return: 'calcIcon'</msg>
<status status="PASS" starttime="20230109 00:06:45.380" endtime="20230109 00:06:49.352"/>
</kw>
<kw name="Document API" library="program">
<var>${tmp}</var>
<doc>Returns a single string containing a set of all widgets in the window and 
their available functions.</doc>
<msg timestamp="20230109 00:06:49.353" level="TRACE">Arguments: [  ]</msg>
<msg timestamp="20230109 00:06:49.353" level="TRACE">Return: 'Window[progCalc]: find, setGroup, move, setLocation, click, capture, captureSmall\n\tAchor[calcIcon]: find, click, doubleClick, capture, captureSmall\n\tButton[closeButton]: read, click, doubleClick, capture, captureSmall\n\tButton[hamburgerMenu]: read, click, doubleClick, capture, captureSmall\n\tTextField[calcType]: read, write, capture, captureSmall\n\tButton[bitShift]: read, click, doubleClick, capture, captureSmall\n'</msg>
<msg timestamp="20230109 00:06:49.354" level="INFO">${tmp} = Window[progCalc]: find, setGroup, move, setLocation, click, capture, captureSmall
	Achor[calcIcon]: find, click, doubleClick, capture, captureSmall
	Button[closeButton]: read, click, doubleClick, capt...</msg>
<status status="PASS" starttime="20230109 00:06:49.353" endtime="20230109 00:06:49.354"/>
</kw>
<kw name="Log" library="BuiltIn">
<arg>${tmp}</arg>
<doc>Logs the given message with the given level.</doc>
<msg timestamp="20230109 00:06:49.354" level="TRACE">Arguments: [ 'Window[progCalc]: find, setGroup, move, setLocation, click, capture, captureSmall\n\tAchor[calcIcon]: find, click, doubleClick, capture, captureSmall\n\tButton[closeButton]: read, click, doubleClick, capture, captureSmall\n\tButton[hamburgerMenu]: read, click, doubleClick, capture, captureSmall\n\tTextField[calcType]: read, write, capture, captureSmall\n\tButton[bitShift]: read, click, doubleClick, capture, captureSmall\n' ]</msg>
<msg timestamp="20230109 00:06:49.355" level="INFO">Window[progCalc]: find, setGroup, move, setLocation, click, capture, captureSmall
	Achor[calcIcon]: find, click, doubleClick, capture, captureSmall
	Button[closeButton]: read, click, doubleClick, capture, captureSmall
	Button[hamburgerMenu]: read, click, doubleClick, capture, captureSmall
	TextField[calcType]: read, write, capture, captureSmall
	Button[bitShift]: read, click, doubleClick, capture, captureSmall
</msg>
<msg timestamp="20230109 00:06:49.355" level="TRACE">Return: None</msg>
<status status="PASS" starttime="20230109 00:06:49.354" endtime="20230109 00:06:49.355"/>
</kw>
<kw name="Document API" library="radios">
<var>${tmp}</var>
<doc>Returns a single string containing a set of all widgets in the window and 
their available functions.</doc>
<msg timestamp="20230109 00:06:49.355" level="TRACE">Arguments: [  ]</msg>
<msg timestamp="20230109 00:06:49.356" level="TRACE">Return: 'Window[bsradios]: find, setGroup, move, setLocation, click, capture, captureSmall\n\tAchor[textAnchor]: find, click, doubleClick, capture, captureSmall\n\tRadioButton[arithRadio]: setGroup, read, click, doubleClick, capture, captureSmall, getState\n\tRadioButton[logicRadio]: setGroup, read, click, doubleClick, capture, captureSmall, getState\n\tRadioButton[circRadio]: setGroup, read, click, doubleClick, capture, captureSmall, getState\n\tRadioButton[carryRadio]: setGroup, read, click, doubleClick, capture, captureSmall, getState\n'</msg>
<msg timestamp="20230109 00:06:49.356" level="INFO">${tmp} = Window[bsradios]: find, setGroup, move, setLocation, click, capture, captureSmall
	Achor[textAnchor]: find, click, doubleClick, capture, captureSmall
	RadioButton[arithRadio]: setGroup, read, click, d...</msg>
<status status="PASS" starttime="20230109 00:06:49.355" endtime="20230109 00:06:49.356"/>
</kw>
<kw name="Log" library="BuiltIn">
<arg>${tmp}</arg>
<doc>Logs the given message with the given level.</doc>
<msg timestamp="20230109 00:06:49.357" level="TRACE">Arguments: [ 'Window[bsradios]: find, setGroup, move, setLocation, click, capture, captureSmall\n\tAchor[textAnchor]: find, click, doubleClick, capture, captureSmall\n\tRadioButton[arithRadio]: setGroup, read, click, doubleClick, capture, captureSmall, getState\n\tRadioButton[logicRadio]: setGroup, read, click, doubleClick, capture, captureSmall, getState\n\tRadioButton[circRadio]: setGroup, read, click, doubleClick, capture, captureSmall, getState\n\tRadioButton[carryRadio]: setGroup, read, click, doubleClick, capture, captureSmall, getState\n' ]</msg>
<msg timestamp="20230109 00:06:49.357" level="INFO">Window[bsradios]: find, setGroup, move, setLocation, click, capture, captureSmall
	Achor[textAnchor]: find, click, doubleClick, capture, captureSmall
	RadioButton[arithRadio]: setGroup, read, click, doubleClick, capture, captureSmall, getState
	RadioButton[logicRadio]: setGroup, read, click, doubleClick, capture, captureSmall, getState
	RadioButton[circRadio]: setGroup, read, click, doubleClick, capture, captureSmall, getState
	RadioButton[carryRadio]: setGroup, read, click, doubleClick, capture, captureSmall, getState
</msg>
<msg timestamp="20230109 00:06:49.357" level="TRACE">Return: None</msg>
<status status="PASS" starttime="20230109 00:06:49.356" endtime="20230109 00:06:49.357"/>
</kw>
<kw name="Debug Window" library="program">
<doc>Uses the image library debug feature to identify the GUI component.</doc>
<msg timestamp="20230109 00:06:49.357" level="TRACE">Arguments: [  ]</msg>
<msg timestamp="20230109 00:06:49.358" level="DEBUG">Command to send: c
t
createPattern
sC:/Users/Benny/Documents/github/DahlgrenTest/RFGUIHelper/configs/progCalc/calcIcon.png
e
</msg>
<msg timestamp="20230109 00:06:49.359" level="DEBUG">Answer received: !yro188</msg>
<msg timestamp="20230109 00:06:49.359" level="DEBUG">Command to send: c
t
getScreen
i0
e
</msg>
<msg timestamp="20230109 00:06:49.362" level="DEBUG">Answer received: !yro189</msg>
<msg timestamp="20230109 00:06:49.362" level="DEBUG">Command to send: c
o189
find
ro188
e
</msg>
<msg timestamp="20230109 00:06:49.759" level="DEBUG">Answer received: !yro190</msg>
<msg timestamp="20230109 00:06:49.759" level="DEBUG">Command to send: c
o190
getScore
e
</msg>
<msg timestamp="20230109 00:06:49.760" level="DEBUG">Answer received: !yd1.0</msg>
<msg timestamp="20230109 00:06:49.760" level="DEBUG">Command to send: c
o190
getTarget
e
</msg>
<msg timestamp="20230109 00:06:49.760" level="DEBUG">Answer received: !yro191</msg>
<msg timestamp="20230109 00:06:49.760" level="DEBUG">Command to send: c
o191
getX
e
</msg>
<msg timestamp="20230109 00:06:49.760" level="DEBUG">Answer received: !yi98</msg>
<msg timestamp="20230109 00:06:49.761" level="DEBUG">Command to send: c
o191
getY
e
</msg>
<msg timestamp="20230109 00:06:49.761" level="DEBUG">Answer received: !yi98</msg>
<msg timestamp="20230109 00:06:49.761" level="DEBUG">Command to send: c
o190
highlight
d0.25
e
</msg>
<msg timestamp="20230109 00:06:50.328" level="DEBUG">Answer received: !yro192</msg>
<msg timestamp="20230109 00:06:50.328" level="DEBUG">Command to send: m
d
o192
e
</msg>
<msg timestamp="20230109 00:06:50.328" level="DEBUG">Answer received: !yv</msg>
<msg timestamp="20230109 00:06:50.328" level="DEBUG">Command to send: c
t
createRegion
i530
i86
i27
i22
e
</msg>
<msg timestamp="20230109 00:06:50.329" level="DEBUG">Answer received: !yro193</msg>
<msg timestamp="20230109 00:06:50.329" level="DEBUG">Command to send: c
o193
highlight
d0.25
e
</msg>
<msg timestamp="20230109 00:06:50.887" level="DEBUG">Answer received: !yro194</msg>
<msg timestamp="20230109 00:06:50.887" level="DEBUG">Command to send: m
d
o194
e
</msg>
<msg timestamp="20230109 00:06:50.888" level="DEBUG">Answer received: !yv</msg>
<msg timestamp="20230109 00:06:50.888" level="DEBUG">Command to send: c
t
createRegion
i81
i122
i32
i27
e
</msg>
<msg timestamp="20230109 00:06:50.889" level="DEBUG">Answer received: !yro195</msg>
<msg timestamp="20230109 00:06:50.889" level="DEBUG">Command to send: c
o195
highlight
d0.25
e
</msg>
<msg timestamp="20230109 00:06:51.457" level="DEBUG">Answer received: !yro196</msg>
<msg timestamp="20230109 00:06:51.457" level="DEBUG">Command to send: m
d
o196
e
</msg>
<msg timestamp="20230109 00:06:51.458" level="DEBUG">Answer received: !yv</msg>
<msg timestamp="20230109 00:06:51.458" level="DEBUG">Command to send: c
t
createRegion
i113
i122
i140
i36
e
</msg>
<msg timestamp="20230109 00:06:51.459" level="DEBUG">Answer received: !yro197</msg>
<msg timestamp="20230109 00:06:51.459" level="DEBUG">Command to send: c
o197
highlight
d0.25
e
</msg>
<msg timestamp="20230109 00:06:52.027" level="DEBUG">Answer received: !yro198</msg>
<msg timestamp="20230109 00:06:52.027" level="DEBUG">Command to send: m
d
o198
e
</msg>
<msg timestamp="20230109 00:06:52.027" level="DEBUG">Answer received: !yv</msg>
<msg timestamp="20230109 00:06:52.027" level="DEBUG">Command to send: c
t
createRegion
i174
i360
i101
i31
e
</msg>
<msg timestamp="20230109 00:06:52.028" level="DEBUG">Answer received: !yro199</msg>
<msg timestamp="20230109 00:06:52.028" level="DEBUG">Command to send: c
o199
highlight
d0.25
e
</msg>
<msg timestamp="20230109 00:06:52.584" level="DEBUG">Answer received: !yro200</msg>
<msg timestamp="20230109 00:06:52.584" level="DEBUG">Command to send: m
d
o200
e
</msg>
<msg timestamp="20230109 00:06:52.584" level="DEBUG">Answer received: !yv</msg>
<msg timestamp="20230109 00:06:52.584" level="TRACE">Return: None</msg>
<status status="PASS" starttime="20230109 00:06:49.357" endtime="20230109 00:06:52.585"/>
</kw>
<status status="PASS" starttime="20230109 00:06:45.167" endtime="20230109 00:06:52.587"/>
</test>
<test id="s1-t2" name="Check Mode" line="25">
<kw name="Find" library="program">
<doc>Called to locate any anchor for the window and revise relative locations to 
widgets.</doc>
<msg timestamp="20230109 00:06:52.591" level="TRACE">Arguments: [  ]</msg>
<msg timestamp="20230109 00:06:52.592" level="DEBUG">Command to send: c
t
createPattern
sC:/Users/Benny/Documents/github/DahlgrenTest/RFGUIHelper/configs/progCalc/calcIcon.png
e
</msg>
<msg timestamp="20230109 00:06:52.628" level="DEBUG">Answer received: !yro201</msg>
<msg timestamp="20230109 00:06:52.628" level="DEBUG">Command to send: c
t
getScreen
i0
e
</msg>
<msg timestamp="20230109 00:06:52.632" level="DEBUG">Answer received: !yro202</msg>
<msg timestamp="20230109 00:06:52.632" level="DEBUG">Command to send: c
o202
find
ro201
e
</msg>
<msg timestamp="20230109 00:06:53.250" level="DEBUG">Answer received: !yro203</msg>
<msg timestamp="20230109 00:06:53.250" level="DEBUG">Command to send: c
o203
getScore
e
</msg>
<msg timestamp="20230109 00:06:53.250" level="DEBUG">Answer received: !yd1.0</msg>
<msg timestamp="20230109 00:06:53.250" level="DEBUG">Command to send: c
o203
getTarget
e
</msg>
<msg timestamp="20230109 00:06:53.250" level="DEBUG">Answer received: !yro204</msg>
<msg timestamp="20230109 00:06:53.251" level="DEBUG">Command to send: c
o204
getX
e
</msg>
<msg timestamp="20230109 00:06:53.251" level="DEBUG">Answer received: !yi98</msg>
<msg timestamp="20230109 00:06:53.251" level="DEBUG">Command to send: c
o204
getY
e
</msg>
<msg timestamp="20230109 00:06:53.251" level="DEBUG">Answer received: !yi98</msg>
<msg timestamp="20230109 00:06:53.251" level="TRACE">Return: 'calcIcon'</msg>
<status status="PASS" starttime="20230109 00:06:52.591" endtime="20230109 00:06:53.251"/>
</kw>
<kw name="Read" library="program">
<var>${a}</var>
<arg>calcType</arg>
<doc>Read and return text from the intended widget</doc>
<msg timestamp="20230109 00:06:53.252" level="TRACE">Arguments: [ 'calcType' ]</msg>
<msg timestamp="20230109 00:06:53.253" level="DEBUG">Command to send: c
t
createRegion
i113
i122
i140
i36
e
</msg>
<msg timestamp="20230109 00:06:53.255" level="DEBUG">Answer received: !yro205</msg>
<msg timestamp="20230109 00:06:53.256" level="DEBUG">Command to send: c
t
getScreen
e
</msg>
<msg timestamp="20230109 00:06:53.258" level="DEBUG">Answer received: !yro206</msg>
<msg timestamp="20230109 00:06:53.258" level="DEBUG">Command to send: c
o206
capture
ro205
e
</msg>
<msg timestamp="20230109 00:06:53.277" level="DEBUG">Answer received: !yro207</msg>
<msg timestamp="20230109 00:06:53.278" level="DEBUG">Command to send: c
o207
getFilename
e
</msg>
<msg timestamp="20230109 00:06:53.309" level="DEBUG">Answer received: !ysC:\\Users\\Benny\\AppData\\Local\\Temp\\Sikulix_338785168\\sikuliximage-1673240813300.png</msg>
<msg timestamp="20230109 00:06:53.771" level="TRACE">Return: 'Programmer'</msg>
<msg timestamp="20230109 00:06:53.771" level="INFO">${a} = Programmer</msg>
<status status="PASS" starttime="20230109 00:06:53.252" endtime="20230109 00:06:53.771"/>
</kw>
<kw name="Run Keyword If" library="BuiltIn">
<arg>'${a}'!='Programmer'</arg>
<arg>Change Mode</arg>
<arg>Programmer</arg>
<doc>Runs the given keyword with the given arguments, if ``condition`` is true.</doc>
<msg timestamp="20230109 00:06:53.775" level="TRACE">Arguments: [ "'Programmer'!='Programmer'" | 'Change Mode' | 'Programmer' ]</msg>
<msg timestamp="20230109 00:06:53.776" level="TRACE">Return: None</msg>
<status status="PASS" starttime="20230109 00:06:53.775" endtime="20230109 00:06:53.776"/>
</kw>
<status status="PASS" starttime="20230109 00:06:52.590" endtime="20230109 00:06:53.777"/>
</test>
<test id="s1-t3" name="Change BitShift" line="30">
<kw name="Find" library="program">
<doc>Called to locate any anchor for the window and revise relative locations to 
widgets.</doc>
<msg timestamp="20230109 00:06:53.810" level="TRACE">Arguments: [  ]</msg>
<msg timestamp="20230109 00:06:53.811" level="DEBUG">Command to send: c
t
createPattern
sC:/Users/Benny/Documents/github/DahlgrenTest/RFGUIHelper/configs/progCalc/calcIcon.png
e
</msg>
<msg timestamp="20230109 00:06:53.818" level="DEBUG">Answer received: !yro208</msg>
<msg timestamp="20230109 00:06:53.819" level="DEBUG">Command to send: c
t
getScreen
i0
e
</msg>
<msg timestamp="20230109 00:06:53.819" level="DEBUG">Answer received: !yro209</msg>
<msg timestamp="20230109 00:06:53.820" level="DEBUG">Command to send: c
o209
find
ro208
e
</msg>
<msg timestamp="20230109 00:06:54.361" level="DEBUG">Answer received: !yro210</msg>
<msg timestamp="20230109 00:06:54.361" level="DEBUG">Command to send: c
o210
getScore
e
</msg>
<msg timestamp="20230109 00:06:54.362" level="DEBUG">Answer received: !yd1.0</msg>
<msg timestamp="20230109 00:06:54.362" level="DEBUG">Command to send: c
o210
getTarget
e
</msg>
<msg timestamp="20230109 00:06:54.362" level="DEBUG">Answer received: !yro211</msg>
<msg timestamp="20230109 00:06:54.362" level="DEBUG">Command to send: c
o211
getX
e
</msg>
<msg timestamp="20230109 00:06:54.362" level="DEBUG">Answer received: !yi98</msg>
<msg timestamp="20230109 00:06:54.362" level="DEBUG">Command to send: c
o211
getY
e
</msg>
<msg timestamp="20230109 00:06:54.363" level="DEBUG">Answer received: !yi98</msg>
<msg timestamp="20230109 00:06:54.363" level="TRACE">Return: 'calcIcon'</msg>
<status status="PASS" starttime="20230109 00:06:53.810" endtime="20230109 00:06:54.363"/>
</kw>
<kw name="Click" library="program">
<arg>bitShift</arg>
<doc>Clicks on the intended widget</doc>
<msg timestamp="20230109 00:06:54.364" level="TRACE">Arguments: [ 'bitShift' ]</msg>
<msg timestamp="20230109 00:06:54.364" level="DEBUG">Command to send: c
t
createRegion
i174
i360
i101
i31
e
</msg>
<msg timestamp="20230109 00:06:54.366" level="DEBUG">Answer received: !yro212</msg>
<msg timestamp="20230109 00:06:54.367" level="DEBUG">Command to send: c
o212
click
e
</msg>
<msg timestamp="20230109 00:06:55.204" level="DEBUG">Answer received: !yi1</msg>
<msg timestamp="20230109 00:06:55.206" level="TRACE">Return: None</msg>
<status status="PASS" starttime="20230109 00:06:54.364" endtime="20230109 00:06:55.207"/>
</kw>
<kw name="Sleep" library="BuiltIn">
<arg>1s</arg>
<doc>Pauses the test executed for the given time.</doc>
<msg timestamp="20230109 00:06:55.208" level="TRACE">Arguments: [ '1s' ]</msg>
<msg timestamp="20230109 00:06:56.224" level="INFO">Slept 1 second</msg>
<msg timestamp="20230109 00:06:56.224" level="TRACE">Return: None</msg>
<status status="PASS" starttime="20230109 00:06:55.207" endtime="20230109 00:06:56.224"/>
</kw>
<kw name="Find" library="radios">
<doc>Called to locate any anchor for the window and revise relative locations to 
widgets.</doc>
<msg timestamp="20230109 00:06:56.227" level="DEBUG">Command to send: m
d
o184
e
</msg>
<msg timestamp="20230109 00:06:56.227" level="DEBUG">Answer received: !yv</msg>
<msg timestamp="20230109 00:06:56.227" level="DEBUG">Command to send: m
d
o185
e
</msg>
<msg timestamp="20230109 00:06:56.227" level="DEBUG">Answer received: !yv</msg>
<msg timestamp="20230109 00:06:56.227" level="DEBUG">Command to send: m
d
o186
e
</msg>
<msg timestamp="20230109 00:06:56.228" level="DEBUG">Answer received: !yv</msg>
<msg timestamp="20230109 00:06:56.228" level="DEBUG">Command to send: m
d
o187
e
</msg>
<msg timestamp="20230109 00:06:56.228" level="DEBUG">Answer received: !yv</msg>
<msg timestamp="20230109 00:06:56.228" level="DEBUG">Command to send: m
d
o188
e
</msg>
<msg timestamp="20230109 00:06:56.228" level="DEBUG">Answer received: !yv</msg>
<msg timestamp="20230109 00:06:56.228" level="DEBUG">Command to send: m
d
o189
e
</msg>
<msg timestamp="20230109 00:06:56.228" level="DEBUG">Answer received: !yv</msg>
<msg timestamp="20230109 00:06:56.229" level="DEBUG">Command to send: m
d
o190
e
</msg>
<msg timestamp="20230109 00:06:56.229" level="DEBUG">Answer received: !yv</msg>
<msg timestamp="20230109 00:06:56.229" level="DEBUG">Command to send: m
d
o191
e
</msg>
<msg timestamp="20230109 00:06:56.229" level="DEBUG">Answer received: !yv</msg>
<msg timestamp="20230109 00:06:56.229" level="DEBUG">Command to send: m
d
o193
e
</msg>
<msg timestamp="20230109 00:06:56.229" level="DEBUG">Answer received: !yv</msg>
<msg timestamp="20230109 00:06:56.229" level="DEBUG">Command to send: m
d
o195
e
</msg>
<msg timestamp="20230109 00:06:56.230" level="DEBUG">Answer received: !yv</msg>
<msg timestamp="20230109 00:06:56.230" level="DEBUG">Command to send: m
d
o197
e
</msg>
<msg timestamp="20230109 00:06:56.230" level="DEBUG">Answer received: !yv</msg>
<msg timestamp="20230109 00:06:56.230" level="DEBUG">Command to send: m
d
o199
e
</msg>
<msg timestamp="20230109 00:06:56.230" level="DEBUG">Answer received: !yv</msg>
<msg timestamp="20230109 00:06:56.230" level="DEBUG">Command to send: m
d
o201
e
</msg>
<msg timestamp="20230109 00:06:56.230" level="DEBUG">Answer received: !yv</msg>
<msg timestamp="20230109 00:06:56.230" level="DEBUG">Command to send: m
d
o202
e
</msg>
<msg timestamp="20230109 00:06:56.231" level="DEBUG">Answer received: !yv</msg>
<msg timestamp="20230109 00:06:56.231" level="DEBUG">Command to send: m
d
o203
e
</msg>
<msg timestamp="20230109 00:06:56.231" level="DEBUG">Answer received: !yv</msg>
<msg timestamp="20230109 00:06:56.231" level="DEBUG">Command to send: m
d
o204
e
</msg>
<msg timestamp="20230109 00:06:56.231" level="DEBUG">Answer received: !yv</msg>
<msg timestamp="20230109 00:06:56.231" level="DEBUG">Command to send: m
d
o205
e
</msg>
<msg timestamp="20230109 00:06:56.231" level="DEBUG">Answer received: !yv</msg>
<msg timestamp="20230109 00:06:56.232" level="DEBUG">Command to send: m
d
o206
e
</msg>
<msg timestamp="20230109 00:06:56.232" level="DEBUG">Answer received: !yv</msg>
<msg timestamp="20230109 00:06:56.232" level="DEBUG">Command to send: m
d
o207
e
</msg>
<msg timestamp="20230109 00:06:56.232" level="DEBUG">Answer received: !yv</msg>
<msg timestamp="20230109 00:06:56.232" level="DEBUG">Command to send: m
d
o208
e
</msg>
<msg timestamp="20230109 00:06:56.232" level="DEBUG">Answer received: !yv</msg>
<msg timestamp="20230109 00:06:56.232" level="DEBUG">Command to send: m
d
o209
e
</msg>
<msg timestamp="20230109 00:06:56.233" level="DEBUG">Answer received: !yv</msg>
<msg timestamp="20230109 00:06:56.233" level="DEBUG">Command to send: m
d
o210
e
</msg>
<msg timestamp="20230109 00:06:56.233" level="DEBUG">Answer received: !yv</msg>
<msg timestamp="20230109 00:06:56.233" level="DEBUG">Command to send: m
d
o211
e
</msg>
<msg timestamp="20230109 00:06:56.233" level="DEBUG">Answer received: !yv</msg>
<msg timestamp="20230109 00:06:56.233" level="DEBUG">Command to send: m
d
o183
e
</msg>
<msg timestamp="20230109 00:06:56.234" level="DEBUG">Answer received: !yv</msg>
<msg timestamp="20230109 00:06:56.234" level="TRACE">Arguments: [  ]</msg>
<msg timestamp="20230109 00:06:56.234" level="DEBUG">Command to send: c
t
createPattern
sC:/Users/Benny/Documents/github/DahlgrenTest/RFGUIHelper/configs/bsradios/textAnchor.png
e
</msg>
<msg timestamp="20230109 00:06:56.246" level="DEBUG">Answer received: !yro213</msg>
<msg timestamp="20230109 00:06:56.246" level="DEBUG">Command to send: c
t
getScreen
i0
e
</msg>
<msg timestamp="20230109 00:06:56.246" level="DEBUG">Answer received: !yro214</msg>
<msg timestamp="20230109 00:06:56.247" level="DEBUG">Command to send: c
o214
find
ro213
e
</msg>
<msg timestamp="20230109 00:06:56.816" level="DEBUG">Answer received: !yro215</msg>
<msg timestamp="20230109 00:06:56.816" level="DEBUG">Command to send: c
o215
getScore
e
</msg>
<msg timestamp="20230109 00:06:56.817" level="DEBUG">Answer received: !yd0.9999966025352478</msg>
<msg timestamp="20230109 00:06:56.817" level="DEBUG">Command to send: c
o215
getTarget
e
</msg>
<msg timestamp="20230109 00:06:56.817" level="DEBUG">Answer received: !yro216</msg>
<msg timestamp="20230109 00:06:56.817" level="DEBUG">Command to send: c
o216
getX
e
</msg>
<msg timestamp="20230109 00:06:56.817" level="DEBUG">Answer received: !yi224</msg>
<msg timestamp="20230109 00:06:56.818" level="DEBUG">Command to send: c
o216
getY
e
</msg>
<msg timestamp="20230109 00:06:56.818" level="DEBUG">Answer received: !yi464</msg>
<msg timestamp="20230109 00:06:56.818" level="TRACE">Return: 'textAnchor'</msg>
<status status="PASS" starttime="20230109 00:06:56.226" endtime="20230109 00:06:56.818"/>
</kw>
<kw name="Click" library="radios">
<arg>logicRadio</arg>
<doc>Clicks on the intended widget</doc>
<msg timestamp="20230109 00:06:56.819" level="TRACE">Arguments: [ 'logicRadio' ]</msg>
<msg timestamp="20230109 00:06:56.819" level="DEBUG">Command to send: c
t
createRegion
i146
i445
i26
i26
e
</msg>
<msg timestamp="20230109 00:06:56.820" level="DEBUG">Answer received: !yro217</msg>
<msg timestamp="20230109 00:06:56.821" level="DEBUG">Command to send: c
o217
click
e
</msg>
<msg timestamp="20230109 00:06:57.453" level="DEBUG">Answer received: !yi1</msg>
<msg timestamp="20230109 00:06:57.453" level="TRACE">Return: None</msg>
<status status="PASS" starttime="20230109 00:06:56.819" endtime="20230109 00:06:57.453"/>
</kw>
<kw name="Click" library="program">
<arg>bitShift</arg>
<doc>Clicks on the intended widget</doc>
<msg timestamp="20230109 00:06:57.454" level="TRACE">Arguments: [ 'bitShift' ]</msg>
<msg timestamp="20230109 00:06:57.454" level="DEBUG">Command to send: c
t
createRegion
i174
i360
i101
i31
e
</msg>
<msg timestamp="20230109 00:06:57.456" level="DEBUG">Answer received: !yro218</msg>
<msg timestamp="20230109 00:06:57.456" level="DEBUG">Command to send: c
o218
click
e
</msg>
<msg timestamp="20230109 00:06:58.041" level="DEBUG">Answer received: !yi1</msg>
<msg timestamp="20230109 00:06:58.042" level="TRACE">Return: None</msg>
<status status="PASS" starttime="20230109 00:06:57.454" endtime="20230109 00:06:58.042"/>
</kw>
<kw name="Check State" library="radios">
<var>${a}</var>
<arg>logicRadio</arg>
<msg timestamp="20230109 00:06:58.044" level="TRACE">Arguments: [ 'logicRadio' ]</msg>
<msg timestamp="20230109 00:06:58.045" level="DEBUG">Command to send: c
t
createRegion
i146
i445
i26
i26
e
</msg>
<msg timestamp="20230109 00:06:58.046" level="DEBUG">Answer received: !yro219</msg>
<msg timestamp="20230109 00:06:58.046" level="DEBUG">Command to send: c
t
findImage
ro219
sC:\\Users\\Benny\\Documents\\github\\DahlgrenTest\\RFGUIHelper\\configs\\bsradios\\checked.png
e
</msg>
<msg timestamp="20230109 00:06:58.087" level="DEBUG">Answer received: !yro220</msg>
<msg timestamp="20230109 00:06:58.087" level="DEBUG">Command to send: c
o220
getScore
e
</msg>
<msg timestamp="20230109 00:06:58.088" level="DEBUG">Answer received: !yd0.9980642795562744</msg>
<msg timestamp="20230109 00:06:58.088" level="DEBUG">Command to send: c
o220
getTarget
e
</msg>
<msg timestamp="20230109 00:06:58.089" level="DEBUG">Answer received: !yro221</msg>
<msg timestamp="20230109 00:06:58.089" level="DEBUG">Command to send: c
o221
getX
e
</msg>
<msg timestamp="20230109 00:06:58.089" level="DEBUG">Answer received: !yi159</msg>
<msg timestamp="20230109 00:06:58.089" level="DEBUG">Command to send: c
o221
getY
e
</msg>
<msg timestamp="20230109 00:06:58.089" level="DEBUG">Answer received: !yi458</msg>
<msg timestamp="20230109 00:06:58.089" level="TRACE">Return: 'Checked'</msg>
<msg timestamp="20230109 00:06:58.090" level="INFO">${a} = Checked</msg>
<status status="PASS" starttime="20230109 00:06:58.044" endtime="20230109 00:06:58.090"/>
</kw>
<kw name="Run Keyword If" library="BuiltIn">
<arg>'${a}'=='Checked'</arg>
<arg>Log</arg>
<arg>Passed test</arg>
<arg>ELSE</arg>
<arg>Fail</arg>
<arg>Was not checked</arg>
<doc>Runs the given keyword with the given arguments, if ``condition`` is true.</doc>
<msg timestamp="20230109 00:06:58.107" level="TRACE">Arguments: [ "'Checked'=='Checked'" | 'Log' | 'Passed test' | 'ELSE' | 'Fail' | 'Was not checked' ]</msg>
<kw name="Log" library="BuiltIn">
<arg>Passed test</arg>
<doc>Logs the given message with the given level.</doc>
<msg timestamp="20230109 00:06:58.107" level="TRACE">Arguments: [ 'Passed test' ]</msg>
<msg timestamp="20230109 00:06:58.107" level="INFO">Passed test</msg>
<msg timestamp="20230109 00:06:58.107" level="TRACE">Return: None</msg>
<status status="PASS" starttime="20230109 00:06:58.107" endtime="20230109 00:06:58.107"/>
</kw>
<msg timestamp="20230109 00:06:58.107" level="TRACE">Return: None</msg>
<status status="PASS" starttime="20230109 00:06:58.106" endtime="20230109 00:06:58.107"/>
</kw>
<status status="PASS" starttime="20230109 00:06:53.780" endtime="20230109 00:06:58.108"/>
</test>
<test id="s1-t4" name="Clean Up" line="40">
<kw name="Find" library="program">
<doc>Called to locate any anchor for the window and revise relative locations to 
widgets.</doc>
<msg timestamp="20230109 00:06:58.112" level="TRACE">Arguments: [  ]</msg>
<msg timestamp="20230109 00:06:58.112" level="DEBUG">Command to send: c
t
createPattern
sC:/Users/Benny/Documents/github/DahlgrenTest/RFGUIHelper/configs/progCalc/calcIcon.png
e
</msg>
<msg timestamp="20230109 00:06:58.133" level="DEBUG">Answer received: !yro222</msg>
<msg timestamp="20230109 00:06:58.133" level="DEBUG">Command to send: c
t
getScreen
i0
e
</msg>
<msg timestamp="20230109 00:06:58.134" level="DEBUG">Answer received: !yro223</msg>
<msg timestamp="20230109 00:06:58.134" level="DEBUG">Command to send: c
o223
find
ro222
e
</msg>
<msg timestamp="20230109 00:06:58.828" level="DEBUG">Answer received: !yro224</msg>
<msg timestamp="20230109 00:06:58.829" level="DEBUG">Command to send: c
o224
getScore
e
</msg>
<msg timestamp="20230109 00:06:58.829" level="DEBUG">Answer received: !yd1.0</msg>
<msg timestamp="20230109 00:06:58.829" level="DEBUG">Command to send: c
o224
getTarget
e
</msg>
<msg timestamp="20230109 00:06:58.829" level="DEBUG">Answer received: !yro225</msg>
<msg timestamp="20230109 00:06:58.829" level="DEBUG">Command to send: c
o225
getX
e
</msg>
<msg timestamp="20230109 00:06:58.829" level="DEBUG">Answer received: !yi98</msg>
<msg timestamp="20230109 00:06:58.830" level="DEBUG">Command to send: c
o225
getY
e
</msg>
<msg timestamp="20230109 00:06:58.830" level="DEBUG">Answer received: !yi98</msg>
<msg timestamp="20230109 00:06:58.830" level="TRACE">Return: 'calcIcon'</msg>
<status status="PASS" starttime="20230109 00:06:58.111" endtime="20230109 00:06:58.830"/>
</kw>
<kw name="Click" library="program">
<arg>closeButton</arg>
<doc>Clicks on the intended widget</doc>
<msg timestamp="20230109 00:06:58.832" level="TRACE">Arguments: [ 'closeButton' ]</msg>
<msg timestamp="20230109 00:06:58.832" level="DEBUG">Command to send: c
t
createRegion
i530
i86
i27
i22
e
</msg>
<msg timestamp="20230109 00:06:58.866" level="DEBUG">Answer received: !yro226</msg>
<msg timestamp="20230109 00:06:58.866" level="DEBUG">Command to send: c
o226
click
e
</msg>
<msg timestamp="20230109 00:06:59.729" level="DEBUG">Answer received: !yi1</msg>
<msg timestamp="20230109 00:06:59.729" level="TRACE">Return: None</msg>
<status status="PASS" starttime="20230109 00:06:58.831" endtime="20230109 00:06:59.729"/>
</kw>
<status status="PASS" starttime="20230109 00:06:58.110" endtime="20230109 00:06:59.983"/>
</test>
<status status="PASS" starttime="20230109 00:06:43.649" endtime="20230109 00:07:00.301"/>
</suite>
<statistics>
<total>
<stat pass="4" fail="0" skip="0">All Tests</stat>
</total>
<tag>
</tag>
<suite>
<stat pass="4" fail="0" skip="0" id="s1" name="newProgrammer">newProgrammer</stat>
</suite>
</statistics>
<errors>
</errors>
</robot>
