<?xml version="1.0" encoding="UTF-8"?>
<robot generator="Robot 3.2.2 (Python 3.8.5 on linux)" generated="20210115 09:48:35.278" rpa="false">
<suite id="s1" name="Testcode" source="/home/laurenr/testcode.robot">
<test id="s1-t1" name=" Open Site">
<kw name="kw_testsite_open">
<kw name="Open Browser" library="SeleniumLibrary">
<doc>Opens a new browser instance to the optional ``url``.</doc>
<arguments>
<arg>${SITE URL}</arg>
<arg>${BROWSER}</arg>
</arguments>
<msg timestamp="20210115 09:48:35.498" level="INFO">Opening browser 'Firefox' to base url 'https://bsdillon.github.io/DahlgrenTest/html/Testing/jsprimary.html'.</msg>
<msg timestamp="20210115 09:48:35.504" level="INFO">Firefox driver log is always forced to to: /home/laurenr/geckodriver-52.log</msg>
<status status="PASS" starttime="20210115 09:48:35.497" endtime="20210115 09:48:41.134"></status>
</kw>
<kw name="Title Should Be" library="SeleniumLibrary">
<doc>Verifies that the current page title equals ``title``.</doc>
<arguments>
<arg>JavaScript Test Tool</arg>
</arguments>
<msg timestamp="20210115 09:48:41.170" level="INFO">Page title is 'JavaScript Test Tool'.</msg>
<status status="PASS" starttime="20210115 09:48:41.135" endtime="20210115 09:48:41.170"></status>
</kw>
<status status="PASS" starttime="20210115 09:48:35.497" endtime="20210115 09:48:41.171"></status>
</kw>
<status status="PASS" starttime="20210115 09:48:35.495" endtime="20210115 09:48:41.171" critical="yes"></status>
</test>
<test id="s1-t2" name=" Radio Test">
<kw name="kw_radios_click">
<kw name="Click Button" library="SeleniumLibrary">
<doc>Clicks the button identified by ``locator``.</doc>
<arguments>
<arg>Radio1</arg>
</arguments>
<msg timestamp="20210115 09:48:41.173" level="INFO">Clicking button 'Radio1'.</msg>
<status status="PASS" starttime="20210115 09:48:41.173" endtime="20210115 09:48:41.513"></status>
</kw>
<kw name="Click Button" library="SeleniumLibrary">
<doc>Clicks the button identified by ``locator``.</doc>
<arguments>
<arg>Radio2</arg>
</arguments>
<msg timestamp="20210115 09:48:41.515" level="INFO">Clicking button 'Radio2'.</msg>
<status status="PASS" starttime="20210115 09:48:41.514" endtime="20210115 09:48:41.766"></status>
</kw>
<kw name="Click Button" library="SeleniumLibrary">
<doc>Clicks the button identified by ``locator``.</doc>
<arguments>
<arg>Radio3</arg>
</arguments>
<msg timestamp="20210115 09:48:41.767" level="INFO">Clicking button 'Radio3'.</msg>
<status status="PASS" starttime="20210115 09:48:41.767" endtime="20210115 09:48:42.006"></status>
</kw>
<status status="PASS" starttime="20210115 09:48:41.172" endtime="20210115 09:48:42.006"></status>
</kw>
<tags>
<tag>button</tag>
<tag>should_pass</tag>
</tags>
<status status="PASS" starttime="20210115 09:48:41.172" endtime="20210115 09:48:42.007" critical="yes"></status>
</test>
<test id="s1-t3" name="Textbox Test">
<kw name="kw_textbox_input">
<kw name="Get WebElement" library="SeleniumLibrary">
<doc>Returns the first WebElement matching the given ``locator``.</doc>
<arguments>
<arg>fileName</arg>
</arguments>
<status status="PASS" starttime="20210115 09:48:42.011" endtime="20210115 09:48:42.027"></status>
</kw>
<kw name="Input Text" library="SeleniumLibrary">
<doc>Types the given ``text`` into the text field identified by ``locator``.</doc>
<arguments>
<arg>fileName</arg>
<arg>textfile1.txt</arg>
</arguments>
<msg timestamp="20210115 09:48:42.028" level="INFO">Typing text 'textfile1.txt' into text field 'fileName'.</msg>
<status status="PASS" starttime="20210115 09:48:42.027" endtime="20210115 09:48:42.111"></status>
</kw>
<kw name="Click Button" library="SeleniumLibrary">
<doc>Clicks the button identified by ``locator``.</doc>
<arguments>
<arg>openfile</arg>
</arguments>
<msg timestamp="20210115 09:48:42.114" level="INFO">Clicking button 'openfile'.</msg>
<status status="PASS" starttime="20210115 09:48:42.111" endtime="20210115 09:48:42.370"></status>
</kw>
<kw name="Element Should Contain" library="SeleniumLibrary">
<doc>Verifies that element ``locator`` contains text ``expected``.</doc>
<arguments>
<arg>fileOutput</arg>
<arg>Value1</arg>
</arguments>
<msg timestamp="20210115 09:48:42.427" level="INFO">Element 'fileOutput' contains text 'Value1'.</msg>
<status status="PASS" starttime="20210115 09:48:42.371" endtime="20210115 09:48:42.427"></status>
</kw>
<status status="PASS" starttime="20210115 09:48:42.010" endtime="20210115 09:48:42.427"></status>
</kw>
<tags>
<tag>input</tag>
<tag>should_pass</tag>
</tags>
<status status="PASS" starttime="20210115 09:48:42.008" endtime="20210115 09:48:42.427" critical="yes"></status>
</test>
<test id="s1-t4" name=" Date Test">
<kw name="kw_calendar_selectdate">
<kw name="Get WebElement" library="SeleniumLibrary">
<doc>Returns the first WebElement matching the given ``locator``.</doc>
<arguments>
<arg>date</arg>
</arguments>
<status status="PASS" starttime="20210115 09:48:42.430" endtime="20210115 09:48:42.471"></status>
</kw>
<kw name="Input Text" library="SeleniumLibrary">
<doc>Types the given ``text`` into the text field identified by ``locator``.</doc>
<arguments>
<arg>date</arg>
<arg>12/12/2020</arg>
</arguments>
<msg timestamp="20210115 09:48:42.472" level="INFO">Typing text '12/12/2020' into text field 'date'.</msg>
<status status="PASS" starttime="20210115 09:48:42.471" endtime="20210115 09:48:42.515"></status>
</kw>
<kw name="Element Should Contain" library="SeleniumLibrary">
<doc>Verifies that element ``locator`` contains text ``expected``.</doc>
<arguments>
<arg>date</arg>
<arg>12/12/2020</arg>
</arguments>
<kw name="Capture Page Screenshot" library="SeleniumLibrary">
<doc>Takes a screenshot of the current page and embeds it into a log file.</doc>
<msg timestamp="20210115 09:48:42.647" level="INFO" html="yes">&lt;/td&gt;&lt;/tr&gt;&lt;tr&gt;&lt;td colspan="3"&gt;&lt;a href="selenium-screenshot-32.png"&gt;&lt;img src="selenium-screenshot-32.png" width="800px"&gt;&lt;/a&gt;</msg>
<status status="PASS" starttime="20210115 09:48:42.544" endtime="20210115 09:48:42.647"></status>
</kw>
<msg timestamp="20210115 09:48:42.663" level="FAIL">Element 'date' should have contained text '12/12/2020' but its text was ''.</msg>
<status status="FAIL" starttime="20210115 09:48:42.515" endtime="20210115 09:48:42.664"></status>
</kw>
<status status="FAIL" starttime="20210115 09:48:42.429" endtime="20210115 09:48:42.664"></status>
</kw>
<kw name="Close Browser" library="SeleniumLibrary" type="teardown">
<doc>Closes the current browser.</doc>
<status status="PASS" starttime="20210115 09:48:42.665" endtime="20210115 09:48:43.875"></status>
</kw>
<tags>
<tag>input</tag>
<tag>should_fail</tag>
</tags>
<status status="FAIL" starttime="20210115 09:48:42.428" endtime="20210115 09:48:43.875" critical="yes">Element 'date' should have contained text '12/12/2020' but its text was ''.</status>
</test>
<status status="FAIL" starttime="20210115 09:48:35.279" endtime="20210115 09:48:43.881"></status>
</suite>
<statistics>
<total>
<stat pass="3" fail="1">Critical Tests</stat>
<stat pass="3" fail="1">All Tests</stat>
</total>
<tag>
<stat pass="1" fail="0">button</stat>
<stat pass="1" fail="1">input</stat>
<stat pass="0" fail="1">should_fail</stat>
<stat pass="2" fail="0">should_pass</stat>
</tag>
<suite>
<stat pass="3" fail="1" id="s1" name="Testcode">Testcode</stat>
</suite>
</statistics>
<errors>
</errors>
</robot>
