<?xml version="1.0" encoding="UTF-8"?>
<robot generator="Robot 3.2.2 (Python 3.8.5 on linux)" generated="20210105 10:47:38.086" rpa="false">
<suite id="s1" name="Testcode" source="/home/laurenr/testcode.robot">
<test id="s1-t1" name=" Open Site">
<kw name="kw_testsite_open">
<kw name="Open Browser" library="SeleniumLibrary">
<doc>Opens a new browser instance to the optional ``url``.</doc>
<arguments>
<arg>${SITE URL}</arg>
<arg>${BROWSER}</arg>
</arguments>
<msg timestamp="20210105 10:47:38.372" level="INFO">Opening browser 'Firefox' to base url 'https://bsdillon.github.io/DahlgrenTest/html/Testing/jsprimary.html'.</msg>
<msg timestamp="20210105 10:47:38.376" level="INFO">Firefox driver log is always forced to to: /home/laurenr/geckodriver-29.log</msg>
<status status="PASS" starttime="20210105 10:47:38.371" endtime="20210105 10:47:46.940"></status>
</kw>
<kw name="Title Should Be" library="SeleniumLibrary">
<doc>Verifies that the current page title equals ``title``.</doc>
<arguments>
<arg>JavaScript Test Tool</arg>
</arguments>
<msg timestamp="20210105 10:47:46.969" level="INFO">Page title is 'JavaScript Test Tool'.</msg>
<status status="PASS" starttime="20210105 10:47:46.941" endtime="20210105 10:47:46.969"></status>
</kw>
<status status="PASS" starttime="20210105 10:47:38.371" endtime="20210105 10:47:46.969"></status>
</kw>
<status status="PASS" starttime="20210105 10:47:38.369" endtime="20210105 10:47:46.970" critical="yes"></status>
</test>
<test id="s1-t2" name=" Radio Test">
<kw name="kw_radios_click">
<kw name="Click Button" library="SeleniumLibrary">
<doc>Clicks the button identified by ``locator``.</doc>
<arguments>
<arg>Radio1</arg>
</arguments>
<msg timestamp="20210105 10:47:46.972" level="INFO">Clicking button 'Radio1'.</msg>
<status status="PASS" starttime="20210105 10:47:46.972" endtime="20210105 10:47:47.535"></status>
</kw>
<kw name="Click Button" library="SeleniumLibrary">
<doc>Clicks the button identified by ``locator``.</doc>
<arguments>
<arg>Radio2</arg>
</arguments>
<msg timestamp="20210105 10:47:47.536" level="INFO">Clicking button 'Radio2'.</msg>
<status status="PASS" starttime="20210105 10:47:47.536" endtime="20210105 10:47:47.797"></status>
</kw>
<kw name="Click Button" library="SeleniumLibrary">
<doc>Clicks the button identified by ``locator``.</doc>
<arguments>
<arg>Radio3</arg>
</arguments>
<msg timestamp="20210105 10:47:47.797" level="INFO">Clicking button 'Radio3'.</msg>
<status status="PASS" starttime="20210105 10:47:47.797" endtime="20210105 10:47:48.027"></status>
</kw>
<status status="PASS" starttime="20210105 10:47:46.971" endtime="20210105 10:47:48.027"></status>
</kw>
<status status="PASS" starttime="20210105 10:47:46.971" endtime="20210105 10:47:48.028" critical="yes"></status>
</test>
<test id="s1-t3" name="Textbox Test">
<kw name="kw_textbox_input">
<kw name="Get WebElement" library="SeleniumLibrary">
<doc>Returns the first WebElement matching the given ``locator``.</doc>
<arguments>
<arg>fileName</arg>
</arguments>
<status status="PASS" starttime="20210105 10:47:48.030" endtime="20210105 10:47:48.036"></status>
</kw>
<kw name="Input Text" library="SeleniumLibrary">
<doc>Types the given ``text`` into the text field identified by ``locator``.</doc>
<arguments>
<arg>fileName</arg>
<arg>textfile1.txt</arg>
</arguments>
<msg timestamp="20210105 10:47:48.036" level="INFO">Typing text 'textfile1.txt' into text field 'fileName'.</msg>
<status status="PASS" starttime="20210105 10:47:48.036" endtime="20210105 10:47:48.071"></status>
</kw>
<kw name="Click Button" library="SeleniumLibrary">
<doc>Clicks the button identified by ``locator``.</doc>
<arguments>
<arg>openfile</arg>
</arguments>
<msg timestamp="20210105 10:47:48.072" level="INFO">Clicking button 'openfile'.</msg>
<status status="PASS" starttime="20210105 10:47:48.071" endtime="20210105 10:47:48.311"></status>
</kw>
<kw name="Element Should Contain" library="SeleniumLibrary">
<doc>Verifies that element ``locator`` contains text ``expected``.</doc>
<arguments>
<arg>fileOutput</arg>
<arg>Value1</arg>
</arguments>
<msg timestamp="20210105 10:47:48.348" level="INFO">Element 'fileOutput' contains text 'Value1'.</msg>
<status status="PASS" starttime="20210105 10:47:48.311" endtime="20210105 10:47:48.348"></status>
</kw>
<status status="PASS" starttime="20210105 10:47:48.029" endtime="20210105 10:47:48.348"></status>
</kw>
<status status="PASS" starttime="20210105 10:47:48.029" endtime="20210105 10:47:48.349" critical="yes"></status>
</test>
<test id="s1-t4" name=" Date Test [Fails]">
<kw name="kw_calendar_selectdate">
<kw name="Get WebElement" library="SeleniumLibrary">
<doc>Returns the first WebElement matching the given ``locator``.</doc>
<arguments>
<arg>date</arg>
</arguments>
<status status="PASS" starttime="20210105 10:47:48.350" endtime="20210105 10:47:48.354"></status>
</kw>
<kw name="Input Text" library="SeleniumLibrary">
<doc>Types the given ``text`` into the text field identified by ``locator``.</doc>
<arguments>
<arg>date</arg>
<arg>13/12/2020</arg>
</arguments>
<msg timestamp="20210105 10:47:48.354" level="INFO">Typing text '13/12/2020' into text field 'date'.</msg>
<status status="PASS" starttime="20210105 10:47:48.354" endtime="20210105 10:47:48.386"></status>
</kw>
<kw name="Element Should Contain" library="SeleniumLibrary">
<doc>Verifies that element ``locator`` contains text ``expected``.</doc>
<arguments>
<arg>date</arg>
<arg>13/12/2020</arg>
</arguments>
<kw name="Capture Page Screenshot" library="SeleniumLibrary">
<doc>Takes a screenshot of the current page and embeds it into a log file.</doc>
<msg timestamp="20210105 10:47:48.557" level="INFO" html="yes">&lt;/td&gt;&lt;/tr&gt;&lt;tr&gt;&lt;td colspan="3"&gt;&lt;a href="selenium-screenshot-14.png"&gt;&lt;img src="selenium-screenshot-14.png" width="800px"&gt;&lt;/a&gt;</msg>
<status status="PASS" starttime="20210105 10:47:48.451" endtime="20210105 10:47:48.557"></status>
</kw>
<msg timestamp="20210105 10:47:48.569" level="FAIL">Element 'date' should have contained text '13/12/2020' but its text was ''.</msg>
<status status="FAIL" starttime="20210105 10:47:48.387" endtime="20210105 10:47:48.569"></status>
</kw>
<status status="FAIL" starttime="20210105 10:47:48.350" endtime="20210105 10:47:48.570"></status>
</kw>
<kw name="Close Browser" library="SeleniumLibrary" type="teardown">
<doc>Closes the current browser.</doc>
<status status="PASS" starttime="20210105 10:47:48.570" endtime="20210105 10:47:49.855"></status>
</kw>
<status status="FAIL" starttime="20210105 10:47:48.349" endtime="20210105 10:47:49.855" critical="yes">Element 'date' should have contained text '13/12/2020' but its text was ''.</status>
</test>
<status status="FAIL" starttime="20210105 10:47:38.088" endtime="20210105 10:47:49.859"></status>
</suite>
<statistics>
<total>
<stat pass="3" fail="1">Critical Tests</stat>
<stat pass="3" fail="1">All Tests</stat>
</total>
<tag>
</tag>
<suite>
<stat pass="3" fail="1" id="s1" name="Testcode">Testcode</stat>
</suite>
</statistics>
<errors>
</errors>
</robot>
