<?xml version="1.0" encoding="UTF-8"?>
<robot generator="Robot 5.0.1 (Python 3.10.5 on win32)" generated="20220713 03:30:50.764" rpa="false" schemaversion="3">
<suite id="s1" name="sikuliTest" source="C:\Users\Benny\Documents\github\DahlgrenTest\RFTestReports+RFToolsExamples\iLabEvent\sikuliTest.robot">
<test id="s1-t1" name="Test Sikuli" line="9">
<kw name="New Test Event" library="DataExtraction">
<arg>Testing Sikuli</arg>
<kw name="Test Case Start Time" library="oqe">
<var>${TEST_CASE_TIME}</var>
<msg timestamp="20220713 03:30:50.937" level="INFO">${TEST_CASE_TIME} = 2022-07-13 03:30:50.937477</msg>
<status status="PASS" starttime="20220713 03:30:50.937" endtime="20220713 03:30:50.937"/>
</kw>
<kw name="Create Test Case" library="oqe">
<arg>${CASE NAME} ${TEST_CASE_TIME}</arg>
<status status="PASS" starttime="20220713 03:30:50.937" endtime="20220713 03:30:50.939"/>
</kw>
<status status="PASS" starttime="20220713 03:30:50.936" endtime="20220713 03:30:50.939"/>
</kw>
<kw name="Screen Capture" library="DataExtraction">
<arg>Test Shot</arg>
<arg>0</arg>
<arg>0</arg>
<arg>300</arg>
<arg>300</arg>
<arg>Some Picture</arg>
<kw name="Evaluate" library="BuiltIn">
<var>${canCapture}</var>
<arg>not(${x}==${y} and ${w}==${h} and ${x}==${w} and {x}==0)</arg>
<doc>Evaluates the given expression in Python and returns the result.</doc>
<msg timestamp="20220713 03:30:50.941" level="INFO">${canCapture} = True</msg>
<status status="PASS" starttime="20220713 03:30:50.941" endtime="20220713 03:30:50.942"/>
</kw>
<kw name="Run Keyword If" library="BuiltIn">
<var>${a}</var>
<arg>${canCapture}</arg>
<arg>Get Next Img File</arg>
<arg>${PROPOSED NAME}</arg>
<doc>Runs the given keyword with the given arguments, if ``condition`` is true.</doc>
<kw name="Get Next Img File" library="oqe">
<arg>${PROPOSED NAME}</arg>
<status status="PASS" starttime="20220713 03:30:50.942" endtime="20220713 03:30:50.944"/>
</kw>
<msg timestamp="20220713 03:30:50.944" level="INFO">${a} = ./../../../../RFData/IMG/Test_Shot9.png</msg>
<status status="PASS" starttime="20220713 03:30:50.942" endtime="20220713 03:30:50.944"/>
</kw>
<kw name="Label Region" library="sSikuli">
<arg>${x}</arg>
<arg>${y}</arg>
<arg>${w}</arg>
<arg>${h}</arg>
<arg>Label Me</arg>
<status status="PASS" starttime="20220713 03:30:50.944" endtime="20220713 03:30:58.264"/>
</kw>
<kw name="Run Keyword If" library="BuiltIn">
<arg>${canCapture}</arg>
<arg>sSikuli.Capture Screen At</arg>
<arg>${x}</arg>
<arg>${y}</arg>
<arg>${w}</arg>
<arg>${h}</arg>
<arg>${a}</arg>
<doc>Runs the given keyword with the given arguments, if ``condition`` is true.</doc>
<kw name="Capture Screen At" library="sSikuli">
<arg>${x}</arg>
<arg>${y}</arg>
<arg>${w}</arg>
<arg>${h}</arg>
<arg>${a}</arg>
<msg timestamp="20220713 03:31:00.406" level="FAIL">AttributeError: 'NoneType' object has no attribute 'getFilename'</msg>
<status status="FAIL" starttime="20220713 03:30:58.265" endtime="20220713 03:31:00.407"/>
</kw>
<status status="FAIL" starttime="20220713 03:30:58.265" endtime="20220713 03:31:00.407"/>
</kw>
<kw name="Run Keyword If" library="BuiltIn">
<arg>${canCapture}</arg>
<arg>Record Screen Image</arg>
<arg>${a}</arg>
<arg>${TEST NAME}</arg>
<arg>${STEP NAME}</arg>
<doc>Runs the given keyword with the given arguments, if ``condition`` is true.</doc>
<status status="NOT RUN" starttime="20220713 03:31:00.408" endtime="20220713 03:31:00.408"/>
</kw>
<kw name="Run Keyword If" library="BuiltIn">
<arg>not ${canCapture}</arg>
<arg>Record Test Case</arg>
<arg>${TEST NAME}</arg>
<arg>${STEP NAME}</arg>
<arg>FAIL</arg>
<arg>Image ERROR: No Region found - ${PROPOSED NAME}</arg>
<doc>Runs the given keyword with the given arguments, if ``condition`` is true.</doc>
<status status="NOT RUN" starttime="20220713 03:31:00.408" endtime="20220713 03:31:00.408"/>
</kw>
<status status="FAIL" starttime="20220713 03:30:50.940" endtime="20220713 03:31:00.409"/>
</kw>
<status status="FAIL" starttime="20220713 03:30:50.935" endtime="20220713 03:31:00.410">AttributeError: 'NoneType' object has no attribute 'getFilename'</status>
</test>
<status status="FAIL" starttime="20220713 03:30:50.767" endtime="20220713 03:31:00.412"/>
</suite>
<statistics>
<total>
<stat pass="0" fail="1" skip="0">All Tests</stat>
</total>
<tag>
</tag>
<suite>
<stat pass="0" fail="1" skip="0" id="s1" name="sikuliTest">sikuliTest</stat>
</suite>
</statistics>
<errors>
</errors>
</robot>
