<?xml version="1.0" encoding="UTF-8"?>
<robot generator="Robot 3.2.1 (Python 3.8.2 on linux)" generated="20200730 08:15:04.270" rpa="false">
<suite id="s1" name="Evalcoderobot" source="/home/bow-wow/Documents/Work/DahlgrenTest-JW-GUI/examples/selenium/evalcoderobot.robot">
<test id="s1-t1" name="test1">
<kw name="Set Variable" library="BuiltIn">
<doc>Returns the given values which can then be assigned to a variables.</doc>
<arguments>
<arg>4</arg>
</arguments>
<assign>
<var>${a}</var>
</assign>
<msg timestamp="20200730 08:15:11.366" level="INFO">${a} = 4</msg>
<status status="PASS" starttime="20200730 08:15:11.365" endtime="20200730 08:15:11.366"></status>
</kw>
<kw name="Set Variable" library="BuiltIn">
<doc>Returns the given values which can then be assigned to a variables.</doc>
<arguments>
<arg>9</arg>
</arguments>
<assign>
<var>${b}</var>
</assign>
<msg timestamp="20200730 08:15:11.366" level="INFO">${b} = 9</msg>
<status status="PASS" starttime="20200730 08:15:11.366" endtime="20200730 08:15:11.366"></status>
</kw>
<kw name="Convert To Boolean" library="BuiltIn">
<doc>Converts the given item to Boolean true or false.</doc>
<arguments>
<arg>True</arg>
</arguments>
<assign>
<var>${TRUE}</var>
</assign>
<msg timestamp="20200730 08:15:11.367" level="INFO">${TRUE} = True</msg>
<status status="PASS" starttime="20200730 08:15:11.366" endtime="20200730 08:15:11.367"></status>
</kw>
<kw name="Convert To Boolean" library="BuiltIn">
<doc>Converts the given item to Boolean true or false.</doc>
<arguments>
<arg>False</arg>
</arguments>
<assign>
<var>${FALSE}</var>
</assign>
<msg timestamp="20200730 08:15:11.367" level="INFO">${FALSE} = False</msg>
<status status="PASS" starttime="20200730 08:15:11.367" endtime="20200730 08:15:11.367"></status>
</kw>
<kw name="Log" library="BuiltIn">
<doc>Logs the given message with the given level.</doc>
<arguments>
<arg>${a}</arg>
</arguments>
<msg timestamp="20200730 08:15:11.368" level="INFO">4</msg>
<status status="PASS" starttime="20200730 08:15:11.367" endtime="20200730 08:15:11.368"></status>
</kw>
<kw name="Set Variable If" library="BuiltIn">
<doc>Sets variable based on the given condition.</doc>
<arguments>
<arg>${a} == ${b}</arg>
<arg>${TRUE}</arg>
<arg>${FALSE}</arg>
</arguments>
<assign>
<var>${c}</var>
</assign>
<msg timestamp="20200730 08:15:11.368" level="INFO">${c} = False</msg>
<status status="PASS" starttime="20200730 08:15:11.368" endtime="20200730 08:15:11.368"></status>
</kw>
<kw name="Should Be Equal" library="BuiltIn">
<doc>Fails if the given objects are unequal.</doc>
<arguments>
<arg>${c}</arg>
<arg>${FALSE}</arg>
</arguments>
<status status="PASS" starttime="20200730 08:15:11.368" endtime="20200730 08:15:11.368"></status>
</kw>
<status status="PASS" starttime="20200730 08:15:11.364" endtime="20200730 08:15:11.368" critical="yes"></status>
</test>
<test id="s1-t2" name="test rand">
<kw name="Rand" library="EvalCode">
<msg timestamp="20200730 08:15:20.524" level="INFO">date test complete
        Select...
        Red
        Blue
        Green
      
colors test complete
panel test complete
Value1
Value2
textbar test complete</msg>
<msg timestamp="20200730 08:15:20.525" level="FAIL">TypeError: 'NoneType' object is not callable</msg>
<status status="FAIL" starttime="20200730 08:15:11.396" endtime="20200730 08:15:20.526"></status>
</kw>
<status status="FAIL" starttime="20200730 08:15:11.395" endtime="20200730 08:15:20.526" critical="yes">TypeError: 'NoneType' object is not callable</status>
</test>
<test id="s1-t3" name="test slider">
<kw name="Slider" library="EvalCode">
<arguments>
<arg>35</arg>
</arguments>
<msg timestamp="20200730 08:15:22.326" level="INFO">slider test complete</msg>
<status status="PASS" starttime="20200730 08:15:20.527" endtime="20200730 08:15:22.326"></status>
</kw>
<kw name="Slider" library="EvalCode">
<arguments>
<arg>32</arg>
</arguments>
<msg timestamp="20200730 08:15:24.634" level="INFO">slider test complete</msg>
<status status="PASS" starttime="20200730 08:15:22.326" endtime="20200730 08:15:24.635"></status>
</kw>
<kw name="Slider" library="EvalCode">
<arguments>
<arg>50</arg>
</arguments>
<msg timestamp="20200730 08:15:27.480" level="INFO">slider test complete</msg>
<status status="PASS" starttime="20200730 08:15:24.635" endtime="20200730 08:15:27.481"></status>
</kw>
<status status="PASS" starttime="20200730 08:15:20.527" endtime="20200730 08:15:27.481" critical="yes"></status>
</test>
<test id="s1-t4" name="test date">
<kw name="Date" library="EvalCode">
<arguments>
<arg>"07/02/2020"</arg>
</arguments>
<msg timestamp="20200730 08:15:28.544" level="INFO">date test complete</msg>
<status status="PASS" starttime="20200730 08:15:27.483" endtime="20200730 08:15:28.544"></status>
</kw>
<status status="PASS" starttime="20200730 08:15:27.482" endtime="20200730 08:15:28.544" critical="yes"></status>
</test>
<test id="s1-t5" name="test button">
<kw name="Buttons" library="EvalCode">
<msg timestamp="20200730 08:15:30.906" level="INFO">2
2
button test complete</msg>
<status status="PASS" starttime="20200730 08:15:28.545" endtime="20200730 08:15:30.906"></status>
</kw>
<status status="PASS" starttime="20200730 08:15:28.545" endtime="20200730 08:15:30.906" critical="yes"></status>
</test>
<test id="s1-t6" name="test colors">
<kw name="Colors" library="EvalCode">
<msg timestamp="20200730 08:15:34.057" level="INFO">Select...
        Red
        Blue
        Green
      
colors test complete</msg>
<status status="PASS" starttime="20200730 08:15:30.907" endtime="20200730 08:15:34.057"></status>
</kw>
<status status="PASS" starttime="20200730 08:15:30.907" endtime="20200730 08:15:34.058" critical="yes"></status>
</test>
<test id="s1-t7" name="test panel">
<kw name="Panel" library="EvalCode">
<msg timestamp="20200730 08:15:38.202" level="INFO">panel test complete</msg>
<status status="PASS" starttime="20200730 08:15:34.059" endtime="20200730 08:15:38.202"></status>
</kw>
<status status="PASS" starttime="20200730 08:15:34.059" endtime="20200730 08:15:38.203" critical="yes"></status>
</test>
<test id="s1-t8" name="test radio">
<kw name="Radio" library="EvalCode">
<msg timestamp="20200730 08:15:41.357" level="INFO">radio test complete</msg>
<status status="PASS" starttime="20200730 08:15:38.204" endtime="20200730 08:15:41.357"></status>
</kw>
<status status="PASS" starttime="20200730 08:15:38.204" endtime="20200730 08:15:41.358" critical="yes"></status>
</test>
<test id="s1-t9" name="test textbar">
<kw name="Textbar" library="EvalCode">
<msg timestamp="20200730 08:15:41.508" level="INFO">Error</msg>
<msg timestamp="20200730 08:15:41.508" level="FAIL">AssertionError</msg>
<status status="FAIL" starttime="20200730 08:15:41.359" endtime="20200730 08:15:41.508"></status>
</kw>
<status status="FAIL" starttime="20200730 08:15:41.358" endtime="20200730 08:15:41.508" critical="yes">AssertionError</status>
</test>
<test id="s1-t10" name="test dropdownmenu">
<kw name="Menudropdown" library="EvalCode">
<msg timestamp="20200730 08:15:46.083" level="INFO">Item1
Item2
Item3
menu test complete</msg>
<status status="PASS" starttime="20200730 08:15:41.509" endtime="20200730 08:15:46.084"></status>
</kw>
<status status="PASS" starttime="20200730 08:15:41.508" endtime="20200730 08:15:46.084" critical="yes"></status>
</test>
<test id="s1-t11" name="test rightclick">
<kw name="Rightclick" library="EvalCode">
<msg timestamp="20200730 08:15:49.760" level="INFO">right click test complete</msg>
<status status="PASS" starttime="20200730 08:15:46.086" endtime="20200730 08:15:49.760"></status>
</kw>
<status status="PASS" starttime="20200730 08:15:46.085" endtime="20200730 08:15:49.760" critical="yes"></status>
</test>
<test id="s1-t12" name="multi">
<kw name="Date" library="EvalCode">
<arguments>
<arg>"07/01/2020"</arg>
</arguments>
<msg timestamp="20200730 08:15:50.824" level="INFO">date test complete</msg>
<status status="PASS" starttime="20200730 08:15:49.762" endtime="20200730 08:15:50.824"></status>
</kw>
<kw name="Slider" library="EvalCode">
<arguments>
<arg>2</arg>
</arguments>
<msg timestamp="20200730 08:15:54.997" level="INFO">slider test complete</msg>
<status status="PASS" starttime="20200730 08:15:50.824" endtime="20200730 08:15:54.997"></status>
</kw>
<status status="PASS" starttime="20200730 08:15:49.761" endtime="20200730 08:15:54.998" critical="yes"></status>
</test>
<status status="FAIL" starttime="20200730 08:15:04.271" endtime="20200730 08:15:55.001"></status>
</suite>
<statistics>
<total>
<stat pass="10" fail="2">Critical Tests</stat>
<stat pass="10" fail="2">All Tests</stat>
</total>
<tag>
</tag>
<suite>
<stat pass="10" fail="2" id="s1" name="Evalcoderobot">Evalcoderobot</stat>
</suite>
</statistics>
<errors>
</errors>
</robot>
