<?xml version="1.0" encoding="UTF-8"?>
<robot generator="Robot 3.2.2 (Python 3.8.5 on linux)" generated="20210105 09:59:07.233" rpa="false">
<suite id="s1" name="Testcode" source="/home/laurenr/testcode.robot">
<test id="s1-t1" name=" Open Site">
<kw name="kw_testsite_open">
<kw name="Open Browser" library="SeleniumLibrary">
<doc>Opens a new browser instance to the optional ``url``.</doc>
<arguments>
<arg>${SITE URL}</arg>
<arg>${BROWSER}</arg>
</arguments>
<msg timestamp="20210105 09:59:07.359" level="INFO">Opening browser 'Firefox' to base url 'https://bsdillon.github.io/DahlgrenTest/html/Testing/jsprimary.html'.</msg>
<msg timestamp="20210105 09:59:07.360" level="INFO">Firefox driver log is always forced to to: /home/laurenr/geckodriver-27.log</msg>
<status status="PASS" starttime="20210105 09:59:07.359" endtime="20210105 09:59:13.584"></status>
</kw>
<kw name="Title Should Be" library="SeleniumLibrary">
<doc>Verifies that the current page title equals ``title``.</doc>
<arguments>
<arg>JavaScript Test Tool</arg>
</arguments>
<msg timestamp="20210105 09:59:13.641" level="INFO">Page title is 'JavaScript Test Tool'.</msg>
<status status="PASS" starttime="20210105 09:59:13.584" endtime="20210105 09:59:13.641"></status>
</kw>
<status status="PASS" starttime="20210105 09:59:07.358" endtime="20210105 09:59:13.641"></status>
</kw>
<status status="PASS" starttime="20210105 09:59:07.357" endtime="20210105 09:59:13.642" critical="yes"></status>
</test>
<test id="s1-t2" name=" Radio Test">
<kw name="kw_radios_click">
<kw name="Click Button" library="SeleniumLibrary">
<doc>Clicks the button identified by ``locator``.</doc>
<arguments>
<arg>Radio1</arg>
</arguments>
<msg timestamp="20210105 09:59:13.644" level="INFO">Clicking button 'Radio1'.</msg>
<status status="PASS" starttime="20210105 09:59:13.644" endtime="20210105 09:59:13.958"></status>
</kw>
<kw name="Click Button" library="SeleniumLibrary">
<doc>Clicks the button identified by ``locator``.</doc>
<arguments>
<arg>Radio2</arg>
</arguments>
<msg timestamp="20210105 09:59:13.959" level="INFO">Clicking button 'Radio2'.</msg>
<status status="PASS" starttime="20210105 09:59:13.958" endtime="20210105 09:59:14.233"></status>
</kw>
<kw name="Click Button" library="SeleniumLibrary">
<doc>Clicks the button identified by ``locator``.</doc>
<arguments>
<arg>Radio3</arg>
</arguments>
<msg timestamp="20210105 09:59:14.234" level="INFO">Clicking button 'Radio3'.</msg>
<status status="PASS" starttime="20210105 09:59:14.233" endtime="20210105 09:59:14.483"></status>
</kw>
<status status="PASS" starttime="20210105 09:59:13.643" endtime="20210105 09:59:14.483"></status>
</kw>
<status status="PASS" starttime="20210105 09:59:13.643" endtime="20210105 09:59:14.484" critical="yes"></status>
</test>
<test id="s1-t3" name="Textbox Test">
<kw name="kw_textbox_input">
<kw name="Get WebElement" library="SeleniumLibrary">
<doc>Returns the first WebElement matching the given ``locator``.</doc>
<arguments>
<arg>fileName</arg>
</arguments>
<status status="PASS" starttime="20210105 09:59:14.485" endtime="20210105 09:59:14.490"></status>
</kw>
<kw name="Input Text" library="SeleniumLibrary">
<doc>Types the given ``text`` into the text field identified by ``locator``.</doc>
<arguments>
<arg>fileName</arg>
<arg>textfile1.txt</arg>
</arguments>
<msg timestamp="20210105 09:59:14.490" level="INFO">Typing text 'textfile1.txt' into text field 'fileName'.</msg>
<status status="PASS" starttime="20210105 09:59:14.490" endtime="20210105 09:59:14.522"></status>
</kw>
<kw name="Click Button" library="SeleniumLibrary">
<doc>Clicks the button identified by ``locator``.</doc>
<arguments>
<arg>openfile</arg>
</arguments>
<msg timestamp="20210105 09:59:14.523" level="INFO">Clicking button 'openfile'.</msg>
<status status="PASS" starttime="20210105 09:59:14.522" endtime="20210105 09:59:14.782"></status>
</kw>
<kw name="Element Should Contain" library="SeleniumLibrary">
<doc>Verifies that element ``locator`` contains text ``expected``.</doc>
<arguments>
<arg>fileOutput</arg>
<arg>Value1</arg>
</arguments>
<msg timestamp="20210105 09:59:14.842" level="INFO">Element 'fileOutput' contains text 'Value1'.</msg>
<status status="PASS" starttime="20210105 09:59:14.782" endtime="20210105 09:59:14.842"></status>
</kw>
<status status="PASS" starttime="20210105 09:59:14.485" endtime="20210105 09:59:14.842"></status>
</kw>
<status status="PASS" starttime="20210105 09:59:14.484" endtime="20210105 09:59:14.843" critical="yes"></status>
</test>
<test id="s1-t4" name="Date Test [Fails]">
<kw name="kw_calendar_selectdate">
<kw name="Get WebElement" library="SeleniumLibrary">
<doc>Returns the first WebElement matching the given ``locator``.</doc>
<arguments>
<arg>date</arg>
</arguments>
<status status="PASS" starttime="20210105 09:59:14.844" endtime="20210105 09:59:14.849"></status>
</kw>
<kw name="Input Text" library="SeleniumLibrary">
<doc>Types the given ``text`` into the text field identified by ``locator``.</doc>
<arguments>
<arg>date</arg>
<arg>13/12/2020</arg>
</arguments>
<msg timestamp="20210105 09:59:14.850" level="INFO">Typing text '13/12/2020' into text field 'date'.</msg>
<status status="PASS" starttime="20210105 09:59:14.850" endtime="20210105 09:59:14.886"></status>
</kw>
<kw name="Element Should Contain" library="SeleniumLibrary">
<doc>Verifies that element ``locator`` contains text ``expected``.</doc>
<arguments>
<arg>date</arg>
<arg>13/12/2020</arg>
</arguments>
<kw name="Capture Page Screenshot" library="SeleniumLibrary">
<doc>Takes a screenshot of the current page and embeds it into a log file.</doc>
<msg timestamp="20210105 09:59:14.990" level="INFO" html="yes">&lt;/td&gt;&lt;/tr&gt;&lt;tr&gt;&lt;td colspan="3"&gt;&lt;a href="selenium-screenshot-10.png"&gt;&lt;img src="selenium-screenshot-10.png" width="800px"&gt;&lt;/a&gt;</msg>
<status status="PASS" starttime="20210105 09:59:14.920" endtime="20210105 09:59:14.991"></status>
</kw>
<msg timestamp="20210105 09:59:15.001" level="FAIL">Element 'date' should have contained text '13/12/2020' but its text was ''.</msg>
<status status="FAIL" starttime="20210105 09:59:14.887" endtime="20210105 09:59:15.001"></status>
</kw>
<status status="FAIL" starttime="20210105 09:59:14.844" endtime="20210105 09:59:15.001"></status>
</kw>
<kw name="Close Browser" library="SeleniumLibrary" type="teardown">
<doc>Closes the current browser.</doc>
<status status="PASS" starttime="20210105 09:59:15.002" endtime="20210105 09:59:16.152"></status>
</kw>
<status status="FAIL" starttime="20210105 09:59:14.843" endtime="20210105 09:59:16.152" critical="yes">Element 'date' should have contained text '13/12/2020' but its text was ''.</status>
</test>
<status status="FAIL" starttime="20210105 09:59:07.234" endtime="20210105 09:59:16.153"></status>
</suite>
<statistics>
<total>
<stat pass="3" fail="1">Critical Tests</stat>
<stat pass="3" fail="1">All Tests</stat>
</total>
<tag>
</tag>
<suite>
<stat pass="3" fail="1" id="s1" name="Testcode">Testcode</stat>
</suite>
</statistics>
<errors>
</errors>
</robot>
