<?xml version="1.0" encoding="UTF-8"?>
<robot generator="Robot 4.1.2 (Python 3.10.0 on win32)" generated="20211229 18:05:25.083" rpa="false" schemaversion="2">
<suite id="s1" name="testSite" source="C:\Users\Benny\Documents\github\DahlgrenTest\RFTestReports+RFToolsExamples\testSite.robot">
<test id="s1-t1" name="Open Site">
<kw name="kw_testsite_open">
<kw name="Open Browser" library="SeleniumLibrary">
<arg>${SITE URL}</arg>
<arg>${BROWSER}</arg>
<doc>Opens a new browser instance to the optional ``url``.</doc>
<msg timestamp="20211229 18:05:25.644" level="INFO">Opening browser 'Chrome' to base url 'https://bsdillon.github.io/DahlgrenTest/html/Testing/jsprimary.html'.</msg>
<status status="PASS" starttime="20211229 18:05:25.644" endtime="20211229 18:05:34.234"/>
</kw>
<kw name="Title Should Be" library="SeleniumLibrary">
<arg>JavaScript Test Tool</arg>
<doc>Verifies that the current page title equals ``title``.</doc>
<msg timestamp="20211229 18:05:34.251" level="INFO">Page title is 'JavaScript Test Tool'.</msg>
<status status="PASS" starttime="20211229 18:05:34.234" endtime="20211229 18:05:34.251"/>
</kw>
<status status="PASS" starttime="20211229 18:05:25.643" endtime="20211229 18:05:34.251"/>
</kw>
<status status="PASS" starttime="20211229 18:05:25.642" endtime="20211229 18:05:34.252"/>
</test>
<test id="s1-t2" name="Read Date">
<kw name="Get WebElement" library="SeleniumLibrary">
<arg>date</arg>
<doc>Returns the first WebElement matching the given ``locator``.</doc>
<status status="PASS" starttime="20211229 18:05:34.272" endtime="20211229 18:05:34.309"/>
</kw>
<kw name="Input Text" library="SeleniumLibrary">
<arg>date</arg>
<arg>12/17/2020</arg>
<doc>Types the given ``text`` into the text field identified by ``locator``.</doc>
<msg timestamp="20211229 18:05:34.311" level="INFO">Typing text '12/17/2020' into text field 'date'.</msg>
<status status="PASS" starttime="20211229 18:05:34.310" endtime="20211229 18:05:34.475"/>
</kw>
<kw name="Get Element Attribute" library="SeleniumLibrary">
<var>${value}</var>
<arg>//*[@id="date"]</arg>
<arg>valueAsNumber</arg>
<doc>Returns the value of ``attribute`` from the element ``locator``.</doc>
<msg timestamp="20211229 18:05:34.524" level="INFO">${value} = 1608163200000</msg>
<status status="PASS" starttime="20211229 18:05:34.475" endtime="20211229 18:05:34.524"/>
</kw>
<kw name="Log" library="BuiltIn">
<arg>${value}</arg>
<doc>Logs the given message with the given level.</doc>
<msg timestamp="20211229 18:05:34.525" level="INFO">1608163200000</msg>
<status status="PASS" starttime="20211229 18:05:34.524" endtime="20211229 18:05:34.525"/>
</kw>
<kw name="Get Element Attribute" library="SeleniumLibrary">
<var>${value}</var>
<arg>//*[@id="date"]</arg>
<arg>value</arg>
<doc>Returns the value of ``attribute`` from the element ``locator``.</doc>
<msg timestamp="20211229 18:05:34.548" level="INFO">${value} = 2020-12-17</msg>
<status status="PASS" starttime="20211229 18:05:34.525" endtime="20211229 18:05:34.548"/>
</kw>
<kw name="Log" library="BuiltIn">
<arg>${value}</arg>
<doc>Logs the given message with the given level.</doc>
<msg timestamp="20211229 18:05:34.549" level="INFO">2020-12-17</msg>
<status status="PASS" starttime="20211229 18:05:34.549" endtime="20211229 18:05:34.549"/>
</kw>
<status status="PASS" starttime="20211229 18:05:34.272" endtime="20211229 18:05:34.549"/>
</test>
<test id="s1-t3" name="Date Test [Fails]">
<kw name="kw_calendar_selectdate">
<kw name="Get WebElement" library="SeleniumLibrary">
<arg>date</arg>
<doc>Returns the first WebElement matching the given ``locator``.</doc>
<status status="PASS" starttime="20211229 18:05:34.552" endtime="20211229 18:05:34.560"/>
</kw>
<kw name="Input Text" library="SeleniumLibrary">
<arg>date</arg>
<arg>12/17/2020</arg>
<doc>Types the given ``text`` into the text field identified by ``locator``.</doc>
<msg timestamp="20211229 18:05:34.560" level="INFO">Typing text '12/17/2020' into text field 'date'.</msg>
<status status="PASS" starttime="20211229 18:05:34.560" endtime="20211229 18:05:34.649"/>
</kw>
<kw name="Element Attribute Value Should Be" library="SeleniumLibrary">
<arg>date</arg>
<arg>value</arg>
<arg>2020-12-17</arg>
<doc>Verifies element identified by ``locator`` contains expected attribute value.</doc>
<msg timestamp="20211229 18:05:34.672" level="INFO">Element 'date' attribute 'value' contains value '2020-12-17'.</msg>
<status status="PASS" starttime="20211229 18:05:34.650" endtime="20211229 18:05:34.672"/>
</kw>
<status status="PASS" starttime="20211229 18:05:34.552" endtime="20211229 18:05:34.672"/>
</kw>
<kw name="Close Browser" library="SeleniumLibrary" type="TEARDOWN">
<doc>Closes the current browser.</doc>
<status status="PASS" starttime="20211229 18:05:34.673" endtime="20211229 18:05:38.261"/>
</kw>
<status status="PASS" starttime="20211229 18:05:34.551" endtime="20211229 18:05:38.261"/>
</test>
<status status="PASS" starttime="20211229 18:05:25.086" endtime="20211229 18:05:38.264"/>
</suite>
<statistics>
<total>
<stat pass="3" fail="0" skip="0">All Tests</stat>
</total>
<tag>
</tag>
<suite>
<stat pass="3" fail="0" skip="0" id="s1" name="testSite">testSite</stat>
</suite>
</statistics>
<errors>
</errors>
</robot>
